[0.181s] Invoking command in '/root/nav_1/build/teb_msgs': AMENT_PREFIX_PATH=/root/nav_1/install/costmap_converter_msgs:${AMENT_PREFIX_PATH} CMAKE_PREFIX_PATH=/root/nav_1/install/costmap_converter_msgs:/opt/ros/humble LD_LIBRARY_PATH=/root/nav_1/install/costmap_converter_msgs/lib:${LD_LIBRARY_PATH} PYTHONPATH=/root/nav_1/install/costmap_converter_msgs/local/lib/python3.10/dist-packages:${PYTHONPATH} /usr/bin/cmake /root/nav_1/src/teb_msgs -DCMAKE_INSTALL_PREFIX=/root/nav_1/install/teb_msgs
[0.366s] -- The C compiler identification is GNU 11.4.0
[0.960s] -- The CXX compiler identification is GNU 11.4.0
[1.333s] -- Detecting C compiler ABI info
[1.493s] -- Detecting C compiler ABI info - done
[1.498s] -- Check for working C compiler: /usr/bin/cc - skipped
[1.498s] -- Detecting C compile features
[1.498s] -- Detecting C compile features - done
[1.500s] -- Detecting CXX compiler ABI info
[1.685s] -- Detecting CXX compiler ABI info - done
[1.689s] -- Check for working CXX compiler: /usr/bin/c++ - skipped
[1.689s] -- Detecting CXX compile features
[1.689s] -- Detecting CXX compile features - done
[1.691s] -- Found ament_cmake: 1.3.10 (/opt/ros/humble/share/ament_cmake/cmake)
[1.773s] -- Found Python3: /usr/bin/python3 (found version "3.10.12") found components: Interpreter 
[1.819s] -- Found builtin_interfaces: 1.2.1 (/opt/ros/humble/share/builtin_interfaces/cmake)
[1.945s] -- Found rosidl_generator_c: 3.1.5 (/opt/ros/humble/share/rosidl_generator_c/cmake)
[1.948s] -- Found rosidl_adapter: 3.1.5 (/opt/ros/humble/share/rosidl_adapter/cmake)
[1.953s] -- Found rosidl_generator_cpp: 3.1.5 (/opt/ros/humble/share/rosidl_generator_cpp/cmake)
[1.959s] -- Using all available rosidl_typesupport_c: rosidl_typesupport_fastrtps_c;rosidl_typesupport_introspection_c
[1.968s] -- Using all available rosidl_typesupport_cpp: rosidl_typesupport_fastrtps_cpp;rosidl_typesupport_introspection_cpp
[1.978s] -- Found costmap_converter_msgs: 0.1.2 (/root/nav_1/install/costmap_converter_msgs/share/costmap_converter_msgs/cmake)
[2.003s] -- Found rosidl_default_generators: 1.2.0 (/opt/ros/humble/share/rosidl_default_generators/cmake)
[2.168s] -- Found ament_cmake_ros: 0.10.0 (/opt/ros/humble/share/ament_cmake_ros/cmake)
[2.397s] -- Using all available rosidl_typesupport_c: rosidl_typesupport_fastrtps_c;rosidl_typesupport_introspection_c
[2.485s] -- Using all available rosidl_typesupport_cpp: rosidl_typesupport_fastrtps_cpp;rosidl_typesupport_introspection_cpp
[3.194s] -- Found PythonInterp: /usr/bin/python3 (found suitable version "3.10.12", minimum required is "3.6") 
[3.195s] -- Found python_cmake_module: 0.10.0 (/opt/ros/humble/share/python_cmake_module/cmake)
[4.060s] -- Found PythonLibs: /usr/lib/x86_64-linux-gnu/libpython3.10.so (found suitable version "3.10.12", minimum required is "3.5") 
[4.060s] -- Using PYTHON_EXECUTABLE: /usr/bin/python3
[4.060s] -- Using PYTHON_INCLUDE_DIRS: /usr/include/python3.10
[4.060s] -- Using PYTHON_LIBRARIES: /usr/lib/x86_64-linux-gnu/libpython3.10.so
[4.072s] -- Found PythonExtra: .so  
[4.164s] -- Configuring done
[4.188s] -- Generating done
[4.190s] -- Build files have been written to: /root/nav_1/build/teb_msgs
[4.196s] Invoked command in '/root/nav_1/build/teb_msgs' returned '0': AMENT_PREFIX_PATH=/root/nav_1/install/costmap_converter_msgs:${AMENT_PREFIX_PATH} CMAKE_PREFIX_PATH=/root/nav_1/install/costmap_converter_msgs:/opt/ros/humble LD_LIBRARY_PATH=/root/nav_1/install/costmap_converter_msgs/lib:${LD_LIBRARY_PATH} PYTHONPATH=/root/nav_1/install/costmap_converter_msgs/local/lib/python3.10/dist-packages:${PYTHONPATH} /usr/bin/cmake /root/nav_1/src/teb_msgs -DCMAKE_INSTALL_PREFIX=/root/nav_1/install/teb_msgs
[4.197s] Invoking command in '/root/nav_1/build/teb_msgs': AMENT_PREFIX_PATH=/root/nav_1/install/costmap_converter_msgs:${AMENT_PREFIX_PATH} CMAKE_PREFIX_PATH=/root/nav_1/install/costmap_converter_msgs:/opt/ros/humble LD_LIBRARY_PATH=/root/nav_1/install/costmap_converter_msgs/lib:${LD_LIBRARY_PATH} PYTHONPATH=/root/nav_1/install/costmap_converter_msgs/local/lib/python3.10/dist-packages:${PYTHONPATH} /usr/bin/cmake --build /root/nav_1/build/teb_msgs -- -j32 -l32
[4.218s] [  2%] [34m[1mGenerating C code for ROS interfaces[0m
[4.223s] [  4%] [34m[1mGenerating C++ code for ROS interfaces[0m
[4.228s] [  4%] Built target ament_cmake_python_copy_teb_msgs
[4.356s] running egg_info
[4.357s] creating teb_msgs.egg-info
[4.357s] writing teb_msgs.egg-info/PKG-INFO
[4.357s] writing dependency_links to teb_msgs.egg-info/dependency_links.txt
[4.357s] writing top-level names to teb_msgs.egg-info/top_level.txt
[4.357s] writing manifest file 'teb_msgs.egg-info/SOURCES.txt'
[4.358s] reading manifest file 'teb_msgs.egg-info/SOURCES.txt'
[4.359s] writing manifest file 'teb_msgs.egg-info/SOURCES.txt'
[4.375s] [  4%] Built target ament_cmake_python_build_teb_msgs_egg
[4.454s] [  4%] Built target teb_msgs__cpp
[4.458s] [  6%] [32mBuilding C object CMakeFiles/teb_msgs__rosidl_generator_c.dir/rosidl_generator_c/teb_msgs/msg/detail/feedback_msg__functions.c.o[0m
[4.458s] [ 10%] [32mBuilding C object CMakeFiles/teb_msgs__rosidl_generator_c.dir/rosidl_generator_c/teb_msgs/msg/detail/trajectory_point_msg__functions.c.o[0m
[4.458s] [ 10%] [32mBuilding C object CMakeFiles/teb_msgs__rosidl_generator_c.dir/rosidl_generator_c/teb_msgs/msg/detail/trajectory_msg__functions.c.o[0m
[4.459s] [ 12%] [34m[1mGenerating C++ type support dispatch for ROS interfaces[0m
[4.459s] [ 14%] [34m[1mGenerating C++ type support for eProsima Fast-RTPS[0m
[4.460s] [ 17%] [34m[1mGenerating C++ introspection for ROS interfaces[0m
[4.492s] [ 19%] [32m[1mLinking C shared library libteb_msgs__rosidl_generator_c.so[0m
[4.640s] [ 19%] Built target teb_msgs__rosidl_generator_c
[4.645s] [ 23%] [34m[1mGenerating C type support for eProsima Fast-RTPS[0m
[4.646s] [ 23%] [34m[1mGenerating C introspection for ROS interfaces[0m
[4.646s] [ 25%] [34m[1mGenerating C type support dispatch for ROS interfaces[0m
[4.662s] [ 29%] [32mBuilding CXX object CMakeFiles/teb_msgs__rosidl_typesupport_cpp.dir/rosidl_typesupport_cpp/teb_msgs/msg/trajectory_point_msg__type_support.cpp.o[0m
[4.662s] [ 29%] [32mBuilding CXX object CMakeFiles/teb_msgs__rosidl_typesupport_cpp.dir/rosidl_typesupport_cpp/teb_msgs/msg/trajectory_msg__type_support.cpp.o[0m
[4.663s] [ 31%] [32mBuilding CXX object CMakeFiles/teb_msgs__rosidl_typesupport_cpp.dir/rosidl_typesupport_cpp/teb_msgs/msg/feedback_msg__type_support.cpp.o[0m
[4.684s] [ 38%] [32mBuilding CXX object CMakeFiles/teb_msgs__rosidl_typesupport_introspection_cpp.dir/rosidl_typesupport_introspection_cpp/teb_msgs/msg/detail/trajectory_msg__type_support.cpp.o[0m
[4.684s] [ 38%] [32mBuilding CXX object CMakeFiles/teb_msgs__rosidl_typesupport_introspection_cpp.dir/rosidl_typesupport_introspection_cpp/teb_msgs/msg/detail/trajectory_point_msg__type_support.cpp.o[0m
[4.684s] [ 38%] [32mBuilding CXX object CMakeFiles/teb_msgs__rosidl_typesupport_introspection_cpp.dir/rosidl_typesupport_introspection_cpp/teb_msgs/msg/detail/feedback_msg__type_support.cpp.o[0m
[4.712s] [ 42%] [32mBuilding CXX object CMakeFiles/teb_msgs__rosidl_typesupport_fastrtps_cpp.dir/rosidl_typesupport_fastrtps_cpp/teb_msgs/msg/detail/dds_fastrtps/trajectory_point_msg__type_support.cpp.o[0m
[4.712s] [ 42%] [32mBuilding CXX object CMakeFiles/teb_msgs__rosidl_typesupport_fastrtps_cpp.dir/rosidl_typesupport_fastrtps_cpp/teb_msgs/msg/detail/dds_fastrtps/trajectory_msg__type_support.cpp.o[0m
[4.714s] [ 44%] [32mBuilding CXX object CMakeFiles/teb_msgs__rosidl_typesupport_fastrtps_cpp.dir/rosidl_typesupport_fastrtps_cpp/teb_msgs/msg/detail/dds_fastrtps/feedback_msg__type_support.cpp.o[0m
[4.872s] [ 46%] [32m[1mLinking CXX shared library libteb_msgs__rosidl_typesupport_cpp.so[0m
[4.958s] [ 48%] [32mBuilding CXX object CMakeFiles/teb_msgs__rosidl_typesupport_c.dir/rosidl_typesupport_c/teb_msgs/msg/feedback_msg__type_support.cpp.o[0m
[4.959s] [ 51%] [32mBuilding CXX object CMakeFiles/teb_msgs__rosidl_typesupport_c.dir/rosidl_typesupport_c/teb_msgs/msg/trajectory_msg__type_support.cpp.o[0m
[4.961s] [ 53%] [32mBuilding CXX object CMakeFiles/teb_msgs__rosidl_typesupport_c.dir/rosidl_typesupport_c/teb_msgs/msg/trajectory_point_msg__type_support.cpp.o[0m
[4.966s] [ 55%] [32mBuilding C object CMakeFiles/teb_msgs__rosidl_typesupport_introspection_c.dir/rosidl_typesupport_introspection_c/teb_msgs/msg/detail/feedback_msg__type_support.c.o[0m
[4.967s] [ 57%] [32mBuilding C object CMakeFiles/teb_msgs__rosidl_typesupport_introspection_c.dir/rosidl_typesupport_introspection_c/teb_msgs/msg/detail/trajectory_msg__type_support.c.o[0m
[4.967s] [ 59%] [32mBuilding C object CMakeFiles/teb_msgs__rosidl_typesupport_introspection_c.dir/rosidl_typesupport_introspection_c/teb_msgs/msg/detail/trajectory_point_msg__type_support.c.o[0m
[4.986s] [ 61%] [32m[1mLinking CXX shared library libteb_msgs__rosidl_typesupport_c.so[0m
[4.998s] [ 63%] [32m[1mLinking C shared library libteb_msgs__rosidl_typesupport_introspection_c.so[0m
[5.011s] [ 63%] Built target teb_msgs__rosidl_typesupport_cpp
[5.021s] [ 65%] [32mBuilding CXX object CMakeFiles/teb_msgs__rosidl_typesupport_fastrtps_c.dir/rosidl_typesupport_fastrtps_c/teb_msgs/msg/detail/feedback_msg__type_support_c.cpp.o[0m
[5.021s] [ 68%] [32mBuilding CXX object CMakeFiles/teb_msgs__rosidl_typesupport_fastrtps_c.dir/rosidl_typesupport_fastrtps_c/teb_msgs/msg/detail/trajectory_point_msg__type_support_c.cpp.o[0m
[5.022s] [ 70%] [32mBuilding CXX object CMakeFiles/teb_msgs__rosidl_typesupport_fastrtps_c.dir/rosidl_typesupport_fastrtps_c/teb_msgs/msg/detail/trajectory_msg__type_support_c.cpp.o[0m
[5.074s] [ 72%] [32m[1mLinking CXX shared library libteb_msgs__rosidl_typesupport_fastrtps_cpp.so[0m
[5.075s] [ 74%] [32m[1mLinking CXX shared library libteb_msgs__rosidl_typesupport_introspection_cpp.so[0m
[5.139s] [ 74%] Built target teb_msgs__rosidl_typesupport_c
[5.145s] [ 74%] Built target teb_msgs__rosidl_typesupport_introspection_c
[5.227s] [ 74%] Built target teb_msgs__rosidl_typesupport_fastrtps_cpp
[5.235s] [ 74%] Built target teb_msgs__rosidl_typesupport_introspection_cpp
[5.239s] [ 76%] [32m[1mLinking CXX shared library libteb_msgs__rosidl_typesupport_fastrtps_c.so[0m
[5.429s] [ 76%] Built target teb_msgs__rosidl_typesupport_fastrtps_c
[5.438s] [ 76%] Built target teb_msgs
[5.450s] [ 78%] [34m[1mGenerating Python code for ROS interfaces[0m
[5.782s] [ 78%] Built target teb_msgs__py
[5.791s] [ 80%] [32mBuilding C object CMakeFiles/teb_msgs__rosidl_generator_py.dir/rosidl_generator_py/teb_msgs/msg/_feedback_msg_s.c.o[0m
[5.792s] [ 82%] [32mBuilding C object CMakeFiles/teb_msgs__rosidl_generator_py.dir/rosidl_generator_py/teb_msgs/msg/_trajectory_msg_s.c.o[0m
[5.792s] [ 85%] [32mBuilding C object CMakeFiles/teb_msgs__rosidl_generator_py.dir/rosidl_generator_py/teb_msgs/msg/_trajectory_point_msg_s.c.o[0m
[5.846s] [ 87%] [32m[1mLinking C shared library rosidl_generator_py/teb_msgs/libteb_msgs__rosidl_generator_py.so[0m
[6.018s] [ 87%] Built target teb_msgs__rosidl_generator_py
[6.029s] [ 93%] [32mBuilding C object CMakeFiles/teb_msgs__rosidl_typesupport_fastrtps_c__pyext.dir/rosidl_generator_py/teb_msgs/_teb_msgs_s.ep.rosidl_typesupport_fastrtps_c.c.o[0m
[6.029s] [ 93%] [32mBuilding C object CMakeFiles/teb_msgs__rosidl_typesupport_introspection_c__pyext.dir/rosidl_generator_py/teb_msgs/_teb_msgs_s.ep.rosidl_typesupport_introspection_c.c.o[0m
[6.029s] [ 93%] [32mBuilding C object CMakeFiles/teb_msgs__rosidl_typesupport_c__pyext.dir/rosidl_generator_py/teb_msgs/_teb_msgs_s.ep.rosidl_typesupport_c.c.o[0m
[6.084s] [100%] [32m[1mLinking C shared library rosidl_generator_py/teb_msgs/teb_msgs_s__rosidl_typesupport_introspection_c.cpython-310-x86_64-linux-gnu.so[0m
[6.084s] [100%] [32m[1mLinking C shared library rosidl_generator_py/teb_msgs/teb_msgs_s__rosidl_typesupport_c.cpython-310-x86_64-linux-gnu.so[0m
[6.084s] [100%] [32m[1mLinking C shared library rosidl_generator_py/teb_msgs/teb_msgs_s__rosidl_typesupport_fastrtps_c.cpython-310-x86_64-linux-gnu.so[0m
[6.221s] [100%] Built target teb_msgs__rosidl_typesupport_fastrtps_c__pyext
[6.222s] [100%] Built target teb_msgs__rosidl_typesupport_c__pyext
[6.222s] [100%] Built target teb_msgs__rosidl_typesupport_introspection_c__pyext
[6.228s] Invoked command in '/root/nav_1/build/teb_msgs' returned '0': AMENT_PREFIX_PATH=/root/nav_1/install/costmap_converter_msgs:${AMENT_PREFIX_PATH} CMAKE_PREFIX_PATH=/root/nav_1/install/costmap_converter_msgs:/opt/ros/humble LD_LIBRARY_PATH=/root/nav_1/install/costmap_converter_msgs/lib:${LD_LIBRARY_PATH} PYTHONPATH=/root/nav_1/install/costmap_converter_msgs/local/lib/python3.10/dist-packages:${PYTHONPATH} /usr/bin/cmake --build /root/nav_1/build/teb_msgs -- -j32 -l32
[6.278s] Invoking command in '/root/nav_1/build/teb_msgs': AMENT_PREFIX_PATH=/root/nav_1/install/costmap_converter_msgs:${AMENT_PREFIX_PATH} CMAKE_PREFIX_PATH=/root/nav_1/install/costmap_converter_msgs:/opt/ros/humble LD_LIBRARY_PATH=/root/nav_1/install/costmap_converter_msgs/lib:${LD_LIBRARY_PATH} PYTHONPATH=/root/nav_1/install/costmap_converter_msgs/local/lib/python3.10/dist-packages:${PYTHONPATH} /usr/bin/cmake --install /root/nav_1/build/teb_msgs
[6.282s] -- Install configuration: ""
[6.282s] -- Installing: /root/nav_1/install/teb_msgs/share/ament_index/resource_index/rosidl_interfaces/teb_msgs
[6.282s] -- Installing: /root/nav_1/install/teb_msgs/include/teb_msgs/teb_msgs
[6.283s] -- Installing: /root/nav_1/install/teb_msgs/include/teb_msgs/teb_msgs/msg
[6.283s] -- Installing: /root/nav_1/install/teb_msgs/include/teb_msgs/teb_msgs/msg/feedback_msg.h
[6.283s] -- Installing: /root/nav_1/install/teb_msgs/include/teb_msgs/teb_msgs/msg/detail
[6.283s] -- Installing: /root/nav_1/install/teb_msgs/include/teb_msgs/teb_msgs/msg/detail/trajectory_point_msg__struct.h
[6.283s] -- Installing: /root/nav_1/install/teb_msgs/include/teb_msgs/teb_msgs/msg/detail/feedback_msg__struct.h
[6.283s] -- Installing: /root/nav_1/install/teb_msgs/include/teb_msgs/teb_msgs/msg/detail/feedback_msg__functions.c
[6.283s] -- Installing: /root/nav_1/install/teb_msgs/include/teb_msgs/teb_msgs/msg/detail/trajectory_point_msg__type_support.h
[6.283s] -- Installing: /root/nav_1/install/teb_msgs/include/teb_msgs/teb_msgs/msg/detail/trajectory_msg__functions.c
[6.283s] -- Installing: /root/nav_1/install/teb_msgs/include/teb_msgs/teb_msgs/msg/detail/feedback_msg__type_support.h
[6.284s] -- Installing: /root/nav_1/install/teb_msgs/include/teb_msgs/teb_msgs/msg/detail/trajectory_point_msg__functions.c
[6.284s] -- Installing: /root/nav_1/install/teb_msgs/include/teb_msgs/teb_msgs/msg/detail/trajectory_msg__struct.h
[6.284s] -- Installing: /root/nav_1/install/teb_msgs/include/teb_msgs/teb_msgs/msg/detail/trajectory_msg__functions.h
[6.284s] -- Installing: /root/nav_1/install/teb_msgs/include/teb_msgs/teb_msgs/msg/detail/trajectory_point_msg__functions.h
[6.284s] -- Installing: /root/nav_1/install/teb_msgs/include/teb_msgs/teb_msgs/msg/detail/feedback_msg__functions.h
[6.284s] -- Installing: /root/nav_1/install/teb_msgs/include/teb_msgs/teb_msgs/msg/detail/trajectory_msg__type_support.h
[6.284s] -- Installing: /root/nav_1/install/teb_msgs/include/teb_msgs/teb_msgs/msg/rosidl_generator_c__visibility_control.h
[6.284s] -- Installing: /root/nav_1/install/teb_msgs/include/teb_msgs/teb_msgs/msg/trajectory_point_msg.h
[6.284s] -- Installing: /root/nav_1/install/teb_msgs/include/teb_msgs/teb_msgs/msg/trajectory_msg.h
[6.284s] -- Installing: /root/nav_1/install/teb_msgs/share/teb_msgs/environment/library_path.sh
[6.285s] -- Installing: /root/nav_1/install/teb_msgs/share/teb_msgs/environment/library_path.dsv
[6.285s] -- Installing: /root/nav_1/install/teb_msgs/lib/libteb_msgs__rosidl_generator_c.so
[6.285s] -- Set runtime path of "/root/nav_1/install/teb_msgs/lib/libteb_msgs__rosidl_generator_c.so" to ""
[6.285s] -- Up-to-date: /root/nav_1/install/teb_msgs/include/teb_msgs/teb_msgs
[6.285s] -- Up-to-date: /root/nav_1/install/teb_msgs/include/teb_msgs/teb_msgs/msg
[6.285s] -- Up-to-date: /root/nav_1/install/teb_msgs/include/teb_msgs/teb_msgs/msg/detail
[6.286s] -- Installing: /root/nav_1/install/teb_msgs/include/teb_msgs/teb_msgs/msg/detail/trajectory_point_msg__rosidl_typesupport_fastrtps_c.h
[6.286s] -- Installing: /root/nav_1/install/teb_msgs/include/teb_msgs/teb_msgs/msg/detail/feedback_msg__rosidl_typesupport_fastrtps_c.h
[6.286s] -- Installing: /root/nav_1/install/teb_msgs/include/teb_msgs/teb_msgs/msg/detail/trajectory_msg__rosidl_typesupport_fastrtps_c.h
[6.286s] -- Installing: /root/nav_1/install/teb_msgs/include/teb_msgs/teb_msgs/msg/rosidl_typesupport_fastrtps_c__visibility_control.h
[6.286s] -- Installing: /root/nav_1/install/teb_msgs/lib/libteb_msgs__rosidl_typesupport_fastrtps_c.so
[6.286s] -- Set runtime path of "/root/nav_1/install/teb_msgs/lib/libteb_msgs__rosidl_typesupport_fastrtps_c.so" to ""
[6.286s] -- Up-to-date: /root/nav_1/install/teb_msgs/include/teb_msgs/teb_msgs
[6.286s] -- Up-to-date: /root/nav_1/install/teb_msgs/include/teb_msgs/teb_msgs/msg
[6.286s] -- Installing: /root/nav_1/install/teb_msgs/include/teb_msgs/teb_msgs/msg/trajectory_point_msg.hpp
[6.286s] -- Up-to-date: /root/nav_1/install/teb_msgs/include/teb_msgs/teb_msgs/msg/detail
[6.286s] -- Installing: /root/nav_1/install/teb_msgs/include/teb_msgs/teb_msgs/msg/detail/trajectory_point_msg__struct.hpp
[6.286s] -- Installing: /root/nav_1/install/teb_msgs/include/teb_msgs/teb_msgs/msg/detail/trajectory_msg__struct.hpp
[6.287s] -- Installing: /root/nav_1/install/teb_msgs/include/teb_msgs/teb_msgs/msg/detail/feedback_msg__traits.hpp
[6.287s] -- Installing: /root/nav_1/install/teb_msgs/include/teb_msgs/teb_msgs/msg/detail/feedback_msg__builder.hpp
[6.287s] -- Installing: /root/nav_1/install/teb_msgs/include/teb_msgs/teb_msgs/msg/detail/trajectory_msg__builder.hpp
[6.287s] -- Installing: /root/nav_1/install/teb_msgs/include/teb_msgs/teb_msgs/msg/detail/trajectory_msg__traits.hpp
[6.287s] -- Installing: /root/nav_1/install/teb_msgs/include/teb_msgs/teb_msgs/msg/detail/trajectory_point_msg__builder.hpp
[6.287s] -- Installing: /root/nav_1/install/teb_msgs/include/teb_msgs/teb_msgs/msg/detail/trajectory_point_msg__traits.hpp
[6.287s] -- Installing: /root/nav_1/install/teb_msgs/include/teb_msgs/teb_msgs/msg/detail/feedback_msg__struct.hpp
[6.287s] -- Installing: /root/nav_1/install/teb_msgs/include/teb_msgs/teb_msgs/msg/feedback_msg.hpp
[6.287s] -- Installing: /root/nav_1/install/teb_msgs/include/teb_msgs/teb_msgs/msg/trajectory_msg.hpp
[6.287s] -- Up-to-date: /root/nav_1/install/teb_msgs/include/teb_msgs/teb_msgs
[6.287s] -- Up-to-date: /root/nav_1/install/teb_msgs/include/teb_msgs/teb_msgs/msg
[6.288s] -- Up-to-date: /root/nav_1/install/teb_msgs/include/teb_msgs/teb_msgs/msg/detail
[6.288s] -- Installing: /root/nav_1/install/teb_msgs/include/teb_msgs/teb_msgs/msg/detail/dds_fastrtps
[6.288s] -- Installing: /root/nav_1/install/teb_msgs/include/teb_msgs/teb_msgs/msg/detail/trajectory_point_msg__rosidl_typesupport_fastrtps_cpp.hpp
[6.288s] -- Installing: /root/nav_1/install/teb_msgs/include/teb_msgs/teb_msgs/msg/detail/trajectory_msg__rosidl_typesupport_fastrtps_cpp.hpp
[6.288s] -- Installing: /root/nav_1/install/teb_msgs/include/teb_msgs/teb_msgs/msg/detail/feedback_msg__rosidl_typesupport_fastrtps_cpp.hpp
[6.288s] -- Installing: /root/nav_1/install/teb_msgs/include/teb_msgs/teb_msgs/msg/rosidl_typesupport_fastrtps_cpp__visibility_control.h
[6.288s] -- Installing: /root/nav_1/install/teb_msgs/lib/libteb_msgs__rosidl_typesupport_fastrtps_cpp.so
[6.288s] -- Set runtime path of "/root/nav_1/install/teb_msgs/lib/libteb_msgs__rosidl_typesupport_fastrtps_cpp.so" to ""
[6.288s] -- Up-to-date: /root/nav_1/install/teb_msgs/include/teb_msgs/teb_msgs
[6.288s] -- Up-to-date: /root/nav_1/install/teb_msgs/include/teb_msgs/teb_msgs/msg
[6.288s] -- Up-to-date: /root/nav_1/install/teb_msgs/include/teb_msgs/teb_msgs/msg/detail
[6.288s] -- Installing: /root/nav_1/install/teb_msgs/include/teb_msgs/teb_msgs/msg/detail/trajectory_point_msg__type_support.c
[6.289s] -- Installing: /root/nav_1/install/teb_msgs/include/teb_msgs/teb_msgs/msg/detail/feedback_msg__type_support.c
[6.289s] -- Installing: /root/nav_1/install/teb_msgs/include/teb_msgs/teb_msgs/msg/detail/feedback_msg__rosidl_typesupport_introspection_c.h
[6.289s] -- Installing: /root/nav_1/install/teb_msgs/include/teb_msgs/teb_msgs/msg/detail/trajectory_msg__rosidl_typesupport_introspection_c.h
[6.289s] -- Installing: /root/nav_1/install/teb_msgs/include/teb_msgs/teb_msgs/msg/detail/trajectory_point_msg__rosidl_typesupport_introspection_c.h
[6.289s] -- Installing: /root/nav_1/install/teb_msgs/include/teb_msgs/teb_msgs/msg/detail/trajectory_msg__type_support.c
[6.289s] -- Installing: /root/nav_1/install/teb_msgs/include/teb_msgs/teb_msgs/msg/rosidl_typesupport_introspection_c__visibility_control.h
[6.289s] -- Installing: /root/nav_1/install/teb_msgs/lib/libteb_msgs__rosidl_typesupport_introspection_c.so
[6.289s] -- Set runtime path of "/root/nav_1/install/teb_msgs/lib/libteb_msgs__rosidl_typesupport_introspection_c.so" to ""
[6.289s] -- Installing: /root/nav_1/install/teb_msgs/lib/libteb_msgs__rosidl_typesupport_c.so
[6.289s] -- Set runtime path of "/root/nav_1/install/teb_msgs/lib/libteb_msgs__rosidl_typesupport_c.so" to ""
[6.289s] -- Up-to-date: /root/nav_1/install/teb_msgs/include/teb_msgs/teb_msgs
[6.290s] -- Up-to-date: /root/nav_1/install/teb_msgs/include/teb_msgs/teb_msgs/msg
[6.290s] -- Up-to-date: /root/nav_1/install/teb_msgs/include/teb_msgs/teb_msgs/msg/detail
[6.290s] -- Installing: /root/nav_1/install/teb_msgs/include/teb_msgs/teb_msgs/msg/detail/trajectory_msg__type_support.cpp
[6.290s] -- Installing: /root/nav_1/install/teb_msgs/include/teb_msgs/teb_msgs/msg/detail/feedback_msg__rosidl_typesupport_introspection_cpp.hpp
[6.290s] -- Installing: /root/nav_1/install/teb_msgs/include/teb_msgs/teb_msgs/msg/detail/trajectory_msg__rosidl_typesupport_introspection_cpp.hpp
[6.290s] -- Installing: /root/nav_1/install/teb_msgs/include/teb_msgs/teb_msgs/msg/detail/trajectory_point_msg__rosidl_typesupport_introspection_cpp.hpp
[6.290s] -- Installing: /root/nav_1/install/teb_msgs/include/teb_msgs/teb_msgs/msg/detail/trajectory_point_msg__type_support.cpp
[6.290s] -- Installing: /root/nav_1/install/teb_msgs/include/teb_msgs/teb_msgs/msg/detail/feedback_msg__type_support.cpp
[6.290s] -- Installing: /root/nav_1/install/teb_msgs/lib/libteb_msgs__rosidl_typesupport_introspection_cpp.so
[6.290s] -- Set runtime path of "/root/nav_1/install/teb_msgs/lib/libteb_msgs__rosidl_typesupport_introspection_cpp.so" to ""
[6.290s] -- Installing: /root/nav_1/install/teb_msgs/lib/libteb_msgs__rosidl_typesupport_cpp.so
[6.290s] -- Set runtime path of "/root/nav_1/install/teb_msgs/lib/libteb_msgs__rosidl_typesupport_cpp.so" to ""
[6.291s] -- Installing: /root/nav_1/install/teb_msgs/share/teb_msgs/environment/pythonpath.sh
[6.291s] -- Installing: /root/nav_1/install/teb_msgs/share/teb_msgs/environment/pythonpath.dsv
[6.291s] -- Installing: /root/nav_1/install/teb_msgs/local/lib/python3.10/dist-packages/teb_msgs-0.0.1-py3.10.egg-info
[6.291s] -- Installing: /root/nav_1/install/teb_msgs/local/lib/python3.10/dist-packages/teb_msgs-0.0.1-py3.10.egg-info/PKG-INFO
[6.291s] -- Installing: /root/nav_1/install/teb_msgs/local/lib/python3.10/dist-packages/teb_msgs-0.0.1-py3.10.egg-info/dependency_links.txt
[6.291s] -- Installing: /root/nav_1/install/teb_msgs/local/lib/python3.10/dist-packages/teb_msgs-0.0.1-py3.10.egg-info/top_level.txt
[6.291s] -- Installing: /root/nav_1/install/teb_msgs/local/lib/python3.10/dist-packages/teb_msgs-0.0.1-py3.10.egg-info/SOURCES.txt
[6.291s] -- Installing: /root/nav_1/install/teb_msgs/local/lib/python3.10/dist-packages/teb_msgs
[6.291s] -- Installing: /root/nav_1/install/teb_msgs/local/lib/python3.10/dist-packages/teb_msgs/__init__.py
[6.291s] -- Installing: /root/nav_1/install/teb_msgs/local/lib/python3.10/dist-packages/teb_msgs/teb_msgs_s__rosidl_typesupport_c.cpython-310-x86_64-linux-gnu.so
[6.291s] -- Installing: /root/nav_1/install/teb_msgs/local/lib/python3.10/dist-packages/teb_msgs/_teb_msgs_s.ep.rosidl_typesupport_c.c
[6.291s] -- Installing: /root/nav_1/install/teb_msgs/local/lib/python3.10/dist-packages/teb_msgs/teb_msgs_s__rosidl_typesupport_fastrtps_c.cpython-310-x86_64-linux-gnu.so
[6.292s] -- Installing: /root/nav_1/install/teb_msgs/local/lib/python3.10/dist-packages/teb_msgs/teb_msgs_s__rosidl_typesupport_introspection_c.cpython-310-x86_64-linux-gnu.so
[6.292s] -- Installing: /root/nav_1/install/teb_msgs/local/lib/python3.10/dist-packages/teb_msgs/libteb_msgs__rosidl_generator_py.so
[6.292s] -- Installing: /root/nav_1/install/teb_msgs/local/lib/python3.10/dist-packages/teb_msgs/_teb_msgs_s.ep.rosidl_typesupport_fastrtps_c.c
[6.292s] -- Installing: /root/nav_1/install/teb_msgs/local/lib/python3.10/dist-packages/teb_msgs/msg
[6.292s] -- Installing: /root/nav_1/install/teb_msgs/local/lib/python3.10/dist-packages/teb_msgs/msg/_feedback_msg.py
[6.292s] -- Installing: /root/nav_1/install/teb_msgs/local/lib/python3.10/dist-packages/teb_msgs/msg/__init__.py
[6.292s] -- Installing: /root/nav_1/install/teb_msgs/local/lib/python3.10/dist-packages/teb_msgs/msg/_trajectory_msg.py
[6.292s] -- Installing: /root/nav_1/install/teb_msgs/local/lib/python3.10/dist-packages/teb_msgs/msg/_feedback_msg_s.c
[6.292s] -- Installing: /root/nav_1/install/teb_msgs/local/lib/python3.10/dist-packages/teb_msgs/msg/_trajectory_point_msg_s.c
[6.292s] -- Installing: /root/nav_1/install/teb_msgs/local/lib/python3.10/dist-packages/teb_msgs/msg/_trajectory_msg_s.c
[6.292s] -- Installing: /root/nav_1/install/teb_msgs/local/lib/python3.10/dist-packages/teb_msgs/msg/_trajectory_point_msg.py
[6.292s] -- Installing: /root/nav_1/install/teb_msgs/local/lib/python3.10/dist-packages/teb_msgs/_teb_msgs_s.ep.rosidl_typesupport_introspection_c.c
[6.309s] Listing '/root/nav_1/install/teb_msgs/local/lib/python3.10/dist-packages/teb_msgs'...
[6.309s] Compiling '/root/nav_1/install/teb_msgs/local/lib/python3.10/dist-packages/teb_msgs/__init__.py'...
[6.309s] Listing '/root/nav_1/install/teb_msgs/local/lib/python3.10/dist-packages/teb_msgs/msg'...
[6.309s] Compiling '/root/nav_1/install/teb_msgs/local/lib/python3.10/dist-packages/teb_msgs/msg/__init__.py'...
[6.309s] Compiling '/root/nav_1/install/teb_msgs/local/lib/python3.10/dist-packages/teb_msgs/msg/_feedback_msg.py'...
[6.309s] Compiling '/root/nav_1/install/teb_msgs/local/lib/python3.10/dist-packages/teb_msgs/msg/_trajectory_msg.py'...
[6.309s] Compiling '/root/nav_1/install/teb_msgs/local/lib/python3.10/dist-packages/teb_msgs/msg/_trajectory_point_msg.py'...
[6.311s] -- Installing: /root/nav_1/install/teb_msgs/local/lib/python3.10/dist-packages/teb_msgs/teb_msgs_s__rosidl_typesupport_fastrtps_c.cpython-310-x86_64-linux-gnu.so
[6.311s] -- Set runtime path of "/root/nav_1/install/teb_msgs/local/lib/python3.10/dist-packages/teb_msgs/teb_msgs_s__rosidl_typesupport_fastrtps_c.cpython-310-x86_64-linux-gnu.so" to ""
[6.312s] -- Installing: /root/nav_1/install/teb_msgs/local/lib/python3.10/dist-packages/teb_msgs/teb_msgs_s__rosidl_typesupport_introspection_c.cpython-310-x86_64-linux-gnu.so
[6.312s] -- Set runtime path of "/root/nav_1/install/teb_msgs/local/lib/python3.10/dist-packages/teb_msgs/teb_msgs_s__rosidl_typesupport_introspection_c.cpython-310-x86_64-linux-gnu.so" to ""
[6.312s] -- Installing: /root/nav_1/install/teb_msgs/local/lib/python3.10/dist-packages/teb_msgs/teb_msgs_s__rosidl_typesupport_c.cpython-310-x86_64-linux-gnu.so
[6.312s] -- Set runtime path of "/root/nav_1/install/teb_msgs/local/lib/python3.10/dist-packages/teb_msgs/teb_msgs_s__rosidl_typesupport_c.cpython-310-x86_64-linux-gnu.so" to ""
[6.312s] -- Installing: /root/nav_1/install/teb_msgs/lib/libteb_msgs__rosidl_generator_py.so
[6.312s] -- Set runtime path of "/root/nav_1/install/teb_msgs/lib/libteb_msgs__rosidl_generator_py.so" to ""
[6.312s] -- Installing: /root/nav_1/install/teb_msgs/share/teb_msgs/msg/FeedbackMsg.idl
[6.312s] -- Installing: /root/nav_1/install/teb_msgs/share/teb_msgs/msg/TrajectoryMsg.idl
[6.312s] -- Installing: /root/nav_1/install/teb_msgs/share/teb_msgs/msg/TrajectoryPointMsg.idl
[6.313s] -- Installing: /root/nav_1/install/teb_msgs/share/teb_msgs/msg/FeedbackMsg.msg
[6.313s] -- Installing: /root/nav_1/install/teb_msgs/share/teb_msgs/msg/TrajectoryMsg.msg
[6.313s] -- Installing: /root/nav_1/install/teb_msgs/share/teb_msgs/msg/TrajectoryPointMsg.msg
[6.313s] -- Installing: /root/nav_1/install/teb_msgs/share/ament_index/resource_index/package_run_dependencies/teb_msgs
[6.313s] -- Installing: /root/nav_1/install/teb_msgs/share/ament_index/resource_index/parent_prefix_path/teb_msgs
[6.313s] -- Installing: /root/nav_1/install/teb_msgs/share/teb_msgs/environment/ament_prefix_path.sh
[6.313s] -- Installing: /root/nav_1/install/teb_msgs/share/teb_msgs/environment/ament_prefix_path.dsv
[6.313s] -- Installing: /root/nav_1/install/teb_msgs/share/teb_msgs/environment/path.sh
[6.313s] -- Installing: /root/nav_1/install/teb_msgs/share/teb_msgs/environment/path.dsv
[6.313s] -- Installing: /root/nav_1/install/teb_msgs/share/teb_msgs/local_setup.bash
[6.314s] -- Installing: /root/nav_1/install/teb_msgs/share/teb_msgs/local_setup.sh
[6.314s] -- Installing: /root/nav_1/install/teb_msgs/share/teb_msgs/local_setup.zsh
[6.314s] -- Installing: /root/nav_1/install/teb_msgs/share/teb_msgs/local_setup.dsv
[6.314s] -- Installing: /root/nav_1/install/teb_msgs/share/teb_msgs/package.dsv
[6.314s] -- Installing: /root/nav_1/install/teb_msgs/share/ament_index/resource_index/packages/teb_msgs
[6.314s] -- Installing: /root/nav_1/install/teb_msgs/share/teb_msgs/cmake/export_teb_msgs__rosidl_generator_cExport.cmake
[6.314s] -- Installing: /root/nav_1/install/teb_msgs/share/teb_msgs/cmake/export_teb_msgs__rosidl_generator_cExport-noconfig.cmake
[6.314s] -- Installing: /root/nav_1/install/teb_msgs/share/teb_msgs/cmake/export_teb_msgs__rosidl_typesupport_fastrtps_cExport.cmake
[6.314s] -- Installing: /root/nav_1/install/teb_msgs/share/teb_msgs/cmake/export_teb_msgs__rosidl_typesupport_fastrtps_cExport-noconfig.cmake
[6.314s] -- Installing: /root/nav_1/install/teb_msgs/share/teb_msgs/cmake/export_teb_msgs__rosidl_generator_cppExport.cmake
[6.314s] -- Installing: /root/nav_1/install/teb_msgs/share/teb_msgs/cmake/export_teb_msgs__rosidl_typesupport_fastrtps_cppExport.cmake
[6.315s] -- Installing: /root/nav_1/install/teb_msgs/share/teb_msgs/cmake/export_teb_msgs__rosidl_typesupport_fastrtps_cppExport-noconfig.cmake
[6.315s] -- Installing: /root/nav_1/install/teb_msgs/share/teb_msgs/cmake/teb_msgs__rosidl_typesupport_introspection_cExport.cmake
[6.315s] -- Installing: /root/nav_1/install/teb_msgs/share/teb_msgs/cmake/teb_msgs__rosidl_typesupport_introspection_cExport-noconfig.cmake
[6.315s] -- Installing: /root/nav_1/install/teb_msgs/share/teb_msgs/cmake/teb_msgs__rosidl_typesupport_cExport.cmake
[6.315s] -- Installing: /root/nav_1/install/teb_msgs/share/teb_msgs/cmake/teb_msgs__rosidl_typesupport_cExport-noconfig.cmake
[6.315s] -- Installing: /root/nav_1/install/teb_msgs/share/teb_msgs/cmake/teb_msgs__rosidl_typesupport_introspection_cppExport.cmake
[6.315s] -- Installing: /root/nav_1/install/teb_msgs/share/teb_msgs/cmake/teb_msgs__rosidl_typesupport_introspection_cppExport-noconfig.cmake
[6.315s] -- Installing: /root/nav_1/install/teb_msgs/share/teb_msgs/cmake/teb_msgs__rosidl_typesupport_cppExport.cmake
[6.315s] -- Installing: /root/nav_1/install/teb_msgs/share/teb_msgs/cmake/teb_msgs__rosidl_typesupport_cppExport-noconfig.cmake
[6.315s] -- Installing: /root/nav_1/install/teb_msgs/share/teb_msgs/cmake/export_teb_msgs__rosidl_generator_pyExport.cmake
[6.315s] -- Installing: /root/nav_1/install/teb_msgs/share/teb_msgs/cmake/export_teb_msgs__rosidl_generator_pyExport-noconfig.cmake
[6.315s] -- Installing: /root/nav_1/install/teb_msgs/share/teb_msgs/cmake/rosidl_cmake-extras.cmake
[6.315s] -- Installing: /root/nav_1/install/teb_msgs/share/teb_msgs/cmake/ament_cmake_export_dependencies-extras.cmake
[6.315s] -- Installing: /root/nav_1/install/teb_msgs/share/teb_msgs/cmake/ament_cmake_export_include_directories-extras.cmake
[6.315s] -- Installing: /root/nav_1/install/teb_msgs/share/teb_msgs/cmake/ament_cmake_export_libraries-extras.cmake
[6.316s] -- Installing: /root/nav_1/install/teb_msgs/share/teb_msgs/cmake/ament_cmake_export_targets-extras.cmake
[6.316s] -- Installing: /root/nav_1/install/teb_msgs/share/teb_msgs/cmake/rosidl_cmake_export_typesupport_targets-extras.cmake
[6.316s] -- Installing: /root/nav_1/install/teb_msgs/share/teb_msgs/cmake/rosidl_cmake_export_typesupport_libraries-extras.cmake
[6.316s] -- Installing: /root/nav_1/install/teb_msgs/share/teb_msgs/cmake/teb_msgsConfig.cmake
[6.316s] -- Installing: /root/nav_1/install/teb_msgs/share/teb_msgs/cmake/teb_msgsConfig-version.cmake
[6.316s] -- Installing: /root/nav_1/install/teb_msgs/share/teb_msgs/package.xml
[6.317s] Invoked command in '/root/nav_1/build/teb_msgs' returned '0': AMENT_PREFIX_PATH=/root/nav_1/install/costmap_converter_msgs:${AMENT_PREFIX_PATH} CMAKE_PREFIX_PATH=/root/nav_1/install/costmap_converter_msgs:/opt/ros/humble LD_LIBRARY_PATH=/root/nav_1/install/costmap_converter_msgs/lib:${LD_LIBRARY_PATH} PYTHONPATH=/root/nav_1/install/costmap_converter_msgs/local/lib/python3.10/dist-packages:${PYTHONPATH} /usr/bin/cmake --install /root/nav_1/build/teb_msgs
