[0.691s] DEBUG:colcon:Command line arguments: ['/usr/local/bin/colcon', 'build', '--packages-select', 'robot_navigation']
[0.691s] DEBUG:colcon:Parsed command line arguments: Namespace(log_base=None, log_level=None, verb_name='build', build_base='build', install_base='install', merge_install=False, symlink_install=False, test_result_base=None, continue_on_error=False, executor='parallel', parallel_workers=32, event_handlers=None, ignore_user_meta=False, metas=['./colcon.meta'], base_paths=['.'], packages_ignore=None, packages_ignore_regex=None, paths=None, packages_up_to=None, packages_up_to_regex=None, packages_above=None, packages_above_and_dependencies=None, packages_above_depth=None, packages_select_by_dep=None, packages_skip_by_dep=None, packages_skip_up_to=None, packages_select_build_failed=False, packages_skip_build_finished=False, packages_select_test_failures=False, packages_skip_test_passed=False, packages_select=['robot_navigation'], packages_skip=None, packages_select_regex=None, packages_skip_regex=None, packages_start=None, packages_end=None, allow_overriding=[], cmake_args=None, cmake_target=None, cmake_target_skip_unavailable=False, cmake_clean_cache=False, cmake_clean_first=False, cmake_force_configure=False, ament_cmake_args=None, catkin_cmake_args=None, catkin_skip_building_tests=False, verb_parser=<colcon_defaults.argument_parser.defaults.DefaultArgumentsDecorator object at 0x7f2dcefe3d30>, verb_extension=<colcon_core.verb.build.BuildVerb object at 0x7f2dcf48ae00>, main=<bound method BuildVerb.main of <colcon_core.verb.build.BuildVerb object at 0x7f2dcf48ae00>>)
[0.712s] Level 1:colcon.colcon_core.package_discovery:discover_packages(colcon_meta) check parameters
[0.712s] Level 1:colcon.colcon_core.package_discovery:discover_packages(recursive) check parameters
[0.713s] Level 1:colcon.colcon_core.package_discovery:discover_packages(ignore) check parameters
[0.713s] Level 1:colcon.colcon_core.package_discovery:discover_packages(path) check parameters
[0.713s] Level 1:colcon.colcon_core.package_discovery:discover_packages(colcon_meta) discover
[0.713s] Level 1:colcon.colcon_core.package_discovery:discover_packages(recursive) discover
[0.713s] INFO:colcon.colcon_core.package_discovery:Crawling recursively for packages in '/root/nav_1'
[0.713s] Level 1:colcon.colcon_core.package_identification:_identify(.) by extensions ['ignore', 'ignore_ament_install']
[0.713s] Level 1:colcon.colcon_core.package_identification:_identify(.) by extension 'ignore'
[0.713s] Level 1:colcon.colcon_core.package_identification:_identify(.) by extension 'ignore_ament_install'
[0.713s] Level 1:colcon.colcon_core.package_identification:_identify(.) by extensions ['colcon_pkg']
[0.713s] Level 1:colcon.colcon_core.package_identification:_identify(.) by extension 'colcon_pkg'
[0.713s] Level 1:colcon.colcon_core.package_identification:_identify(.) by extensions ['colcon_meta']
[0.713s] Level 1:colcon.colcon_core.package_identification:_identify(.) by extension 'colcon_meta'
[0.713s] Level 1:colcon.colcon_core.package_identification:_identify(.) by extensions ['ros']
[0.713s] Level 1:colcon.colcon_core.package_identification:_identify(.) by extension 'ros'
[0.719s] Level 1:colcon.colcon_core.package_identification:_identify(.) by extensions ['cmake', 'python']
[0.719s] Level 1:colcon.colcon_core.package_identification:_identify(.) by extension 'cmake'
[0.719s] Level 1:colcon.colcon_core.package_identification:_identify(.) by extension 'python'
[0.719s] Level 1:colcon.colcon_core.package_identification:_identify(.) by extensions ['python_setup_py']
[0.719s] Level 1:colcon.colcon_core.package_identification:_identify(.) by extension 'python_setup_py'
[0.719s] Level 1:colcon.colcon_core.package_identification:_identify(build) by extensions ['ignore', 'ignore_ament_install']
[0.719s] Level 1:colcon.colcon_core.package_identification:_identify(build) by extension 'ignore'
[0.719s] Level 1:colcon.colcon_core.package_identification:_identify(build) ignored
[0.720s] Level 1:colcon.colcon_core.package_identification:_identify(install) by extensions ['ignore', 'ignore_ament_install']
[0.720s] Level 1:colcon.colcon_core.package_identification:_identify(install) by extension 'ignore'
[0.720s] Level 1:colcon.colcon_core.package_identification:_identify(install) ignored
[0.720s] Level 1:colcon.colcon_core.package_identification:_identify(log) by extensions ['ignore', 'ignore_ament_install']
[0.720s] Level 1:colcon.colcon_core.package_identification:_identify(log) by extension 'ignore'
[0.720s] Level 1:colcon.colcon_core.package_identification:_identify(log) ignored
[0.720s] Level 1:colcon.colcon_core.package_identification:_identify(src) by extensions ['ignore', 'ignore_ament_install']
[0.720s] Level 1:colcon.colcon_core.package_identification:_identify(src) by extension 'ignore'
[0.720s] Level 1:colcon.colcon_core.package_identification:_identify(src) by extension 'ignore_ament_install'
[0.720s] Level 1:colcon.colcon_core.package_identification:_identify(src) by extensions ['colcon_pkg']
[0.720s] Level 1:colcon.colcon_core.package_identification:_identify(src) by extension 'colcon_pkg'
[0.720s] Level 1:colcon.colcon_core.package_identification:_identify(src) by extensions ['colcon_meta']
[0.720s] Level 1:colcon.colcon_core.package_identification:_identify(src) by extension 'colcon_meta'
[0.720s] Level 1:colcon.colcon_core.package_identification:_identify(src) by extensions ['ros']
[0.720s] Level 1:colcon.colcon_core.package_identification:_identify(src) by extension 'ros'
[0.720s] Level 1:colcon.colcon_core.package_identification:_identify(src) by extensions ['cmake', 'python']
[0.720s] Level 1:colcon.colcon_core.package_identification:_identify(src) by extension 'cmake'
[0.720s] Level 1:colcon.colcon_core.package_identification:_identify(src) by extension 'python'
[0.720s] Level 1:colcon.colcon_core.package_identification:_identify(src) by extensions ['python_setup_py']
[0.720s] Level 1:colcon.colcon_core.package_identification:_identify(src) by extension 'python_setup_py'
[0.720s] Level 1:colcon.colcon_core.package_identification:_identify(src/costmap_converter) by extensions ['ignore', 'ignore_ament_install']
[0.720s] Level 1:colcon.colcon_core.package_identification:_identify(src/costmap_converter) by extension 'ignore'
[0.720s] Level 1:colcon.colcon_core.package_identification:_identify(src/costmap_converter) by extension 'ignore_ament_install'
[0.720s] Level 1:colcon.colcon_core.package_identification:_identify(src/costmap_converter) by extensions ['colcon_pkg']
[0.720s] Level 1:colcon.colcon_core.package_identification:_identify(src/costmap_converter) by extension 'colcon_pkg'
[0.720s] Level 1:colcon.colcon_core.package_identification:_identify(src/costmap_converter) by extensions ['colcon_meta']
[0.720s] Level 1:colcon.colcon_core.package_identification:_identify(src/costmap_converter) by extension 'colcon_meta'
[0.720s] Level 1:colcon.colcon_core.package_identification:_identify(src/costmap_converter) by extensions ['ros']
[0.720s] Level 1:colcon.colcon_core.package_identification:_identify(src/costmap_converter) by extension 'ros'
[0.722s] DEBUG:colcon.colcon_core.package_identification:Package 'src/costmap_converter' with type 'ros.ament_cmake' and name 'costmap_converter'
[0.722s] Level 1:colcon.colcon_core.package_identification:_identify(src/costmap_converter_msgs) by extensions ['ignore', 'ignore_ament_install']
[0.722s] Level 1:colcon.colcon_core.package_identification:_identify(src/costmap_converter_msgs) by extension 'ignore'
[0.722s] Level 1:colcon.colcon_core.package_identification:_identify(src/costmap_converter_msgs) by extension 'ignore_ament_install'
[0.722s] Level 1:colcon.colcon_core.package_identification:_identify(src/costmap_converter_msgs) by extensions ['colcon_pkg']
[0.722s] Level 1:colcon.colcon_core.package_identification:_identify(src/costmap_converter_msgs) by extension 'colcon_pkg'
[0.722s] Level 1:colcon.colcon_core.package_identification:_identify(src/costmap_converter_msgs) by extensions ['colcon_meta']
[0.722s] Level 1:colcon.colcon_core.package_identification:_identify(src/costmap_converter_msgs) by extension 'colcon_meta'
[0.722s] Level 1:colcon.colcon_core.package_identification:_identify(src/costmap_converter_msgs) by extensions ['ros']
[0.722s] Level 1:colcon.colcon_core.package_identification:_identify(src/costmap_converter_msgs) by extension 'ros'
[0.723s] DEBUG:colcon.colcon_core.package_identification:Package 'src/costmap_converter_msgs' with type 'ros.ament_cmake' and name 'costmap_converter_msgs'
[0.723s] Level 1:colcon.colcon_core.package_identification:_identify(src/robot_navigation) by extensions ['ignore', 'ignore_ament_install']
[0.723s] Level 1:colcon.colcon_core.package_identification:_identify(src/robot_navigation) by extension 'ignore'
[0.723s] Level 1:colcon.colcon_core.package_identification:_identify(src/robot_navigation) by extension 'ignore_ament_install'
[0.723s] Level 1:colcon.colcon_core.package_identification:_identify(src/robot_navigation) by extensions ['colcon_pkg']
[0.723s] Level 1:colcon.colcon_core.package_identification:_identify(src/robot_navigation) by extension 'colcon_pkg'
[0.723s] Level 1:colcon.colcon_core.package_identification:_identify(src/robot_navigation) by extensions ['colcon_meta']
[0.723s] Level 1:colcon.colcon_core.package_identification:_identify(src/robot_navigation) by extension 'colcon_meta'
[0.723s] Level 1:colcon.colcon_core.package_identification:_identify(src/robot_navigation) by extensions ['ros']
[0.723s] Level 1:colcon.colcon_core.package_identification:_identify(src/robot_navigation) by extension 'ros'
[0.724s] DEBUG:colcon.colcon_core.package_identification:Package 'src/robot_navigation' with type 'ros.ament_cmake' and name 'robot_navigation'
[0.724s] Level 1:colcon.colcon_core.package_identification:_identify(src/teb_local_planner) by extensions ['ignore', 'ignore_ament_install']
[0.724s] Level 1:colcon.colcon_core.package_identification:_identify(src/teb_local_planner) by extension 'ignore'
[0.724s] Level 1:colcon.colcon_core.package_identification:_identify(src/teb_local_planner) by extension 'ignore_ament_install'
[0.724s] Level 1:colcon.colcon_core.package_identification:_identify(src/teb_local_planner) by extensions ['colcon_pkg']
[0.724s] Level 1:colcon.colcon_core.package_identification:_identify(src/teb_local_planner) by extension 'colcon_pkg'
[0.724s] Level 1:colcon.colcon_core.package_identification:_identify(src/teb_local_planner) by extensions ['colcon_meta']
[0.724s] Level 1:colcon.colcon_core.package_identification:_identify(src/teb_local_planner) by extension 'colcon_meta'
[0.724s] Level 1:colcon.colcon_core.package_identification:_identify(src/teb_local_planner) by extensions ['ros']
[0.724s] Level 1:colcon.colcon_core.package_identification:_identify(src/teb_local_planner) by extension 'ros'
[0.725s] DEBUG:colcon.colcon_core.package_identification:Package 'src/teb_local_planner' with type 'ros.ament_cmake' and name 'teb_local_planner'
[0.725s] Level 1:colcon.colcon_core.package_identification:_identify(src/teb_msgs) by extensions ['ignore', 'ignore_ament_install']
[0.725s] Level 1:colcon.colcon_core.package_identification:_identify(src/teb_msgs) by extension 'ignore'
[0.725s] Level 1:colcon.colcon_core.package_identification:_identify(src/teb_msgs) by extension 'ignore_ament_install'
[0.725s] Level 1:colcon.colcon_core.package_identification:_identify(src/teb_msgs) by extensions ['colcon_pkg']
[0.725s] Level 1:colcon.colcon_core.package_identification:_identify(src/teb_msgs) by extension 'colcon_pkg'
[0.725s] Level 1:colcon.colcon_core.package_identification:_identify(src/teb_msgs) by extensions ['colcon_meta']
[0.725s] Level 1:colcon.colcon_core.package_identification:_identify(src/teb_msgs) by extension 'colcon_meta'
[0.725s] Level 1:colcon.colcon_core.package_identification:_identify(src/teb_msgs) by extensions ['ros']
[0.725s] Level 1:colcon.colcon_core.package_identification:_identify(src/teb_msgs) by extension 'ros'
[0.726s] DEBUG:colcon.colcon_core.package_identification:Package 'src/teb_msgs' with type 'ros.ament_cmake' and name 'teb_msgs'
[0.726s] Level 1:colcon.colcon_core.package_discovery:discover_packages(recursive) using defaults
[0.726s] Level 1:colcon.colcon_core.package_discovery:discover_packages(ignore) discover
[0.726s] Level 1:colcon.colcon_core.package_discovery:discover_packages(ignore) using defaults
[0.726s] Level 1:colcon.colcon_core.package_discovery:discover_packages(path) discover
[0.726s] Level 1:colcon.colcon_core.package_discovery:discover_packages(path) using defaults
[0.759s] INFO:colcon.colcon_core.package_selection:Skipping not selected package 'costmap_converter_msgs' in 'src/costmap_converter_msgs'
[0.759s] INFO:colcon.colcon_core.package_selection:Skipping not selected package 'costmap_converter' in 'src/costmap_converter'
[0.759s] INFO:colcon.colcon_core.package_selection:Skipping not selected package 'teb_msgs' in 'src/teb_msgs'
[0.759s] INFO:colcon.colcon_core.package_selection:Skipping not selected package 'teb_local_planner' in 'src/teb_local_planner'
[0.772s] Level 1:colcon.colcon_core.package_discovery:discover_packages(prefix_path) check parameters
[0.772s] Level 1:colcon.colcon_core.package_discovery:discover_packages(prefix_path) discover
[0.787s] DEBUG:colcon.colcon_installed_package_information.package_discovery:Found 5 installed packages in /root/nav_1/install
[0.794s] DEBUG:colcon.colcon_installed_package_information.package_discovery:Found 428 installed packages in /opt/ros/humble
[0.795s] Level 1:colcon.colcon_core.package_discovery:discover_packages(prefix_path) using defaults
[0.840s] Level 5:colcon.colcon_core.verb:set package 'robot_navigation' build argument 'cmake_args' from command line to 'None'
[0.840s] Level 5:colcon.colcon_core.verb:set package 'robot_navigation' build argument 'cmake_target' from command line to 'None'
[0.840s] Level 5:colcon.colcon_core.verb:set package 'robot_navigation' build argument 'cmake_target_skip_unavailable' from command line to 'False'
[0.840s] Level 5:colcon.colcon_core.verb:set package 'robot_navigation' build argument 'cmake_clean_cache' from command line to 'False'
[0.840s] Level 5:colcon.colcon_core.verb:set package 'robot_navigation' build argument 'cmake_clean_first' from command line to 'False'
[0.840s] Level 5:colcon.colcon_core.verb:set package 'robot_navigation' build argument 'cmake_force_configure' from command line to 'False'
[0.840s] Level 5:colcon.colcon_core.verb:set package 'robot_navigation' build argument 'ament_cmake_args' from command line to 'None'
[0.840s] Level 5:colcon.colcon_core.verb:set package 'robot_navigation' build argument 'catkin_cmake_args' from command line to 'None'
[0.840s] Level 5:colcon.colcon_core.verb:set package 'robot_navigation' build argument 'catkin_skip_building_tests' from command line to 'False'
[0.840s] DEBUG:colcon.colcon_core.verb:Building package 'robot_navigation' with the following arguments: {'ament_cmake_args': None, 'build_base': '/root/nav_1/build/robot_navigation', 'catkin_cmake_args': None, 'catkin_skip_building_tests': False, 'cmake_args': None, 'cmake_clean_cache': False, 'cmake_clean_first': False, 'cmake_force_configure': False, 'cmake_target': None, 'cmake_target_skip_unavailable': False, 'install_base': '/root/nav_1/install/robot_navigation', 'merge_install': False, 'path': '/root/nav_1/src/robot_navigation', 'symlink_install': False, 'test_result_base': None}
[0.847s] INFO:colcon.colcon_core.executor:Executing jobs using 'parallel' executor
[0.854s] DEBUG:colcon.colcon_parallel_executor.executor.parallel:run_until_complete
[0.854s] INFO:colcon.colcon_ros.task.ament_cmake.build:Building ROS package in '/root/nav_1/src/robot_navigation' with build type 'ament_cmake'
[0.855s] INFO:colcon.colcon_cmake.task.cmake.build:Building CMake package in '/root/nav_1/src/robot_navigation'
[0.862s] INFO:colcon.colcon_core.plugin_system:Skipping extension 'colcon_core.shell.bat': Not used on non-Windows systems
[0.862s] INFO:colcon.colcon_core.shell:Skip shell extension 'powershell' for command environment: Not usable outside of PowerShell
[0.862s] DEBUG:colcon.colcon_core.shell:Skip shell extension 'dsv' for command environment
[2.122s] DEBUG:colcon.colcon_core.event_handler.log_command:Invoking command in '/root/nav_1/build/robot_navigation': CMAKE_PREFIX_PATH=${CMAKE_PREFIX_PATH}:/opt/ros/humble /usr/bin/cmake --build /root/nav_1/build/robot_navigation -- -j32 -l32
[18.223s] DEBUG:colcon.colcon_core.event_handler.log_command:Invoked command in '/root/nav_1/build/robot_navigation' returned '0': CMAKE_PREFIX_PATH=${CMAKE_PREFIX_PATH}:/opt/ros/humble /usr/bin/cmake --build /root/nav_1/build/robot_navigation -- -j32 -l32
[18.246s] DEBUG:colcon.colcon_core.event_handler.log_command:Invoking command in '/root/nav_1/build/robot_navigation': CMAKE_PREFIX_PATH=${CMAKE_PREFIX_PATH}:/opt/ros/humble /usr/bin/cmake --install /root/nav_1/build/robot_navigation
[18.258s] Level 1:colcon.colcon_core.environment:create_environment_scripts_only(robot_navigation)
[18.259s] DEBUG:colcon.colcon_core.event_handler.log_command:Invoked command in '/root/nav_1/build/robot_navigation' returned '0': CMAKE_PREFIX_PATH=${CMAKE_PREFIX_PATH}:/opt/ros/humble /usr/bin/cmake --install /root/nav_1/build/robot_navigation
[18.266s] Level 1:colcon.colcon_core.environment:checking '/root/nav_1/install/robot_navigation' for CMake module files
[18.266s] Level 1:colcon.colcon_core.environment:checking '/root/nav_1/install/robot_navigation' for CMake config files
[18.267s] Level 1:colcon.colcon_core.shell:create_environment_hook('robot_navigation', 'cmake_prefix_path')
[18.273s] INFO:colcon.colcon_core.shell:Creating environment hook '/root/nav_1/install/robot_navigation/share/robot_navigation/hook/cmake_prefix_path.ps1'
[18.274s] INFO:colcon.colcon_core.shell:Creating environment descriptor '/root/nav_1/install/robot_navigation/share/robot_navigation/hook/cmake_prefix_path.dsv'
[18.274s] INFO:colcon.colcon_core.shell:Creating environment hook '/root/nav_1/install/robot_navigation/share/robot_navigation/hook/cmake_prefix_path.sh'
[18.274s] Level 1:colcon.colcon_core.environment:checking '/root/nav_1/install/robot_navigation/lib'
[18.275s] Level 1:colcon.colcon_core.environment:checking '/root/nav_1/install/robot_navigation/bin'
[18.275s] Level 1:colcon.colcon_core.environment:checking '/root/nav_1/install/robot_navigation/lib/pkgconfig/robot_navigation.pc'
[18.275s] Level 1:colcon.colcon_core.environment:checking '/root/nav_1/install/robot_navigation/lib/python3.10/site-packages'
[18.275s] Level 1:colcon.colcon_core.environment:checking '/root/nav_1/install/robot_navigation/bin'
[18.281s] INFO:colcon.colcon_core.shell:Creating package script '/root/nav_1/install/robot_navigation/share/robot_navigation/package.ps1'
[18.281s] INFO:colcon.colcon_core.shell:Creating package descriptor '/root/nav_1/install/robot_navigation/share/robot_navigation/package.dsv'
[18.281s] INFO:colcon.colcon_core.shell:Creating package script '/root/nav_1/install/robot_navigation/share/robot_navigation/package.sh'
[18.282s] INFO:colcon.colcon_core.shell:Creating package script '/root/nav_1/install/robot_navigation/share/robot_navigation/package.bash'
[18.282s] INFO:colcon.colcon_core.shell:Creating package script '/root/nav_1/install/robot_navigation/share/robot_navigation/package.zsh'
[18.282s] Level 1:colcon.colcon_core.environment:create_file_with_runtime_dependencies(/root/nav_1/install/robot_navigation/share/colcon-core/packages/robot_navigation)
[18.305s] Level 1:colcon.colcon_core.environment:create_environment_scripts_only(robot_navigation)
[18.311s] Level 1:colcon.colcon_core.environment:checking '/root/nav_1/install/robot_navigation' for CMake module files
[18.311s] Level 1:colcon.colcon_core.environment:checking '/root/nav_1/install/robot_navigation' for CMake config files
[18.311s] Level 1:colcon.colcon_core.shell:create_environment_hook('robot_navigation', 'cmake_prefix_path')
[18.319s] INFO:colcon.colcon_core.shell:Creating environment hook '/root/nav_1/install/robot_navigation/share/robot_navigation/hook/cmake_prefix_path.ps1'
[18.320s] INFO:colcon.colcon_core.shell:Creating environment descriptor '/root/nav_1/install/robot_navigation/share/robot_navigation/hook/cmake_prefix_path.dsv'
[18.320s] INFO:colcon.colcon_core.shell:Creating environment hook '/root/nav_1/install/robot_navigation/share/robot_navigation/hook/cmake_prefix_path.sh'
[18.320s] Level 1:colcon.colcon_core.environment:checking '/root/nav_1/install/robot_navigation/lib'
[18.320s] Level 1:colcon.colcon_core.environment:checking '/root/nav_1/install/robot_navigation/bin'
[18.320s] Level 1:colcon.colcon_core.environment:checking '/root/nav_1/install/robot_navigation/lib/pkgconfig/robot_navigation.pc'
[18.320s] Level 1:colcon.colcon_core.environment:checking '/root/nav_1/install/robot_navigation/lib/python3.10/site-packages'
[18.320s] Level 1:colcon.colcon_core.environment:checking '/root/nav_1/install/robot_navigation/bin'
[18.327s] INFO:colcon.colcon_core.shell:Creating package script '/root/nav_1/install/robot_navigation/share/robot_navigation/package.ps1'
[18.327s] INFO:colcon.colcon_core.shell:Creating package descriptor '/root/nav_1/install/robot_navigation/share/robot_navigation/package.dsv'
[18.327s] INFO:colcon.colcon_core.shell:Creating package script '/root/nav_1/install/robot_navigation/share/robot_navigation/package.sh'
[18.328s] INFO:colcon.colcon_core.shell:Creating package script '/root/nav_1/install/robot_navigation/share/robot_navigation/package.bash'
[18.328s] INFO:colcon.colcon_core.shell:Creating package script '/root/nav_1/install/robot_navigation/share/robot_navigation/package.zsh'
[18.328s] Level 1:colcon.colcon_core.environment:create_file_with_runtime_dependencies(/root/nav_1/install/robot_navigation/share/colcon-core/packages/robot_navigation)
[18.328s] DEBUG:colcon.colcon_parallel_executor.executor.parallel:closing loop
[18.329s] DEBUG:colcon.colcon_parallel_executor.executor.parallel:loop closed
[18.329s] DEBUG:colcon.colcon_parallel_executor.executor.parallel:run_until_complete finished with '0'
[18.329s] DEBUG:colcon.colcon_core.event_reactor:joining thread
[18.339s] INFO:colcon.colcon_core.plugin_system:Skipping extension 'colcon_notification.desktop_notification.terminal_notifier': Not used on non-Darwin systems
[18.339s] INFO:colcon.colcon_core.plugin_system:Skipping extension 'colcon_notification.desktop_notification.win32': Not used on non-Windows systems
[18.339s] INFO:colcon.colcon_notification.desktop_notification:Sending desktop notification using 'notify2'
[18.344s] DEBUG:colcon.colcon_core.event_reactor:joined thread
[18.351s] INFO:colcon.colcon_core.shell:Creating prefix script '/root/nav_1/install/local_setup.ps1'
[18.353s] INFO:colcon.colcon_core.shell:Creating prefix util module '/root/nav_1/install/_local_setup_util_ps1.py'
[18.354s] INFO:colcon.colcon_core.shell:Creating prefix chain script '/root/nav_1/install/setup.ps1'
[18.361s] INFO:colcon.colcon_core.shell:Creating prefix script '/root/nav_1/install/local_setup.sh'
[18.361s] INFO:colcon.colcon_core.shell:Creating prefix util module '/root/nav_1/install/_local_setup_util_sh.py'
[18.361s] INFO:colcon.colcon_core.shell:Creating prefix chain script '/root/nav_1/install/setup.sh'
[18.368s] INFO:colcon.colcon_core.shell:Creating prefix script '/root/nav_1/install/local_setup.bash'
[18.368s] INFO:colcon.colcon_core.shell:Creating prefix chain script '/root/nav_1/install/setup.bash'
[18.375s] INFO:colcon.colcon_core.shell:Creating prefix script '/root/nav_1/install/local_setup.zsh'
[18.375s] INFO:colcon.colcon_core.shell:Creating prefix chain script '/root/nav_1/install/setup.zsh'
