-- Found ament_cmake: 1.3.10 (/opt/ros/humble/share/ament_cmake/cmake)
-- Found class_loader: 2.2.0 (/opt/ros/humble/share/class_loader/cmake)
-- Found costmap_converter_msgs: 0.1.2 (/root/robot_navigation/src/install/costmap_converter_msgs/share/costmap_converter_msgs/cmake)
-- Found rosidl_generator_c: 3.1.5 (/opt/ros/humble/share/rosidl_generator_c/cmake)
-- Found rosidl_adapter: 3.1.5 (/opt/ros/humble/share/rosidl_adapter/cmake)
-- Found rosidl_generator_cpp: 3.1.5 (/opt/ros/humble/share/rosidl_generator_cpp/cmake)
-- Using all available rosidl_typesupport_c: rosidl_typesupport_fastrtps_c;rosidl_typesupport_introspection_c
-- Using all available rosidl_typesupport_cpp: rosidl_typesupport_fastrtps_cpp;rosidl_typesupport_introspection_cpp
-- Found cv_bridge: 3.2.1 (/opt/ros/humble/share/cv_bridge/cmake)
-- Found nav2_costmap_2d: 1.1.16 (/opt/ros/humble/share/nav2_costmap_2d/cmake)
-- Found rmw_implementation_cmake: 6.1.2 (/opt/ros/humble/share/rmw_implementation_cmake/cmake)
-- Found rmw_fastrtps_cpp: 6.2.7 (/opt/ros/humble/share/rmw_fastrtps_cpp/cmake)
-- Found OpenSSL: /usr/lib/x86_64-linux-gnu/libcrypto.so (found version "3.0.2")  
-- Found FastRTPS: /opt/ros/humble/include  
-- Using RMW implementation 'rmw_fastrtps_cpp' as default
-- Looking for pthread.h
-- Looking for pthread.h - found
-- Performing Test CMAKE_HAVE_LIBC_PTHREAD
-- Performing Test CMAKE_HAVE_LIBC_PTHREAD - Success
-- Found Threads: TRUE  
-- Found Eigen3: TRUE (found version "3.4.0") 
-- Ensuring Eigen3 include directory is part of orocos-kdl CMake target
-- Found OpenCV: /usr (found version "4.5.4") 
-- Found ament_cmake_gtest: 1.3.10 (/opt/ros/humble/share/ament_cmake_gtest/cmake)
-- Found gtest sources under '/opt/ros/humble/src/gtest_vendor': C++ tests using 'Google Test' will be built
-- Configuring done
-- Generating done
-- Build files have been written to: /root/robot_navigation/src/build/costmap_converter
[  5%] [32mBuilding CXX object gtest/CMakeFiles/gtest.dir/src/gtest-all.cc.o[0m
[ 10%] [32mBuilding CXX object gtest/CMakeFiles/gtest_main.dir/src/gtest_main.cc.o[0m
[ 15%] [32mBuilding CXX object CMakeFiles/costmap_converter.dir/src/costmap_to_polygons.cpp.o[0m
[ 21%] [32mBuilding CXX object CMakeFiles/costmap_converter.dir/src/costmap_to_lines_ransac.cpp.o[0m
[ 26%] [32mBuilding CXX object CMakeFiles/costmap_converter.dir/src/costmap_to_dynamic_obstacles/blob_detector.cpp.o[0m
[ 31%] [32mBuilding CXX object CMakeFiles/costmap_converter.dir/src/costmap_to_lines_convex_hull.cpp.o[0m
[ 36%] [32mBuilding CXX object CMakeFiles/costmap_converter.dir/src/costmap_to_dynamic_obstacles/background_subtractor.cpp.o[0m
[ 52%] [32mBuilding CXX object CMakeFiles/costmap_converter.dir/src/costmap_to_dynamic_obstacles/multitarget_tracker/HungarianAlg.cpp.o[0m
[ 52%] [32mBuilding CXX object CMakeFiles/costmap_converter.dir/src/costmap_to_dynamic_obstacles/costmap_to_dynamic_obstacles.cpp.o[0m
[ 52%] [32mBuilding CXX object CMakeFiles/costmap_converter.dir/src/costmap_to_dynamic_obstacles/multitarget_tracker/Ctracker.cpp.o[0m
[ 57%] [32mBuilding CXX object CMakeFiles/costmap_converter.dir/src/costmap_to_dynamic_obstacles/multitarget_tracker/Kalman.cpp.o[0m
[ 63%] [32mBuilding CXX object CMakeFiles/costmap_converter.dir/src/costmap_to_polygons_concave.cpp.o[0m
[ 68%] [32m[1mLinking CXX static library libgtest_main.a[0m
[ 68%] Built target gtest_main
[ 73%] [32m[1mLinking CXX static library libgtest.a[0m
[ 73%] Built target gtest
[ 78%] [32m[1mLinking CXX shared library libcostmap_converter.so[0m
[ 78%] Built target costmap_converter
[ 84%] [32mBuilding CXX object CMakeFiles/standalone_converter.dir/src/costmap_converter_node.cpp.o[0m
[ 89%] [32mBuilding CXX object CMakeFiles/test_costmap_polygons.dir/test/costmap_polygons.cpp.o[0m
[ 94%] [32m[1mLinking CXX executable test_costmap_polygons[0m
[ 94%] Built target test_costmap_polygons
[100%] [32m[1mLinking CXX executable standalone_converter[0m
[100%] Built target standalone_converter
-- Install configuration: "Release"
-- Installing: /root/robot_navigation/src/install/costmap_converter/lib/libcostmap_converter.so
-- Set runtime path of "/root/robot_navigation/src/install/costmap_converter/lib/libcostmap_converter.so" to ""
-- Installing: /root/robot_navigation/src/install/costmap_converter/bin/standalone_converter
-- Set runtime path of "/root/robot_navigation/src/install/costmap_converter/bin/standalone_converter" to ""
-- Installing: /root/robot_navigation/src/install/costmap_converter/include/
-- Installing: /root/robot_navigation/src/install/costmap_converter/include//costmap_converter
-- Installing: /root/robot_navigation/src/install/costmap_converter/include//costmap_converter/costmap_to_dynamic_obstacles
-- Installing: /root/robot_navigation/src/install/costmap_converter/include//costmap_converter/costmap_to_dynamic_obstacles/background_subtractor.h
-- Installing: /root/robot_navigation/src/install/costmap_converter/include//costmap_converter/costmap_to_dynamic_obstacles/multitarget_tracker
-- Installing: /root/robot_navigation/src/install/costmap_converter/include//costmap_converter/costmap_to_dynamic_obstacles/multitarget_tracker/defines.h
-- Installing: /root/robot_navigation/src/install/costmap_converter/include//costmap_converter/costmap_to_dynamic_obstacles/multitarget_tracker/Kalman.h
-- Installing: /root/robot_navigation/src/install/costmap_converter/include//costmap_converter/costmap_to_dynamic_obstacles/multitarget_tracker/README.md
-- Installing: /root/robot_navigation/src/install/costmap_converter/include//costmap_converter/costmap_to_dynamic_obstacles/multitarget_tracker/Ctracker.h
-- Installing: /root/robot_navigation/src/install/costmap_converter/include//costmap_converter/costmap_to_dynamic_obstacles/multitarget_tracker/HungarianAlg.h
-- Installing: /root/robot_navigation/src/install/costmap_converter/include//costmap_converter/costmap_to_dynamic_obstacles/blob_detector.h
-- Installing: /root/robot_navigation/src/install/costmap_converter/include//costmap_converter/costmap_to_dynamic_obstacles/costmap_to_dynamic_obstacles.h
-- Installing: /root/robot_navigation/src/install/costmap_converter/include//costmap_converter/costmap_converter_interface.h
-- Installing: /root/robot_navigation/src/install/costmap_converter/include//costmap_converter/misc.h
-- Installing: /root/robot_navigation/src/install/costmap_converter/include//costmap_converter/costmap_to_lines_ransac.h
-- Installing: /root/robot_navigation/src/install/costmap_converter/include//costmap_converter/costmap_to_polygons_concave.h
-- Installing: /root/robot_navigation/src/install/costmap_converter/include//costmap_converter/costmap_to_lines_convex_hull.h
-- Installing: /root/robot_navigation/src/install/costmap_converter/include//costmap_converter/costmap_to_polygons.h
-- Installing: /root/robot_navigation/src/install/costmap_converter/share/costmap_converter/environment/library_path.sh
-- Installing: /root/robot_navigation/src/install/costmap_converter/share/costmap_converter/environment/library_path.dsv
-- Installing: /root/robot_navigation/src/install/costmap_converter/share/costmap_converter/costmap_converter_plugins.xml
-- Installing: /root/robot_navigation/src/install/costmap_converter/share/ament_index/resource_index/package_run_dependencies/costmap_converter
-- Installing: /root/robot_navigation/src/install/costmap_converter/share/ament_index/resource_index/parent_prefix_path/costmap_converter
-- Installing: /root/robot_navigation/src/install/costmap_converter/share/costmap_converter/environment/ament_prefix_path.sh
-- Installing: /root/robot_navigation/src/install/costmap_converter/share/costmap_converter/environment/ament_prefix_path.dsv
-- Installing: /root/robot_navigation/src/install/costmap_converter/share/costmap_converter/environment/path.sh
-- Installing: /root/robot_navigation/src/install/costmap_converter/share/costmap_converter/environment/path.dsv
-- Installing: /root/robot_navigation/src/install/costmap_converter/share/costmap_converter/local_setup.bash
-- Installing: /root/robot_navigation/src/install/costmap_converter/share/costmap_converter/local_setup.sh
-- Installing: /root/robot_navigation/src/install/costmap_converter/share/costmap_converter/local_setup.zsh
-- Installing: /root/robot_navigation/src/install/costmap_converter/share/costmap_converter/local_setup.dsv
-- Installing: /root/robot_navigation/src/install/costmap_converter/share/costmap_converter/package.dsv
-- Installing: /root/robot_navigation/src/install/costmap_converter/share/ament_index/resource_index/packages/costmap_converter
-- Installing: /root/robot_navigation/src/install/costmap_converter/share/ament_index/resource_index/costmap_converter__pluginlib__plugin/costmap_converter
-- Installing: /root/robot_navigation/src/install/costmap_converter/share/costmap_converter/cmake/ament_cmake_export_include_directories-extras.cmake
-- Installing: /root/robot_navigation/src/install/costmap_converter/share/costmap_converter/cmake/ament_cmake_export_libraries-extras.cmake
-- Installing: /root/robot_navigation/src/install/costmap_converter/share/costmap_converter/cmake/ament_cmake_export_dependencies-extras.cmake
-- Installing: /root/robot_navigation/src/install/costmap_converter/share/costmap_converter/cmake/costmap_converterConfig.cmake
-- Installing: /root/robot_navigation/src/install/costmap_converter/share/costmap_converter/cmake/costmap_converterConfig-version.cmake
-- Installing: /root/robot_navigation/src/install/costmap_converter/share/costmap_converter/package.xml
