[35m[1mConsolidate compiler generated dependencies of target icp_localization[0m
[100%] Built target icp_localization
-- Install configuration: ""
-- Up-to-date: /root/nav_1/install/robot_navigation/lib/robot_navigation/icp_localization
-- Up-to-date: /root/nav_1/install/robot_navigation/share/robot_navigation/launch
-- Installing: /root/nav_1/install/robot_navigation/share/robot_navigation/launch/bringup_launch.py
-- Up-to-date: /root/nav_1/install/robot_navigation/share/robot_navigation/launch/icp_launch.py
-- Up-to-date: /root/nav_1/install/robot_navigation/share/robot_navigation/config
-- Up-to-date: /root/nav_1/install/robot_navigation/share/robot_navigation/config/icp_params.yaml
-- Up-to-date: /root/nav_1/install/robot_navigation/share/robot_navigation/config/map.yaml
-- Up-to-date: /root/nav_1/install/robot_navigation/share/robot_navigation/config/map.pgm
-- Up-to-date: /root/nav_1/install/robot_navigation/share/robot_navigation/config/nav2_params.yaml
-- Up-to-date: /root/nav_1/install/robot_navigation/share/ament_index/resource_index/package_run_dependencies/robot_navigation
-- Up-to-date: /root/nav_1/install/robot_navigation/share/ament_index/resource_index/parent_prefix_path/robot_navigation
-- Up-to-date: /root/nav_1/install/robot_navigation/share/robot_navigation/environment/ament_prefix_path.sh
-- Up-to-date: /root/nav_1/install/robot_navigation/share/robot_navigation/environment/ament_prefix_path.dsv
-- Up-to-date: /root/nav_1/install/robot_navigation/share/robot_navigation/environment/path.sh
-- Up-to-date: /root/nav_1/install/robot_navigation/share/robot_navigation/environment/path.dsv
-- Up-to-date: /root/nav_1/install/robot_navigation/share/robot_navigation/local_setup.bash
-- Up-to-date: /root/nav_1/install/robot_navigation/share/robot_navigation/local_setup.sh
-- Up-to-date: /root/nav_1/install/robot_navigation/share/robot_navigation/local_setup.zsh
-- Up-to-date: /root/nav_1/install/robot_navigation/share/robot_navigation/local_setup.dsv
-- Installing: /root/nav_1/install/robot_navigation/share/robot_navigation/package.dsv
-- Up-to-date: /root/nav_1/install/robot_navigation/share/ament_index/resource_index/packages/robot_navigation
-- Up-to-date: /root/nav_1/install/robot_navigation/share/robot_navigation/cmake/robot_navigationConfig.cmake
-- Up-to-date: /root/nav_1/install/robot_navigation/share/robot_navigation/cmake/robot_navigationConfig-version.cmake
-- Up-to-date: /root/nav_1/install/robot_navigation/share/robot_navigation/package.xml
