[3.029s] Invoking command in '/root/nav_1/build/robot_navigation': CMAKE_PREFIX_PATH=/root/nav_1/install/teb_local_planner:/root/nav_1/install/teb_msgs:/root/nav_1/install/costmap_converter:/root/nav_1/install/costmap_converter_msgs:/root/nav_1/install/robot_navigation:/opt/ros/humble /usr/bin/cmake --build /root/nav_1/build/robot_navigation -- -j32 -l32
[3.056s] [35m[1mConsolidate compiler generated dependencies of target icp_localization[0m
[3.073s] [100%] Built target icp_localization
[3.079s] Invoked command in '/root/nav_1/build/robot_navigation' returned '0': CMAKE_PREFIX_PATH=/root/nav_1/install/teb_local_planner:/root/nav_1/install/teb_msgs:/root/nav_1/install/costmap_converter:/root/nav_1/install/costmap_converter_msgs:/root/nav_1/install/robot_navigation:/opt/ros/humble /usr/bin/cmake --build /root/nav_1/build/robot_navigation -- -j32 -l32
[3.098s] Invoking command in '/root/nav_1/build/robot_navigation': CMAKE_PREFIX_PATH=/root/nav_1/install/teb_local_planner:/root/nav_1/install/teb_msgs:/root/nav_1/install/costmap_converter:/root/nav_1/install/costmap_converter_msgs:/root/nav_1/install/robot_navigation:/opt/ros/humble /usr/bin/cmake --install /root/nav_1/build/robot_navigation
[3.101s] -- Install configuration: ""
[3.101s] -- Up-to-date: /root/nav_1/install/robot_navigation/lib/robot_navigation/icp_localization
[3.101s] -- Up-to-date: /root/nav_1/install/robot_navigation/share/robot_navigation/launch
[3.101s] -- Installing: /root/nav_1/install/robot_navigation/share/robot_navigation/launch/bringup_launch.py
[3.101s] -- Up-to-date: /root/nav_1/install/robot_navigation/share/robot_navigation/launch/icp_launch.py
[3.102s] -- Up-to-date: /root/nav_1/install/robot_navigation/share/robot_navigation/config
[3.102s] -- Up-to-date: /root/nav_1/install/robot_navigation/share/robot_navigation/config/icp_params.yaml
[3.102s] -- Up-to-date: /root/nav_1/install/robot_navigation/share/robot_navigation/config/map.yaml
[3.102s] -- Up-to-date: /root/nav_1/install/robot_navigation/share/robot_navigation/config/map.pgm
[3.102s] -- Up-to-date: /root/nav_1/install/robot_navigation/share/robot_navigation/config/nav2_params.yaml
[3.102s] -- Up-to-date: /root/nav_1/install/robot_navigation/share/ament_index/resource_index/package_run_dependencies/robot_navigation
[3.102s] -- Up-to-date: /root/nav_1/install/robot_navigation/share/ament_index/resource_index/parent_prefix_path/robot_navigation
[3.102s] -- Up-to-date: /root/nav_1/install/robot_navigation/share/robot_navigation/environment/ament_prefix_path.sh
[3.102s] -- Up-to-date: /root/nav_1/install/robot_navigation/share/robot_navigation/environment/ament_prefix_path.dsv
[3.102s] -- Up-to-date: /root/nav_1/install/robot_navigation/share/robot_navigation/environment/path.sh
[3.102s] -- Up-to-date: /root/nav_1/install/robot_navigation/share/robot_navigation/environment/path.dsv
[3.102s] -- Up-to-date: /root/nav_1/install/robot_navigation/share/robot_navigation/local_setup.bash
[3.102s] -- Up-to-date: /root/nav_1/install/robot_navigation/share/robot_navigation/local_setup.sh
[3.102s] -- Up-to-date: /root/nav_1/install/robot_navigation/share/robot_navigation/local_setup.zsh
[3.103s] -- Up-to-date: /root/nav_1/install/robot_navigation/share/robot_navigation/local_setup.dsv
[3.103s] -- Installing: /root/nav_1/install/robot_navigation/share/robot_navigation/package.dsv
[3.103s] -- Up-to-date: /root/nav_1/install/robot_navigation/share/ament_index/resource_index/packages/robot_navigation
[3.103s] -- Up-to-date: /root/nav_1/install/robot_navigation/share/robot_navigation/cmake/robot_navigationConfig.cmake
[3.103s] -- Up-to-date: /root/nav_1/install/robot_navigation/share/robot_navigation/cmake/robot_navigationConfig-version.cmake
[3.103s] -- Up-to-date: /root/nav_1/install/robot_navigation/share/robot_navigation/package.xml
[3.104s] Invoked command in '/root/nav_1/build/robot_navigation' returned '0': CMAKE_PREFIX_PATH=/root/nav_1/install/teb_local_planner:/root/nav_1/install/teb_msgs:/root/nav_1/install/costmap_converter:/root/nav_1/install/costmap_converter_msgs:/root/nav_1/install/robot_navigation:/opt/ros/humble /usr/bin/cmake --install /root/nav_1/build/robot_navigation
