[1.812s] Invoking command in '/root/nav_1/build/robot_navigation': CMAKE_PREFIX_PATH=/root/nav_1/install/teb_local_planner:/root/nav_1/install/teb_msgs:/root/nav_1/install/costmap_converter:/root/nav_1/install/costmap_converter_msgs:/root/nav_1/install/robot_navigation:/opt/ros/humble /usr/bin/cmake --build /root/nav_1/build/robot_navigation -- -j32 -l32
[2.177s] [100%] Built target icp_localization
[2.184s] Invoked command in '/root/nav_1/build/robot_navigation' returned '0': CMAKE_PREFIX_PATH=/root/nav_1/install/teb_local_planner:/root/nav_1/install/teb_msgs:/root/nav_1/install/costmap_converter:/root/nav_1/install/costmap_converter_msgs:/root/nav_1/install/robot_navigation:/opt/ros/humble /usr/bin/cmake --build /root/nav_1/build/robot_navigation -- -j32 -l32
[2.205s] Invoking command in '/root/nav_1/build/robot_navigation': CMAKE_PREFIX_PATH=/root/nav_1/install/teb_local_planner:/root/nav_1/install/teb_msgs:/root/nav_1/install/costmap_converter:/root/nav_1/install/costmap_converter_msgs:/root/nav_1/install/robot_navigation:/opt/ros/humble /usr/bin/cmake --install /root/nav_1/build/robot_navigation
[2.216s] -- Install configuration: ""
[2.217s] -- Up-to-date: /root/nav_1/install/robot_navigation/lib/robot_navigation/icp_localization
[2.217s] -- Up-to-date: /root/nav_1/install/robot_navigation/share/robot_navigation/launch
[2.218s] -- Installing: /root/nav_1/install/robot_navigation/share/robot_navigation/launch/bringup_launch.py
[2.218s] -- Up-to-date: /root/nav_1/install/robot_navigation/share/robot_navigation/launch/icp_launch.py
[2.218s] -- Up-to-date: /root/nav_1/install/robot_navigation/share/robot_navigation/config
[2.219s] -- Up-to-date: /root/nav_1/install/robot_navigation/share/robot_navigation/config/icp_params.yaml
[2.219s] -- Up-to-date: /root/nav_1/install/robot_navigation/share/robot_navigation/config/map.yaml
[2.219s] -- Up-to-date: /root/nav_1/install/robot_navigation/share/robot_navigation/config/map.pgm
[2.219s] -- Up-to-date: /root/nav_1/install/robot_navigation/share/robot_navigation/config/nav2_params.yaml
[2.219s] -- Up-to-date: /root/nav_1/install/robot_navigation/share/ament_index/resource_index/package_run_dependencies/robot_navigation
[2.219s] -- Up-to-date: /root/nav_1/install/robot_navigation/share/ament_index/resource_index/parent_prefix_path/robot_navigation
[2.219s] -- Up-to-date: /root/nav_1/install/robot_navigation/share/robot_navigation/environment/ament_prefix_path.sh
[2.219s] -- Up-to-date: /root/nav_1/install/robot_navigation/share/robot_navigation/environment/ament_prefix_path.dsv
[2.219s] -- Up-to-date: /root/nav_1/install/robot_navigation/share/robot_navigation/environment/path.sh
[2.219s] -- Up-to-date: /root/nav_1/install/robot_navigation/share/robot_navigation/environment/path.dsv
[2.219s] -- Up-to-date: /root/nav_1/install/robot_navigation/share/robot_navigation/local_setup.bash
[2.219s] -- Up-to-date: /root/nav_1/install/robot_navigation/share/robot_navigation/local_setup.sh
[2.219s] -- Up-to-date: /root/nav_1/install/robot_navigation/share/robot_navigation/local_setup.zsh
[2.219s] -- Up-to-date: /root/nav_1/install/robot_navigation/share/robot_navigation/local_setup.dsv
[2.219s] -- Installing: /root/nav_1/install/robot_navigation/share/robot_navigation/package.dsv
[2.220s] -- Up-to-date: /root/nav_1/install/robot_navigation/share/ament_index/resource_index/packages/robot_navigation
[2.220s] -- Up-to-date: /root/nav_1/install/robot_navigation/share/robot_navigation/cmake/robot_navigationConfig.cmake
[2.220s] -- Up-to-date: /root/nav_1/install/robot_navigation/share/robot_navigation/cmake/robot_navigationConfig-version.cmake
[2.220s] -- Up-to-date: /root/nav_1/install/robot_navigation/share/robot_navigation/package.xml
[2.224s] Invoked command in '/root/nav_1/build/robot_navigation' returned '0': CMAKE_PREFIX_PATH=/root/nav_1/install/teb_local_planner:/root/nav_1/install/teb_msgs:/root/nav_1/install/costmap_converter:/root/nav_1/install/costmap_converter_msgs:/root/nav_1/install/robot_navigation:/opt/ros/humble /usr/bin/cmake --install /root/nav_1/build/robot_navigation
