[0.036s] Invoking command in '/root/robot_navigation/src/build/costmap_converter_msgs': CMAKE_PREFIX_PATH=/opt/ros/humble /usr/bin/cmake /root/robot_navigation/src/costmap_converter_msgs -DCMAKE_INSTALL_PREFIX=/root/robot_navigation/src/install/costmap_converter_msgs
[0.505s] -- The C compiler identification is GNU 11.4.0
[1.221s] -- The CXX compiler identification is GNU 11.4.0
[1.664s] -- Detecting C compiler ABI info
[1.870s] -- Detecting C compiler ABI info - done
[1.874s] -- Check for working C compiler: /usr/bin/cc - skipped
[1.875s] -- Detecting C compile features
[1.875s] -- Detecting C compile features - done
[1.878s] -- Detecting CXX compiler ABI info
[2.079s] -- Detecting CXX compiler ABI info - done
[2.083s] -- Check for working CXX compiler: /usr/bin/c++ - skipped
[2.083s] -- Detecting CXX compile features
[2.083s] -- Detecting CXX compile features - done
[2.095s] -- Found ament_cmake: 1.3.10 (/opt/ros/humble/share/ament_cmake/cmake)
[2.188s] -- Found Python3: /usr/bin/python3 (found version "3.10.12") found components: Interpreter 
[2.262s] -- Found builtin_interfaces: 1.2.1 (/opt/ros/humble/share/builtin_interfaces/cmake)
[2.496s] -- Found rosidl_generator_c: 3.1.5 (/opt/ros/humble/share/rosidl_generator_c/cmake)
[2.503s] -- Found rosidl_adapter: 3.1.5 (/opt/ros/humble/share/rosidl_adapter/cmake)
[2.515s] -- Found rosidl_generator_cpp: 3.1.5 (/opt/ros/humble/share/rosidl_generator_cpp/cmake)
[2.535s] -- Using all available rosidl_typesupport_c: rosidl_typesupport_fastrtps_c;rosidl_typesupport_introspection_c
[2.551s] -- Using all available rosidl_typesupport_cpp: rosidl_typesupport_fastrtps_cpp;rosidl_typesupport_introspection_cpp
[2.565s] -- Found geometry_msgs: 4.2.4 (/opt/ros/humble/share/geometry_msgs/cmake)
[2.595s] -- Found rosidl_default_generators: 1.2.0 (/opt/ros/humble/share/rosidl_default_generators/cmake)
[2.770s] -- Found ament_cmake_ros: 0.10.0 (/opt/ros/humble/share/ament_cmake_ros/cmake)
[3.004s] -- Using all available rosidl_typesupport_c: rosidl_typesupport_fastrtps_c;rosidl_typesupport_introspection_c
[3.091s] -- Using all available rosidl_typesupport_cpp: rosidl_typesupport_fastrtps_cpp;rosidl_typesupport_introspection_cpp
[3.318s] -- Found PythonInterp: /usr/bin/python3 (found suitable version "3.10.12", minimum required is "3.6") 
[3.320s] -- Found python_cmake_module: 0.10.0 (/opt/ros/humble/share/python_cmake_module/cmake)
[4.411s] -- Found PythonLibs: /usr/lib/x86_64-linux-gnu/libpython3.10.so (found suitable version "3.10.12", minimum required is "3.5") 
[4.411s] -- Using PYTHON_EXECUTABLE: /usr/bin/python3
[4.411s] -- Using PYTHON_INCLUDE_DIRS: /usr/include/python3.10
[4.411s] -- Using PYTHON_LIBRARIES: /usr/lib/x86_64-linux-gnu/libpython3.10.so
[4.423s] -- Found PythonExtra: .so  
[4.516s] -- Configuring done
[4.546s] -- Generating done
[4.548s] -- Build files have been written to: /root/robot_navigation/src/build/costmap_converter_msgs
[4.554s] Invoked command in '/root/robot_navigation/src/build/costmap_converter_msgs' returned '0': CMAKE_PREFIX_PATH=/opt/ros/humble /usr/bin/cmake /root/robot_navigation/src/costmap_converter_msgs -DCMAKE_INSTALL_PREFIX=/root/robot_navigation/src/install/costmap_converter_msgs
[4.556s] Invoking command in '/root/robot_navigation/src/build/costmap_converter_msgs': CMAKE_PREFIX_PATH=/opt/ros/humble /usr/bin/cmake --build /root/robot_navigation/src/build/costmap_converter_msgs -- -j32 -l32
[4.574s] [  2%] [34m[1mGenerating C code for ROS interfaces[0m
[4.579s] [  5%] [34m[1mGenerating C++ code for ROS interfaces[0m
[4.583s] [  5%] Built target ament_cmake_python_copy_costmap_converter_msgs
[4.715s] running egg_info
[4.716s] creating costmap_converter_msgs.egg-info
[4.716s] writing costmap_converter_msgs.egg-info/PKG-INFO
[4.716s] writing dependency_links to costmap_converter_msgs.egg-info/dependency_links.txt
[4.716s] writing top-level names to costmap_converter_msgs.egg-info/top_level.txt
[4.716s] writing manifest file 'costmap_converter_msgs.egg-info/SOURCES.txt'
[4.718s] reading manifest file 'costmap_converter_msgs.egg-info/SOURCES.txt'
[4.719s] writing manifest file 'costmap_converter_msgs.egg-info/SOURCES.txt'
[4.733s] [  5%] Built target ament_cmake_python_build_costmap_converter_msgs_egg
[4.781s] [  5%] Built target costmap_converter_msgs__cpp
[4.786s] [  7%] [34m[1mGenerating C++ type support dispatch for ROS interfaces[0m
[4.786s] [ 10%] [34m[1mGenerating C++ type support for eProsima Fast-RTPS[0m
[4.787s] [ 12%] [34m[1mGenerating C++ introspection for ROS interfaces[0m
[4.795s] [ 17%] [32mBuilding C object CMakeFiles/costmap_converter_msgs__rosidl_generator_c.dir/rosidl_generator_c/costmap_converter_msgs/msg/detail/obstacle_array_msg__functions.c.o[0m
[4.795s] [ 17%] [32mBuilding C object CMakeFiles/costmap_converter_msgs__rosidl_generator_c.dir/rosidl_generator_c/costmap_converter_msgs/msg/detail/obstacle_msg__functions.c.o[0m
[4.958s] [ 20%] [32m[1mLinking C shared library libcostmap_converter_msgs__rosidl_generator_c.so[0m
[4.962s] [ 23%] [32mBuilding CXX object CMakeFiles/costmap_converter_msgs__rosidl_typesupport_cpp.dir/rosidl_typesupport_cpp/costmap_converter_msgs/msg/obstacle_array_msg__type_support.cpp.o[0m
[4.963s] [ 25%] [32mBuilding CXX object CMakeFiles/costmap_converter_msgs__rosidl_typesupport_cpp.dir/rosidl_typesupport_cpp/costmap_converter_msgs/msg/obstacle_msg__type_support.cpp.o[0m
[4.991s] [ 30%] [32mBuilding CXX object CMakeFiles/costmap_converter_msgs__rosidl_typesupport_introspection_cpp.dir/rosidl_typesupport_introspection_cpp/costmap_converter_msgs/msg/detail/obstacle_array_msg__type_support.cpp.o[0m
[4.991s] [ 30%] [32mBuilding CXX object CMakeFiles/costmap_converter_msgs__rosidl_typesupport_introspection_cpp.dir/rosidl_typesupport_introspection_cpp/costmap_converter_msgs/msg/detail/obstacle_msg__type_support.cpp.o[0m
[5.009s] [ 35%] [32mBuilding CXX object CMakeFiles/costmap_converter_msgs__rosidl_typesupport_fastrtps_cpp.dir/rosidl_typesupport_fastrtps_cpp/costmap_converter_msgs/msg/detail/dds_fastrtps/obstacle_msg__type_support.cpp.o[0m
[5.010s] [ 35%] [32mBuilding CXX object CMakeFiles/costmap_converter_msgs__rosidl_typesupport_fastrtps_cpp.dir/rosidl_typesupport_fastrtps_cpp/costmap_converter_msgs/msg/detail/dds_fastrtps/obstacle_array_msg__type_support.cpp.o[0m
[5.155s] [ 35%] Built target costmap_converter_msgs__rosidl_generator_c
[5.162s] [ 43%] [34m[1mGenerating C type support dispatch for ROS interfaces[0m
[5.162s] [ 43%] [34m[1mGenerating C type support for eProsima Fast-RTPS[0m
[5.162s] [ 43%] [34m[1mGenerating C introspection for ROS interfaces[0m
[5.386s] [ 46%] [32m[1mLinking CXX shared library libcostmap_converter_msgs__rosidl_typesupport_cpp.so[0m
[5.412s] [ 51%] [32mBuilding CXX object CMakeFiles/costmap_converter_msgs__rosidl_typesupport_c.dir/rosidl_typesupport_c/costmap_converter_msgs/msg/obstacle_msg__type_support.cpp.o[0m
[5.412s] [ 51%] [32mBuilding CXX object CMakeFiles/costmap_converter_msgs__rosidl_typesupport_c.dir/rosidl_typesupport_c/costmap_converter_msgs/msg/obstacle_array_msg__type_support.cpp.o[0m
[5.428s] [ 53%] [32mBuilding C object CMakeFiles/costmap_converter_msgs__rosidl_typesupport_introspection_c.dir/rosidl_typesupport_introspection_c/costmap_converter_msgs/msg/detail/obstacle_msg__type_support.c.o[0m
[5.429s] [ 56%] [32mBuilding C object CMakeFiles/costmap_converter_msgs__rosidl_typesupport_introspection_c.dir/rosidl_typesupport_introspection_c/costmap_converter_msgs/msg/detail/obstacle_array_msg__type_support.c.o[0m
[5.437s] [ 58%] [32m[1mLinking CXX shared library libcostmap_converter_msgs__rosidl_typesupport_c.so[0m
[5.441s] [ 61%] [32mBuilding CXX object CMakeFiles/costmap_converter_msgs__rosidl_typesupport_fastrtps_c.dir/rosidl_typesupport_fastrtps_c/costmap_converter_msgs/msg/detail/obstacle_array_msg__type_support_c.cpp.o[0m
[5.441s] [ 64%] [32mBuilding CXX object CMakeFiles/costmap_converter_msgs__rosidl_typesupport_fastrtps_c.dir/rosidl_typesupport_fastrtps_c/costmap_converter_msgs/msg/detail/obstacle_msg__type_support_c.cpp.o[0m
[5.516s] [ 66%] [32m[1mLinking C shared library libcostmap_converter_msgs__rosidl_typesupport_introspection_c.so[0m
[5.530s] [ 69%] [32m[1mLinking CXX shared library libcostmap_converter_msgs__rosidl_typesupport_fastrtps_cpp.so[0m
[5.537s] [ 71%] [32m[1mLinking CXX shared library libcostmap_converter_msgs__rosidl_typesupport_introspection_cpp.so[0m
[5.670s] [ 74%] [32m[1mLinking CXX shared library libcostmap_converter_msgs__rosidl_typesupport_fastrtps_c.so[0m
[5.741s] [ 74%] Built target costmap_converter_msgs__rosidl_typesupport_introspection_c
[5.754s] [ 74%] Built target costmap_converter_msgs__rosidl_typesupport_c
[5.754s] [ 74%] Built target costmap_converter_msgs__rosidl_typesupport_cpp
[5.774s] [ 74%] Built target costmap_converter_msgs__rosidl_typesupport_introspection_cpp
[5.780s] [ 74%] Built target costmap_converter_msgs__rosidl_typesupport_fastrtps_cpp
[5.858s] [ 74%] Built target costmap_converter_msgs__rosidl_typesupport_fastrtps_c
[5.868s] [ 74%] Built target costmap_converter_msgs
[5.878s] [ 76%] [34m[1mGenerating Python code for ROS interfaces[0m
[6.159s] [ 76%] Built target costmap_converter_msgs__py
[6.168s] [ 79%] [32mBuilding C object CMakeFiles/costmap_converter_msgs__rosidl_generator_py.dir/rosidl_generator_py/costmap_converter_msgs/msg/_obstacle_msg_s.c.o[0m
[6.168s] [ 82%] [32mBuilding C object CMakeFiles/costmap_converter_msgs__rosidl_generator_py.dir/rosidl_generator_py/costmap_converter_msgs/msg/_obstacle_array_msg_s.c.o[0m
[6.286s] [ 84%] [32m[1mLinking C shared library rosidl_generator_py/costmap_converter_msgs/libcostmap_converter_msgs__rosidl_generator_py.so[0m
[7.604s] [ 84%] Built target costmap_converter_msgs__rosidl_generator_py
[7.615s] [ 87%] [32mBuilding C object CMakeFiles/costmap_converter_msgs__rosidl_typesupport_fastrtps_c__pyext.dir/rosidl_generator_py/costmap_converter_msgs/_costmap_converter_msgs_s.ep.rosidl_typesupport_fastrtps_c.c.o[0m
[7.615s] [ 89%] [32mBuilding C object CMakeFiles/costmap_converter_msgs__rosidl_typesupport_introspection_c__pyext.dir/rosidl_generator_py/costmap_converter_msgs/_costmap_converter_msgs_s.ep.rosidl_typesupport_introspection_c.c.o[0m
[7.615s] [ 92%] [32mBuilding C object CMakeFiles/costmap_converter_msgs__rosidl_typesupport_c__pyext.dir/rosidl_generator_py/costmap_converter_msgs/_costmap_converter_msgs_s.ep.rosidl_typesupport_c.c.o[0m
[7.670s] [ 97%] [32m[1mLinking C shared library rosidl_generator_py/costmap_converter_msgs/costmap_converter_msgs_s__rosidl_typesupport_c.cpython-310-x86_64-linux-gnu.so[0m
[7.670s] [ 97%] [32m[1mLinking C shared library rosidl_generator_py/costmap_converter_msgs/costmap_converter_msgs_s__rosidl_typesupport_introspection_c.cpython-310-x86_64-linux-gnu.so[0m
[7.676s] [100%] [32m[1mLinking C shared library rosidl_generator_py/costmap_converter_msgs/costmap_converter_msgs_s__rosidl_typesupport_fastrtps_c.cpython-310-x86_64-linux-gnu.so[0m
[8.062s] [100%] Built target costmap_converter_msgs__rosidl_typesupport_introspection_c__pyext
[8.063s] [100%] Built target costmap_converter_msgs__rosidl_typesupport_c__pyext
[8.073s] [100%] Built target costmap_converter_msgs__rosidl_typesupport_fastrtps_c__pyext
[8.080s] Invoked command in '/root/robot_navigation/src/build/costmap_converter_msgs' returned '0': CMAKE_PREFIX_PATH=/opt/ros/humble /usr/bin/cmake --build /root/robot_navigation/src/build/costmap_converter_msgs -- -j32 -l32
[8.125s] Invoking command in '/root/robot_navigation/src/build/costmap_converter_msgs': CMAKE_PREFIX_PATH=/opt/ros/humble /usr/bin/cmake --install /root/robot_navigation/src/build/costmap_converter_msgs
[8.128s] -- Install configuration: ""
[8.129s] -- Installing: /root/robot_navigation/src/install/costmap_converter_msgs/share/ament_index/resource_index/rosidl_interfaces/costmap_converter_msgs
[8.129s] -- Installing: /root/robot_navigation/src/install/costmap_converter_msgs/include/costmap_converter_msgs/costmap_converter_msgs
[8.129s] -- Installing: /root/robot_navigation/src/install/costmap_converter_msgs/include/costmap_converter_msgs/costmap_converter_msgs/msg
[8.129s] -- Installing: /root/robot_navigation/src/install/costmap_converter_msgs/include/costmap_converter_msgs/costmap_converter_msgs/msg/obstacle_msg.h
[8.129s] -- Installing: /root/robot_navigation/src/install/costmap_converter_msgs/include/costmap_converter_msgs/costmap_converter_msgs/msg/detail
[8.129s] -- Installing: /root/robot_navigation/src/install/costmap_converter_msgs/include/costmap_converter_msgs/costmap_converter_msgs/msg/detail/obstacle_msg__type_support.h
[8.130s] -- Installing: /root/robot_navigation/src/install/costmap_converter_msgs/include/costmap_converter_msgs/costmap_converter_msgs/msg/detail/obstacle_array_msg__functions.h
[8.130s] -- Installing: /root/robot_navigation/src/install/costmap_converter_msgs/include/costmap_converter_msgs/costmap_converter_msgs/msg/detail/obstacle_msg__functions.c
[8.130s] -- Installing: /root/robot_navigation/src/install/costmap_converter_msgs/include/costmap_converter_msgs/costmap_converter_msgs/msg/detail/obstacle_array_msg__type_support.h
[8.130s] -- Installing: /root/robot_navigation/src/install/costmap_converter_msgs/include/costmap_converter_msgs/costmap_converter_msgs/msg/detail/obstacle_msg__functions.h
[8.130s] -- Installing: /root/robot_navigation/src/install/costmap_converter_msgs/include/costmap_converter_msgs/costmap_converter_msgs/msg/detail/obstacle_array_msg__functions.c
[8.130s] -- Installing: /root/robot_navigation/src/install/costmap_converter_msgs/include/costmap_converter_msgs/costmap_converter_msgs/msg/detail/obstacle_msg__struct.h
[8.130s] -- Installing: /root/robot_navigation/src/install/costmap_converter_msgs/include/costmap_converter_msgs/costmap_converter_msgs/msg/detail/obstacle_array_msg__struct.h
[8.130s] -- Installing: /root/robot_navigation/src/install/costmap_converter_msgs/include/costmap_converter_msgs/costmap_converter_msgs/msg/rosidl_generator_c__visibility_control.h
[8.130s] -- Installing: /root/robot_navigation/src/install/costmap_converter_msgs/include/costmap_converter_msgs/costmap_converter_msgs/msg/obstacle_array_msg.h
[8.131s] -- Installing: /root/robot_navigation/src/install/costmap_converter_msgs/share/costmap_converter_msgs/environment/library_path.sh
[8.131s] -- Installing: /root/robot_navigation/src/install/costmap_converter_msgs/share/costmap_converter_msgs/environment/library_path.dsv
[8.131s] -- Installing: /root/robot_navigation/src/install/costmap_converter_msgs/lib/libcostmap_converter_msgs__rosidl_generator_c.so
[8.131s] -- Set runtime path of "/root/robot_navigation/src/install/costmap_converter_msgs/lib/libcostmap_converter_msgs__rosidl_generator_c.so" to ""
[8.131s] -- Up-to-date: /root/robot_navigation/src/install/costmap_converter_msgs/include/costmap_converter_msgs/costmap_converter_msgs
[8.131s] -- Up-to-date: /root/robot_navigation/src/install/costmap_converter_msgs/include/costmap_converter_msgs/costmap_converter_msgs/msg
[8.131s] -- Up-to-date: /root/robot_navigation/src/install/costmap_converter_msgs/include/costmap_converter_msgs/costmap_converter_msgs/msg/detail
[8.131s] -- Installing: /root/robot_navigation/src/install/costmap_converter_msgs/include/costmap_converter_msgs/costmap_converter_msgs/msg/detail/obstacle_array_msg__rosidl_typesupport_fastrtps_c.h
[8.131s] -- Installing: /root/robot_navigation/src/install/costmap_converter_msgs/include/costmap_converter_msgs/costmap_converter_msgs/msg/detail/obstacle_msg__rosidl_typesupport_fastrtps_c.h
[8.131s] -- Installing: /root/robot_navigation/src/install/costmap_converter_msgs/include/costmap_converter_msgs/costmap_converter_msgs/msg/rosidl_typesupport_fastrtps_c__visibility_control.h
[8.131s] -- Installing: /root/robot_navigation/src/install/costmap_converter_msgs/lib/libcostmap_converter_msgs__rosidl_typesupport_fastrtps_c.so
[8.131s] -- Set runtime path of "/root/robot_navigation/src/install/costmap_converter_msgs/lib/libcostmap_converter_msgs__rosidl_typesupport_fastrtps_c.so" to ""
[8.131s] -- Up-to-date: /root/robot_navigation/src/install/costmap_converter_msgs/include/costmap_converter_msgs/costmap_converter_msgs
[8.132s] -- Up-to-date: /root/robot_navigation/src/install/costmap_converter_msgs/include/costmap_converter_msgs/costmap_converter_msgs/msg
[8.132s] -- Installing: /root/robot_navigation/src/install/costmap_converter_msgs/include/costmap_converter_msgs/costmap_converter_msgs/msg/obstacle_msg.hpp
[8.132s] -- Installing: /root/robot_navigation/src/install/costmap_converter_msgs/include/costmap_converter_msgs/costmap_converter_msgs/msg/obstacle_array_msg.hpp
[8.132s] -- Up-to-date: /root/robot_navigation/src/install/costmap_converter_msgs/include/costmap_converter_msgs/costmap_converter_msgs/msg/detail
[8.132s] -- Installing: /root/robot_navigation/src/install/costmap_converter_msgs/include/costmap_converter_msgs/costmap_converter_msgs/msg/detail/obstacle_msg__struct.hpp
[8.132s] -- Installing: /root/robot_navigation/src/install/costmap_converter_msgs/include/costmap_converter_msgs/costmap_converter_msgs/msg/detail/obstacle_array_msg__builder.hpp
[8.132s] -- Installing: /root/robot_navigation/src/install/costmap_converter_msgs/include/costmap_converter_msgs/costmap_converter_msgs/msg/detail/obstacle_array_msg__traits.hpp
[8.132s] -- Installing: /root/robot_navigation/src/install/costmap_converter_msgs/include/costmap_converter_msgs/costmap_converter_msgs/msg/detail/obstacle_array_msg__struct.hpp
[8.132s] -- Installing: /root/robot_navigation/src/install/costmap_converter_msgs/include/costmap_converter_msgs/costmap_converter_msgs/msg/detail/obstacle_msg__traits.hpp
[8.132s] -- Installing: /root/robot_navigation/src/install/costmap_converter_msgs/include/costmap_converter_msgs/costmap_converter_msgs/msg/detail/obstacle_msg__builder.hpp
[8.132s] -- Up-to-date: /root/robot_navigation/src/install/costmap_converter_msgs/include/costmap_converter_msgs/costmap_converter_msgs
[8.133s] -- Up-to-date: /root/robot_navigation/src/install/costmap_converter_msgs/include/costmap_converter_msgs/costmap_converter_msgs/msg
[8.133s] -- Up-to-date: /root/robot_navigation/src/install/costmap_converter_msgs/include/costmap_converter_msgs/costmap_converter_msgs/msg/detail
[8.133s] -- Installing: /root/robot_navigation/src/install/costmap_converter_msgs/include/costmap_converter_msgs/costmap_converter_msgs/msg/detail/dds_fastrtps
[8.133s] -- Installing: /root/robot_navigation/src/install/costmap_converter_msgs/include/costmap_converter_msgs/costmap_converter_msgs/msg/detail/obstacle_msg__rosidl_typesupport_fastrtps_cpp.hpp
[8.133s] -- Installing: /root/robot_navigation/src/install/costmap_converter_msgs/include/costmap_converter_msgs/costmap_converter_msgs/msg/detail/obstacle_array_msg__rosidl_typesupport_fastrtps_cpp.hpp
[8.133s] -- Installing: /root/robot_navigation/src/install/costmap_converter_msgs/include/costmap_converter_msgs/costmap_converter_msgs/msg/rosidl_typesupport_fastrtps_cpp__visibility_control.h
[8.133s] -- Installing: /root/robot_navigation/src/install/costmap_converter_msgs/lib/libcostmap_converter_msgs__rosidl_typesupport_fastrtps_cpp.so
[8.133s] -- Set runtime path of "/root/robot_navigation/src/install/costmap_converter_msgs/lib/libcostmap_converter_msgs__rosidl_typesupport_fastrtps_cpp.so" to ""
[8.133s] -- Up-to-date: /root/robot_navigation/src/install/costmap_converter_msgs/include/costmap_converter_msgs/costmap_converter_msgs
[8.133s] -- Up-to-date: /root/robot_navigation/src/install/costmap_converter_msgs/include/costmap_converter_msgs/costmap_converter_msgs/msg
[8.133s] -- Up-to-date: /root/robot_navigation/src/install/costmap_converter_msgs/include/costmap_converter_msgs/costmap_converter_msgs/msg/detail
[8.134s] -- Installing: /root/robot_navigation/src/install/costmap_converter_msgs/include/costmap_converter_msgs/costmap_converter_msgs/msg/detail/obstacle_msg__rosidl_typesupport_introspection_c.h
[8.134s] -- Installing: /root/robot_navigation/src/install/costmap_converter_msgs/include/costmap_converter_msgs/costmap_converter_msgs/msg/detail/obstacle_msg__type_support.c
[8.134s] -- Installing: /root/robot_navigation/src/install/costmap_converter_msgs/include/costmap_converter_msgs/costmap_converter_msgs/msg/detail/obstacle_array_msg__type_support.c
[8.134s] -- Installing: /root/robot_navigation/src/install/costmap_converter_msgs/include/costmap_converter_msgs/costmap_converter_msgs/msg/detail/obstacle_array_msg__rosidl_typesupport_introspection_c.h
[8.134s] -- Installing: /root/robot_navigation/src/install/costmap_converter_msgs/include/costmap_converter_msgs/costmap_converter_msgs/msg/rosidl_typesupport_introspection_c__visibility_control.h
[8.134s] -- Installing: /root/robot_navigation/src/install/costmap_converter_msgs/lib/libcostmap_converter_msgs__rosidl_typesupport_introspection_c.so
[8.134s] -- Set runtime path of "/root/robot_navigation/src/install/costmap_converter_msgs/lib/libcostmap_converter_msgs__rosidl_typesupport_introspection_c.so" to ""
[8.134s] -- Installing: /root/robot_navigation/src/install/costmap_converter_msgs/lib/libcostmap_converter_msgs__rosidl_typesupport_c.so
[8.134s] -- Set runtime path of "/root/robot_navigation/src/install/costmap_converter_msgs/lib/libcostmap_converter_msgs__rosidl_typesupport_c.so" to ""
[8.134s] -- Up-to-date: /root/robot_navigation/src/install/costmap_converter_msgs/include/costmap_converter_msgs/costmap_converter_msgs
[8.135s] -- Up-to-date: /root/robot_navigation/src/install/costmap_converter_msgs/include/costmap_converter_msgs/costmap_converter_msgs/msg
[8.135s] -- Up-to-date: /root/robot_navigation/src/install/costmap_converter_msgs/include/costmap_converter_msgs/costmap_converter_msgs/msg/detail
[8.135s] -- Installing: /root/robot_navigation/src/install/costmap_converter_msgs/include/costmap_converter_msgs/costmap_converter_msgs/msg/detail/obstacle_array_msg__rosidl_typesupport_introspection_cpp.hpp
[8.135s] -- Installing: /root/robot_navigation/src/install/costmap_converter_msgs/include/costmap_converter_msgs/costmap_converter_msgs/msg/detail/obstacle_msg__rosidl_typesupport_introspection_cpp.hpp
[8.135s] -- Installing: /root/robot_navigation/src/install/costmap_converter_msgs/include/costmap_converter_msgs/costmap_converter_msgs/msg/detail/obstacle_array_msg__type_support.cpp
[8.135s] -- Installing: /root/robot_navigation/src/install/costmap_converter_msgs/include/costmap_converter_msgs/costmap_converter_msgs/msg/detail/obstacle_msg__type_support.cpp
[8.135s] -- Installing: /root/robot_navigation/src/install/costmap_converter_msgs/lib/libcostmap_converter_msgs__rosidl_typesupport_introspection_cpp.so
[8.135s] -- Set runtime path of "/root/robot_navigation/src/install/costmap_converter_msgs/lib/libcostmap_converter_msgs__rosidl_typesupport_introspection_cpp.so" to ""
[8.135s] -- Installing: /root/robot_navigation/src/install/costmap_converter_msgs/lib/libcostmap_converter_msgs__rosidl_typesupport_cpp.so
[8.135s] -- Set runtime path of "/root/robot_navigation/src/install/costmap_converter_msgs/lib/libcostmap_converter_msgs__rosidl_typesupport_cpp.so" to ""
[8.135s] -- Installing: /root/robot_navigation/src/install/costmap_converter_msgs/share/costmap_converter_msgs/environment/pythonpath.sh
[8.135s] -- Installing: /root/robot_navigation/src/install/costmap_converter_msgs/share/costmap_converter_msgs/environment/pythonpath.dsv
[8.135s] -- Installing: /root/robot_navigation/src/install/costmap_converter_msgs/local/lib/python3.10/dist-packages/costmap_converter_msgs-0.1.2-py3.10.egg-info
[8.135s] -- Installing: /root/robot_navigation/src/install/costmap_converter_msgs/local/lib/python3.10/dist-packages/costmap_converter_msgs-0.1.2-py3.10.egg-info/PKG-INFO
[8.135s] -- Installing: /root/robot_navigation/src/install/costmap_converter_msgs/local/lib/python3.10/dist-packages/costmap_converter_msgs-0.1.2-py3.10.egg-info/dependency_links.txt
[8.135s] -- Installing: /root/robot_navigation/src/install/costmap_converter_msgs/local/lib/python3.10/dist-packages/costmap_converter_msgs-0.1.2-py3.10.egg-info/top_level.txt
[8.135s] -- Installing: /root/robot_navigation/src/install/costmap_converter_msgs/local/lib/python3.10/dist-packages/costmap_converter_msgs-0.1.2-py3.10.egg-info/SOURCES.txt
[8.135s] -- Installing: /root/robot_navigation/src/install/costmap_converter_msgs/local/lib/python3.10/dist-packages/costmap_converter_msgs
[8.135s] -- Installing: /root/robot_navigation/src/install/costmap_converter_msgs/local/lib/python3.10/dist-packages/costmap_converter_msgs/costmap_converter_msgs_s__rosidl_typesupport_c.cpython-310-x86_64-linux-gnu.so
[8.135s] -- Installing: /root/robot_navigation/src/install/costmap_converter_msgs/local/lib/python3.10/dist-packages/costmap_converter_msgs/_costmap_converter_msgs_s.ep.rosidl_typesupport_fastrtps_c.c
[8.135s] -- Installing: /root/robot_navigation/src/install/costmap_converter_msgs/local/lib/python3.10/dist-packages/costmap_converter_msgs/__init__.py
[8.135s] -- Installing: /root/robot_navigation/src/install/costmap_converter_msgs/local/lib/python3.10/dist-packages/costmap_converter_msgs/libcostmap_converter_msgs__rosidl_generator_py.so
[8.135s] -- Installing: /root/robot_navigation/src/install/costmap_converter_msgs/local/lib/python3.10/dist-packages/costmap_converter_msgs/costmap_converter_msgs_s__rosidl_typesupport_introspection_c.cpython-310-x86_64-linux-gnu.so
[8.135s] -- Installing: /root/robot_navigation/src/install/costmap_converter_msgs/local/lib/python3.10/dist-packages/costmap_converter_msgs/costmap_converter_msgs_s__rosidl_typesupport_fastrtps_c.cpython-310-x86_64-linux-gnu.so
[8.135s] -- Installing: /root/robot_navigation/src/install/costmap_converter_msgs/local/lib/python3.10/dist-packages/costmap_converter_msgs/msg
[8.135s] -- Installing: /root/robot_navigation/src/install/costmap_converter_msgs/local/lib/python3.10/dist-packages/costmap_converter_msgs/msg/__init__.py
[8.135s] -- Installing: /root/robot_navigation/src/install/costmap_converter_msgs/local/lib/python3.10/dist-packages/costmap_converter_msgs/msg/_obstacle_msg.py
[8.135s] -- Installing: /root/robot_navigation/src/install/costmap_converter_msgs/local/lib/python3.10/dist-packages/costmap_converter_msgs/msg/_obstacle_msg_s.c
[8.135s] -- Installing: /root/robot_navigation/src/install/costmap_converter_msgs/local/lib/python3.10/dist-packages/costmap_converter_msgs/msg/_obstacle_array_msg_s.c
[8.135s] -- Installing: /root/robot_navigation/src/install/costmap_converter_msgs/local/lib/python3.10/dist-packages/costmap_converter_msgs/msg/_obstacle_array_msg.py
[8.135s] -- Installing: /root/robot_navigation/src/install/costmap_converter_msgs/local/lib/python3.10/dist-packages/costmap_converter_msgs/_costmap_converter_msgs_s.ep.rosidl_typesupport_introspection_c.c
[8.135s] -- Installing: /root/robot_navigation/src/install/costmap_converter_msgs/local/lib/python3.10/dist-packages/costmap_converter_msgs/_costmap_converter_msgs_s.ep.rosidl_typesupport_c.c
[8.154s] Listing '/root/robot_navigation/src/install/costmap_converter_msgs/local/lib/python3.10/dist-packages/costmap_converter_msgs'...
[8.154s] Compiling '/root/robot_navigation/src/install/costmap_converter_msgs/local/lib/python3.10/dist-packages/costmap_converter_msgs/__init__.py'...
[8.155s] Listing '/root/robot_navigation/src/install/costmap_converter_msgs/local/lib/python3.10/dist-packages/costmap_converter_msgs/msg'...
[8.155s] Compiling '/root/robot_navigation/src/install/costmap_converter_msgs/local/lib/python3.10/dist-packages/costmap_converter_msgs/msg/__init__.py'...
[8.155s] Compiling '/root/robot_navigation/src/install/costmap_converter_msgs/local/lib/python3.10/dist-packages/costmap_converter_msgs/msg/_obstacle_array_msg.py'...
[8.155s] Compiling '/root/robot_navigation/src/install/costmap_converter_msgs/local/lib/python3.10/dist-packages/costmap_converter_msgs/msg/_obstacle_msg.py'...
[8.157s] -- Installing: /root/robot_navigation/src/install/costmap_converter_msgs/local/lib/python3.10/dist-packages/costmap_converter_msgs/costmap_converter_msgs_s__rosidl_typesupport_fastrtps_c.cpython-310-x86_64-linux-gnu.so
[8.157s] -- Set runtime path of "/root/robot_navigation/src/install/costmap_converter_msgs/local/lib/python3.10/dist-packages/costmap_converter_msgs/costmap_converter_msgs_s__rosidl_typesupport_fastrtps_c.cpython-310-x86_64-linux-gnu.so" to ""
[8.157s] -- Installing: /root/robot_navigation/src/install/costmap_converter_msgs/local/lib/python3.10/dist-packages/costmap_converter_msgs/costmap_converter_msgs_s__rosidl_typesupport_introspection_c.cpython-310-x86_64-linux-gnu.so
[8.157s] -- Set runtime path of "/root/robot_navigation/src/install/costmap_converter_msgs/local/lib/python3.10/dist-packages/costmap_converter_msgs/costmap_converter_msgs_s__rosidl_typesupport_introspection_c.cpython-310-x86_64-linux-gnu.so" to ""
[8.157s] -- Installing: /root/robot_navigation/src/install/costmap_converter_msgs/local/lib/python3.10/dist-packages/costmap_converter_msgs/costmap_converter_msgs_s__rosidl_typesupport_c.cpython-310-x86_64-linux-gnu.so
[8.158s] -- Set runtime path of "/root/robot_navigation/src/install/costmap_converter_msgs/local/lib/python3.10/dist-packages/costmap_converter_msgs/costmap_converter_msgs_s__rosidl_typesupport_c.cpython-310-x86_64-linux-gnu.so" to ""
[8.158s] -- Installing: /root/robot_navigation/src/install/costmap_converter_msgs/lib/libcostmap_converter_msgs__rosidl_generator_py.so
[8.158s] -- Set runtime path of "/root/robot_navigation/src/install/costmap_converter_msgs/lib/libcostmap_converter_msgs__rosidl_generator_py.so" to ""
[8.158s] -- Installing: /root/robot_navigation/src/install/costmap_converter_msgs/share/costmap_converter_msgs/msg/ObstacleMsg.idl
[8.158s] -- Installing: /root/robot_navigation/src/install/costmap_converter_msgs/share/costmap_converter_msgs/msg/ObstacleArrayMsg.idl
[8.158s] -- Installing: /root/robot_navigation/src/install/costmap_converter_msgs/share/costmap_converter_msgs/msg/ObstacleMsg.msg
[8.158s] -- Installing: /root/robot_navigation/src/install/costmap_converter_msgs/share/costmap_converter_msgs/msg/ObstacleArrayMsg.msg
[8.158s] -- Installing: /root/robot_navigation/src/install/costmap_converter_msgs/share/ament_index/resource_index/package_run_dependencies/costmap_converter_msgs
[8.158s] -- Installing: /root/robot_navigation/src/install/costmap_converter_msgs/share/ament_index/resource_index/parent_prefix_path/costmap_converter_msgs
[8.158s] -- Installing: /root/robot_navigation/src/install/costmap_converter_msgs/share/costmap_converter_msgs/environment/ament_prefix_path.sh
[8.158s] -- Installing: /root/robot_navigation/src/install/costmap_converter_msgs/share/costmap_converter_msgs/environment/ament_prefix_path.dsv
[8.158s] -- Installing: /root/robot_navigation/src/install/costmap_converter_msgs/share/costmap_converter_msgs/environment/path.sh
[8.158s] -- Installing: /root/robot_navigation/src/install/costmap_converter_msgs/share/costmap_converter_msgs/environment/path.dsv
[8.158s] -- Installing: /root/robot_navigation/src/install/costmap_converter_msgs/share/costmap_converter_msgs/local_setup.bash
[8.159s] -- Installing: /root/robot_navigation/src/install/costmap_converter_msgs/share/costmap_converter_msgs/local_setup.sh
[8.159s] -- Installing: /root/robot_navigation/src/install/costmap_converter_msgs/share/costmap_converter_msgs/local_setup.zsh
[8.159s] -- Installing: /root/robot_navigation/src/install/costmap_converter_msgs/share/costmap_converter_msgs/local_setup.dsv
[8.159s] -- Installing: /root/robot_navigation/src/install/costmap_converter_msgs/share/costmap_converter_msgs/package.dsv
[8.159s] -- Installing: /root/robot_navigation/src/install/costmap_converter_msgs/share/ament_index/resource_index/packages/costmap_converter_msgs
[8.159s] -- Installing: /root/robot_navigation/src/install/costmap_converter_msgs/share/costmap_converter_msgs/cmake/export_costmap_converter_msgs__rosidl_generator_cExport.cmake
[8.159s] -- Installing: /root/robot_navigation/src/install/costmap_converter_msgs/share/costmap_converter_msgs/cmake/export_costmap_converter_msgs__rosidl_generator_cExport-noconfig.cmake
[8.159s] -- Installing: /root/robot_navigation/src/install/costmap_converter_msgs/share/costmap_converter_msgs/cmake/export_costmap_converter_msgs__rosidl_typesupport_fastrtps_cExport.cmake
[8.159s] -- Installing: /root/robot_navigation/src/install/costmap_converter_msgs/share/costmap_converter_msgs/cmake/export_costmap_converter_msgs__rosidl_typesupport_fastrtps_cExport-noconfig.cmake
[8.159s] -- Installing: /root/robot_navigation/src/install/costmap_converter_msgs/share/costmap_converter_msgs/cmake/export_costmap_converter_msgs__rosidl_generator_cppExport.cmake
[8.159s] -- Installing: /root/robot_navigation/src/install/costmap_converter_msgs/share/costmap_converter_msgs/cmake/export_costmap_converter_msgs__rosidl_typesupport_fastrtps_cppExport.cmake
[8.159s] -- Installing: /root/robot_navigation/src/install/costmap_converter_msgs/share/costmap_converter_msgs/cmake/export_costmap_converter_msgs__rosidl_typesupport_fastrtps_cppExport-noconfig.cmake
[8.159s] -- Installing: /root/robot_navigation/src/install/costmap_converter_msgs/share/costmap_converter_msgs/cmake/costmap_converter_msgs__rosidl_typesupport_introspection_cExport.cmake
[8.160s] -- Installing: /root/robot_navigation/src/install/costmap_converter_msgs/share/costmap_converter_msgs/cmake/costmap_converter_msgs__rosidl_typesupport_introspection_cExport-noconfig.cmake
[8.160s] -- Installing: /root/robot_navigation/src/install/costmap_converter_msgs/share/costmap_converter_msgs/cmake/costmap_converter_msgs__rosidl_typesupport_cExport.cmake
[8.160s] -- Installing: /root/robot_navigation/src/install/costmap_converter_msgs/share/costmap_converter_msgs/cmake/costmap_converter_msgs__rosidl_typesupport_cExport-noconfig.cmake
[8.160s] -- Installing: /root/robot_navigation/src/install/costmap_converter_msgs/share/costmap_converter_msgs/cmake/costmap_converter_msgs__rosidl_typesupport_introspection_cppExport.cmake
[8.160s] -- Installing: /root/robot_navigation/src/install/costmap_converter_msgs/share/costmap_converter_msgs/cmake/costmap_converter_msgs__rosidl_typesupport_introspection_cppExport-noconfig.cmake
[8.160s] -- Installing: /root/robot_navigation/src/install/costmap_converter_msgs/share/costmap_converter_msgs/cmake/costmap_converter_msgs__rosidl_typesupport_cppExport.cmake
[8.160s] -- Installing: /root/robot_navigation/src/install/costmap_converter_msgs/share/costmap_converter_msgs/cmake/costmap_converter_msgs__rosidl_typesupport_cppExport-noconfig.cmake
[8.160s] -- Installing: /root/robot_navigation/src/install/costmap_converter_msgs/share/costmap_converter_msgs/cmake/export_costmap_converter_msgs__rosidl_generator_pyExport.cmake
[8.160s] -- Installing: /root/robot_navigation/src/install/costmap_converter_msgs/share/costmap_converter_msgs/cmake/export_costmap_converter_msgs__rosidl_generator_pyExport-noconfig.cmake
[8.161s] -- Installing: /root/robot_navigation/src/install/costmap_converter_msgs/share/costmap_converter_msgs/cmake/rosidl_cmake-extras.cmake
[8.161s] -- Installing: /root/robot_navigation/src/install/costmap_converter_msgs/share/costmap_converter_msgs/cmake/ament_cmake_export_dependencies-extras.cmake
[8.161s] -- Installing: /root/robot_navigation/src/install/costmap_converter_msgs/share/costmap_converter_msgs/cmake/ament_cmake_export_include_directories-extras.cmake
[8.161s] -- Installing: /root/robot_navigation/src/install/costmap_converter_msgs/share/costmap_converter_msgs/cmake/ament_cmake_export_libraries-extras.cmake
[8.161s] -- Installing: /root/robot_navigation/src/install/costmap_converter_msgs/share/costmap_converter_msgs/cmake/ament_cmake_export_targets-extras.cmake
[8.161s] -- Installing: /root/robot_navigation/src/install/costmap_converter_msgs/share/costmap_converter_msgs/cmake/rosidl_cmake_export_typesupport_targets-extras.cmake
[8.161s] -- Installing: /root/robot_navigation/src/install/costmap_converter_msgs/share/costmap_converter_msgs/cmake/rosidl_cmake_export_typesupport_libraries-extras.cmake
[8.161s] -- Installing: /root/robot_navigation/src/install/costmap_converter_msgs/share/costmap_converter_msgs/cmake/costmap_converter_msgsConfig.cmake
[8.161s] -- Installing: /root/robot_navigation/src/install/costmap_converter_msgs/share/costmap_converter_msgs/cmake/costmap_converter_msgsConfig-version.cmake
[8.161s] -- Installing: /root/robot_navigation/src/install/costmap_converter_msgs/share/costmap_converter_msgs/package.xml
[8.163s] Invoked command in '/root/robot_navigation/src/build/costmap_converter_msgs' returned '0': CMAKE_PREFIX_PATH=/opt/ros/humble /usr/bin/cmake --install /root/robot_navigation/src/build/costmap_converter_msgs
