[ 50%] [32mBuilding CXX object CMakeFiles/icp_localization.dir/src/icp_localization.cpp.o[0m
[100%] [32m[1mLinking CXX executable icp_localization[0m
[100%] Built target icp_localization
-- Install configuration: ""
-- Installing: /root/nav_1/install/robot_navigation/lib/robot_navigation/icp_localization
-- Set runtime path of "/root/nav_1/install/robot_navigation/lib/robot_navigation/icp_localization" to ""
-- Installing: /root/nav_1/install/robot_navigation/share/robot_navigation/launch
-- Installing: /root/nav_1/install/robot_navigation/share/robot_navigation/launch/bringup_launch.py
-- Installing: /root/nav_1/install/robot_navigation/share/robot_navigation/launch/icp_launch.py
-- Installing: /root/nav_1/install/robot_navigation/share/robot_navigation/config
-- Installing: /root/nav_1/install/robot_navigation/share/robot_navigation/config/icp_params.yaml
-- Installing: /root/nav_1/install/robot_navigation/share/robot_navigation/config/map.yaml
-- Installing: /root/nav_1/install/robot_navigation/share/robot_navigation/config/map.pgm
-- Installing: /root/nav_1/install/robot_navigation/share/robot_navigation/config/nav2_params.yaml
-- Installing: /root/nav_1/install/robot_navigation/share/ament_index/resource_index/package_run_dependencies/robot_navigation
-- Installing: /root/nav_1/install/robot_navigation/share/ament_index/resource_index/parent_prefix_path/robot_navigation
-- Installing: /root/nav_1/install/robot_navigation/share/robot_navigation/environment/ament_prefix_path.sh
-- Installing: /root/nav_1/install/robot_navigation/share/robot_navigation/environment/ament_prefix_path.dsv
-- Installing: /root/nav_1/install/robot_navigation/share/robot_navigation/environment/path.sh
-- Installing: /root/nav_1/install/robot_navigation/share/robot_navigation/environment/path.dsv
-- Installing: /root/nav_1/install/robot_navigation/share/robot_navigation/local_setup.bash
-- Installing: /root/nav_1/install/robot_navigation/share/robot_navigation/local_setup.sh
-- Installing: /root/nav_1/install/robot_navigation/share/robot_navigation/local_setup.zsh
-- Installing: /root/nav_1/install/robot_navigation/share/robot_navigation/local_setup.dsv
-- Installing: /root/nav_1/install/robot_navigation/share/robot_navigation/package.dsv
-- Installing: /root/nav_1/install/robot_navigation/share/ament_index/resource_index/packages/robot_navigation
-- Installing: /root/nav_1/install/robot_navigation/share/robot_navigation/cmake/robot_navigationConfig.cmake
-- Installing: /root/nav_1/install/robot_navigation/share/robot_navigation/cmake/robot_navigationConfig-version.cmake
-- Installing: /root/nav_1/install/robot_navigation/share/robot_navigation/package.xml
