[0.000000] (-) TimerEvent: {}
[0.000117] (-) JobUnselected: {'identifier': 'costmap_converter'}
[0.000151] (-) JobUnselected: {'identifier': 'costmap_converter_msgs'}
[0.000176] (-) JobUnselected: {'identifier': 'teb_local_planner'}
[0.000431] (-) JobUnselected: {'identifier': 'teb_msgs'}
[0.000475] (robot_navigation) JobQueued: {'identifier': 'robot_navigation', 'dependencies': OrderedDict([('costmap_converter_msgs', '/root/nav_1/install/costmap_converter_msgs'), ('costmap_converter', '/root/nav_1/install/costmap_converter'), ('teb_msgs', '/root/nav_1/install/teb_msgs'), ('teb_local_planner', '/root/nav_1/install/teb_local_planner')])}
[0.000498] (robot_navigation) JobStarted: {'identifier': 'robot_navigation'}
[0.100277] (-) TimerEvent: {}
[0.201371] (-) TimerEvent: {}
[0.301746] (-) TimerEvent: {}
[0.402268] (-) TimerEvent: {}
[0.502994] (-) TimerEvent: {}
[0.603964] (-) TimerEvent: {}
[0.704307] (-) TimerEvent: {}
[0.805025] (-) TimerEvent: {}
[0.858086] (robot_navigation) JobProgress: {'identifier': 'robot_navigation', 'progress': 'cmake'}
[0.858177] (robot_navigation) JobProgress: {'identifier': 'robot_navigation', 'progress': 'build'}
[0.858190] (robot_navigation) Command: {'cmd': ['/usr/bin/cmake', '--build', '/root/nav_1/build/robot_navigation', '--', '-j32', '-l32'], 'cwd': '/root/nav_1/build/robot_navigation', 'env': OrderedDict([('USER', 'root'), ('GIT_ASKPASS', '/root/.vscode-server/bin/e8653663e8840adaf45af01eab5c627a5af81807/extensions/git/dist/askpass.sh'), ('SHLVL', '1'), ('LD_LIBRARY_PATH', '/root/nav_1/install/teb_local_planner/lib:/root/nav_1/install/teb_msgs/lib:/root/nav_1/install/costmap_converter/lib:/root/nav_1/install/costmap_converter_msgs/lib:/usr/lib/x86_64-linux-gnu/gazebo-11/plugins:/opt/ros/humble/opt/rviz_ogre_vendor/lib:/opt/ros/humble/lib/x86_64-linux-gnu:/opt/ros/humble/opt/openvdb_vendor/lib:/opt/ros/humble/lib'), ('HOME', '/root'), ('OLDPWD', '/root/nav_1/install'), ('TERM_PROGRAM_VERSION', '1.95.2'), ('VSCODE_IPC_HOOK_CLI', '/run/user/0/vscode-ipc-996fc6a1-6beb-4a43-952a-86ec2dcaf0cf.sock'), ('ROS_PYTHON_VERSION', '3'), ('VSCODE_GIT_ASKPASS_MAIN', '/root/.vscode-server/bin/e8653663e8840adaf45af01eab5c627a5af81807/extensions/git/dist/askpass-main.js'), ('VSCODE_GIT_ASKPASS_NODE', '/root/.vscode-server/bin/e8653663e8840adaf45af01eab5c627a5af81807/node'), ('DBUS_SESSION_BUS_ADDRESS', 'unix:path=/run/user/0/bus'), ('COLORTERM', 'truecolor'), ('WSL_DISTRO_NAME', 'Ubuntu-22.04'), ('_colcon_cd_root', '/opt/ros/humble/'), ('WAYLAND_DISPLAY', 'wayland-0'), ('COLCON_PREFIX_PATH', '/root/nav_1/install'), ('ROS_DISTRO', 'humble'), ('LOGNAME', 'root'), ('NAME', 'DESKTOP-B2GTLAN'), ('WSL_INTEROP', '/run/WSL/105555_interop'), ('PULSE_SERVER', 'unix:/mnt/wslg/PulseServer'), ('_', '/usr/local/bin/colcon'), ('ROS_VERSION', '2'), ('TERM', 'xterm-256color'), ('ROS_LOCALHOST_ONLY', '0'), ('PATH', '/root/nav_1/install/costmap_converter/bin:/opt/ros/humble/bin:/root/.vscode-server/bin/e8653663e8840adaf45af01eab5c627a5af81807/bin/remote-cli:/usr/local/sbin:/usr/local/bin:/usr/sbin:/usr/bin:/sbin:/bin:/usr/games:/usr/local/games:/usr/lib/wsl/lib:/mnt/c/Users/dell/AppData/Local/Programs/cursor/resources/app/bin:/mnt/c/Program Files/Common Files/Oracle/Java/javapath:/mnt/c/Windows/system32:/mnt/c/Windows:/mnt/c/Windows/System32/Wbem:/mnt/c/Windows/System32/WindowsPowerShell/v1.0/:/mnt/c/Windows/System32/OpenSSH/:/mnt/c/Program Files/dotnet/:/mnt/c/Program Files (x86)/NVIDIA Corporation/PhysX/Common:/mnt/c/Program Files/NVIDIA Corporation/NVIDIA NvDLISR:/mnt/c/py:/mnt/e/mingw64/bin:/mnt/e/OpenCV/build/x64/mingw/bin:/mnt/c/Users/dell/Desktop/:/mnt/c/Users/dell/AppData/Local/Microsoft/WindowsApps:/mnt/c/py:/mnt/c/Program Files/JetBrains/PyCharm Community Edition 2023.2.3/bin:/mnt/c/Users/dell/Desktop/Scripts/:/mnt/c/Program Files/Java/jdk-17/bin:/mnt/f/idea/IntelliJ IDEA 2024.2.3/bin:/mnt/c/Users/dell/AppData/Local/Programs/cursor/resources/app/bin:/mnt/c/Users/dell/Desktop/:/mnt/c/Users/dell/AppData/Local/Microsoft/WindowsApps:/mnt/e/vscode/Microsoft VS Code/bin:/mnt/c/py:/mnt/c/Program Files/JetBrains/PyCharm Community Edition 2023.2.3/bin:/mnt/c/Users/dell/Desktop/Scripts/:/mnt/c/Program Files/Java/jdk-17/bin:/mnt/f/idea/IntelliJ IDEA 2024.2.3/bin:/snap/bin'), ('XDG_RUNTIME_DIR', '/run/user/0/'), ('DISPLAY', ':0'), ('LANG', 'C.UTF-8'), ('VSCODE_GIT_IPC_HANDLE', '/run/user/0/vscode-git-23b6e1c2b0.sock'), ('TERM_PROGRAM', 'vscode'), ('AMENT_PREFIX_PATH', '/root/nav_1/install/teb_local_planner:/root/nav_1/install/teb_msgs:/root/nav_1/install/costmap_converter:/root/nav_1/install/costmap_converter_msgs:/opt/ros/humble'), ('SHELL', '/bin/bash'), ('VSCODE_GIT_ASKPASS_EXTRA_ARGS', ''), ('PWD', '/root/nav_1/build/robot_navigation'), ('XDG_DATA_DIRS', '/usr/local/share:/usr/share:/var/lib/snapd/desktop'), ('PYTHONPATH', '/root/nav_1/install/teb_msgs/local/lib/python3.10/dist-packages:/root/nav_1/install/costmap_converter_msgs/local/lib/python3.10/dist-packages:/opt/ros/humble/lib/python3.10/site-packages:/opt/ros/humble/local/lib/python3.10/dist-packages'), ('COLCON', '1'), ('WSL2_GUI_APPS_ENABLED', '1'), ('HOSTTYPE', 'x86_64'), ('CMAKE_PREFIX_PATH', '/root/nav_1/install/teb_local_planner:/root/nav_1/install/teb_msgs:/root/nav_1/install/costmap_converter:/root/nav_1/install/costmap_converter_msgs:/opt/ros/humble'), ('WSLENV', 'VSCODE_WSL_EXT_LOCATION/up')]), 'shell': False}
[0.888382] (robot_navigation) StdoutLine: {'line': b'\x1b[35m\x1b[1mConsolidate compiler generated dependencies of target icp_localization\x1b[0m\n'}
[0.895872] (robot_navigation) StdoutLine: {'line': b'[ 50%] \x1b[32m\x1b[1mLinking CXX executable icp_localization\x1b[0m\n'}
[0.905267] (-) TimerEvent: {}
[1.008667] (-) TimerEvent: {}
[1.114877] (-) TimerEvent: {}
[1.223604] (-) TimerEvent: {}
[1.332252] (-) TimerEvent: {}
[1.440946] (-) TimerEvent: {}
[1.549601] (-) TimerEvent: {}
[1.658390] (-) TimerEvent: {}
[1.767094] (-) TimerEvent: {}
[1.875777] (-) TimerEvent: {}
[1.984522] (-) TimerEvent: {}
[2.092856] (-) TimerEvent: {}
[2.201567] (-) TimerEvent: {}
[2.310259] (-) TimerEvent: {}
[2.418964] (-) TimerEvent: {}
[2.527632] (-) TimerEvent: {}
[2.636418] (-) TimerEvent: {}
[2.743057] (-) TimerEvent: {}
[2.850414] (-) TimerEvent: {}
[2.959086] (-) TimerEvent: {}
[3.067789] (-) TimerEvent: {}
[3.171053] (-) TimerEvent: {}
[3.279792] (-) TimerEvent: {}
[3.385266] (-) TimerEvent: {}
[3.486161] (-) TimerEvent: {}
[3.592221] (-) TimerEvent: {}
[3.701142] (-) TimerEvent: {}
[3.809850] (-) TimerEvent: {}
[3.918697] (-) TimerEvent: {}
[4.025766] (-) TimerEvent: {}
[4.132322] (-) TimerEvent: {}
[4.240379] (-) TimerEvent: {}
[4.349082] (-) TimerEvent: {}
[4.457785] (-) TimerEvent: {}
[4.566560] (-) TimerEvent: {}
[4.675303] (-) TimerEvent: {}
[4.784130] (-) TimerEvent: {}
[4.892914] (-) TimerEvent: {}
[5.001660] (-) TimerEvent: {}
[5.110460] (-) TimerEvent: {}
[5.219337] (-) TimerEvent: {}
[5.327290] (-) TimerEvent: {}
[5.436078] (-) TimerEvent: {}
[5.544973] (-) TimerEvent: {}
[5.653760] (-) TimerEvent: {}
[5.762498] (-) TimerEvent: {}
[5.871292] (-) TimerEvent: {}
[5.980050] (-) TimerEvent: {}
[6.080458] (-) TimerEvent: {}
[6.187544] (-) TimerEvent: {}
[6.296223] (-) TimerEvent: {}
[6.402492] (-) TimerEvent: {}
[6.511227] (-) TimerEvent: {}
[6.620048] (-) TimerEvent: {}
[6.729029] (-) TimerEvent: {}
[6.837719] (-) TimerEvent: {}
[6.946452] (-) TimerEvent: {}
[7.055296] (-) TimerEvent: {}
[7.164201] (-) TimerEvent: {}
[7.272950] (-) TimerEvent: {}
[7.381873] (-) TimerEvent: {}
[7.489967] (-) TimerEvent: {}
[7.598809] (-) TimerEvent: {}
[7.707450] (-) TimerEvent: {}
[7.816128] (-) TimerEvent: {}
[7.924834] (-) TimerEvent: {}
[8.033535] (-) TimerEvent: {}
[8.142237] (-) TimerEvent: {}
[8.247851] (-) TimerEvent: {}
[8.348953] (-) TimerEvent: {}
[8.449368] (-) TimerEvent: {}
[8.549935] (-) TimerEvent: {}
[8.650727] (-) TimerEvent: {}
[8.751832] (-) TimerEvent: {}
[8.852236] (-) TimerEvent: {}
[8.952810] (-) TimerEvent: {}
[9.053517] (-) TimerEvent: {}
[9.154458] (-) TimerEvent: {}
[9.255533] (-) TimerEvent: {}
[9.355982] (-) TimerEvent: {}
[9.456680] (-) TimerEvent: {}
[9.557559] (-) TimerEvent: {}
[9.658769] (-) TimerEvent: {}
[9.767541] (-) TimerEvent: {}
[9.876239] (-) TimerEvent: {}
[9.984945] (-) TimerEvent: {}
[10.093648] (-) TimerEvent: {}
[10.202394] (-) TimerEvent: {}
[10.309746] (-) TimerEvent: {}
[10.418539] (-) TimerEvent: {}
[10.527416] (-) TimerEvent: {}
[10.635922] (-) TimerEvent: {}
[10.744647] (-) TimerEvent: {}
[10.853305] (-) TimerEvent: {}
[10.954076] (-) TimerEvent: {}
[11.062336] (-) TimerEvent: {}
[11.171047] (-) TimerEvent: {}
[11.279966] (-) TimerEvent: {}
[11.388658] (-) TimerEvent: {}
[11.497305] (-) TimerEvent: {}
[11.606033] (-) TimerEvent: {}
[11.714460] (-) TimerEvent: {}
[11.823145] (-) TimerEvent: {}
[11.923925] (-) TimerEvent: {}
[12.030607] (-) TimerEvent: {}
[12.139273] (-) TimerEvent: {}
[12.247961] (-) TimerEvent: {}
[12.356696] (-) TimerEvent: {}
[12.465536] (-) TimerEvent: {}
[12.574326] (-) TimerEvent: {}
[12.683074] (-) TimerEvent: {}
[12.791268] (-) TimerEvent: {}
[12.897566] (-) TimerEvent: {}
[13.001866] (-) TimerEvent: {}
[13.110653] (-) TimerEvent: {}
[13.219538] (-) TimerEvent: {}
[13.328203] (-) TimerEvent: {}
[13.437000] (-) TimerEvent: {}
[13.545763] (-) TimerEvent: {}
[13.654550] (-) TimerEvent: {}
[13.763270] (-) TimerEvent: {}
[13.871535] (-) TimerEvent: {}
[13.972869] (-) TimerEvent: {}
[14.081566] (-) TimerEvent: {}
[14.186295] (-) TimerEvent: {}
[14.294981] (-) TimerEvent: {}
[14.403880] (-) TimerEvent: {}
[14.512619] (-) TimerEvent: {}
[14.621481] (-) TimerEvent: {}
[14.730411] (-) TimerEvent: {}
[14.839338] (-) TimerEvent: {}
[14.940248] (-) TimerEvent: {}
[15.045828] (-) TimerEvent: {}
[15.154709] (-) TimerEvent: {}
[15.263607] (-) TimerEvent: {}
[15.372316] (-) TimerEvent: {}
[15.481025] (-) TimerEvent: {}
[15.589728] (-) TimerEvent: {}
[15.698428] (-) TimerEvent: {}
[15.807106] (-) TimerEvent: {}
[15.915750] (-) TimerEvent: {}
[16.020832] (-) TimerEvent: {}
[16.129514] (-) TimerEvent: {}
[16.238248] (-) TimerEvent: {}
[16.346929] (-) TimerEvent: {}
[16.455642] (-) TimerEvent: {}
[16.564299] (-) TimerEvent: {}
[16.673051] (-) TimerEvent: {}
[16.781787] (-) TimerEvent: {}
[16.890621] (-) TimerEvent: {}
[16.992810] (-) TimerEvent: {}
[17.095474] (-) TimerEvent: {}
[17.204102] (-) TimerEvent: {}
[17.312805] (-) TimerEvent: {}
[17.421494] (-) TimerEvent: {}
[17.530149] (-) TimerEvent: {}
[17.638846] (-) TimerEvent: {}
[17.747523] (-) TimerEvent: {}
[17.856240] (-) TimerEvent: {}
[17.957209] (-) TimerEvent: {}
[18.064126] (-) TimerEvent: {}
[18.172918] (-) TimerEvent: {}
[18.281612] (-) TimerEvent: {}
[18.390256] (-) TimerEvent: {}
[18.496553] (-) TimerEvent: {}
[18.605244] (-) TimerEvent: {}
[18.714152] (-) TimerEvent: {}
[18.822897] (-) TimerEvent: {}
[18.931611] (-) TimerEvent: {}
[19.036304] (-) TimerEvent: {}
[19.144951] (-) TimerEvent: {}
[19.253710] (-) TimerEvent: {}
[19.362418] (-) TimerEvent: {}
[19.471089] (-) TimerEvent: {}
[19.579742] (-) TimerEvent: {}
[19.688412] (-) TimerEvent: {}
[19.797092] (-) TimerEvent: {}
[19.905811] (-) TimerEvent: {}
[20.006962] (-) TimerEvent: {}
[20.115736] (-) TimerEvent: {}
[20.224593] (-) TimerEvent: {}
[20.333534] (-) TimerEvent: {}
[20.442473] (-) TimerEvent: {}
[20.551269] (-) TimerEvent: {}
[20.660096] (-) TimerEvent: {}
[20.769002] (-) TimerEvent: {}
[20.877702] (-) TimerEvent: {}
[20.978734] (-) TimerEvent: {}
[21.087417] (-) TimerEvent: {}
[21.195175] (-) TimerEvent: {}
[21.303905] (-) TimerEvent: {}
[21.412549] (-) TimerEvent: {}
[21.521268] (-) TimerEvent: {}
[21.630067] (-) TimerEvent: {}
[21.738893] (-) TimerEvent: {}
[21.847634] (-) TimerEvent: {}
[21.950789] (-) TimerEvent: {}
[22.055406] (-) TimerEvent: {}
[22.155964] (-) TimerEvent: {}
[22.261978] (-) TimerEvent: {}
[22.362560] (-) TimerEvent: {}
[22.467293] (-) TimerEvent: {}
[22.567865] (-) TimerEvent: {}
[22.673113] (-) TimerEvent: {}
[22.773437] (-) TimerEvent: {}
[22.882153] (-) TimerEvent: {}
[22.991031] (-) TimerEvent: {}
[23.099727] (-) TimerEvent: {}
[23.200339] (-) TimerEvent: {}
[23.300791] (-) TimerEvent: {}
[23.402005] (-) TimerEvent: {}
[23.507874] (-) TimerEvent: {}
[23.616643] (-) TimerEvent: {}
[23.725391] (-) TimerEvent: {}
[23.829690] (-) TimerEvent: {}
[23.930374] (-) TimerEvent: {}
[24.039191] (-) TimerEvent: {}
[24.147362] (-) TimerEvent: {}
[24.250018] (-) TimerEvent: {}
[24.350404] (-) TimerEvent: {}
[24.452663] (-) TimerEvent: {}
[24.561456] (-) TimerEvent: {}
[24.670165] (-) TimerEvent: {}
[24.778943] (-) TimerEvent: {}
[24.883990] (-) TimerEvent: {}
[24.992632] (-) TimerEvent: {}
[25.101500] (-) TimerEvent: {}
[25.210338] (-) TimerEvent: {}
[25.319001] (-) TimerEvent: {}
[25.427831] (-) TimerEvent: {}
[25.536645] (-) TimerEvent: {}
[25.645275] (-) TimerEvent: {}
[25.750533] (-) TimerEvent: {}
[25.859218] (-) TimerEvent: {}
[25.967163] (-) TimerEvent: {}
[26.075914] (-) TimerEvent: {}
[26.184716] (-) TimerEvent: {}
[26.293435] (-) TimerEvent: {}
[26.402325] (-) TimerEvent: {}
[26.510518] (-) TimerEvent: {}
[26.619215] (-) TimerEvent: {}
[26.720253] (-) TimerEvent: {}
[26.827349] (-) TimerEvent: {}
[26.929638] (-) TimerEvent: {}
[27.036949] (-) TimerEvent: {}
[27.145684] (-) TimerEvent: {}
[27.246545] (-) TimerEvent: {}
[27.354110] (-) TimerEvent: {}
[27.462778] (-) TimerEvent: {}
[27.570958] (-) TimerEvent: {}
[27.672357] (-) TimerEvent: {}
[27.780988] (-) TimerEvent: {}
[27.889647] (-) TimerEvent: {}
[27.993823] (-) TimerEvent: {}
[28.102652] (-) TimerEvent: {}
[28.204618] (-) TimerEvent: {}
[28.305426] (-) TimerEvent: {}
[28.406243] (-) TimerEvent: {}
[28.511567] (-) TimerEvent: {}
[28.619774] (-) TimerEvent: {}
[28.728610] (-) TimerEvent: {}
[28.837465] (-) TimerEvent: {}
[28.946190] (-) TimerEvent: {}
[29.051979] (-) TimerEvent: {}
[29.160650] (-) TimerEvent: {}
[29.269286] (-) TimerEvent: {}
[29.370296] (-) TimerEvent: {}
[29.472518] (-) TimerEvent: {}
[29.581392] (-) TimerEvent: {}
[29.689532] (-) TimerEvent: {}
[29.795045] (-) TimerEvent: {}
[29.903754] (-) TimerEvent: {}
[30.012601] (-) TimerEvent: {}
[30.119851] (-) TimerEvent: {}
[30.228500] (-) TimerEvent: {}
[30.331804] (-) TimerEvent: {}
[30.440572] (-) TimerEvent: {}
[30.549507] (-) TimerEvent: {}
[30.658172] (-) TimerEvent: {}
[30.766898] (-) TimerEvent: {}
[30.875663] (-) TimerEvent: {}
[30.984310] (-) TimerEvent: {}
[31.086233] (-) TimerEvent: {}
[31.191705] (-) TimerEvent: {}
[31.300381] (-) TimerEvent: {}
[31.400752] (-) TimerEvent: {}
[31.509436] (-) TimerEvent: {}
[31.614878] (-) TimerEvent: {}
[31.723671] (-) TimerEvent: {}
[31.831829] (-) TimerEvent: {}
[31.940483] (-) TimerEvent: {}
[32.040943] (-) TimerEvent: {}
[32.144517] (-) TimerEvent: {}
[32.253272] (-) TimerEvent: {}
[32.362057] (-) TimerEvent: {}
[32.470712] (-) TimerEvent: {}
[32.579375] (-) TimerEvent: {}
[32.682231] (-) TimerEvent: {}
[32.791095] (-) TimerEvent: {}
[32.899052] (-) TimerEvent: {}
[33.007867] (-) TimerEvent: {}
[33.114117] (-) TimerEvent: {}
[33.220686] (-) TimerEvent: {}
[33.321135] (-) TimerEvent: {}
[33.423296] (-) TimerEvent: {}
[33.529824] (-) TimerEvent: {}
[33.638476] (-) TimerEvent: {}
[33.747127] (-) TimerEvent: {}
[33.855913] (-) TimerEvent: {}
[33.964342] (-) TimerEvent: {}
[34.073035] (-) TimerEvent: {}
[34.181744] (-) TimerEvent: {}
[34.290487] (-) TimerEvent: {}
[34.390882] (-) TimerEvent: {}
[34.498133] (-) TimerEvent: {}
[34.601699] (-) TimerEvent: {}
[34.705722] (-) TimerEvent: {}
[34.809972] (-) TimerEvent: {}
[34.910248] (-) TimerEvent: {}
[35.014800] (-) TimerEvent: {}
[35.123070] (-) TimerEvent: {}
[35.223800] (-) TimerEvent: {}
[35.326950] (-) TimerEvent: {}
[35.435767] (-) TimerEvent: {}
[35.544469] (-) TimerEvent: {}
[35.653132] (-) TimerEvent: {}
[35.761948] (-) TimerEvent: {}
[35.870591] (-) TimerEvent: {}
[35.976679] (-) TimerEvent: {}
[36.084319] (-) TimerEvent: {}
[36.193139] (-) TimerEvent: {}
[36.301913] (-) TimerEvent: {}
[36.410751] (-) TimerEvent: {}
[36.519577] (-) TimerEvent: {}
[36.628470] (-) TimerEvent: {}
[36.737196] (-) TimerEvent: {}
[36.845911] (-) TimerEvent: {}
[36.954616] (-) TimerEvent: {}
[37.063358] (-) TimerEvent: {}
[37.171694] (-) TimerEvent: {}
[37.280541] (-) TimerEvent: {}
[37.389302] (-) TimerEvent: {}
[37.498130] (-) TimerEvent: {}
[37.606897] (-) TimerEvent: {}
[37.715909] (-) TimerEvent: {}
[37.824802] (-) TimerEvent: {}
[37.933546] (-) TimerEvent: {}
[38.042506] (-) TimerEvent: {}
[38.151425] (-) TimerEvent: {}
[38.259582] (-) TimerEvent: {}
[38.361369] (-) TimerEvent: {}
[38.470077] (-) TimerEvent: {}
[38.578927] (-) TimerEvent: {}
[38.687714] (-) TimerEvent: {}
[38.796444] (-) TimerEvent: {}
[38.905192] (-) TimerEvent: {}
[39.013963] (-) TimerEvent: {}
[39.122646] (-) TimerEvent: {}
[39.231550] (-) TimerEvent: {}
[39.339733] (-) TimerEvent: {}
[39.448518] (-) TimerEvent: {}
[39.557414] (-) TimerEvent: {}
[39.666186] (-) TimerEvent: {}
[39.775002] (-) TimerEvent: {}
[39.883690] (-) TimerEvent: {}
[39.992546] (-) TimerEvent: {}
[40.101257] (-) TimerEvent: {}
[40.209912] (-) TimerEvent: {}
[40.310387] (-) TimerEvent: {}
[40.414196] (-) TimerEvent: {}
[40.523031] (-) TimerEvent: {}
[40.631760] (-) TimerEvent: {}
[40.740499] (-) TimerEvent: {}
[40.849279] (-) TimerEvent: {}
[40.958195] (-) TimerEvent: {}
[41.066864] (-) TimerEvent: {}
[41.175611] (-) TimerEvent: {}
[41.284370] (-) TimerEvent: {}
[41.393245] (-) TimerEvent: {}
[41.501595] (-) TimerEvent: {}
[41.610489] (-) TimerEvent: {}
[41.718702] (-) TimerEvent: {}
[41.819961] (-) TimerEvent: {}
[41.922027] (-) TimerEvent: {}
[42.030734] (-) TimerEvent: {}
[42.139502] (-) TimerEvent: {}
[42.248215] (-) TimerEvent: {}
[42.356881] (-) TimerEvent: {}
[42.457904] (-) TimerEvent: {}
[42.566530] (-) TimerEvent: {}
[42.675221] (-) TimerEvent: {}
[42.784036] (-) TimerEvent: {}
[42.892763] (-) TimerEvent: {}
[43.001409] (-) TimerEvent: {}
[43.108837] (-) TimerEvent: {}
[43.217827] (-) TimerEvent: {}
[43.318884] (-) TimerEvent: {}
[43.422466] (-) TimerEvent: {}
[43.531286] (-) TimerEvent: {}
[43.639343] (-) TimerEvent: {}
[43.742924] (-) TimerEvent: {}
[43.851769] (-) TimerEvent: {}
[43.960457] (-) TimerEvent: {}
[44.069161] (-) TimerEvent: {}
[44.177861] (-) TimerEvent: {}
[44.278889] (-) TimerEvent: {}
[44.380096] (-) TimerEvent: {}
[44.483936] (-) TimerEvent: {}
[44.592682] (-) TimerEvent: {}
[44.700842] (-) TimerEvent: {}
[44.801293] (-) TimerEvent: {}
[44.907749] (-) TimerEvent: {}
[45.016503] (-) TimerEvent: {}
[45.125269] (-) TimerEvent: {}
[45.234030] (-) TimerEvent: {}
[45.334714] (-) TimerEvent: {}
[45.438781] (-) TimerEvent: {}
[45.547485] (-) TimerEvent: {}
[45.649985] (-) TimerEvent: {}
[45.757950] (-) TimerEvent: {}
[45.866731] (-) TimerEvent: {}
[45.970336] (-) TimerEvent: {}
[46.079009] (-) TimerEvent: {}
[46.186752] (-) TimerEvent: {}
[46.295419] (-) TimerEvent: {}
[46.404067] (-) TimerEvent: {}
[46.512704] (-) TimerEvent: {}
[46.621346] (-) TimerEvent: {}
[46.726582] (-) TimerEvent: {}
[46.835050] (-) TimerEvent: {}
[46.943738] (-) TimerEvent: {}
[47.052428] (-) TimerEvent: {}
[47.159100] (-) TimerEvent: {}
[47.267787] (-) TimerEvent: {}
[47.376436] (-) TimerEvent: {}
[47.485104] (-) TimerEvent: {}
[47.593783] (-) TimerEvent: {}
[47.702475] (-) TimerEvent: {}
[47.811283] (-) TimerEvent: {}
[47.919281] (-) TimerEvent: {}
[48.027972] (-) TimerEvent: {}
[48.136676] (-) TimerEvent: {}
[48.245553] (-) TimerEvent: {}
[48.346390] (-) TimerEvent: {}
[48.453232] (-) TimerEvent: {}
[48.557889] (-) TimerEvent: {}
[48.666555] (-) TimerEvent: {}
[48.775280] (-) TimerEvent: {}
[48.884006] (-) TimerEvent: {}
[48.990370] (-) TimerEvent: {}
[49.099209] (-) TimerEvent: {}
[49.207924] (-) TimerEvent: {}
[49.316588] (-) TimerEvent: {}
[49.417523] (-) TimerEvent: {}
[49.523543] (-) TimerEvent: {}
[49.632238] (-) TimerEvent: {}
[49.740942] (-) TimerEvent: {}
[49.849737] (-) TimerEvent: {}
[49.950375] (-) TimerEvent: {}
[50.057515] (-) TimerEvent: {}
[50.166278] (-) TimerEvent: {}
[50.274988] (-) TimerEvent: {}
[50.383690] (-) TimerEvent: {}
[50.492357] (-) TimerEvent: {}
[50.601161] (-) TimerEvent: {}
[50.709936] (-) TimerEvent: {}
[50.818658] (-) TimerEvent: {}
[50.927309] (-) TimerEvent: {}
[51.035857] (-) TimerEvent: {}
[51.144522] (-) TimerEvent: {}
[51.245207] (-) TimerEvent: {}
[51.353931] (-) TimerEvent: {}
[51.462687] (-) TimerEvent: {}
[51.571372] (-) TimerEvent: {}
[51.680216] (-) TimerEvent: {}
[51.789092] (-) TimerEvent: {}
[51.897788] (-) TimerEvent: {}
[51.998773] (-) TimerEvent: {}
[52.103355] (-) TimerEvent: {}
[52.212110] (-) TimerEvent: {}
[52.320821] (-) TimerEvent: {}
[52.429662] (-) TimerEvent: {}
[52.538386] (-) TimerEvent: {}
[52.644677] (-) TimerEvent: {}
[52.753454] (-) TimerEvent: {}
[52.862268] (-) TimerEvent: {}
[52.970996] (-) TimerEvent: {}
[53.079001] (-) TimerEvent: {}
[53.187698] (-) TimerEvent: {}
[53.296488] (-) TimerEvent: {}
[53.397578] (-) TimerEvent: {}
[53.506475] (-) TimerEvent: {}
[53.615173] (-) TimerEvent: {}
[53.722829] (-) TimerEvent: {}
[53.831506] (-) TimerEvent: {}
[53.940261] (-) TimerEvent: {}
[54.040683] (-) TimerEvent: {}
[54.147907] (-) TimerEvent: {}
[54.256589] (-) TimerEvent: {}
[54.365224] (-) TimerEvent: {}
[54.465981] (-) TimerEvent: {}
[54.572727] (-) TimerEvent: {}
[54.681458] (-) TimerEvent: {}
[54.790155] (-) TimerEvent: {}
[54.898980] (-) TimerEvent: {}
[55.000263] (-) TimerEvent: {}
[55.104259] (-) TimerEvent: {}
[55.209381] (-) TimerEvent: {}
[55.318055] (-) TimerEvent: {}
[55.420401] (-) TimerEvent: {}
[55.529052] (-) TimerEvent: {}
[55.637736] (-) TimerEvent: {}
[55.746471] (-) TimerEvent: {}
[55.855157] (-) TimerEvent: {}
[55.964045] (-) TimerEvent: {}
[56.071016] (-) TimerEvent: {}
[56.177250] (-) TimerEvent: {}
[56.286019] (-) TimerEvent: {}
[56.394690] (-) TimerEvent: {}
[56.503341] (-) TimerEvent: {}
[56.611968] (-) TimerEvent: {}
[56.720621] (-) TimerEvent: {}
[56.829475] (-) TimerEvent: {}
[56.938346] (-) TimerEvent: {}
[57.047100] (-) TimerEvent: {}
[57.155815] (-) TimerEvent: {}
[57.263452] (-) TimerEvent: {}
[57.372320] (-) TimerEvent: {}
[57.481201] (-) TimerEvent: {}
[57.589990] (-) TimerEvent: {}
[57.698788] (-) TimerEvent: {}
[57.807497] (-) TimerEvent: {}
[57.910112] (-) TimerEvent: {}
[58.019094] (-) TimerEvent: {}
[58.127942] (-) TimerEvent: {}
[58.236712] (-) TimerEvent: {}
[58.337641] (-) TimerEvent: {}
[58.438595] (-) TimerEvent: {}
[58.545611] (-) TimerEvent: {}
[58.654402] (-) TimerEvent: {}
[58.763086] (-) TimerEvent: {}
[58.871779] (-) TimerEvent: {}
[58.980477] (-) TimerEvent: {}
[59.089187] (-) TimerEvent: {}
[59.193708] (-) TimerEvent: {}
[59.302468] (-) TimerEvent: {}
[59.403215] (-) TimerEvent: {}
[59.507144] (-) TimerEvent: {}
[59.615907] (-) TimerEvent: {}
[59.716837] (-) TimerEvent: {}
[59.817869] (-) TimerEvent: {}
[59.923705] (-) TimerEvent: {}
[60.032378] (-) TimerEvent: {}
[60.141133] (-) TimerEvent: {}
[60.246506] (-) TimerEvent: {}
[60.355424] (-) TimerEvent: {}
[60.463763] (-) TimerEvent: {}
[60.572488] (-) TimerEvent: {}
[60.681128] (-) TimerEvent: {}
[60.789802] (-) TimerEvent: {}
[60.898514] (-) TimerEvent: {}
[61.001458] (-) TimerEvent: {}
[61.110176] (-) TimerEvent: {}
[61.218842] (-) TimerEvent: {}
[61.326556] (-) TimerEvent: {}
[61.435227] (-) TimerEvent: {}
[61.543577] (-) TimerEvent: {}
[61.652246] (-) TimerEvent: {}
[61.653613] (robot_navigation) StderrLine: {'line': b"/usr/bin/ld: /usr/lib/gcc/x86_64-linux-gnu/11/../../../x86_64-linux-gnu/Scrt1.o: in function `_start':\n"}
[61.653776] (robot_navigation) StderrLine: {'line': b"(.text+0x1b): undefined reference to `main'\n"}
[61.656818] (robot_navigation) StderrLine: {'line': b'collect2: error: ld returned 1 exit status\n'}
[61.657795] (robot_navigation) StderrLine: {'line': b'gmake[2]: *** [CMakeFiles/icp_localization.dir/build.make:713: icp_localization] Error 1\n'}
[61.658136] (robot_navigation) StderrLine: {'line': b'gmake[1]: *** [CMakeFiles/Makefile2:137: CMakeFiles/icp_localization.dir/all] Error 2\n'}
[61.658224] (robot_navigation) StderrLine: {'line': b'gmake: *** [Makefile:146: all] Error 2\n'}
[61.659859] (robot_navigation) CommandEnded: {'returncode': 2}
[61.720420] (robot_navigation) JobEnded: {'identifier': 'robot_navigation', 'rc': 2}
[61.730781] (-) EventReactorShutdown: {}
