[-1.581s] DEBUG:colcon:Command line arguments: ['/usr/local/bin/colcon', 'build', '--packages-select', 'robot_navigation']
[-1.581s] DEBUG:colcon:Parsed command line arguments: Namespace(log_base=None, log_level=None, verb_name='build', build_base='build', install_base='install', merge_install=False, symlink_install=False, test_result_base=None, continue_on_error=False, executor='parallel', parallel_workers=32, event_handlers=None, ignore_user_meta=False, metas=['./colcon.meta'], base_paths=['.'], packages_ignore=None, packages_ignore_regex=None, paths=None, packages_up_to=None, packages_up_to_regex=None, packages_above=None, packages_above_and_dependencies=None, packages_above_depth=None, packages_select_by_dep=None, packages_skip_by_dep=None, packages_skip_up_to=None, packages_select_build_failed=False, packages_skip_build_finished=False, packages_select_test_failures=False, packages_skip_test_passed=False, packages_select=['robot_navigation'], packages_skip=None, packages_select_regex=None, packages_skip_regex=None, packages_start=None, packages_end=None, allow_overriding=[], cmake_args=None, cmake_target=None, cmake_target_skip_unavailable=False, cmake_clean_cache=False, cmake_clean_first=False, cmake_force_configure=False, ament_cmake_args=None, catkin_cmake_args=None, catkin_skip_building_tests=False, verb_parser=<colcon_defaults.argument_parser.defaults.DefaultArgumentsDecorator object at 0x7f201d69bd30>, verb_extension=<colcon_core.verb.build.BuildVerb object at 0x7f201db3ee00>, main=<bound method BuildVerb.main of <colcon_core.verb.build.BuildVerb object at 0x7f201db3ee00>>)
[-1.532s] Level 1:colcon.colcon_core.package_discovery:discover_packages(colcon_meta) check parameters
[-1.532s] Level 1:colcon.colcon_core.package_discovery:discover_packages(recursive) check parameters
[-1.532s] Level 1:colcon.colcon_core.package_discovery:discover_packages(ignore) check parameters
[-1.532s] Level 1:colcon.colcon_core.package_discovery:discover_packages(path) check parameters
[-1.532s] Level 1:colcon.colcon_core.package_discovery:discover_packages(colcon_meta) discover
[-1.532s] Level 1:colcon.colcon_core.package_discovery:discover_packages(recursive) discover
[-1.532s] INFO:colcon.colcon_core.package_discovery:Crawling recursively for packages in '/root/nav_1'
[-1.531s] Level 1:colcon.colcon_core.package_identification:_identify(.) by extensions ['ignore', 'ignore_ament_install']
[-1.531s] Level 1:colcon.colcon_core.package_identification:_identify(.) by extension 'ignore'
[-1.531s] Level 1:colcon.colcon_core.package_identification:_identify(.) by extension 'ignore_ament_install'
[-1.531s] Level 1:colcon.colcon_core.package_identification:_identify(.) by extensions ['colcon_pkg']
[-1.531s] Level 1:colcon.colcon_core.package_identification:_identify(.) by extension 'colcon_pkg'
[-1.531s] Level 1:colcon.colcon_core.package_identification:_identify(.) by extensions ['colcon_meta']
[-1.531s] Level 1:colcon.colcon_core.package_identification:_identify(.) by extension 'colcon_meta'
[-1.531s] Level 1:colcon.colcon_core.package_identification:_identify(.) by extensions ['ros']
[-1.531s] Level 1:colcon.colcon_core.package_identification:_identify(.) by extension 'ros'
[-1.522s] Level 1:colcon.colcon_core.package_identification:_identify(.) by extensions ['cmake', 'python']
[-1.522s] Level 1:colcon.colcon_core.package_identification:_identify(.) by extension 'cmake'
[-1.522s] Level 1:colcon.colcon_core.package_identification:_identify(.) by extension 'python'
[-1.522s] Level 1:colcon.colcon_core.package_identification:_identify(.) by extensions ['python_setup_py']
[-1.522s] Level 1:colcon.colcon_core.package_identification:_identify(.) by extension 'python_setup_py'
[-1.521s] Level 1:colcon.colcon_core.package_identification:_identify(build) by extensions ['ignore', 'ignore_ament_install']
[-1.521s] Level 1:colcon.colcon_core.package_identification:_identify(build) by extension 'ignore'
[-1.521s] Level 1:colcon.colcon_core.package_identification:_identify(build) ignored
[-1.521s] Level 1:colcon.colcon_core.package_identification:_identify(install) by extensions ['ignore', 'ignore_ament_install']
[-1.520s] Level 1:colcon.colcon_core.package_identification:_identify(install) by extension 'ignore'
[-1.520s] Level 1:colcon.colcon_core.package_identification:_identify(install) ignored
[-1.520s] Level 1:colcon.colcon_core.package_identification:_identify(log) by extensions ['ignore', 'ignore_ament_install']
[-1.520s] Level 1:colcon.colcon_core.package_identification:_identify(log) by extension 'ignore'
[-1.520s] Level 1:colcon.colcon_core.package_identification:_identify(log) ignored
[-1.520s] Level 1:colcon.colcon_core.package_identification:_identify(src) by extensions ['ignore', 'ignore_ament_install']
[-1.520s] Level 1:colcon.colcon_core.package_identification:_identify(src) by extension 'ignore'
[-1.520s] Level 1:colcon.colcon_core.package_identification:_identify(src) by extension 'ignore_ament_install'
[-1.520s] Level 1:colcon.colcon_core.package_identification:_identify(src) by extensions ['colcon_pkg']
[-1.520s] Level 1:colcon.colcon_core.package_identification:_identify(src) by extension 'colcon_pkg'
[-1.520s] Level 1:colcon.colcon_core.package_identification:_identify(src) by extensions ['colcon_meta']
[-1.520s] Level 1:colcon.colcon_core.package_identification:_identify(src) by extension 'colcon_meta'
[-1.520s] Level 1:colcon.colcon_core.package_identification:_identify(src) by extensions ['ros']
[-1.520s] Level 1:colcon.colcon_core.package_identification:_identify(src) by extension 'ros'
[-1.520s] Level 1:colcon.colcon_core.package_identification:_identify(src) by extensions ['cmake', 'python']
[-1.520s] Level 1:colcon.colcon_core.package_identification:_identify(src) by extension 'cmake'
[-1.520s] Level 1:colcon.colcon_core.package_identification:_identify(src) by extension 'python'
[-1.520s] Level 1:colcon.colcon_core.package_identification:_identify(src) by extensions ['python_setup_py']
[-1.520s] Level 1:colcon.colcon_core.package_identification:_identify(src) by extension 'python_setup_py'
[-1.520s] Level 1:colcon.colcon_core.package_identification:_identify(src/costmap_converter) by extensions ['ignore', 'ignore_ament_install']
[-1.520s] Level 1:colcon.colcon_core.package_identification:_identify(src/costmap_converter) by extension 'ignore'
[-1.520s] Level 1:colcon.colcon_core.package_identification:_identify(src/costmap_converter) by extension 'ignore_ament_install'
[-1.519s] Level 1:colcon.colcon_core.package_identification:_identify(src/costmap_converter) by extensions ['colcon_pkg']
[-1.519s] Level 1:colcon.colcon_core.package_identification:_identify(src/costmap_converter) by extension 'colcon_pkg'
[-1.519s] Level 1:colcon.colcon_core.package_identification:_identify(src/costmap_converter) by extensions ['colcon_meta']
[-1.519s] Level 1:colcon.colcon_core.package_identification:_identify(src/costmap_converter) by extension 'colcon_meta'
[-1.519s] Level 1:colcon.colcon_core.package_identification:_identify(src/costmap_converter) by extensions ['ros']
[-1.519s] Level 1:colcon.colcon_core.package_identification:_identify(src/costmap_converter) by extension 'ros'
[-1.517s] DEBUG:colcon.colcon_core.package_identification:Package 'src/costmap_converter' with type 'ros.ament_cmake' and name 'costmap_converter'
[-1.516s] Level 1:colcon.colcon_core.package_identification:_identify(src/costmap_converter_msgs) by extensions ['ignore', 'ignore_ament_install']
[-1.516s] Level 1:colcon.colcon_core.package_identification:_identify(src/costmap_converter_msgs) by extension 'ignore'
[-1.516s] Level 1:colcon.colcon_core.package_identification:_identify(src/costmap_converter_msgs) by extension 'ignore_ament_install'
[-1.516s] Level 1:colcon.colcon_core.package_identification:_identify(src/costmap_converter_msgs) by extensions ['colcon_pkg']
[-1.516s] Level 1:colcon.colcon_core.package_identification:_identify(src/costmap_converter_msgs) by extension 'colcon_pkg'
[-1.516s] Level 1:colcon.colcon_core.package_identification:_identify(src/costmap_converter_msgs) by extensions ['colcon_meta']
[-1.516s] Level 1:colcon.colcon_core.package_identification:_identify(src/costmap_converter_msgs) by extension 'colcon_meta'
[-1.516s] Level 1:colcon.colcon_core.package_identification:_identify(src/costmap_converter_msgs) by extensions ['ros']
[-1.516s] Level 1:colcon.colcon_core.package_identification:_identify(src/costmap_converter_msgs) by extension 'ros'
[-1.515s] DEBUG:colcon.colcon_core.package_identification:Package 'src/costmap_converter_msgs' with type 'ros.ament_cmake' and name 'costmap_converter_msgs'
[-1.515s] Level 1:colcon.colcon_core.package_identification:_identify(src/robot_navigation) by extensions ['ignore', 'ignore_ament_install']
[-1.515s] Level 1:colcon.colcon_core.package_identification:_identify(src/robot_navigation) by extension 'ignore'
[-1.515s] Level 1:colcon.colcon_core.package_identification:_identify(src/robot_navigation) by extension 'ignore_ament_install'
[-1.515s] Level 1:colcon.colcon_core.package_identification:_identify(src/robot_navigation) by extensions ['colcon_pkg']
[-1.515s] Level 1:colcon.colcon_core.package_identification:_identify(src/robot_navigation) by extension 'colcon_pkg'
[-1.515s] Level 1:colcon.colcon_core.package_identification:_identify(src/robot_navigation) by extensions ['colcon_meta']
[-1.515s] Level 1:colcon.colcon_core.package_identification:_identify(src/robot_navigation) by extension 'colcon_meta'
[-1.515s] Level 1:colcon.colcon_core.package_identification:_identify(src/robot_navigation) by extensions ['ros']
[-1.515s] Level 1:colcon.colcon_core.package_identification:_identify(src/robot_navigation) by extension 'ros'
[-1.514s] DEBUG:colcon.colcon_core.package_identification:Package 'src/robot_navigation' with type 'ros.ament_cmake' and name 'robot_navigation'
[-1.514s] Level 1:colcon.colcon_core.package_identification:_identify(src/teb_local_planner) by extensions ['ignore', 'ignore_ament_install']
[-1.514s] Level 1:colcon.colcon_core.package_identification:_identify(src/teb_local_planner) by extension 'ignore'
[-1.514s] Level 1:colcon.colcon_core.package_identification:_identify(src/teb_local_planner) by extension 'ignore_ament_install'
[-1.513s] Level 1:colcon.colcon_core.package_identification:_identify(src/teb_local_planner) by extensions ['colcon_pkg']
[-1.513s] Level 1:colcon.colcon_core.package_identification:_identify(src/teb_local_planner) by extension 'colcon_pkg'
[-1.513s] Level 1:colcon.colcon_core.package_identification:_identify(src/teb_local_planner) by extensions ['colcon_meta']
[-1.513s] Level 1:colcon.colcon_core.package_identification:_identify(src/teb_local_planner) by extension 'colcon_meta'
[-1.513s] Level 1:colcon.colcon_core.package_identification:_identify(src/teb_local_planner) by extensions ['ros']
[-1.513s] Level 1:colcon.colcon_core.package_identification:_identify(src/teb_local_planner) by extension 'ros'
[-1.512s] DEBUG:colcon.colcon_core.package_identification:Package 'src/teb_local_planner' with type 'ros.ament_cmake' and name 'teb_local_planner'
[-1.512s] Level 1:colcon.colcon_core.package_identification:_identify(src/teb_msgs) by extensions ['ignore', 'ignore_ament_install']
[-1.512s] Level 1:colcon.colcon_core.package_identification:_identify(src/teb_msgs) by extension 'ignore'
[-1.512s] Level 1:colcon.colcon_core.package_identification:_identify(src/teb_msgs) by extension 'ignore_ament_install'
[-1.512s] Level 1:colcon.colcon_core.package_identification:_identify(src/teb_msgs) by extensions ['colcon_pkg']
[-1.512s] Level 1:colcon.colcon_core.package_identification:_identify(src/teb_msgs) by extension 'colcon_pkg'
[-1.512s] Level 1:colcon.colcon_core.package_identification:_identify(src/teb_msgs) by extensions ['colcon_meta']
[-1.512s] Level 1:colcon.colcon_core.package_identification:_identify(src/teb_msgs) by extension 'colcon_meta'
[-1.512s] Level 1:colcon.colcon_core.package_identification:_identify(src/teb_msgs) by extensions ['ros']
[-1.512s] Level 1:colcon.colcon_core.package_identification:_identify(src/teb_msgs) by extension 'ros'
[-1.510s] DEBUG:colcon.colcon_core.package_identification:Package 'src/teb_msgs' with type 'ros.ament_cmake' and name 'teb_msgs'
[-1.510s] Level 1:colcon.colcon_core.package_discovery:discover_packages(recursive) using defaults
[-1.510s] Level 1:colcon.colcon_core.package_discovery:discover_packages(ignore) discover
[-1.510s] Level 1:colcon.colcon_core.package_discovery:discover_packages(ignore) using defaults
[-1.510s] Level 1:colcon.colcon_core.package_discovery:discover_packages(path) discover
[-1.510s] Level 1:colcon.colcon_core.package_discovery:discover_packages(path) using defaults
[-1.467s] INFO:colcon.colcon_core.package_selection:Skipping not selected package 'costmap_converter_msgs' in 'src/costmap_converter_msgs'
[-1.467s] INFO:colcon.colcon_core.package_selection:Skipping not selected package 'costmap_converter' in 'src/costmap_converter'
[-1.467s] INFO:colcon.colcon_core.package_selection:Skipping not selected package 'teb_msgs' in 'src/teb_msgs'
[-1.467s] INFO:colcon.colcon_core.package_selection:Skipping not selected package 'teb_local_planner' in 'src/teb_local_planner'
[-1.453s] Level 1:colcon.colcon_core.package_discovery:discover_packages(prefix_path) check parameters
[-1.453s] Level 1:colcon.colcon_core.package_discovery:discover_packages(prefix_path) discover
[-1.437s] DEBUG:colcon.colcon_installed_package_information.package_discovery:Found 5 installed packages in /root/nav_1/install
[-1.430s] DEBUG:colcon.colcon_installed_package_information.package_discovery:Found 428 installed packages in /opt/ros/humble
[-1.429s] Level 1:colcon.colcon_core.package_discovery:discover_packages(prefix_path) using defaults
[-1.373s] Level 5:colcon.colcon_core.verb:set package 'robot_navigation' build argument 'cmake_args' from command line to 'None'
[-1.373s] Level 5:colcon.colcon_core.verb:set package 'robot_navigation' build argument 'cmake_target' from command line to 'None'
[-1.373s] Level 5:colcon.colcon_core.verb:set package 'robot_navigation' build argument 'cmake_target_skip_unavailable' from command line to 'False'
[-1.373s] Level 5:colcon.colcon_core.verb:set package 'robot_navigation' build argument 'cmake_clean_cache' from command line to 'False'
[-1.373s] Level 5:colcon.colcon_core.verb:set package 'robot_navigation' build argument 'cmake_clean_first' from command line to 'False'
[-1.373s] Level 5:colcon.colcon_core.verb:set package 'robot_navigation' build argument 'cmake_force_configure' from command line to 'False'
[-1.373s] Level 5:colcon.colcon_core.verb:set package 'robot_navigation' build argument 'ament_cmake_args' from command line to 'None'
[-1.373s] Level 5:colcon.colcon_core.verb:set package 'robot_navigation' build argument 'catkin_cmake_args' from command line to 'None'
[-1.373s] Level 5:colcon.colcon_core.verb:set package 'robot_navigation' build argument 'catkin_skip_building_tests' from command line to 'False'
[-1.373s] DEBUG:colcon.colcon_core.verb:Building package 'robot_navigation' with the following arguments: {'ament_cmake_args': None, 'build_base': '/root/nav_1/build/robot_navigation', 'catkin_cmake_args': None, 'catkin_skip_building_tests': False, 'cmake_args': None, 'cmake_clean_cache': False, 'cmake_clean_first': False, 'cmake_force_configure': False, 'cmake_target': None, 'cmake_target_skip_unavailable': False, 'install_base': '/root/nav_1/install/robot_navigation', 'merge_install': False, 'path': '/root/nav_1/src/robot_navigation', 'symlink_install': False, 'test_result_base': None}
[-1.367s] INFO:colcon.colcon_core.executor:Executing jobs using 'parallel' executor
[-1.360s] DEBUG:colcon.colcon_parallel_executor.executor.parallel:run_until_complete
[-1.359s] INFO:colcon.colcon_ros.task.ament_cmake.build:Building ROS package in '/root/nav_1/src/robot_navigation' with build type 'ament_cmake'
[-1.359s] INFO:colcon.colcon_cmake.task.cmake.build:Building CMake package in '/root/nav_1/src/robot_navigation'
[-1.346s] INFO:colcon.colcon_core.plugin_system:Skipping extension 'colcon_core.shell.bat': Not used on non-Windows systems
[-1.346s] INFO:colcon.colcon_core.shell:Skip shell extension 'powershell' for command environment: Not usable outside of PowerShell
[-1.346s] DEBUG:colcon.colcon_core.shell:Skip shell extension 'dsv' for command environment
[-0.546s] DEBUG:colcon.colcon_core.event_handler.log_command:Invoking command in '/root/nav_1/build/robot_navigation': CMAKE_PREFIX_PATH=/root/nav_1/install/teb_local_planner:/root/nav_1/install/teb_msgs:/root/nav_1/install/costmap_converter:/root/nav_1/install/costmap_converter_msgs:/root/nav_1/install/robot_navigation:/opt/ros/humble /usr/bin/cmake --build /root/nav_1/build/robot_navigation -- -j32 -l32
[-0.066s] DEBUG:colcon.colcon_core.event_handler.log_command:Invoked command in '/root/nav_1/build/robot_navigation' returned '0': CMAKE_PREFIX_PATH=/root/nav_1/install/teb_local_planner:/root/nav_1/install/teb_msgs:/root/nav_1/install/costmap_converter:/root/nav_1/install/costmap_converter_msgs:/root/nav_1/install/robot_navigation:/opt/ros/humble /usr/bin/cmake --build /root/nav_1/build/robot_navigation -- -j32 -l32
[-0.044s] DEBUG:colcon.colcon_core.event_handler.log_command:Invoking command in '/root/nav_1/build/robot_navigation': CMAKE_PREFIX_PATH=/root/nav_1/install/teb_local_planner:/root/nav_1/install/teb_msgs:/root/nav_1/install/costmap_converter:/root/nav_1/install/costmap_converter_msgs:/root/nav_1/install/robot_navigation:/opt/ros/humble /usr/bin/cmake --install /root/nav_1/build/robot_navigation
[-0.029s] Level 1:colcon.colcon_core.environment:create_environment_scripts_only(robot_navigation)
[-0.028s] DEBUG:colcon.colcon_core.event_handler.log_command:Invoked command in '/root/nav_1/build/robot_navigation' returned '0': CMAKE_PREFIX_PATH=/root/nav_1/install/teb_local_planner:/root/nav_1/install/teb_msgs:/root/nav_1/install/costmap_converter:/root/nav_1/install/costmap_converter_msgs:/root/nav_1/install/robot_navigation:/opt/ros/humble /usr/bin/cmake --install /root/nav_1/build/robot_navigation
[-0.016s] Level 1:colcon.colcon_core.environment:checking '/root/nav_1/install/robot_navigation' for CMake module files
[-0.016s] Level 1:colcon.colcon_core.environment:checking '/root/nav_1/install/robot_navigation' for CMake config files
[-0.014s] Level 1:colcon.colcon_core.shell:create_environment_hook('robot_navigation', 'cmake_prefix_path')
[-0.007s] INFO:colcon.colcon_core.shell:Creating environment hook '/root/nav_1/install/robot_navigation/share/robot_navigation/hook/cmake_prefix_path.ps1'
[-0.006s] INFO:colcon.colcon_core.shell:Creating environment descriptor '/root/nav_1/install/robot_navigation/share/robot_navigation/hook/cmake_prefix_path.dsv'
[-0.006s] INFO:colcon.colcon_core.shell:Creating environment hook '/root/nav_1/install/robot_navigation/share/robot_navigation/hook/cmake_prefix_path.sh'
[-0.005s] Level 1:colcon.colcon_core.environment:checking '/root/nav_1/install/robot_navigation/lib'
[-0.005s] Level 1:colcon.colcon_core.environment:checking '/root/nav_1/install/robot_navigation/bin'
[-0.004s] Level 1:colcon.colcon_core.environment:checking '/root/nav_1/install/robot_navigation/lib/pkgconfig/robot_navigation.pc'
[-0.004s] Level 1:colcon.colcon_core.environment:checking '/root/nav_1/install/robot_navigation/lib/python3.10/site-packages'
[-0.004s] Level 1:colcon.colcon_core.environment:checking '/root/nav_1/install/robot_navigation/bin'
[0.003s] INFO:colcon.colcon_core.shell:Creating package script '/root/nav_1/install/robot_navigation/share/robot_navigation/package.ps1'
[0.003s] INFO:colcon.colcon_core.shell:Creating package descriptor '/root/nav_1/install/robot_navigation/share/robot_navigation/package.dsv'
[0.004s] INFO:colcon.colcon_core.shell:Creating package script '/root/nav_1/install/robot_navigation/share/robot_navigation/package.sh'
[0.005s] INFO:colcon.colcon_core.shell:Creating package script '/root/nav_1/install/robot_navigation/share/robot_navigation/package.bash'
[0.006s] INFO:colcon.colcon_core.shell:Creating package script '/root/nav_1/install/robot_navigation/share/robot_navigation/package.zsh'
[0.006s] Level 1:colcon.colcon_core.environment:create_file_with_runtime_dependencies(/root/nav_1/install/robot_navigation/share/colcon-core/packages/robot_navigation)
[0.029s] Level 1:colcon.colcon_core.environment:create_environment_scripts_only(robot_navigation)
[0.036s] Level 1:colcon.colcon_core.environment:checking '/root/nav_1/install/robot_navigation' for CMake module files
[0.037s] Level 1:colcon.colcon_core.environment:checking '/root/nav_1/install/robot_navigation' for CMake config files
[0.037s] Level 1:colcon.colcon_core.shell:create_environment_hook('robot_navigation', 'cmake_prefix_path')
[0.043s] INFO:colcon.colcon_core.shell:Creating environment hook '/root/nav_1/install/robot_navigation/share/robot_navigation/hook/cmake_prefix_path.ps1'
[0.044s] INFO:colcon.colcon_core.shell:Creating environment descriptor '/root/nav_1/install/robot_navigation/share/robot_navigation/hook/cmake_prefix_path.dsv'
[0.044s] INFO:colcon.colcon_core.shell:Creating environment hook '/root/nav_1/install/robot_navigation/share/robot_navigation/hook/cmake_prefix_path.sh'
[0.044s] Level 1:colcon.colcon_core.environment:checking '/root/nav_1/install/robot_navigation/lib'
[0.044s] Level 1:colcon.colcon_core.environment:checking '/root/nav_1/install/robot_navigation/bin'
[0.044s] Level 1:colcon.colcon_core.environment:checking '/root/nav_1/install/robot_navigation/lib/pkgconfig/robot_navigation.pc'
[0.044s] Level 1:colcon.colcon_core.environment:checking '/root/nav_1/install/robot_navigation/lib/python3.10/site-packages'
[0.044s] Level 1:colcon.colcon_core.environment:checking '/root/nav_1/install/robot_navigation/bin'
[0.051s] INFO:colcon.colcon_core.shell:Creating package script '/root/nav_1/install/robot_navigation/share/robot_navigation/package.ps1'
[0.051s] INFO:colcon.colcon_core.shell:Creating package descriptor '/root/nav_1/install/robot_navigation/share/robot_navigation/package.dsv'
[0.051s] INFO:colcon.colcon_core.shell:Creating package script '/root/nav_1/install/robot_navigation/share/robot_navigation/package.sh'
[0.051s] INFO:colcon.colcon_core.shell:Creating package script '/root/nav_1/install/robot_navigation/share/robot_navigation/package.bash'
[0.052s] INFO:colcon.colcon_core.shell:Creating package script '/root/nav_1/install/robot_navigation/share/robot_navigation/package.zsh'
[0.052s] Level 1:colcon.colcon_core.environment:create_file_with_runtime_dependencies(/root/nav_1/install/robot_navigation/share/colcon-core/packages/robot_navigation)
[0.053s] DEBUG:colcon.colcon_parallel_executor.executor.parallel:closing loop
[0.053s] DEBUG:colcon.colcon_parallel_executor.executor.parallel:loop closed
[0.053s] DEBUG:colcon.colcon_parallel_executor.executor.parallel:run_until_complete finished with '0'
[0.053s] DEBUG:colcon.colcon_core.event_reactor:joining thread
[0.074s] INFO:colcon.colcon_core.plugin_system:Skipping extension 'colcon_notification.desktop_notification.terminal_notifier': Not used on non-Darwin systems
[0.074s] INFO:colcon.colcon_core.plugin_system:Skipping extension 'colcon_notification.desktop_notification.win32': Not used on non-Windows systems
[0.074s] INFO:colcon.colcon_notification.desktop_notification:Sending desktop notification using 'notify2'
[0.079s] DEBUG:colcon.colcon_core.event_reactor:joined thread
[0.086s] INFO:colcon.colcon_core.shell:Creating prefix script '/root/nav_1/install/local_setup.ps1'
[0.086s] INFO:colcon.colcon_core.shell:Creating prefix util module '/root/nav_1/install/_local_setup_util_ps1.py'
[0.088s] INFO:colcon.colcon_core.shell:Creating prefix chain script '/root/nav_1/install/setup.ps1'
[0.096s] INFO:colcon.colcon_core.shell:Creating prefix script '/root/nav_1/install/local_setup.sh'
[0.096s] INFO:colcon.colcon_core.shell:Creating prefix util module '/root/nav_1/install/_local_setup_util_sh.py'
[0.097s] INFO:colcon.colcon_core.shell:Creating prefix chain script '/root/nav_1/install/setup.sh'
[0.106s] INFO:colcon.colcon_core.shell:Creating prefix script '/root/nav_1/install/local_setup.bash'
[0.106s] INFO:colcon.colcon_core.shell:Creating prefix chain script '/root/nav_1/install/setup.bash'
[0.116s] INFO:colcon.colcon_core.shell:Creating prefix script '/root/nav_1/install/local_setup.zsh'
[0.117s] INFO:colcon.colcon_core.shell:Creating prefix chain script '/root/nav_1/install/setup.zsh'
