[0.000000] (-) TimerEvent: {}
[0.000353] (-) JobUnselected: {'identifier': 'costmap_converter'}
[0.000397] (-) JobUnselected: {'identifier': 'costmap_converter_msgs'}
[0.000409] (-) JobUnselected: {'identifier': 'teb_local_planner'}
[0.000418] (-) JobUnselected: {'identifier': 'teb_msgs'}
[0.000427] (robot_navigation) JobQueued: {'identifier': 'robot_navigation', 'dependencies': OrderedDict([('costmap_converter_msgs', '/root/nav_1/install/costmap_converter_msgs'), ('costmap_converter', '/root/nav_1/install/costmap_converter'), ('teb_msgs', '/root/nav_1/install/teb_msgs'), ('teb_local_planner', '/root/nav_1/install/teb_local_planner')])}
[0.000761] (robot_navigation) JobStarted: {'identifier': 'robot_navigation'}
[0.108234] (-) TimerEvent: {}
[0.216899] (-) TimerEvent: {}
[0.324402] (-) TimerEvent: {}
[0.433066] (-) TimerEvent: {}
[0.541714] (-) TimerEvent: {}
[0.649936] (-) TimerEvent: {}
[0.758707] (-) TimerEvent: {}
[0.861810] (-) TimerEvent: {}
[0.970527] (-) TimerEvent: {}
[1.076915] (-) TimerEvent: {}
[1.181456] (-) TimerEvent: {}
[1.290084] (-) TimerEvent: {}
[1.398851] (-) TimerEvent: {}
[1.507611] (-) TimerEvent: {}
[1.544721] (robot_navigation) JobProgress: {'identifier': 'robot_navigation', 'progress': 'cmake'}
[1.546010] (robot_navigation) JobProgress: {'identifier': 'robot_navigation', 'progress': 'build'}
[1.546733] (robot_navigation) Command: {'cmd': ['/usr/bin/cmake', '--build', '/root/nav_1/build/robot_navigation', '--', '-j32', '-l32'], 'cwd': '/root/nav_1/build/robot_navigation', 'env': OrderedDict([('USER', 'root'), ('GIT_ASKPASS', '/root/.vscode-server/bin/e8653663e8840adaf45af01eab5c627a5af81807/extensions/git/dist/askpass.sh'), ('SHLVL', '1'), ('LD_LIBRARY_PATH', '/root/nav_1/install/teb_local_planner/lib:/root/nav_1/install/teb_msgs/lib:/root/nav_1/install/costmap_converter/lib:/root/nav_1/install/costmap_converter_msgs/lib:/usr/lib/x86_64-linux-gnu/gazebo-11/plugins:/opt/ros/humble/opt/rviz_ogre_vendor/lib:/opt/ros/humble/lib/x86_64-linux-gnu:/opt/ros/humble/opt/openvdb_vendor/lib:/opt/ros/humble/lib'), ('HOME', '/root'), ('OLDPWD', '/root/nav_1/install'), ('TERM_PROGRAM_VERSION', '1.95.2'), ('VSCODE_IPC_HOOK_CLI', '/run/user/0/vscode-ipc-996fc6a1-6beb-4a43-952a-86ec2dcaf0cf.sock'), ('ROS_PYTHON_VERSION', '3'), ('VSCODE_GIT_ASKPASS_MAIN', '/root/.vscode-server/bin/e8653663e8840adaf45af01eab5c627a5af81807/extensions/git/dist/askpass-main.js'), ('VSCODE_GIT_ASKPASS_NODE', '/root/.vscode-server/bin/e8653663e8840adaf45af01eab5c627a5af81807/node'), ('DBUS_SESSION_BUS_ADDRESS', 'unix:path=/run/user/0/bus'), ('COLORTERM', 'truecolor'), ('WSL_DISTRO_NAME', 'Ubuntu-22.04'), ('_colcon_cd_root', '/opt/ros/humble/'), ('WAYLAND_DISPLAY', 'wayland-0'), ('COLCON_PREFIX_PATH', '/root/nav_1/install'), ('ROS_DISTRO', 'humble'), ('LOGNAME', 'root'), ('NAME', 'DESKTOP-B2GTLAN'), ('WSL_INTEROP', '/run/WSL/105555_interop'), ('PULSE_SERVER', 'unix:/mnt/wslg/PulseServer'), ('_', '/usr/local/bin/colcon'), ('ROS_VERSION', '2'), ('TERM', 'xterm-256color'), ('ROS_LOCALHOST_ONLY', '0'), ('PATH', '/root/nav_1/install/costmap_converter/bin:/opt/ros/humble/bin:/root/.vscode-server/bin/e8653663e8840adaf45af01eab5c627a5af81807/bin/remote-cli:/usr/local/sbin:/usr/local/bin:/usr/sbin:/usr/bin:/sbin:/bin:/usr/games:/usr/local/games:/usr/lib/wsl/lib:/mnt/c/Users/dell/AppData/Local/Programs/cursor/resources/app/bin:/mnt/c/Program Files/Common Files/Oracle/Java/javapath:/mnt/c/Windows/system32:/mnt/c/Windows:/mnt/c/Windows/System32/Wbem:/mnt/c/Windows/System32/WindowsPowerShell/v1.0/:/mnt/c/Windows/System32/OpenSSH/:/mnt/c/Program Files/dotnet/:/mnt/c/Program Files (x86)/NVIDIA Corporation/PhysX/Common:/mnt/c/Program Files/NVIDIA Corporation/NVIDIA NvDLISR:/mnt/c/py:/mnt/e/mingw64/bin:/mnt/e/OpenCV/build/x64/mingw/bin:/mnt/c/Users/dell/Desktop/:/mnt/c/Users/dell/AppData/Local/Microsoft/WindowsApps:/mnt/c/py:/mnt/c/Program Files/JetBrains/PyCharm Community Edition 2023.2.3/bin:/mnt/c/Users/dell/Desktop/Scripts/:/mnt/c/Program Files/Java/jdk-17/bin:/mnt/f/idea/IntelliJ IDEA 2024.2.3/bin:/mnt/c/Users/dell/AppData/Local/Programs/cursor/resources/app/bin:/mnt/c/Users/dell/Desktop/:/mnt/c/Users/dell/AppData/Local/Microsoft/WindowsApps:/mnt/e/vscode/Microsoft VS Code/bin:/mnt/c/py:/mnt/c/Program Files/JetBrains/PyCharm Community Edition 2023.2.3/bin:/mnt/c/Users/dell/Desktop/Scripts/:/mnt/c/Program Files/Java/jdk-17/bin:/mnt/f/idea/IntelliJ IDEA 2024.2.3/bin:/snap/bin'), ('XDG_RUNTIME_DIR', '/run/user/0/'), ('DISPLAY', ':0'), ('LANG', 'C.UTF-8'), ('VSCODE_GIT_IPC_HANDLE', '/run/user/0/vscode-git-23b6e1c2b0.sock'), ('TERM_PROGRAM', 'vscode'), ('AMENT_PREFIX_PATH', '/root/nav_1/install/robot_navigation:/root/nav_1/install/teb_local_planner:/root/nav_1/install/teb_msgs:/root/nav_1/install/costmap_converter:/root/nav_1/install/costmap_converter_msgs:/opt/ros/humble'), ('SHELL', '/bin/bash'), ('VSCODE_GIT_ASKPASS_EXTRA_ARGS', ''), ('PWD', '/root/nav_1/build/robot_navigation'), ('XDG_DATA_DIRS', '/usr/local/share:/usr/share:/var/lib/snapd/desktop'), ('PYTHONPATH', '/root/nav_1/install/teb_msgs/local/lib/python3.10/dist-packages:/root/nav_1/install/costmap_converter_msgs/local/lib/python3.10/dist-packages:/opt/ros/humble/lib/python3.10/site-packages:/opt/ros/humble/local/lib/python3.10/dist-packages'), ('COLCON', '1'), ('WSL2_GUI_APPS_ENABLED', '1'), ('HOSTTYPE', 'x86_64'), ('CMAKE_PREFIX_PATH', '/root/nav_1/install/teb_local_planner:/root/nav_1/install/teb_msgs:/root/nav_1/install/costmap_converter:/root/nav_1/install/costmap_converter_msgs:/root/nav_1/install/robot_navigation:/opt/ros/humble'), ('WSLENV', 'VSCODE_WSL_EXT_LOCATION/up')]), 'shell': False}
[1.612719] (-) TimerEvent: {}
[1.713500] (-) TimerEvent: {}
[1.794585] (robot_navigation) StdoutLine: {'line': b'[100%] Built target icp_localization\n'}
[1.802303] (robot_navigation) CommandEnded: {'returncode': 0}
[1.814112] (-) TimerEvent: {}
[1.816781] (robot_navigation) JobProgress: {'identifier': 'robot_navigation', 'progress': 'install'}
[1.821854] (robot_navigation) Command: {'cmd': ['/usr/bin/cmake', '--install', '/root/nav_1/build/robot_navigation'], 'cwd': '/root/nav_1/build/robot_navigation', 'env': OrderedDict([('USER', 'root'), ('GIT_ASKPASS', '/root/.vscode-server/bin/e8653663e8840adaf45af01eab5c627a5af81807/extensions/git/dist/askpass.sh'), ('SHLVL', '1'), ('LD_LIBRARY_PATH', '/root/nav_1/install/teb_local_planner/lib:/root/nav_1/install/teb_msgs/lib:/root/nav_1/install/costmap_converter/lib:/root/nav_1/install/costmap_converter_msgs/lib:/usr/lib/x86_64-linux-gnu/gazebo-11/plugins:/opt/ros/humble/opt/rviz_ogre_vendor/lib:/opt/ros/humble/lib/x86_64-linux-gnu:/opt/ros/humble/opt/openvdb_vendor/lib:/opt/ros/humble/lib'), ('HOME', '/root'), ('OLDPWD', '/root/nav_1/install'), ('TERM_PROGRAM_VERSION', '1.95.2'), ('VSCODE_IPC_HOOK_CLI', '/run/user/0/vscode-ipc-996fc6a1-6beb-4a43-952a-86ec2dcaf0cf.sock'), ('ROS_PYTHON_VERSION', '3'), ('VSCODE_GIT_ASKPASS_MAIN', '/root/.vscode-server/bin/e8653663e8840adaf45af01eab5c627a5af81807/extensions/git/dist/askpass-main.js'), ('VSCODE_GIT_ASKPASS_NODE', '/root/.vscode-server/bin/e8653663e8840adaf45af01eab5c627a5af81807/node'), ('DBUS_SESSION_BUS_ADDRESS', 'unix:path=/run/user/0/bus'), ('COLORTERM', 'truecolor'), ('WSL_DISTRO_NAME', 'Ubuntu-22.04'), ('_colcon_cd_root', '/opt/ros/humble/'), ('WAYLAND_DISPLAY', 'wayland-0'), ('COLCON_PREFIX_PATH', '/root/nav_1/install'), ('ROS_DISTRO', 'humble'), ('LOGNAME', 'root'), ('NAME', 'DESKTOP-B2GTLAN'), ('WSL_INTEROP', '/run/WSL/105555_interop'), ('PULSE_SERVER', 'unix:/mnt/wslg/PulseServer'), ('_', '/usr/local/bin/colcon'), ('ROS_VERSION', '2'), ('TERM', 'xterm-256color'), ('ROS_LOCALHOST_ONLY', '0'), ('PATH', '/root/nav_1/install/costmap_converter/bin:/opt/ros/humble/bin:/root/.vscode-server/bin/e8653663e8840adaf45af01eab5c627a5af81807/bin/remote-cli:/usr/local/sbin:/usr/local/bin:/usr/sbin:/usr/bin:/sbin:/bin:/usr/games:/usr/local/games:/usr/lib/wsl/lib:/mnt/c/Users/dell/AppData/Local/Programs/cursor/resources/app/bin:/mnt/c/Program Files/Common Files/Oracle/Java/javapath:/mnt/c/Windows/system32:/mnt/c/Windows:/mnt/c/Windows/System32/Wbem:/mnt/c/Windows/System32/WindowsPowerShell/v1.0/:/mnt/c/Windows/System32/OpenSSH/:/mnt/c/Program Files/dotnet/:/mnt/c/Program Files (x86)/NVIDIA Corporation/PhysX/Common:/mnt/c/Program Files/NVIDIA Corporation/NVIDIA NvDLISR:/mnt/c/py:/mnt/e/mingw64/bin:/mnt/e/OpenCV/build/x64/mingw/bin:/mnt/c/Users/dell/Desktop/:/mnt/c/Users/dell/AppData/Local/Microsoft/WindowsApps:/mnt/c/py:/mnt/c/Program Files/JetBrains/PyCharm Community Edition 2023.2.3/bin:/mnt/c/Users/dell/Desktop/Scripts/:/mnt/c/Program Files/Java/jdk-17/bin:/mnt/f/idea/IntelliJ IDEA 2024.2.3/bin:/mnt/c/Users/dell/AppData/Local/Programs/cursor/resources/app/bin:/mnt/c/Users/dell/Desktop/:/mnt/c/Users/dell/AppData/Local/Microsoft/WindowsApps:/mnt/e/vscode/Microsoft VS Code/bin:/mnt/c/py:/mnt/c/Program Files/JetBrains/PyCharm Community Edition 2023.2.3/bin:/mnt/c/Users/dell/Desktop/Scripts/:/mnt/c/Program Files/Java/jdk-17/bin:/mnt/f/idea/IntelliJ IDEA 2024.2.3/bin:/snap/bin'), ('XDG_RUNTIME_DIR', '/run/user/0/'), ('DISPLAY', ':0'), ('LANG', 'C.UTF-8'), ('VSCODE_GIT_IPC_HANDLE', '/run/user/0/vscode-git-23b6e1c2b0.sock'), ('TERM_PROGRAM', 'vscode'), ('AMENT_PREFIX_PATH', '/root/nav_1/install/robot_navigation:/root/nav_1/install/teb_local_planner:/root/nav_1/install/teb_msgs:/root/nav_1/install/costmap_converter:/root/nav_1/install/costmap_converter_msgs:/opt/ros/humble'), ('SHELL', '/bin/bash'), ('VSCODE_GIT_ASKPASS_EXTRA_ARGS', ''), ('PWD', '/root/nav_1/build/robot_navigation'), ('XDG_DATA_DIRS', '/usr/local/share:/usr/share:/var/lib/snapd/desktop'), ('PYTHONPATH', '/root/nav_1/install/teb_msgs/local/lib/python3.10/dist-packages:/root/nav_1/install/costmap_converter_msgs/local/lib/python3.10/dist-packages:/opt/ros/humble/lib/python3.10/site-packages:/opt/ros/humble/local/lib/python3.10/dist-packages'), ('COLCON', '1'), ('WSL2_GUI_APPS_ENABLED', '1'), ('HOSTTYPE', 'x86_64'), ('CMAKE_PREFIX_PATH', '/root/nav_1/install/teb_local_planner:/root/nav_1/install/teb_msgs:/root/nav_1/install/costmap_converter:/root/nav_1/install/costmap_converter_msgs:/root/nav_1/install/robot_navigation:/opt/ros/humble'), ('WSLENV', 'VSCODE_WSL_EXT_LOCATION/up')]), 'shell': False}
[1.827363] (robot_navigation) StdoutLine: {'line': b'-- Install configuration: ""\n'}
[1.828737] (robot_navigation) StdoutLine: {'line': b'-- Up-to-date: /root/nav_1/install/robot_navigation/lib/robot_navigation/icp_localization\n'}
[1.828898] (robot_navigation) StdoutLine: {'line': b'-- Up-to-date: /root/nav_1/install/robot_navigation/share/robot_navigation/launch\n'}
[1.828945] (robot_navigation) StdoutLine: {'line': b'-- Installing: /root/nav_1/install/robot_navigation/share/robot_navigation/launch/bringup_launch.py\n'}
[1.831425] (robot_navigation) StdoutLine: {'line': b'-- Up-to-date: /root/nav_1/install/robot_navigation/share/robot_navigation/launch/icp_launch.py\n'}
[1.831570] (robot_navigation) StdoutLine: {'line': b'-- Up-to-date: /root/nav_1/install/robot_navigation/share/robot_navigation/config\n'}
[1.831731] (robot_navigation) StdoutLine: {'line': b'-- Up-to-date: /root/nav_1/install/robot_navigation/share/robot_navigation/config/icp_params.yaml\n'}
[1.831850] (robot_navigation) StdoutLine: {'line': b'-- Up-to-date: /root/nav_1/install/robot_navigation/share/robot_navigation/config/map.yaml\n'}
[1.831937] (robot_navigation) StdoutLine: {'line': b'-- Up-to-date: /root/nav_1/install/robot_navigation/share/robot_navigation/config/map.pgm\n'}
[1.832020] (robot_navigation) StdoutLine: {'line': b'-- Up-to-date: /root/nav_1/install/robot_navigation/share/robot_navigation/config/nav2_params.yaml\n'}
[1.832106] (robot_navigation) StdoutLine: {'line': b'-- Up-to-date: /root/nav_1/install/robot_navigation/share/ament_index/resource_index/package_run_dependencies/robot_navigation\n'}
[1.832201] (robot_navigation) StdoutLine: {'line': b'-- Up-to-date: /root/nav_1/install/robot_navigation/share/ament_index/resource_index/parent_prefix_path/robot_navigation\n'}
[1.832285] (robot_navigation) StdoutLine: {'line': b'-- Up-to-date: /root/nav_1/install/robot_navigation/share/robot_navigation/environment/ament_prefix_path.sh\n'}
[1.832449] (robot_navigation) StdoutLine: {'line': b'-- Up-to-date: /root/nav_1/install/robot_navigation/share/robot_navigation/environment/ament_prefix_path.dsv\n'}
[1.832519] (robot_navigation) StdoutLine: {'line': b'-- Up-to-date: /root/nav_1/install/robot_navigation/share/robot_navigation/environment/path.sh\n'}
[1.832551] (robot_navigation) StdoutLine: {'line': b'-- Up-to-date: /root/nav_1/install/robot_navigation/share/robot_navigation/environment/path.dsv\n'}
[1.832580] (robot_navigation) StdoutLine: {'line': b'-- Up-to-date: /root/nav_1/install/robot_navigation/share/robot_navigation/local_setup.bash\n'}
[1.832607] (robot_navigation) StdoutLine: {'line': b'-- Up-to-date: /root/nav_1/install/robot_navigation/share/robot_navigation/local_setup.sh\n'}
[1.832634] (robot_navigation) StdoutLine: {'line': b'-- Up-to-date: /root/nav_1/install/robot_navigation/share/robot_navigation/local_setup.zsh\n'}
[1.832660] (robot_navigation) StdoutLine: {'line': b'-- Up-to-date: /root/nav_1/install/robot_navigation/share/robot_navigation/local_setup.dsv\n'}
[1.832955] (robot_navigation) StdoutLine: {'line': b'-- Installing: /root/nav_1/install/robot_navigation/share/robot_navigation/package.dsv\n'}
[1.832985] (robot_navigation) StdoutLine: {'line': b'-- Up-to-date: /root/nav_1/install/robot_navigation/share/ament_index/resource_index/packages/robot_navigation\n'}
[1.833015] (robot_navigation) StdoutLine: {'line': b'-- Up-to-date: /root/nav_1/install/robot_navigation/share/robot_navigation/cmake/robot_navigationConfig.cmake\n'}
[1.833298] (robot_navigation) StdoutLine: {'line': b'-- Up-to-date: /root/nav_1/install/robot_navigation/share/robot_navigation/cmake/robot_navigationConfig-version.cmake\n'}
[1.833336] (robot_navigation) StdoutLine: {'line': b'-- Up-to-date: /root/nav_1/install/robot_navigation/share/robot_navigation/package.xml\n'}
[1.837310] (robot_navigation) CommandEnded: {'returncode': 0}
[1.914898] (-) TimerEvent: {}
[1.918751] (robot_navigation) JobEnded: {'identifier': 'robot_navigation', 'rc': 0}
[1.919843] (-) EventReactorShutdown: {}
