[1.263s] Invoking command in '/root/nav_1/build/robot_navigation': CMAKE_PREFIX_PATH=/root/nav_1/install/teb_local_planner:/root/nav_1/install/teb_msgs:/root/nav_1/install/costmap_converter:/root/nav_1/install/costmap_converter_msgs:/root/nav_1/install/robot_navigation:/opt/ros/humble /usr/bin/cmake --build /root/nav_1/build/robot_navigation -- -j32 -l32
[1.627s] [100%] Built target icp_localization
[1.633s] Invoked command in '/root/nav_1/build/robot_navigation' returned '0': CMAKE_PREFIX_PATH=/root/nav_1/install/teb_local_planner:/root/nav_1/install/teb_msgs:/root/nav_1/install/costmap_converter:/root/nav_1/install/costmap_converter_msgs:/root/nav_1/install/robot_navigation:/opt/ros/humble /usr/bin/cmake --build /root/nav_1/build/robot_navigation -- -j32 -l32
[1.652s] Invoking command in '/root/nav_1/build/robot_navigation': CMAKE_PREFIX_PATH=/root/nav_1/install/teb_local_planner:/root/nav_1/install/teb_msgs:/root/nav_1/install/costmap_converter:/root/nav_1/install/costmap_converter_msgs:/root/nav_1/install/robot_navigation:/opt/ros/humble /usr/bin/cmake --install /root/nav_1/build/robot_navigation
[1.662s] -- Install configuration: ""
[1.663s] -- Up-to-date: /root/nav_1/install/robot_navigation/lib/robot_navigation/icp_localization
[1.663s] -- Up-to-date: /root/nav_1/install/robot_navigation/share/robot_navigation/launch
[1.663s] -- Installing: /root/nav_1/install/robot_navigation/share/robot_navigation/launch/bringup_launch.py
[1.664s] -- Up-to-date: /root/nav_1/install/robot_navigation/share/robot_navigation/launch/icp_launch.py
[1.664s] -- Up-to-date: /root/nav_1/install/robot_navigation/share/robot_navigation/config
[1.664s] -- Up-to-date: /root/nav_1/install/robot_navigation/share/robot_navigation/config/icp_params.yaml
[1.664s] -- Up-to-date: /root/nav_1/install/robot_navigation/share/robot_navigation/config/map.yaml
[1.665s] -- Up-to-date: /root/nav_1/install/robot_navigation/share/robot_navigation/config/map.pgm
[1.665s] -- Up-to-date: /root/nav_1/install/robot_navigation/share/robot_navigation/config/nav2_params.yaml
[1.665s] -- Up-to-date: /root/nav_1/install/robot_navigation/share/ament_index/resource_index/package_run_dependencies/robot_navigation
[1.665s] -- Up-to-date: /root/nav_1/install/robot_navigation/share/ament_index/resource_index/parent_prefix_path/robot_navigation
[1.665s] -- Up-to-date: /root/nav_1/install/robot_navigation/share/robot_navigation/environment/ament_prefix_path.sh
[1.665s] -- Up-to-date: /root/nav_1/install/robot_navigation/share/robot_navigation/environment/ament_prefix_path.dsv
[1.665s] -- Up-to-date: /root/nav_1/install/robot_navigation/share/robot_navigation/environment/path.sh
[1.665s] -- Up-to-date: /root/nav_1/install/robot_navigation/share/robot_navigation/environment/path.dsv
[1.665s] -- Up-to-date: /root/nav_1/install/robot_navigation/share/robot_navigation/local_setup.bash
[1.665s] -- Up-to-date: /root/nav_1/install/robot_navigation/share/robot_navigation/local_setup.sh
[1.665s] -- Up-to-date: /root/nav_1/install/robot_navigation/share/robot_navigation/local_setup.zsh
[1.665s] -- Up-to-date: /root/nav_1/install/robot_navigation/share/robot_navigation/local_setup.dsv
[1.665s] -- Installing: /root/nav_1/install/robot_navigation/share/robot_navigation/package.dsv
[1.666s] -- Up-to-date: /root/nav_1/install/robot_navigation/share/ament_index/resource_index/packages/robot_navigation
[1.666s] -- Up-to-date: /root/nav_1/install/robot_navigation/share/robot_navigation/cmake/robot_navigationConfig.cmake
[1.666s] -- Up-to-date: /root/nav_1/install/robot_navigation/share/robot_navigation/cmake/robot_navigationConfig-version.cmake
[1.666s] -- Up-to-date: /root/nav_1/install/robot_navigation/share/robot_navigation/package.xml
[1.667s] Invoked command in '/root/nav_1/build/robot_navigation' returned '0': CMAKE_PREFIX_PATH=/root/nav_1/install/teb_local_planner:/root/nav_1/install/teb_msgs:/root/nav_1/install/costmap_converter:/root/nav_1/install/costmap_converter_msgs:/root/nav_1/install/robot_navigation:/opt/ros/humble /usr/bin/cmake --install /root/nav_1/build/robot_navigation
