[1.273s] Invoking command in '/root/nav_1/build/teb_local_planner': AMENT_PREFIX_PATH=/root/nav_1/install/teb_msgs:/root/nav_1/install/costmap_converter:/root/nav_1/install/costmap_converter_msgs:${AMENT_PREFIX_PATH} CMAKE_PREFIX_PATH=/root/nav_1/install/teb_msgs:/root/nav_1/install/costmap_converter:/root/nav_1/install/costmap_converter_msgs:/opt/ros/humble LD_LIBRARY_PATH=/root/nav_1/install/teb_msgs/lib:/root/nav_1/install/costmap_converter/lib:/root/nav_1/install/costmap_converter_msgs/lib:${LD_LIBRARY_PATH} PATH=/root/nav_1/install/costmap_converter/bin:${PATH} PYTHONPATH=/root/nav_1/install/teb_msgs/local/lib/python3.10/dist-packages:/root/nav_1/install/costmap_converter_msgs/local/lib/python3.10/dist-packages:${PYTHONPATH} /usr/bin/cmake --build /root/nav_1/build/teb_local_planner -- -j32 -l32
[1.304s] [35m[1mConsolidate compiler generated dependencies of target teb_local_planner[0m
[1.323s] [ 20%] [32mBuilding CXX object CMakeFiles/teb_local_planner.dir/src/visualization.cpp.o[0m
[1.323s] [ 20%] [32mBuilding CXX object CMakeFiles/teb_local_planner.dir/src/optimal_planner.cpp.o[0m
[1.323s] [ 30%] [32mBuilding CXX object CMakeFiles/teb_local_planner.dir/src/homotopy_class_planner.cpp.o[0m
[1.323s] [ 50%] [32mBuilding CXX object CMakeFiles/teb_local_planner.dir/src/teb_local_planner_ros.cpp.o[0m
[1.323s] [ 50%] [32mBuilding CXX object CMakeFiles/teb_local_planner.dir/src/graph_search.cpp.o[0m
[8.686s] In file included from [01m[K/opt/ros/humble/include/pluginlib/pluginlib/class_loader_imp.hpp:57[m[K,
[8.686s]                  from [01m[K/opt/ros/humble/include/pluginlib/pluginlib/class_loader.hpp:334[m[K,
[8.686s]                  from [01m[K/root/nav_1/src/teb_local_planner/include/teb_local_planner/teb_local_planner_ros.h:42[m[K,
[8.686s]                  from [01m[K/root/nav_1/src/teb_local_planner/src/teb_local_planner_ros.cpp:39[m[K:
[8.686s] [01m[K/root/nav_1/install/costmap_converter/include/costmap_converter/costmap_converter_interface.h:[m[K In member function ‘[01m[Kvoid costmap_converter::BaseCostmapToPolygons::startWorker(rclcpp::GenericRate<std::chrono::_V2::system_clock>::SharedPtr, nav2_costmap_2d::Costmap2D*, bool)[m[K’:
[8.686s] [01m[K/root/nav_1/install/costmap_converter/include/costmap_converter/costmap_converter_interface.h:197:41:[m[K [01;35m[Kwarning: [m[Ktoo many arguments for format [[01;35m[K]8;;https://gcc.gnu.org/onlinedocs/gcc/Warning-Options.html#index-Wformat-extra-args-Wformat-extra-args]8;;[m[K]
[8.686s]   197 |         RCLCPP_DEBUG(nh_->get_logger(), [01;35m[K"costmap_converter"[m[K, "Spinning up a thread for the CostmapToPolygons plugin");
[8.686s]       |                                         [01;35m[K^~~~~~~~~~~~~~~~~~~[m[K
[8.703s] [01m[K/root/nav_1/install/costmap_converter/include/costmap_converter/costmap_converter_interface.h:[m[K In member function ‘[01m[Kvoid costmap_converter::BaseCostmapToDynamicObstacles::loadStaticCostmapConverterPlugin(const string&, rclcpp::Node::SharedPtr)[m[K’:
[8.703s] [01m[K/root/nav_1/install/costmap_converter/include/costmap_converter/costmap_converter_interface.h:313:32:[m[K [01;35m[Kwarning: [m[Kformat ‘[01m[K%s[m[K’ expects argument of type ‘[01m[Kchar*[m[K’, but argument 5 has type ‘[01m[Kconst string[m[K’ {aka ‘[01m[Kconst std::__cxx11::basic_string<char>[m[K’} [[01;35m[K]8;;https://gcc.gnu.org/onlinedocs/gcc/Warning-Options.html#index-Wformat=-Wformat=]8;;[m[K]
[8.703s]   313 |       RCLCPP_INFO(getLogger(), [01;35m[K"CostmapToDynamicObstacles: underlying costmap conversion plugin for static obstacles %s loaded."[m[K, plugin_name);
[8.703s]       |                                [01;35m[K^~~~~~~~~~~~~~~~~~~~~~~~~~~~~~~~~~~~~~~~~~~~~~~~~~~~~~~~~~~~~~~~~~~~~~~~~~~~~~~~~~~~~~~~~~~~~~~~~[m[K
[8.703s] In file included from [01m[K/root/nav_1/src/teb_local_planner/include/teb_local_planner/teb_local_planner_ros.h:68[m[K,
[8.703s]                  from [01m[K/root/nav_1/src/teb_local_planner/src/teb_local_planner_ros.cpp:39[m[K:
[8.703s] [01m[K/root/nav_1/install/costmap_converter/include/costmap_converter/costmap_converter_interface.h:313:119:[m[K [01;36m[Knote: [m[Kformat string is defined here
[8.704s]   313 |       RCLCPP_INFO(getLogger(), "CostmapToDynamicObstacles: underlying costmap conversion plugin for static obstacles [01;36m[K%s[m[K loaded.", plugin_name);
[8.704s]       |                                                                                                                      [01;36m[K~^[m[K
[8.704s]       |                                                                                                                       [01;36m[K|[m[K
[8.704s]       |                                                                                                                       [01;36m[Kchar*[m[K
[72.257s] [ 60%] [32m[1mLinking CXX shared library libteb_local_planner.so[0m
[73.435s] [100%] Built target teb_local_planner
[73.524s] Invoked command in '/root/nav_1/build/teb_local_planner' returned '0': AMENT_PREFIX_PATH=/root/nav_1/install/teb_msgs:/root/nav_1/install/costmap_converter:/root/nav_1/install/costmap_converter_msgs:${AMENT_PREFIX_PATH} CMAKE_PREFIX_PATH=/root/nav_1/install/teb_msgs:/root/nav_1/install/costmap_converter:/root/nav_1/install/costmap_converter_msgs:/opt/ros/humble LD_LIBRARY_PATH=/root/nav_1/install/teb_msgs/lib:/root/nav_1/install/costmap_converter/lib:/root/nav_1/install/costmap_converter_msgs/lib:${LD_LIBRARY_PATH} PATH=/root/nav_1/install/costmap_converter/bin:${PATH} PYTHONPATH=/root/nav_1/install/teb_msgs/local/lib/python3.10/dist-packages:/root/nav_1/install/costmap_converter_msgs/local/lib/python3.10/dist-packages:${PYTHONPATH} /usr/bin/cmake --build /root/nav_1/build/teb_local_planner -- -j32 -l32
[73.611s] Invoking command in '/root/nav_1/build/teb_local_planner': AMENT_PREFIX_PATH=/root/nav_1/install/teb_msgs:/root/nav_1/install/costmap_converter:/root/nav_1/install/costmap_converter_msgs:${AMENT_PREFIX_PATH} CMAKE_PREFIX_PATH=/root/nav_1/install/teb_msgs:/root/nav_1/install/costmap_converter:/root/nav_1/install/costmap_converter_msgs:/opt/ros/humble LD_LIBRARY_PATH=/root/nav_1/install/teb_msgs/lib:/root/nav_1/install/costmap_converter/lib:/root/nav_1/install/costmap_converter_msgs/lib:${LD_LIBRARY_PATH} PATH=/root/nav_1/install/costmap_converter/bin:${PATH} PYTHONPATH=/root/nav_1/install/teb_msgs/local/lib/python3.10/dist-packages:/root/nav_1/install/costmap_converter_msgs/local/lib/python3.10/dist-packages:${PYTHONPATH} /usr/bin/cmake --install /root/nav_1/build/teb_local_planner
[73.614s] -- Install configuration: "Release"
[73.614s] -- Installing: /root/nav_1/install/teb_local_planner/lib/libteb_local_planner.so
[73.614s] -- Set runtime path of "/root/nav_1/install/teb_local_planner/lib/libteb_local_planner.so" to ""
[73.615s] -- Installing: /root/nav_1/install/teb_local_planner/include/
[73.615s] -- Installing: /root/nav_1/install/teb_local_planner/include//teb_local_planner
[73.617s] -- Installing: /root/nav_1/install/teb_local_planner/include//teb_local_planner/timed_elastic_band.hpp
[73.617s] -- Installing: /root/nav_1/install/teb_local_planner/include//teb_local_planner/planner_interface.h
[73.617s] -- Installing: /root/nav_1/install/teb_local_planner/include//teb_local_planner/visualization.h
[73.617s] -- Installing: /root/nav_1/install/teb_local_planner/include//teb_local_planner/misc.h
[73.618s] -- Installing: /root/nav_1/install/teb_local_planner/include//teb_local_planner/recovery_behaviors.h
[73.618s] -- Installing: /root/nav_1/install/teb_local_planner/include//teb_local_planner/teb_local_planner_ros.h
[73.618s] -- Installing: /root/nav_1/install/teb_local_planner/include//teb_local_planner/visualization.hpp
[73.618s] -- Installing: /root/nav_1/install/teb_local_planner/include//teb_local_planner/g2o_types
[73.620s] -- Installing: /root/nav_1/install/teb_local_planner/include//teb_local_planner/g2o_types/edge_prefer_rotdir.h
[73.620s] -- Installing: /root/nav_1/install/teb_local_planner/include//teb_local_planner/g2o_types/edge_kinematics.h
[73.620s] -- Installing: /root/nav_1/install/teb_local_planner/include//teb_local_planner/g2o_types/edge_shortest_path.h
[73.620s] -- Installing: /root/nav_1/install/teb_local_planner/include//teb_local_planner/g2o_types/penalties.h
[73.621s] -- Installing: /root/nav_1/install/teb_local_planner/include//teb_local_planner/g2o_types/edge_obstacle.h
[73.621s] -- Installing: /root/nav_1/install/teb_local_planner/include//teb_local_planner/g2o_types/edge_via_point.h
[73.621s] -- Installing: /root/nav_1/install/teb_local_planner/include//teb_local_planner/g2o_types/base_teb_edges.h
[73.621s] -- Installing: /root/nav_1/install/teb_local_planner/include//teb_local_planner/g2o_types/vertex_pose.h
[73.622s] -- Installing: /root/nav_1/install/teb_local_planner/include//teb_local_planner/g2o_types/vertex_timediff.h
[73.622s] -- Installing: /root/nav_1/install/teb_local_planner/include//teb_local_planner/g2o_types/edge_velocity.h
[73.622s] -- Installing: /root/nav_1/install/teb_local_planner/include//teb_local_planner/g2o_types/edge_velocity_obstacle_ratio.h
[73.622s] -- Installing: /root/nav_1/install/teb_local_planner/include//teb_local_planner/g2o_types/edge_acceleration.h
[73.623s] -- Installing: /root/nav_1/install/teb_local_planner/include//teb_local_planner/g2o_types/edge_time_optimal.h
[73.623s] -- Installing: /root/nav_1/install/teb_local_planner/include//teb_local_planner/g2o_types/edge_dynamic_obstacle.h
[73.624s] -- Installing: /root/nav_1/install/teb_local_planner/include//teb_local_planner/distance_calculations.h
[73.624s] -- Installing: /root/nav_1/install/teb_local_planner/include//teb_local_planner/timed_elastic_band.h
[73.624s] -- Installing: /root/nav_1/install/teb_local_planner/include//teb_local_planner/h_signature.h
[73.625s] -- Installing: /root/nav_1/install/teb_local_planner/include//teb_local_planner/homotopy_class_planner.h
[73.625s] -- Installing: /root/nav_1/install/teb_local_planner/include//teb_local_planner/teb_config.h
[73.626s] -- Installing: /root/nav_1/install/teb_local_planner/include//teb_local_planner/robot_footprint_model.h
[73.626s] -- Installing: /root/nav_1/install/teb_local_planner/include//teb_local_planner/equivalence_relations.h
[73.626s] -- Installing: /root/nav_1/install/teb_local_planner/include//teb_local_planner/pose_se2.h
[73.627s] -- Installing: /root/nav_1/install/teb_local_planner/include//teb_local_planner/homotopy_class_planner.hpp
[73.627s] -- Installing: /root/nav_1/install/teb_local_planner/include//teb_local_planner/obstacles.h
[73.627s] -- Installing: /root/nav_1/install/teb_local_planner/include//teb_local_planner/optimal_planner.h
[73.628s] -- Installing: /root/nav_1/install/teb_local_planner/include//teb_local_planner/graph_search.h
[73.628s] -- Installing: /root/nav_1/install/teb_local_planner/share/teb_local_planner_plugin.xml
[73.629s] -- Installing: /root/nav_1/install/teb_local_planner/lib/teb_local_planner/cmd_vel_to_ackermann_drive.py
[73.629s] -- Installing: /root/nav_1/install/teb_local_planner/share/teb_local_planner/params
[73.630s] -- Installing: /root/nav_1/install/teb_local_planner/share/teb_local_planner/params/teb_params.yaml
[73.632s] -- Installing: /root/nav_1/install/teb_local_planner/share/teb_local_planner/environment/library_path.sh
[73.633s] -- Installing: /root/nav_1/install/teb_local_planner/share/teb_local_planner/environment/library_path.dsv
[73.633s] -- Installing: /root/nav_1/install/teb_local_planner/share/teb_local_planner/teb_local_planner_plugin.xml
[73.634s] -- Installing: /root/nav_1/install/teb_local_planner/share/ament_index/resource_index/package_run_dependencies/teb_local_planner
[73.635s] -- Installing: /root/nav_1/install/teb_local_planner/share/ament_index/resource_index/parent_prefix_path/teb_local_planner
[73.637s] -- Installing: /root/nav_1/install/teb_local_planner/share/teb_local_planner/environment/ament_prefix_path.sh
[73.637s] -- Installing: /root/nav_1/install/teb_local_planner/share/teb_local_planner/environment/ament_prefix_path.dsv
[73.638s] -- Installing: /root/nav_1/install/teb_local_planner/share/teb_local_planner/environment/path.sh
[73.638s] -- Installing: /root/nav_1/install/teb_local_planner/share/teb_local_planner/environment/path.dsv
[73.638s] -- Installing: /root/nav_1/install/teb_local_planner/share/teb_local_planner/local_setup.bash
[73.639s] -- Installing: /root/nav_1/install/teb_local_planner/share/teb_local_planner/local_setup.sh
[73.639s] -- Installing: /root/nav_1/install/teb_local_planner/share/teb_local_planner/local_setup.zsh
[73.639s] -- Installing: /root/nav_1/install/teb_local_planner/share/teb_local_planner/local_setup.dsv
[73.639s] -- Installing: /root/nav_1/install/teb_local_planner/share/teb_local_planner/package.dsv
[73.640s] -- Installing: /root/nav_1/install/teb_local_planner/share/ament_index/resource_index/packages/teb_local_planner
[73.640s] -- Installing: /root/nav_1/install/teb_local_planner/share/ament_index/resource_index/nav2_core__pluginlib__plugin/teb_local_planner
[73.641s] -- Installing: /root/nav_1/install/teb_local_planner/share/teb_local_planner/cmake/ament_cmake_export_include_directories-extras.cmake
[73.641s] -- Installing: /root/nav_1/install/teb_local_planner/share/teb_local_planner/cmake/ament_cmake_export_libraries-extras.cmake
[73.642s] -- Installing: /root/nav_1/install/teb_local_planner/share/teb_local_planner/cmake/ament_cmake_export_dependencies-extras.cmake
[73.642s] -- Installing: /root/nav_1/install/teb_local_planner/share/teb_local_planner/cmake/teb_local_plannerConfig.cmake
[73.642s] -- Installing: /root/nav_1/install/teb_local_planner/share/teb_local_planner/cmake/teb_local_plannerConfig-version.cmake
[73.642s] -- Installing: /root/nav_1/install/teb_local_planner/share/teb_local_planner/package.xml
[73.648s] Invoked command in '/root/nav_1/build/teb_local_planner' returned '0': AMENT_PREFIX_PATH=/root/nav_1/install/teb_msgs:/root/nav_1/install/costmap_converter:/root/nav_1/install/costmap_converter_msgs:${AMENT_PREFIX_PATH} CMAKE_PREFIX_PATH=/root/nav_1/install/teb_msgs:/root/nav_1/install/costmap_converter:/root/nav_1/install/costmap_converter_msgs:/opt/ros/humble LD_LIBRARY_PATH=/root/nav_1/install/teb_msgs/lib:/root/nav_1/install/costmap_converter/lib:/root/nav_1/install/costmap_converter_msgs/lib:${LD_LIBRARY_PATH} PATH=/root/nav_1/install/costmap_converter/bin:${PATH} PYTHONPATH=/root/nav_1/install/teb_msgs/local/lib/python3.10/dist-packages:/root/nav_1/install/costmap_converter_msgs/local/lib/python3.10/dist-packages:${PYTHONPATH} /usr/bin/cmake --install /root/nav_1/build/teb_local_planner
