[1.335s] DEBUG:colcon:Command line arguments: ['/usr/local/bin/colcon', 'build']
[1.335s] DEBUG:colcon:Parsed command line arguments: Namespace(log_base=None, log_level=None, verb_name='build', build_base='build', install_base='install', merge_install=False, symlink_install=False, test_result_base=None, continue_on_error=False, executor='parallel', parallel_workers=32, event_handlers=None, ignore_user_meta=False, metas=['./colcon.meta'], base_paths=['.'], packages_ignore=None, packages_ignore_regex=None, paths=None, packages_up_to=None, packages_up_to_regex=None, packages_above=None, packages_above_and_dependencies=None, packages_above_depth=None, packages_select_by_dep=None, packages_skip_by_dep=None, packages_skip_up_to=None, packages_select_build_failed=False, packages_skip_build_finished=False, packages_select_test_failures=False, packages_skip_test_passed=False, packages_select=None, packages_skip=None, packages_select_regex=None, packages_skip_regex=None, packages_start=None, packages_end=None, allow_overriding=[], cmake_args=None, cmake_target=None, cmake_target_skip_unavailable=False, cmake_clean_cache=False, cmake_clean_first=False, cmake_force_configure=False, ament_cmake_args=None, catkin_cmake_args=None, catkin_skip_building_tests=False, verb_parser=<colcon_defaults.argument_parser.defaults.DefaultArgumentsDecorator object at 0x7f8d13ee3970>, verb_extension=<colcon_core.verb.build.BuildVerb object at 0x7f8d14355cf0>, main=<bound method BuildVerb.main of <colcon_core.verb.build.BuildVerb object at 0x7f8d14355cf0>>)
[1.358s] Level 1:colcon.colcon_core.package_discovery:discover_packages(colcon_meta) check parameters
[1.358s] Level 1:colcon.colcon_core.package_discovery:discover_packages(recursive) check parameters
[1.358s] Level 1:colcon.colcon_core.package_discovery:discover_packages(ignore) check parameters
[1.358s] Level 1:colcon.colcon_core.package_discovery:discover_packages(path) check parameters
[1.358s] Level 1:colcon.colcon_core.package_discovery:discover_packages(colcon_meta) discover
[1.358s] Level 1:colcon.colcon_core.package_discovery:discover_packages(recursive) discover
[1.358s] INFO:colcon.colcon_core.package_discovery:Crawling recursively for packages in '/root/nav_1'
[1.358s] Level 1:colcon.colcon_core.package_identification:_identify(.) by extensions ['ignore', 'ignore_ament_install']
[1.358s] Level 1:colcon.colcon_core.package_identification:_identify(.) by extension 'ignore'
[1.358s] Level 1:colcon.colcon_core.package_identification:_identify(.) by extension 'ignore_ament_install'
[1.358s] Level 1:colcon.colcon_core.package_identification:_identify(.) by extensions ['colcon_pkg']
[1.358s] Level 1:colcon.colcon_core.package_identification:_identify(.) by extension 'colcon_pkg'
[1.358s] Level 1:colcon.colcon_core.package_identification:_identify(.) by extensions ['colcon_meta']
[1.358s] Level 1:colcon.colcon_core.package_identification:_identify(.) by extension 'colcon_meta'
[1.358s] Level 1:colcon.colcon_core.package_identification:_identify(.) by extensions ['ros']
[1.358s] Level 1:colcon.colcon_core.package_identification:_identify(.) by extension 'ros'
[1.364s] Level 1:colcon.colcon_core.package_identification:_identify(.) by extensions ['cmake', 'python']
[1.364s] Level 1:colcon.colcon_core.package_identification:_identify(.) by extension 'cmake'
[1.364s] Level 1:colcon.colcon_core.package_identification:_identify(.) by extension 'python'
[1.364s] Level 1:colcon.colcon_core.package_identification:_identify(.) by extensions ['python_setup_py']
[1.364s] Level 1:colcon.colcon_core.package_identification:_identify(.) by extension 'python_setup_py'
[1.364s] Level 1:colcon.colcon_core.package_identification:_identify(build) by extensions ['ignore', 'ignore_ament_install']
[1.364s] Level 1:colcon.colcon_core.package_identification:_identify(build) by extension 'ignore'
[1.364s] Level 1:colcon.colcon_core.package_identification:_identify(build) ignored
[1.364s] Level 1:colcon.colcon_core.package_identification:_identify(install) by extensions ['ignore', 'ignore_ament_install']
[1.364s] Level 1:colcon.colcon_core.package_identification:_identify(install) by extension 'ignore'
[1.364s] Level 1:colcon.colcon_core.package_identification:_identify(install) ignored
[1.364s] Level 1:colcon.colcon_core.package_identification:_identify(log) by extensions ['ignore', 'ignore_ament_install']
[1.364s] Level 1:colcon.colcon_core.package_identification:_identify(log) by extension 'ignore'
[1.364s] Level 1:colcon.colcon_core.package_identification:_identify(log) ignored
[1.364s] Level 1:colcon.colcon_core.package_identification:_identify(src) by extensions ['ignore', 'ignore_ament_install']
[1.364s] Level 1:colcon.colcon_core.package_identification:_identify(src) by extension 'ignore'
[1.364s] Level 1:colcon.colcon_core.package_identification:_identify(src) by extension 'ignore_ament_install'
[1.364s] Level 1:colcon.colcon_core.package_identification:_identify(src) by extensions ['colcon_pkg']
[1.364s] Level 1:colcon.colcon_core.package_identification:_identify(src) by extension 'colcon_pkg'
[1.364s] Level 1:colcon.colcon_core.package_identification:_identify(src) by extensions ['colcon_meta']
[1.364s] Level 1:colcon.colcon_core.package_identification:_identify(src) by extension 'colcon_meta'
[1.364s] Level 1:colcon.colcon_core.package_identification:_identify(src) by extensions ['ros']
[1.364s] Level 1:colcon.colcon_core.package_identification:_identify(src) by extension 'ros'
[1.364s] Level 1:colcon.colcon_core.package_identification:_identify(src) by extensions ['cmake', 'python']
[1.364s] Level 1:colcon.colcon_core.package_identification:_identify(src) by extension 'cmake'
[1.364s] Level 1:colcon.colcon_core.package_identification:_identify(src) by extension 'python'
[1.364s] Level 1:colcon.colcon_core.package_identification:_identify(src) by extensions ['python_setup_py']
[1.364s] Level 1:colcon.colcon_core.package_identification:_identify(src) by extension 'python_setup_py'
[1.364s] Level 1:colcon.colcon_core.package_identification:_identify(src/costmap_converter) by extensions ['ignore', 'ignore_ament_install']
[1.365s] Level 1:colcon.colcon_core.package_identification:_identify(src/costmap_converter) by extension 'ignore'
[1.365s] Level 1:colcon.colcon_core.package_identification:_identify(src/costmap_converter) by extension 'ignore_ament_install'
[1.365s] Level 1:colcon.colcon_core.package_identification:_identify(src/costmap_converter) by extensions ['colcon_pkg']
[1.365s] Level 1:colcon.colcon_core.package_identification:_identify(src/costmap_converter) by extension 'colcon_pkg'
[1.365s] Level 1:colcon.colcon_core.package_identification:_identify(src/costmap_converter) by extensions ['colcon_meta']
[1.365s] Level 1:colcon.colcon_core.package_identification:_identify(src/costmap_converter) by extension 'colcon_meta'
[1.365s] Level 1:colcon.colcon_core.package_identification:_identify(src/costmap_converter) by extensions ['ros']
[1.365s] Level 1:colcon.colcon_core.package_identification:_identify(src/costmap_converter) by extension 'ros'
[1.366s] DEBUG:colcon.colcon_core.package_identification:Package 'src/costmap_converter' with type 'ros.ament_cmake' and name 'costmap_converter'
[1.366s] Level 1:colcon.colcon_core.package_identification:_identify(src/costmap_converter_msgs) by extensions ['ignore', 'ignore_ament_install']
[1.366s] Level 1:colcon.colcon_core.package_identification:_identify(src/costmap_converter_msgs) by extension 'ignore'
[1.366s] Level 1:colcon.colcon_core.package_identification:_identify(src/costmap_converter_msgs) by extension 'ignore_ament_install'
[1.366s] Level 1:colcon.colcon_core.package_identification:_identify(src/costmap_converter_msgs) by extensions ['colcon_pkg']
[1.366s] Level 1:colcon.colcon_core.package_identification:_identify(src/costmap_converter_msgs) by extension 'colcon_pkg'
[1.366s] Level 1:colcon.colcon_core.package_identification:_identify(src/costmap_converter_msgs) by extensions ['colcon_meta']
[1.366s] Level 1:colcon.colcon_core.package_identification:_identify(src/costmap_converter_msgs) by extension 'colcon_meta'
[1.366s] Level 1:colcon.colcon_core.package_identification:_identify(src/costmap_converter_msgs) by extensions ['ros']
[1.366s] Level 1:colcon.colcon_core.package_identification:_identify(src/costmap_converter_msgs) by extension 'ros'
[1.367s] DEBUG:colcon.colcon_core.package_identification:Package 'src/costmap_converter_msgs' with type 'ros.ament_cmake' and name 'costmap_converter_msgs'
[1.367s] Level 1:colcon.colcon_core.package_identification:_identify(src/robot_navigation) by extensions ['ignore', 'ignore_ament_install']
[1.367s] Level 1:colcon.colcon_core.package_identification:_identify(src/robot_navigation) by extension 'ignore'
[1.367s] Level 1:colcon.colcon_core.package_identification:_identify(src/robot_navigation) by extension 'ignore_ament_install'
[1.367s] Level 1:colcon.colcon_core.package_identification:_identify(src/robot_navigation) by extensions ['colcon_pkg']
[1.367s] Level 1:colcon.colcon_core.package_identification:_identify(src/robot_navigation) by extension 'colcon_pkg'
[1.367s] Level 1:colcon.colcon_core.package_identification:_identify(src/robot_navigation) by extensions ['colcon_meta']
[1.367s] Level 1:colcon.colcon_core.package_identification:_identify(src/robot_navigation) by extension 'colcon_meta'
[1.367s] Level 1:colcon.colcon_core.package_identification:_identify(src/robot_navigation) by extensions ['ros']
[1.367s] Level 1:colcon.colcon_core.package_identification:_identify(src/robot_navigation) by extension 'ros'
[1.367s] DEBUG:colcon.colcon_core.package_identification:Package 'src/robot_navigation' with type 'ros.ament_cmake' and name 'robot_navigation'
[1.367s] Level 1:colcon.colcon_core.package_identification:_identify(src/teb_local_planner) by extensions ['ignore', 'ignore_ament_install']
[1.367s] Level 1:colcon.colcon_core.package_identification:_identify(src/teb_local_planner) by extension 'ignore'
[1.367s] Level 1:colcon.colcon_core.package_identification:_identify(src/teb_local_planner) by extension 'ignore_ament_install'
[1.367s] Level 1:colcon.colcon_core.package_identification:_identify(src/teb_local_planner) by extensions ['colcon_pkg']
[1.367s] Level 1:colcon.colcon_core.package_identification:_identify(src/teb_local_planner) by extension 'colcon_pkg'
[1.367s] Level 1:colcon.colcon_core.package_identification:_identify(src/teb_local_planner) by extensions ['colcon_meta']
[1.367s] Level 1:colcon.colcon_core.package_identification:_identify(src/teb_local_planner) by extension 'colcon_meta'
[1.367s] Level 1:colcon.colcon_core.package_identification:_identify(src/teb_local_planner) by extensions ['ros']
[1.367s] Level 1:colcon.colcon_core.package_identification:_identify(src/teb_local_planner) by extension 'ros'
[1.368s] DEBUG:colcon.colcon_core.package_identification:Package 'src/teb_local_planner' with type 'ros.ament_cmake' and name 'teb_local_planner'
[1.369s] Level 1:colcon.colcon_core.package_identification:_identify(src/teb_msgs) by extensions ['ignore', 'ignore_ament_install']
[1.369s] Level 1:colcon.colcon_core.package_identification:_identify(src/teb_msgs) by extension 'ignore'
[1.369s] Level 1:colcon.colcon_core.package_identification:_identify(src/teb_msgs) by extension 'ignore_ament_install'
[1.369s] Level 1:colcon.colcon_core.package_identification:_identify(src/teb_msgs) by extensions ['colcon_pkg']
[1.369s] Level 1:colcon.colcon_core.package_identification:_identify(src/teb_msgs) by extension 'colcon_pkg'
[1.369s] Level 1:colcon.colcon_core.package_identification:_identify(src/teb_msgs) by extensions ['colcon_meta']
[1.369s] Level 1:colcon.colcon_core.package_identification:_identify(src/teb_msgs) by extension 'colcon_meta'
[1.369s] Level 1:colcon.colcon_core.package_identification:_identify(src/teb_msgs) by extensions ['ros']
[1.369s] Level 1:colcon.colcon_core.package_identification:_identify(src/teb_msgs) by extension 'ros'
[1.369s] DEBUG:colcon.colcon_core.package_identification:Package 'src/teb_msgs' with type 'ros.ament_cmake' and name 'teb_msgs'
[1.369s] Level 1:colcon.colcon_core.package_discovery:discover_packages(recursive) using defaults
[1.369s] Level 1:colcon.colcon_core.package_discovery:discover_packages(ignore) discover
[1.369s] Level 1:colcon.colcon_core.package_discovery:discover_packages(ignore) using defaults
[1.369s] Level 1:colcon.colcon_core.package_discovery:discover_packages(path) discover
[1.369s] Level 1:colcon.colcon_core.package_discovery:discover_packages(path) using defaults
[1.410s] Level 1:colcon.colcon_core.package_discovery:discover_packages(prefix_path) check parameters
[1.411s] Level 1:colcon.colcon_core.package_discovery:discover_packages(prefix_path) discover
[1.423s] DEBUG:colcon.colcon_installed_package_information.package_discovery:Found 428 installed packages in /opt/ros/humble
[1.424s] Level 1:colcon.colcon_core.package_discovery:discover_packages(prefix_path) using defaults
[1.467s] Level 5:colcon.colcon_core.verb:set package 'costmap_converter_msgs' build argument 'cmake_args' from command line to 'None'
[1.467s] Level 5:colcon.colcon_core.verb:set package 'costmap_converter_msgs' build argument 'cmake_target' from command line to 'None'
[1.467s] Level 5:colcon.colcon_core.verb:set package 'costmap_converter_msgs' build argument 'cmake_target_skip_unavailable' from command line to 'False'
[1.467s] Level 5:colcon.colcon_core.verb:set package 'costmap_converter_msgs' build argument 'cmake_clean_cache' from command line to 'False'
[1.467s] Level 5:colcon.colcon_core.verb:set package 'costmap_converter_msgs' build argument 'cmake_clean_first' from command line to 'False'
[1.467s] Level 5:colcon.colcon_core.verb:set package 'costmap_converter_msgs' build argument 'cmake_force_configure' from command line to 'False'
[1.467s] Level 5:colcon.colcon_core.verb:set package 'costmap_converter_msgs' build argument 'ament_cmake_args' from command line to 'None'
[1.467s] Level 5:colcon.colcon_core.verb:set package 'costmap_converter_msgs' build argument 'catkin_cmake_args' from command line to 'None'
[1.467s] Level 5:colcon.colcon_core.verb:set package 'costmap_converter_msgs' build argument 'catkin_skip_building_tests' from command line to 'False'
[1.467s] DEBUG:colcon.colcon_core.verb:Building package 'costmap_converter_msgs' with the following arguments: {'ament_cmake_args': None, 'build_base': '/root/nav_1/build/costmap_converter_msgs', 'catkin_cmake_args': None, 'catkin_skip_building_tests': False, 'cmake_args': None, 'cmake_clean_cache': False, 'cmake_clean_first': False, 'cmake_force_configure': False, 'cmake_target': None, 'cmake_target_skip_unavailable': False, 'install_base': '/root/nav_1/install/costmap_converter_msgs', 'merge_install': False, 'path': '/root/nav_1/src/costmap_converter_msgs', 'symlink_install': False, 'test_result_base': None}
[1.473s] Level 5:colcon.colcon_core.verb:set package 'costmap_converter' build argument 'cmake_args' from command line to 'None'
[1.473s] Level 5:colcon.colcon_core.verb:set package 'costmap_converter' build argument 'cmake_target' from command line to 'None'
[1.473s] Level 5:colcon.colcon_core.verb:set package 'costmap_converter' build argument 'cmake_target_skip_unavailable' from command line to 'False'
[1.473s] Level 5:colcon.colcon_core.verb:set package 'costmap_converter' build argument 'cmake_clean_cache' from command line to 'False'
[1.473s] Level 5:colcon.colcon_core.verb:set package 'costmap_converter' build argument 'cmake_clean_first' from command line to 'False'
[1.473s] Level 5:colcon.colcon_core.verb:set package 'costmap_converter' build argument 'cmake_force_configure' from command line to 'False'
[1.473s] Level 5:colcon.colcon_core.verb:set package 'costmap_converter' build argument 'ament_cmake_args' from command line to 'None'
[1.473s] Level 5:colcon.colcon_core.verb:set package 'costmap_converter' build argument 'catkin_cmake_args' from command line to 'None'
[1.473s] Level 5:colcon.colcon_core.verb:set package 'costmap_converter' build argument 'catkin_skip_building_tests' from command line to 'False'
[1.473s] DEBUG:colcon.colcon_core.verb:Building package 'costmap_converter' with the following arguments: {'ament_cmake_args': None, 'build_base': '/root/nav_1/build/costmap_converter', 'catkin_cmake_args': None, 'catkin_skip_building_tests': False, 'cmake_args': None, 'cmake_clean_cache': False, 'cmake_clean_first': False, 'cmake_force_configure': False, 'cmake_target': None, 'cmake_target_skip_unavailable': False, 'install_base': '/root/nav_1/install/costmap_converter', 'merge_install': False, 'path': '/root/nav_1/src/costmap_converter', 'symlink_install': False, 'test_result_base': None}
[1.480s] Level 5:colcon.colcon_core.verb:set package 'teb_msgs' build argument 'cmake_args' from command line to 'None'
[1.480s] Level 5:colcon.colcon_core.verb:set package 'teb_msgs' build argument 'cmake_target' from command line to 'None'
[1.480s] Level 5:colcon.colcon_core.verb:set package 'teb_msgs' build argument 'cmake_target_skip_unavailable' from command line to 'False'
[1.480s] Level 5:colcon.colcon_core.verb:set package 'teb_msgs' build argument 'cmake_clean_cache' from command line to 'False'
[1.480s] Level 5:colcon.colcon_core.verb:set package 'teb_msgs' build argument 'cmake_clean_first' from command line to 'False'
[1.480s] Level 5:colcon.colcon_core.verb:set package 'teb_msgs' build argument 'cmake_force_configure' from command line to 'False'
[1.480s] Level 5:colcon.colcon_core.verb:set package 'teb_msgs' build argument 'ament_cmake_args' from command line to 'None'
[1.480s] Level 5:colcon.colcon_core.verb:set package 'teb_msgs' build argument 'catkin_cmake_args' from command line to 'None'
[1.480s] Level 5:colcon.colcon_core.verb:set package 'teb_msgs' build argument 'catkin_skip_building_tests' from command line to 'False'
[1.480s] DEBUG:colcon.colcon_core.verb:Building package 'teb_msgs' with the following arguments: {'ament_cmake_args': None, 'build_base': '/root/nav_1/build/teb_msgs', 'catkin_cmake_args': None, 'catkin_skip_building_tests': False, 'cmake_args': None, 'cmake_clean_cache': False, 'cmake_clean_first': False, 'cmake_force_configure': False, 'cmake_target': None, 'cmake_target_skip_unavailable': False, 'install_base': '/root/nav_1/install/teb_msgs', 'merge_install': False, 'path': '/root/nav_1/src/teb_msgs', 'symlink_install': False, 'test_result_base': None}
[1.485s] Level 5:colcon.colcon_core.verb:set package 'teb_local_planner' build argument 'cmake_args' from command line to 'None'
[1.485s] Level 5:colcon.colcon_core.verb:set package 'teb_local_planner' build argument 'cmake_target' from command line to 'None'
[1.485s] Level 5:colcon.colcon_core.verb:set package 'teb_local_planner' build argument 'cmake_target_skip_unavailable' from command line to 'False'
[1.485s] Level 5:colcon.colcon_core.verb:set package 'teb_local_planner' build argument 'cmake_clean_cache' from command line to 'False'
[1.485s] Level 5:colcon.colcon_core.verb:set package 'teb_local_planner' build argument 'cmake_clean_first' from command line to 'False'
[1.485s] Level 5:colcon.colcon_core.verb:set package 'teb_local_planner' build argument 'cmake_force_configure' from command line to 'False'
[1.485s] Level 5:colcon.colcon_core.verb:set package 'teb_local_planner' build argument 'ament_cmake_args' from command line to 'None'
[1.485s] Level 5:colcon.colcon_core.verb:set package 'teb_local_planner' build argument 'catkin_cmake_args' from command line to 'None'
[1.485s] Level 5:colcon.colcon_core.verb:set package 'teb_local_planner' build argument 'catkin_skip_building_tests' from command line to 'False'
[1.485s] DEBUG:colcon.colcon_core.verb:Building package 'teb_local_planner' with the following arguments: {'ament_cmake_args': None, 'build_base': '/root/nav_1/build/teb_local_planner', 'catkin_cmake_args': None, 'catkin_skip_building_tests': False, 'cmake_args': None, 'cmake_clean_cache': False, 'cmake_clean_first': False, 'cmake_force_configure': False, 'cmake_target': None, 'cmake_target_skip_unavailable': False, 'install_base': '/root/nav_1/install/teb_local_planner', 'merge_install': False, 'path': '/root/nav_1/src/teb_local_planner', 'symlink_install': False, 'test_result_base': None}
[1.491s] Level 5:colcon.colcon_core.verb:set package 'robot_navigation' build argument 'cmake_args' from command line to 'None'
[1.491s] Level 5:colcon.colcon_core.verb:set package 'robot_navigation' build argument 'cmake_target' from command line to 'None'
[1.491s] Level 5:colcon.colcon_core.verb:set package 'robot_navigation' build argument 'cmake_target_skip_unavailable' from command line to 'False'
[1.491s] Level 5:colcon.colcon_core.verb:set package 'robot_navigation' build argument 'cmake_clean_cache' from command line to 'False'
[1.491s] Level 5:colcon.colcon_core.verb:set package 'robot_navigation' build argument 'cmake_clean_first' from command line to 'False'
[1.491s] Level 5:colcon.colcon_core.verb:set package 'robot_navigation' build argument 'cmake_force_configure' from command line to 'False'
[1.491s] Level 5:colcon.colcon_core.verb:set package 'robot_navigation' build argument 'ament_cmake_args' from command line to 'None'
[1.491s] Level 5:colcon.colcon_core.verb:set package 'robot_navigation' build argument 'catkin_cmake_args' from command line to 'None'
[1.491s] Level 5:colcon.colcon_core.verb:set package 'robot_navigation' build argument 'catkin_skip_building_tests' from command line to 'False'
[1.491s] DEBUG:colcon.colcon_core.verb:Building package 'robot_navigation' with the following arguments: {'ament_cmake_args': None, 'build_base': '/root/nav_1/build/robot_navigation', 'catkin_cmake_args': None, 'catkin_skip_building_tests': False, 'cmake_args': None, 'cmake_clean_cache': False, 'cmake_clean_first': False, 'cmake_force_configure': False, 'cmake_target': None, 'cmake_target_skip_unavailable': False, 'install_base': '/root/nav_1/install/robot_navigation', 'merge_install': False, 'path': '/root/nav_1/src/robot_navigation', 'symlink_install': False, 'test_result_base': None}
[1.497s] INFO:colcon.colcon_core.executor:Executing jobs using 'parallel' executor
[1.504s] DEBUG:colcon.colcon_parallel_executor.executor.parallel:run_until_complete
[1.504s] INFO:colcon.colcon_ros.task.ament_cmake.build:Building ROS package in '/root/nav_1/src/costmap_converter_msgs' with build type 'ament_cmake'
[1.504s] INFO:colcon.colcon_cmake.task.cmake.build:Building CMake package in '/root/nav_1/src/costmap_converter_msgs'
[1.511s] INFO:colcon.colcon_core.plugin_system:Skipping extension 'colcon_core.shell.bat': Not used on non-Windows systems
[1.511s] INFO:colcon.colcon_core.shell:Skip shell extension 'powershell' for command environment: Not usable outside of PowerShell
[1.511s] DEBUG:colcon.colcon_core.shell:Skip shell extension 'dsv' for command environment
[1.529s] DEBUG:colcon.colcon_core.event_handler.log_command:Invoking command in '/root/nav_1/build/costmap_converter_msgs': CMAKE_PREFIX_PATH=/opt/ros/humble /usr/bin/cmake /root/nav_1/src/costmap_converter_msgs -DCMAKE_INSTALL_PREFIX=/root/nav_1/install/costmap_converter_msgs
[7.794s] DEBUG:colcon.colcon_core.event_handler.log_command:Invoked command in '/root/nav_1/build/costmap_converter_msgs' returned '0': CMAKE_PREFIX_PATH=/opt/ros/humble /usr/bin/cmake /root/nav_1/src/costmap_converter_msgs -DCMAKE_INSTALL_PREFIX=/root/nav_1/install/costmap_converter_msgs
[7.795s] DEBUG:colcon.colcon_core.event_handler.log_command:Invoking command in '/root/nav_1/build/costmap_converter_msgs': CMAKE_PREFIX_PATH=/opt/ros/humble /usr/bin/cmake --build /root/nav_1/build/costmap_converter_msgs -- -j32 -l32
[9.843s] DEBUG:colcon.colcon_core.event_handler.log_command:Invoked command in '/root/nav_1/build/costmap_converter_msgs' returned '0': CMAKE_PREFIX_PATH=/opt/ros/humble /usr/bin/cmake --build /root/nav_1/build/costmap_converter_msgs -- -j32 -l32
[9.889s] DEBUG:colcon.colcon_core.event_handler.log_command:Invoking command in '/root/nav_1/build/costmap_converter_msgs': CMAKE_PREFIX_PATH=/opt/ros/humble /usr/bin/cmake --install /root/nav_1/build/costmap_converter_msgs
[9.926s] Level 1:colcon.colcon_core.environment:create_environment_scripts_only(costmap_converter_msgs)
[9.927s] DEBUG:colcon.colcon_core.event_handler.log_command:Invoked command in '/root/nav_1/build/costmap_converter_msgs' returned '0': CMAKE_PREFIX_PATH=/opt/ros/humble /usr/bin/cmake --install /root/nav_1/build/costmap_converter_msgs
[9.934s] Level 1:colcon.colcon_core.environment:checking '/root/nav_1/install/costmap_converter_msgs' for CMake module files
[9.935s] Level 1:colcon.colcon_core.environment:checking '/root/nav_1/install/costmap_converter_msgs' for CMake config files
[9.935s] Level 1:colcon.colcon_core.shell:create_environment_hook('costmap_converter_msgs', 'cmake_prefix_path')
[9.942s] INFO:colcon.colcon_core.shell:Creating environment hook '/root/nav_1/install/costmap_converter_msgs/share/costmap_converter_msgs/hook/cmake_prefix_path.ps1'
[9.942s] INFO:colcon.colcon_core.shell:Creating environment descriptor '/root/nav_1/install/costmap_converter_msgs/share/costmap_converter_msgs/hook/cmake_prefix_path.dsv'
[9.943s] INFO:colcon.colcon_core.shell:Creating environment hook '/root/nav_1/install/costmap_converter_msgs/share/costmap_converter_msgs/hook/cmake_prefix_path.sh'
[9.943s] Level 1:colcon.colcon_core.environment:checking '/root/nav_1/install/costmap_converter_msgs/lib'
[9.943s] Level 1:colcon.colcon_core.shell:create_environment_hook('costmap_converter_msgs', 'ld_library_path_lib')
[9.949s] INFO:colcon.colcon_core.shell:Creating environment hook '/root/nav_1/install/costmap_converter_msgs/share/costmap_converter_msgs/hook/ld_library_path_lib.ps1'
[9.949s] INFO:colcon.colcon_core.shell:Creating environment descriptor '/root/nav_1/install/costmap_converter_msgs/share/costmap_converter_msgs/hook/ld_library_path_lib.dsv'
[9.950s] INFO:colcon.colcon_core.shell:Creating environment hook '/root/nav_1/install/costmap_converter_msgs/share/costmap_converter_msgs/hook/ld_library_path_lib.sh'
[9.950s] Level 1:colcon.colcon_core.environment:checking '/root/nav_1/install/costmap_converter_msgs/bin'
[9.950s] Level 1:colcon.colcon_core.environment:checking '/root/nav_1/install/costmap_converter_msgs/lib/pkgconfig/costmap_converter_msgs.pc'
[9.950s] Level 1:colcon.colcon_core.environment:checking '/root/nav_1/install/costmap_converter_msgs/lib/python3.10/site-packages'
[9.950s] Level 1:colcon.colcon_core.environment:checking '/root/nav_1/install/costmap_converter_msgs/bin'
[9.956s] INFO:colcon.colcon_core.shell:Creating package script '/root/nav_1/install/costmap_converter_msgs/share/costmap_converter_msgs/package.ps1'
[9.956s] INFO:colcon.colcon_core.shell:Creating package descriptor '/root/nav_1/install/costmap_converter_msgs/share/costmap_converter_msgs/package.dsv'
[9.957s] INFO:colcon.colcon_core.shell:Creating package script '/root/nav_1/install/costmap_converter_msgs/share/costmap_converter_msgs/package.sh'
[9.957s] INFO:colcon.colcon_core.shell:Creating package script '/root/nav_1/install/costmap_converter_msgs/share/costmap_converter_msgs/package.bash'
[9.957s] INFO:colcon.colcon_core.shell:Creating package script '/root/nav_1/install/costmap_converter_msgs/share/costmap_converter_msgs/package.zsh'
[9.957s] Level 1:colcon.colcon_core.environment:create_file_with_runtime_dependencies(/root/nav_1/install/costmap_converter_msgs/share/colcon-core/packages/costmap_converter_msgs)
[10.003s] Level 1:colcon.colcon_core.environment:create_environment_scripts_only(costmap_converter_msgs)
[10.009s] Level 1:colcon.colcon_core.environment:checking '/root/nav_1/install/costmap_converter_msgs' for CMake module files
[10.009s] Level 1:colcon.colcon_core.environment:checking '/root/nav_1/install/costmap_converter_msgs' for CMake config files
[10.009s] Level 1:colcon.colcon_core.shell:create_environment_hook('costmap_converter_msgs', 'cmake_prefix_path')
[10.015s] INFO:colcon.colcon_core.shell:Creating environment hook '/root/nav_1/install/costmap_converter_msgs/share/costmap_converter_msgs/hook/cmake_prefix_path.ps1'
[10.015s] INFO:colcon.colcon_core.shell:Creating environment descriptor '/root/nav_1/install/costmap_converter_msgs/share/costmap_converter_msgs/hook/cmake_prefix_path.dsv'
[10.016s] INFO:colcon.colcon_core.shell:Creating environment hook '/root/nav_1/install/costmap_converter_msgs/share/costmap_converter_msgs/hook/cmake_prefix_path.sh'
[10.016s] Level 1:colcon.colcon_core.environment:checking '/root/nav_1/install/costmap_converter_msgs/lib'
[10.016s] Level 1:colcon.colcon_core.shell:create_environment_hook('costmap_converter_msgs', 'ld_library_path_lib')
[10.021s] INFO:colcon.colcon_core.shell:Creating environment hook '/root/nav_1/install/costmap_converter_msgs/share/costmap_converter_msgs/hook/ld_library_path_lib.ps1'
[10.022s] INFO:colcon.colcon_core.shell:Creating environment descriptor '/root/nav_1/install/costmap_converter_msgs/share/costmap_converter_msgs/hook/ld_library_path_lib.dsv'
[10.022s] INFO:colcon.colcon_core.shell:Creating environment hook '/root/nav_1/install/costmap_converter_msgs/share/costmap_converter_msgs/hook/ld_library_path_lib.sh'
[10.022s] Level 1:colcon.colcon_core.environment:checking '/root/nav_1/install/costmap_converter_msgs/bin'
[10.022s] Level 1:colcon.colcon_core.environment:checking '/root/nav_1/install/costmap_converter_msgs/lib/pkgconfig/costmap_converter_msgs.pc'
[10.022s] Level 1:colcon.colcon_core.environment:checking '/root/nav_1/install/costmap_converter_msgs/lib/python3.10/site-packages'
[10.022s] Level 1:colcon.colcon_core.environment:checking '/root/nav_1/install/costmap_converter_msgs/bin'
[10.029s] INFO:colcon.colcon_core.shell:Creating package script '/root/nav_1/install/costmap_converter_msgs/share/costmap_converter_msgs/package.ps1'
[10.029s] INFO:colcon.colcon_core.shell:Creating package descriptor '/root/nav_1/install/costmap_converter_msgs/share/costmap_converter_msgs/package.dsv'
[10.030s] INFO:colcon.colcon_core.shell:Creating package script '/root/nav_1/install/costmap_converter_msgs/share/costmap_converter_msgs/package.sh'
[10.030s] INFO:colcon.colcon_core.shell:Creating package script '/root/nav_1/install/costmap_converter_msgs/share/costmap_converter_msgs/package.bash'
[10.030s] INFO:colcon.colcon_core.shell:Creating package script '/root/nav_1/install/costmap_converter_msgs/share/costmap_converter_msgs/package.zsh'
[10.030s] Level 1:colcon.colcon_core.environment:create_file_with_runtime_dependencies(/root/nav_1/install/costmap_converter_msgs/share/colcon-core/packages/costmap_converter_msgs)
[10.030s] INFO:colcon.colcon_ros.task.ament_cmake.build:Building ROS package in '/root/nav_1/src/costmap_converter' with build type 'ament_cmake'
[10.030s] INFO:colcon.colcon_cmake.task.cmake.build:Building CMake package in '/root/nav_1/src/costmap_converter'
[10.037s] INFO:colcon.colcon_core.shell:Skip shell extension 'powershell' for command environment: Not usable outside of PowerShell
[10.037s] DEBUG:colcon.colcon_core.shell:Skip shell extension 'dsv' for command environment
[10.053s] INFO:colcon.colcon_ros.task.ament_cmake.build:Building ROS package in '/root/nav_1/src/teb_msgs' with build type 'ament_cmake'
[10.053s] INFO:colcon.colcon_cmake.task.cmake.build:Building CMake package in '/root/nav_1/src/teb_msgs'
[10.061s] INFO:colcon.colcon_core.shell:Skip shell extension 'powershell' for command environment: Not usable outside of PowerShell
[10.061s] DEBUG:colcon.colcon_core.shell:Skip shell extension 'dsv' for command environment
[10.213s] DEBUG:colcon.colcon_core.event_handler.log_command:Invoking command in '/root/nav_1/build/costmap_converter': AMENT_PREFIX_PATH=/root/nav_1/install/costmap_converter_msgs:${AMENT_PREFIX_PATH} CMAKE_PREFIX_PATH=/root/nav_1/install/costmap_converter_msgs:/opt/ros/humble LD_LIBRARY_PATH=/root/nav_1/install/costmap_converter_msgs/lib:${LD_LIBRARY_PATH} PYTHONPATH=/root/nav_1/install/costmap_converter_msgs/local/lib/python3.10/dist-packages:${PYTHONPATH} /usr/bin/cmake /root/nav_1/src/costmap_converter -DCMAKE_INSTALL_PREFIX=/root/nav_1/install/costmap_converter
[10.234s] DEBUG:colcon.colcon_core.event_handler.log_command:Invoking command in '/root/nav_1/build/teb_msgs': AMENT_PREFIX_PATH=/root/nav_1/install/costmap_converter_msgs:${AMENT_PREFIX_PATH} CMAKE_PREFIX_PATH=/root/nav_1/install/costmap_converter_msgs:/opt/ros/humble LD_LIBRARY_PATH=/root/nav_1/install/costmap_converter_msgs/lib:${LD_LIBRARY_PATH} PYTHONPATH=/root/nav_1/install/costmap_converter_msgs/local/lib/python3.10/dist-packages:${PYTHONPATH} /usr/bin/cmake /root/nav_1/src/teb_msgs -DCMAKE_INSTALL_PREFIX=/root/nav_1/install/teb_msgs
[14.250s] DEBUG:colcon.colcon_core.event_handler.log_command:Invoked command in '/root/nav_1/build/teb_msgs' returned '0': AMENT_PREFIX_PATH=/root/nav_1/install/costmap_converter_msgs:${AMENT_PREFIX_PATH} CMAKE_PREFIX_PATH=/root/nav_1/install/costmap_converter_msgs:/opt/ros/humble LD_LIBRARY_PATH=/root/nav_1/install/costmap_converter_msgs/lib:${LD_LIBRARY_PATH} PYTHONPATH=/root/nav_1/install/costmap_converter_msgs/local/lib/python3.10/dist-packages:${PYTHONPATH} /usr/bin/cmake /root/nav_1/src/teb_msgs -DCMAKE_INSTALL_PREFIX=/root/nav_1/install/teb_msgs
[14.251s] DEBUG:colcon.colcon_core.event_handler.log_command:Invoking command in '/root/nav_1/build/teb_msgs': AMENT_PREFIX_PATH=/root/nav_1/install/costmap_converter_msgs:${AMENT_PREFIX_PATH} CMAKE_PREFIX_PATH=/root/nav_1/install/costmap_converter_msgs:/opt/ros/humble LD_LIBRARY_PATH=/root/nav_1/install/costmap_converter_msgs/lib:${LD_LIBRARY_PATH} PYTHONPATH=/root/nav_1/install/costmap_converter_msgs/local/lib/python3.10/dist-packages:${PYTHONPATH} /usr/bin/cmake --build /root/nav_1/build/teb_msgs -- -j32 -l32
[16.282s] DEBUG:colcon.colcon_core.event_handler.log_command:Invoked command in '/root/nav_1/build/teb_msgs' returned '0': AMENT_PREFIX_PATH=/root/nav_1/install/costmap_converter_msgs:${AMENT_PREFIX_PATH} CMAKE_PREFIX_PATH=/root/nav_1/install/costmap_converter_msgs:/opt/ros/humble LD_LIBRARY_PATH=/root/nav_1/install/costmap_converter_msgs/lib:${LD_LIBRARY_PATH} PYTHONPATH=/root/nav_1/install/costmap_converter_msgs/local/lib/python3.10/dist-packages:${PYTHONPATH} /usr/bin/cmake --build /root/nav_1/build/teb_msgs -- -j32 -l32
[16.331s] DEBUG:colcon.colcon_core.event_handler.log_command:Invoking command in '/root/nav_1/build/teb_msgs': AMENT_PREFIX_PATH=/root/nav_1/install/costmap_converter_msgs:${AMENT_PREFIX_PATH} CMAKE_PREFIX_PATH=/root/nav_1/install/costmap_converter_msgs:/opt/ros/humble LD_LIBRARY_PATH=/root/nav_1/install/costmap_converter_msgs/lib:${LD_LIBRARY_PATH} PYTHONPATH=/root/nav_1/install/costmap_converter_msgs/local/lib/python3.10/dist-packages:${PYTHONPATH} /usr/bin/cmake --install /root/nav_1/build/teb_msgs
[16.370s] Level 1:colcon.colcon_core.environment:create_environment_scripts_only(teb_msgs)
[16.371s] DEBUG:colcon.colcon_core.event_handler.log_command:Invoked command in '/root/nav_1/build/teb_msgs' returned '0': AMENT_PREFIX_PATH=/root/nav_1/install/costmap_converter_msgs:${AMENT_PREFIX_PATH} CMAKE_PREFIX_PATH=/root/nav_1/install/costmap_converter_msgs:/opt/ros/humble LD_LIBRARY_PATH=/root/nav_1/install/costmap_converter_msgs/lib:${LD_LIBRARY_PATH} PYTHONPATH=/root/nav_1/install/costmap_converter_msgs/local/lib/python3.10/dist-packages:${PYTHONPATH} /usr/bin/cmake --install /root/nav_1/build/teb_msgs
[16.377s] Level 1:colcon.colcon_core.environment:checking '/root/nav_1/install/teb_msgs' for CMake module files
[16.378s] Level 1:colcon.colcon_core.environment:checking '/root/nav_1/install/teb_msgs' for CMake config files
[16.378s] Level 1:colcon.colcon_core.shell:create_environment_hook('teb_msgs', 'cmake_prefix_path')
[16.384s] INFO:colcon.colcon_core.shell:Creating environment hook '/root/nav_1/install/teb_msgs/share/teb_msgs/hook/cmake_prefix_path.ps1'
[16.384s] INFO:colcon.colcon_core.shell:Creating environment descriptor '/root/nav_1/install/teb_msgs/share/teb_msgs/hook/cmake_prefix_path.dsv'
[16.384s] INFO:colcon.colcon_core.shell:Creating environment hook '/root/nav_1/install/teb_msgs/share/teb_msgs/hook/cmake_prefix_path.sh'
[16.384s] Level 1:colcon.colcon_core.environment:checking '/root/nav_1/install/teb_msgs/lib'
[16.384s] Level 1:colcon.colcon_core.shell:create_environment_hook('teb_msgs', 'ld_library_path_lib')
[16.390s] INFO:colcon.colcon_core.shell:Creating environment hook '/root/nav_1/install/teb_msgs/share/teb_msgs/hook/ld_library_path_lib.ps1'
[16.390s] INFO:colcon.colcon_core.shell:Creating environment descriptor '/root/nav_1/install/teb_msgs/share/teb_msgs/hook/ld_library_path_lib.dsv'
[16.390s] INFO:colcon.colcon_core.shell:Creating environment hook '/root/nav_1/install/teb_msgs/share/teb_msgs/hook/ld_library_path_lib.sh'
[16.391s] Level 1:colcon.colcon_core.environment:checking '/root/nav_1/install/teb_msgs/bin'
[16.391s] Level 1:colcon.colcon_core.environment:checking '/root/nav_1/install/teb_msgs/lib/pkgconfig/teb_msgs.pc'
[16.391s] Level 1:colcon.colcon_core.environment:checking '/root/nav_1/install/teb_msgs/lib/python3.10/site-packages'
[16.391s] Level 1:colcon.colcon_core.environment:checking '/root/nav_1/install/teb_msgs/bin'
[16.397s] INFO:colcon.colcon_core.shell:Creating package script '/root/nav_1/install/teb_msgs/share/teb_msgs/package.ps1'
[16.397s] INFO:colcon.colcon_core.shell:Creating package descriptor '/root/nav_1/install/teb_msgs/share/teb_msgs/package.dsv'
[16.397s] INFO:colcon.colcon_core.shell:Creating package script '/root/nav_1/install/teb_msgs/share/teb_msgs/package.sh'
[16.398s] INFO:colcon.colcon_core.shell:Creating package script '/root/nav_1/install/teb_msgs/share/teb_msgs/package.bash'
[16.398s] INFO:colcon.colcon_core.shell:Creating package script '/root/nav_1/install/teb_msgs/share/teb_msgs/package.zsh'
[16.398s] Level 1:colcon.colcon_core.environment:create_file_with_runtime_dependencies(/root/nav_1/install/teb_msgs/share/colcon-core/packages/teb_msgs)
[16.454s] Level 1:colcon.colcon_core.environment:create_environment_scripts_only(teb_msgs)
[16.461s] Level 1:colcon.colcon_core.environment:checking '/root/nav_1/install/teb_msgs' for CMake module files
[16.461s] Level 1:colcon.colcon_core.environment:checking '/root/nav_1/install/teb_msgs' for CMake config files
[16.462s] Level 1:colcon.colcon_core.shell:create_environment_hook('teb_msgs', 'cmake_prefix_path')
[16.468s] INFO:colcon.colcon_core.shell:Creating environment hook '/root/nav_1/install/teb_msgs/share/teb_msgs/hook/cmake_prefix_path.ps1'
[16.468s] INFO:colcon.colcon_core.shell:Creating environment descriptor '/root/nav_1/install/teb_msgs/share/teb_msgs/hook/cmake_prefix_path.dsv'
[16.468s] INFO:colcon.colcon_core.shell:Creating environment hook '/root/nav_1/install/teb_msgs/share/teb_msgs/hook/cmake_prefix_path.sh'
[16.468s] Level 1:colcon.colcon_core.environment:checking '/root/nav_1/install/teb_msgs/lib'
[16.468s] Level 1:colcon.colcon_core.shell:create_environment_hook('teb_msgs', 'ld_library_path_lib')
[16.475s] INFO:colcon.colcon_core.shell:Creating environment hook '/root/nav_1/install/teb_msgs/share/teb_msgs/hook/ld_library_path_lib.ps1'
[16.475s] INFO:colcon.colcon_core.shell:Creating environment descriptor '/root/nav_1/install/teb_msgs/share/teb_msgs/hook/ld_library_path_lib.dsv'
[16.475s] INFO:colcon.colcon_core.shell:Creating environment hook '/root/nav_1/install/teb_msgs/share/teb_msgs/hook/ld_library_path_lib.sh'
[16.475s] Level 1:colcon.colcon_core.environment:checking '/root/nav_1/install/teb_msgs/bin'
[16.475s] Level 1:colcon.colcon_core.environment:checking '/root/nav_1/install/teb_msgs/lib/pkgconfig/teb_msgs.pc'
[16.476s] Level 1:colcon.colcon_core.environment:checking '/root/nav_1/install/teb_msgs/lib/python3.10/site-packages'
[16.476s] Level 1:colcon.colcon_core.environment:checking '/root/nav_1/install/teb_msgs/bin'
[16.483s] INFO:colcon.colcon_core.shell:Creating package script '/root/nav_1/install/teb_msgs/share/teb_msgs/package.ps1'
[16.483s] INFO:colcon.colcon_core.shell:Creating package descriptor '/root/nav_1/install/teb_msgs/share/teb_msgs/package.dsv'
[16.483s] INFO:colcon.colcon_core.shell:Creating package script '/root/nav_1/install/teb_msgs/share/teb_msgs/package.sh'
[16.483s] INFO:colcon.colcon_core.shell:Creating package script '/root/nav_1/install/teb_msgs/share/teb_msgs/package.bash'
[16.484s] INFO:colcon.colcon_core.shell:Creating package script '/root/nav_1/install/teb_msgs/share/teb_msgs/package.zsh'
[16.484s] Level 1:colcon.colcon_core.environment:create_file_with_runtime_dependencies(/root/nav_1/install/teb_msgs/share/colcon-core/packages/teb_msgs)
[23.132s] DEBUG:colcon.colcon_core.event_handler.log_command:Invoked command in '/root/nav_1/build/costmap_converter' returned '0': AMENT_PREFIX_PATH=/root/nav_1/install/costmap_converter_msgs:${AMENT_PREFIX_PATH} CMAKE_PREFIX_PATH=/root/nav_1/install/costmap_converter_msgs:/opt/ros/humble LD_LIBRARY_PATH=/root/nav_1/install/costmap_converter_msgs/lib:${LD_LIBRARY_PATH} PYTHONPATH=/root/nav_1/install/costmap_converter_msgs/local/lib/python3.10/dist-packages:${PYTHONPATH} /usr/bin/cmake /root/nav_1/src/costmap_converter -DCMAKE_INSTALL_PREFIX=/root/nav_1/install/costmap_converter
[23.133s] DEBUG:colcon.colcon_core.event_handler.log_command:Invoking command in '/root/nav_1/build/costmap_converter': AMENT_PREFIX_PATH=/root/nav_1/install/costmap_converter_msgs:${AMENT_PREFIX_PATH} CMAKE_PREFIX_PATH=/root/nav_1/install/costmap_converter_msgs:/opt/ros/humble LD_LIBRARY_PATH=/root/nav_1/install/costmap_converter_msgs/lib:${LD_LIBRARY_PATH} PYTHONPATH=/root/nav_1/install/costmap_converter_msgs/local/lib/python3.10/dist-packages:${PYTHONPATH} /usr/bin/cmake --build /root/nav_1/build/costmap_converter -- -j32 -l32
[44.580s] DEBUG:colcon.colcon_core.event_handler.log_command:Invoked command in '/root/nav_1/build/costmap_converter' returned '0': AMENT_PREFIX_PATH=/root/nav_1/install/costmap_converter_msgs:${AMENT_PREFIX_PATH} CMAKE_PREFIX_PATH=/root/nav_1/install/costmap_converter_msgs:/opt/ros/humble LD_LIBRARY_PATH=/root/nav_1/install/costmap_converter_msgs/lib:${LD_LIBRARY_PATH} PYTHONPATH=/root/nav_1/install/costmap_converter_msgs/local/lib/python3.10/dist-packages:${PYTHONPATH} /usr/bin/cmake --build /root/nav_1/build/costmap_converter -- -j32 -l32
[44.611s] DEBUG:colcon.colcon_core.event_handler.log_command:Invoking command in '/root/nav_1/build/costmap_converter': AMENT_PREFIX_PATH=/root/nav_1/install/costmap_converter_msgs:${AMENT_PREFIX_PATH} CMAKE_PREFIX_PATH=/root/nav_1/install/costmap_converter_msgs:/opt/ros/humble LD_LIBRARY_PATH=/root/nav_1/install/costmap_converter_msgs/lib:${LD_LIBRARY_PATH} PYTHONPATH=/root/nav_1/install/costmap_converter_msgs/local/lib/python3.10/dist-packages:${PYTHONPATH} /usr/bin/cmake --install /root/nav_1/build/costmap_converter
[44.622s] Level 1:colcon.colcon_core.environment:create_environment_scripts_only(costmap_converter)
[44.622s] DEBUG:colcon.colcon_core.event_handler.log_command:Invoked command in '/root/nav_1/build/costmap_converter' returned '0': AMENT_PREFIX_PATH=/root/nav_1/install/costmap_converter_msgs:${AMENT_PREFIX_PATH} CMAKE_PREFIX_PATH=/root/nav_1/install/costmap_converter_msgs:/opt/ros/humble LD_LIBRARY_PATH=/root/nav_1/install/costmap_converter_msgs/lib:${LD_LIBRARY_PATH} PYTHONPATH=/root/nav_1/install/costmap_converter_msgs/local/lib/python3.10/dist-packages:${PYTHONPATH} /usr/bin/cmake --install /root/nav_1/build/costmap_converter
[44.630s] Level 1:colcon.colcon_core.environment:checking '/root/nav_1/install/costmap_converter' for CMake module files
[44.630s] Level 1:colcon.colcon_core.environment:checking '/root/nav_1/install/costmap_converter' for CMake config files
[44.630s] Level 1:colcon.colcon_core.shell:create_environment_hook('costmap_converter', 'cmake_prefix_path')
[44.636s] INFO:colcon.colcon_core.shell:Creating environment hook '/root/nav_1/install/costmap_converter/share/costmap_converter/hook/cmake_prefix_path.ps1'
[44.637s] INFO:colcon.colcon_core.shell:Creating environment descriptor '/root/nav_1/install/costmap_converter/share/costmap_converter/hook/cmake_prefix_path.dsv'
[44.637s] INFO:colcon.colcon_core.shell:Creating environment hook '/root/nav_1/install/costmap_converter/share/costmap_converter/hook/cmake_prefix_path.sh'
[44.637s] Level 1:colcon.colcon_core.environment:checking '/root/nav_1/install/costmap_converter/lib'
[44.637s] Level 1:colcon.colcon_core.shell:create_environment_hook('costmap_converter', 'ld_library_path_lib')
[44.643s] INFO:colcon.colcon_core.shell:Creating environment hook '/root/nav_1/install/costmap_converter/share/costmap_converter/hook/ld_library_path_lib.ps1'
[44.643s] INFO:colcon.colcon_core.shell:Creating environment descriptor '/root/nav_1/install/costmap_converter/share/costmap_converter/hook/ld_library_path_lib.dsv'
[44.643s] INFO:colcon.colcon_core.shell:Creating environment hook '/root/nav_1/install/costmap_converter/share/costmap_converter/hook/ld_library_path_lib.sh'
[44.644s] Level 1:colcon.colcon_core.environment:checking '/root/nav_1/install/costmap_converter/bin'
[44.644s] Level 1:colcon.colcon_core.shell:create_environment_hook('costmap_converter', 'path')
[44.650s] INFO:colcon.colcon_core.shell:Creating environment hook '/root/nav_1/install/costmap_converter/share/costmap_converter/hook/path.ps1'
[44.650s] INFO:colcon.colcon_core.shell:Creating environment descriptor '/root/nav_1/install/costmap_converter/share/costmap_converter/hook/path.dsv'
[44.650s] INFO:colcon.colcon_core.shell:Creating environment hook '/root/nav_1/install/costmap_converter/share/costmap_converter/hook/path.sh'
[44.650s] Level 1:colcon.colcon_core.environment:checking '/root/nav_1/install/costmap_converter/lib/pkgconfig/costmap_converter.pc'
[44.651s] Level 1:colcon.colcon_core.environment:checking '/root/nav_1/install/costmap_converter/lib/python3.10/site-packages'
[44.651s] Level 1:colcon.colcon_core.environment:checking '/root/nav_1/install/costmap_converter/bin'
[44.651s] Level 1:colcon.colcon_core.shell:create_environment_hook('costmap_converter', 'pythonscriptspath')
[44.657s] INFO:colcon.colcon_core.shell:Creating environment hook '/root/nav_1/install/costmap_converter/share/costmap_converter/hook/pythonscriptspath.ps1'
[44.657s] INFO:colcon.colcon_core.shell:Creating environment descriptor '/root/nav_1/install/costmap_converter/share/costmap_converter/hook/pythonscriptspath.dsv'
[44.658s] INFO:colcon.colcon_core.shell:Creating environment hook '/root/nav_1/install/costmap_converter/share/costmap_converter/hook/pythonscriptspath.sh'
[44.664s] INFO:colcon.colcon_core.shell:Creating package script '/root/nav_1/install/costmap_converter/share/costmap_converter/package.ps1'
[44.664s] INFO:colcon.colcon_core.shell:Creating package descriptor '/root/nav_1/install/costmap_converter/share/costmap_converter/package.dsv'
[44.664s] INFO:colcon.colcon_core.shell:Creating package script '/root/nav_1/install/costmap_converter/share/costmap_converter/package.sh'
[44.664s] INFO:colcon.colcon_core.shell:Creating package script '/root/nav_1/install/costmap_converter/share/costmap_converter/package.bash'
[44.664s] INFO:colcon.colcon_core.shell:Creating package script '/root/nav_1/install/costmap_converter/share/costmap_converter/package.zsh'
[44.665s] Level 1:colcon.colcon_core.environment:create_file_with_runtime_dependencies(/root/nav_1/install/costmap_converter/share/colcon-core/packages/costmap_converter)
[44.700s] Level 1:colcon.colcon_core.environment:create_environment_scripts_only(costmap_converter)
[44.707s] Level 1:colcon.colcon_core.environment:checking '/root/nav_1/install/costmap_converter' for CMake module files
[44.707s] Level 1:colcon.colcon_core.environment:checking '/root/nav_1/install/costmap_converter' for CMake config files
[44.707s] Level 1:colcon.colcon_core.shell:create_environment_hook('costmap_converter', 'cmake_prefix_path')
[44.713s] INFO:colcon.colcon_core.shell:Creating environment hook '/root/nav_1/install/costmap_converter/share/costmap_converter/hook/cmake_prefix_path.ps1'
[44.713s] INFO:colcon.colcon_core.shell:Creating environment descriptor '/root/nav_1/install/costmap_converter/share/costmap_converter/hook/cmake_prefix_path.dsv'
[44.714s] INFO:colcon.colcon_core.shell:Creating environment hook '/root/nav_1/install/costmap_converter/share/costmap_converter/hook/cmake_prefix_path.sh'
[44.714s] Level 1:colcon.colcon_core.environment:checking '/root/nav_1/install/costmap_converter/lib'
[44.714s] Level 1:colcon.colcon_core.shell:create_environment_hook('costmap_converter', 'ld_library_path_lib')
[44.720s] INFO:colcon.colcon_core.shell:Creating environment hook '/root/nav_1/install/costmap_converter/share/costmap_converter/hook/ld_library_path_lib.ps1'
[44.720s] INFO:colcon.colcon_core.shell:Creating environment descriptor '/root/nav_1/install/costmap_converter/share/costmap_converter/hook/ld_library_path_lib.dsv'
[44.720s] INFO:colcon.colcon_core.shell:Creating environment hook '/root/nav_1/install/costmap_converter/share/costmap_converter/hook/ld_library_path_lib.sh'
[44.720s] Level 1:colcon.colcon_core.environment:checking '/root/nav_1/install/costmap_converter/bin'
[44.720s] Level 1:colcon.colcon_core.shell:create_environment_hook('costmap_converter', 'path')
[44.726s] INFO:colcon.colcon_core.shell:Creating environment hook '/root/nav_1/install/costmap_converter/share/costmap_converter/hook/path.ps1'
[44.726s] INFO:colcon.colcon_core.shell:Creating environment descriptor '/root/nav_1/install/costmap_converter/share/costmap_converter/hook/path.dsv'
[44.726s] INFO:colcon.colcon_core.shell:Creating environment hook '/root/nav_1/install/costmap_converter/share/costmap_converter/hook/path.sh'
[44.726s] Level 1:colcon.colcon_core.environment:checking '/root/nav_1/install/costmap_converter/lib/pkgconfig/costmap_converter.pc'
[44.726s] Level 1:colcon.colcon_core.environment:checking '/root/nav_1/install/costmap_converter/lib/python3.10/site-packages'
[44.726s] Level 1:colcon.colcon_core.environment:checking '/root/nav_1/install/costmap_converter/bin'
[44.726s] Level 1:colcon.colcon_core.shell:create_environment_hook('costmap_converter', 'pythonscriptspath')
[44.733s] INFO:colcon.colcon_core.shell:Creating environment hook '/root/nav_1/install/costmap_converter/share/costmap_converter/hook/pythonscriptspath.ps1'
[44.733s] INFO:colcon.colcon_core.shell:Creating environment descriptor '/root/nav_1/install/costmap_converter/share/costmap_converter/hook/pythonscriptspath.dsv'
[44.734s] INFO:colcon.colcon_core.shell:Creating environment hook '/root/nav_1/install/costmap_converter/share/costmap_converter/hook/pythonscriptspath.sh'
[44.740s] INFO:colcon.colcon_core.shell:Creating package script '/root/nav_1/install/costmap_converter/share/costmap_converter/package.ps1'
[44.741s] INFO:colcon.colcon_core.shell:Creating package descriptor '/root/nav_1/install/costmap_converter/share/costmap_converter/package.dsv'
[44.741s] INFO:colcon.colcon_core.shell:Creating package script '/root/nav_1/install/costmap_converter/share/costmap_converter/package.sh'
[44.741s] INFO:colcon.colcon_core.shell:Creating package script '/root/nav_1/install/costmap_converter/share/costmap_converter/package.bash'
[44.741s] INFO:colcon.colcon_core.shell:Creating package script '/root/nav_1/install/costmap_converter/share/costmap_converter/package.zsh'
[44.741s] Level 1:colcon.colcon_core.environment:create_file_with_runtime_dependencies(/root/nav_1/install/costmap_converter/share/colcon-core/packages/costmap_converter)
[44.742s] INFO:colcon.colcon_ros.task.ament_cmake.build:Building ROS package in '/root/nav_1/src/teb_local_planner' with build type 'ament_cmake'
[44.742s] INFO:colcon.colcon_cmake.task.cmake.build:Building CMake package in '/root/nav_1/src/teb_local_planner'
[44.749s] INFO:colcon.colcon_core.shell:Skip shell extension 'powershell' for command environment: Not usable outside of PowerShell
[44.749s] DEBUG:colcon.colcon_core.shell:Skip shell extension 'dsv' for command environment
[45.530s] DEBUG:colcon.colcon_core.event_handler.log_command:Invoking command in '/root/nav_1/build/teb_local_planner': AMENT_PREFIX_PATH=/root/nav_1/install/teb_msgs:/root/nav_1/install/costmap_converter:/root/nav_1/install/costmap_converter_msgs:${AMENT_PREFIX_PATH} CMAKE_PREFIX_PATH=/root/nav_1/install/teb_msgs:/root/nav_1/install/costmap_converter:/root/nav_1/install/costmap_converter_msgs:/opt/ros/humble LD_LIBRARY_PATH=/root/nav_1/install/teb_msgs/lib:/root/nav_1/install/costmap_converter/lib:/root/nav_1/install/costmap_converter_msgs/lib:${LD_LIBRARY_PATH} PATH=/root/nav_1/install/costmap_converter/bin:${PATH} PYTHONPATH=/root/nav_1/install/teb_msgs/local/lib/python3.10/dist-packages:/root/nav_1/install/costmap_converter_msgs/local/lib/python3.10/dist-packages:${PYTHONPATH} /usr/bin/cmake /root/nav_1/src/teb_local_planner -DCMAKE_INSTALL_PREFIX=/root/nav_1/install/teb_local_planner
[61.100s] DEBUG:colcon.colcon_core.event_handler.log_command:Invoked command in '/root/nav_1/build/teb_local_planner' returned '0': AMENT_PREFIX_PATH=/root/nav_1/install/teb_msgs:/root/nav_1/install/costmap_converter:/root/nav_1/install/costmap_converter_msgs:${AMENT_PREFIX_PATH} CMAKE_PREFIX_PATH=/root/nav_1/install/teb_msgs:/root/nav_1/install/costmap_converter:/root/nav_1/install/costmap_converter_msgs:/opt/ros/humble LD_LIBRARY_PATH=/root/nav_1/install/teb_msgs/lib:/root/nav_1/install/costmap_converter/lib:/root/nav_1/install/costmap_converter_msgs/lib:${LD_LIBRARY_PATH} PATH=/root/nav_1/install/costmap_converter/bin:${PATH} PYTHONPATH=/root/nav_1/install/teb_msgs/local/lib/python3.10/dist-packages:/root/nav_1/install/costmap_converter_msgs/local/lib/python3.10/dist-packages:${PYTHONPATH} /usr/bin/cmake /root/nav_1/src/teb_local_planner -DCMAKE_INSTALL_PREFIX=/root/nav_1/install/teb_local_planner
[61.101s] DEBUG:colcon.colcon_core.event_handler.log_command:Invoking command in '/root/nav_1/build/teb_local_planner': AMENT_PREFIX_PATH=/root/nav_1/install/teb_msgs:/root/nav_1/install/costmap_converter:/root/nav_1/install/costmap_converter_msgs:${AMENT_PREFIX_PATH} CMAKE_PREFIX_PATH=/root/nav_1/install/teb_msgs:/root/nav_1/install/costmap_converter:/root/nav_1/install/costmap_converter_msgs:/opt/ros/humble LD_LIBRARY_PATH=/root/nav_1/install/teb_msgs/lib:/root/nav_1/install/costmap_converter/lib:/root/nav_1/install/costmap_converter_msgs/lib:${LD_LIBRARY_PATH} PATH=/root/nav_1/install/costmap_converter/bin:${PATH} PYTHONPATH=/root/nav_1/install/teb_msgs/local/lib/python3.10/dist-packages:/root/nav_1/install/costmap_converter_msgs/local/lib/python3.10/dist-packages:${PYTHONPATH} /usr/bin/cmake --build /root/nav_1/build/teb_local_planner -- -j32 -l32
