[0.167s] Invoking command in '/root/nav_1/build/costmap_converter': AMENT_PREFIX_PATH=/root/nav_1/install/costmap_converter_msgs:${AMENT_PREFIX_PATH} CMAKE_PREFIX_PATH=/root/nav_1/install/costmap_converter_msgs:/opt/ros/humble LD_LIBRARY_PATH=/root/nav_1/install/costmap_converter_msgs/lib:${LD_LIBRARY_PATH} PYTHONPATH=/root/nav_1/install/costmap_converter_msgs/local/lib/python3.10/dist-packages:${PYTHONPATH} /usr/bin/cmake --build /root/nav_1/build/costmap_converter -- -j32 -l32
[0.236s] [35m[1mConsolidate compiler generated dependencies of target gtest_main[0m
[0.236s] [35m[1mConsolidate compiler generated dependencies of target gtest[0m
[0.247s] [ 10%] Built target gtest_main
[0.247s] [ 21%] Built target gtest
[0.248s] [35m[1mConsolidate compiler generated dependencies of target costmap_converter[0m
[0.336s] [ 78%] Built target costmap_converter
[0.344s] [35m[1mConsolidate compiler generated dependencies of target standalone_converter[0m
[0.345s] [35m[1mConsolidate compiler generated dependencies of target test_costmap_polygons[0m
[0.357s] [100%] Built target test_costmap_polygons
[0.357s] [100%] Built target standalone_converter
[0.362s] Invoked command in '/root/nav_1/build/costmap_converter' returned '0': AMENT_PREFIX_PATH=/root/nav_1/install/costmap_converter_msgs:${AMENT_PREFIX_PATH} CMAKE_PREFIX_PATH=/root/nav_1/install/costmap_converter_msgs:/opt/ros/humble LD_LIBRARY_PATH=/root/nav_1/install/costmap_converter_msgs/lib:${LD_LIBRARY_PATH} PYTHONPATH=/root/nav_1/install/costmap_converter_msgs/local/lib/python3.10/dist-packages:${PYTHONPATH} /usr/bin/cmake --build /root/nav_1/build/costmap_converter -- -j32 -l32
[0.391s] Invoking command in '/root/nav_1/build/costmap_converter': AMENT_PREFIX_PATH=/root/nav_1/install/costmap_converter_msgs:${AMENT_PREFIX_PATH} CMAKE_PREFIX_PATH=/root/nav_1/install/costmap_converter_msgs:/opt/ros/humble LD_LIBRARY_PATH=/root/nav_1/install/costmap_converter_msgs/lib:${LD_LIBRARY_PATH} PYTHONPATH=/root/nav_1/install/costmap_converter_msgs/local/lib/python3.10/dist-packages:${PYTHONPATH} /usr/bin/cmake --install /root/nav_1/build/costmap_converter
[0.395s] -- Install configuration: "Release"
[0.396s] -- Up-to-date: /root/nav_1/install/costmap_converter/lib/libcostmap_converter.so
[0.397s] -- Up-to-date: /root/nav_1/install/costmap_converter/bin/standalone_converter
[0.397s] -- Up-to-date: /root/nav_1/install/costmap_converter/include/
[0.397s] -- Up-to-date: /root/nav_1/install/costmap_converter/include//costmap_converter
[0.397s] -- Up-to-date: /root/nav_1/install/costmap_converter/include//costmap_converter/costmap_to_dynamic_obstacles
[0.397s] -- Up-to-date: /root/nav_1/install/costmap_converter/include//costmap_converter/costmap_to_dynamic_obstacles/background_subtractor.h
[0.397s] -- Up-to-date: /root/nav_1/install/costmap_converter/include//costmap_converter/costmap_to_dynamic_obstacles/multitarget_tracker
[0.397s] -- Up-to-date: /root/nav_1/install/costmap_converter/include//costmap_converter/costmap_to_dynamic_obstacles/multitarget_tracker/defines.h
[0.397s] -- Up-to-date: /root/nav_1/install/costmap_converter/include//costmap_converter/costmap_to_dynamic_obstacles/multitarget_tracker/Kalman.h
[0.397s] -- Up-to-date: /root/nav_1/install/costmap_converter/include//costmap_converter/costmap_to_dynamic_obstacles/multitarget_tracker/README.md
[0.397s] -- Up-to-date: /root/nav_1/install/costmap_converter/include//costmap_converter/costmap_to_dynamic_obstacles/multitarget_tracker/Ctracker.h
[0.397s] -- Up-to-date: /root/nav_1/install/costmap_converter/include//costmap_converter/costmap_to_dynamic_obstacles/multitarget_tracker/HungarianAlg.h
[0.398s] -- Up-to-date: /root/nav_1/install/costmap_converter/include//costmap_converter/costmap_to_dynamic_obstacles/blob_detector.h
[0.398s] -- Up-to-date: /root/nav_1/install/costmap_converter/include//costmap_converter/costmap_to_dynamic_obstacles/costmap_to_dynamic_obstacles.h
[0.398s] -- Up-to-date: /root/nav_1/install/costmap_converter/include//costmap_converter/costmap_converter_interface.h
[0.398s] -- Up-to-date: /root/nav_1/install/costmap_converter/include//costmap_converter/misc.h
[0.398s] -- Up-to-date: /root/nav_1/install/costmap_converter/include//costmap_converter/costmap_to_lines_ransac.h
[0.398s] -- Up-to-date: /root/nav_1/install/costmap_converter/include//costmap_converter/costmap_to_polygons_concave.h
[0.398s] -- Up-to-date: /root/nav_1/install/costmap_converter/include//costmap_converter/costmap_to_lines_convex_hull.h
[0.398s] -- Up-to-date: /root/nav_1/install/costmap_converter/include//costmap_converter/costmap_to_polygons.h
[0.398s] -- Up-to-date: /root/nav_1/install/costmap_converter/share/costmap_converter/environment/library_path.sh
[0.398s] -- Up-to-date: /root/nav_1/install/costmap_converter/share/costmap_converter/environment/library_path.dsv
[0.398s] -- Up-to-date: /root/nav_1/install/costmap_converter/share/costmap_converter/costmap_converter_plugins.xml
[0.398s] -- Up-to-date: /root/nav_1/install/costmap_converter/share/ament_index/resource_index/package_run_dependencies/costmap_converter
[0.398s] -- Up-to-date: /root/nav_1/install/costmap_converter/share/ament_index/resource_index/parent_prefix_path/costmap_converter
[0.398s] -- Up-to-date: /root/nav_1/install/costmap_converter/share/costmap_converter/environment/ament_prefix_path.sh
[0.398s] -- Up-to-date: /root/nav_1/install/costmap_converter/share/costmap_converter/environment/ament_prefix_path.dsv
[0.398s] -- Up-to-date: /root/nav_1/install/costmap_converter/share/costmap_converter/environment/path.sh
[0.398s] -- Up-to-date: /root/nav_1/install/costmap_converter/share/costmap_converter/environment/path.dsv
[0.398s] -- Up-to-date: /root/nav_1/install/costmap_converter/share/costmap_converter/local_setup.bash
[0.398s] -- Up-to-date: /root/nav_1/install/costmap_converter/share/costmap_converter/local_setup.sh
[0.399s] -- Up-to-date: /root/nav_1/install/costmap_converter/share/costmap_converter/local_setup.zsh
[0.399s] -- Up-to-date: /root/nav_1/install/costmap_converter/share/costmap_converter/local_setup.dsv
[0.399s] -- Installing: /root/nav_1/install/costmap_converter/share/costmap_converter/package.dsv
[0.399s] -- Up-to-date: /root/nav_1/install/costmap_converter/share/ament_index/resource_index/packages/costmap_converter
[0.399s] -- Up-to-date: /root/nav_1/install/costmap_converter/share/ament_index/resource_index/costmap_converter__pluginlib__plugin/costmap_converter
[0.399s] -- Up-to-date: /root/nav_1/install/costmap_converter/share/costmap_converter/cmake/ament_cmake_export_include_directories-extras.cmake
[0.399s] -- Up-to-date: /root/nav_1/install/costmap_converter/share/costmap_converter/cmake/ament_cmake_export_libraries-extras.cmake
[0.399s] -- Up-to-date: /root/nav_1/install/costmap_converter/share/costmap_converter/cmake/ament_cmake_export_dependencies-extras.cmake
[0.399s] -- Up-to-date: /root/nav_1/install/costmap_converter/share/costmap_converter/cmake/costmap_converterConfig.cmake
[0.399s] -- Up-to-date: /root/nav_1/install/costmap_converter/share/costmap_converter/cmake/costmap_converterConfig-version.cmake
[0.399s] -- Up-to-date: /root/nav_1/install/costmap_converter/share/costmap_converter/package.xml
[0.400s] Invoked command in '/root/nav_1/build/costmap_converter' returned '0': AMENT_PREFIX_PATH=/root/nav_1/install/costmap_converter_msgs:${AMENT_PREFIX_PATH} CMAKE_PREFIX_PATH=/root/nav_1/install/costmap_converter_msgs:/opt/ros/humble LD_LIBRARY_PATH=/root/nav_1/install/costmap_converter_msgs/lib:${LD_LIBRARY_PATH} PYTHONPATH=/root/nav_1/install/costmap_converter_msgs/local/lib/python3.10/dist-packages:${PYTHONPATH} /usr/bin/cmake --install /root/nav_1/build/costmap_converter
