[0.821s] Invoking command in '/root/robot_navigation/src/build/teb_local_planner': AMENT_PREFIX_PATH=/root/robot_navigation/src/install/teb_msgs:/root/robot_navigation/src/install/costmap_converter:/root/robot_navigation/src/install/costmap_converter_msgs:${AMENT_PREFIX_PATH} CMAKE_PREFIX_PATH=/root/robot_navigation/src/install/teb_msgs:/root/robot_navigation/src/install/costmap_converter:/root/robot_navigation/src/install/costmap_converter_msgs:/opt/ros/humble LD_LIBRARY_PATH=/root/robot_navigation/src/install/teb_msgs/lib:/root/robot_navigation/src/install/costmap_converter/lib:/root/robot_navigation/src/install/costmap_converter_msgs/lib:${LD_LIBRARY_PATH} PATH=/root/robot_navigation/src/install/costmap_converter/bin:${PATH} PYTHONPATH=/root/robot_navigation/src/install/teb_msgs/local/lib/python3.10/dist-packages:/root/robot_navigation/src/install/costmap_converter_msgs/local/lib/python3.10/dist-packages:${PYTHONPATH} /usr/bin/cmake /root/robot_navigation/src/teb_local_planner -DCMAKE_INSTALL_PREFIX=/root/robot_navigation/src/install/teb_local_planner
[1.001s] -- The C compiler identification is GNU 11.4.0
[1.756s] -- The CXX compiler identification is GNU 11.4.0
[2.255s] -- Detecting C compiler ABI info
[2.504s] -- Detecting C compiler ABI info - done
[2.508s] -- Check for working C compiler: /usr/bin/cc - skipped
[2.508s] -- Detecting C compile features
[2.508s] -- Detecting C compile features - done
[2.510s] -- Detecting CXX compiler ABI info
[2.783s] -- Detecting CXX compiler ABI info - done
[2.787s] -- Check for working CXX compiler: /usr/bin/c++ - skipped
[2.787s] -- Detecting CXX compile features
[2.787s] -- Detecting CXX compile features - done
[2.790s] -- Found ament_cmake: 1.3.10 (/opt/ros/humble/share/ament_cmake/cmake)
[2.888s] -- Found Python3: /usr/bin/python3 (found version "3.10.12") found components: Interpreter 
[2.944s] -- Found costmap_converter: 0.1.2 (/root/robot_navigation/src/install/costmap_converter/share/costmap_converter/cmake)
[3.150s] -- Found rosidl_generator_c: 3.1.5 (/opt/ros/humble/share/rosidl_generator_c/cmake)
[3.154s] -- Found rosidl_adapter: 3.1.5 (/opt/ros/humble/share/rosidl_adapter/cmake)
[3.158s] -- Found rosidl_generator_cpp: 3.1.5 (/opt/ros/humble/share/rosidl_generator_cpp/cmake)
[3.167s] -- Using all available rosidl_typesupport_c: rosidl_typesupport_fastrtps_c;rosidl_typesupport_introspection_c
[3.174s] -- Using all available rosidl_typesupport_cpp: rosidl_typesupport_fastrtps_cpp;rosidl_typesupport_introspection_cpp
[3.263s] -- Found rmw_implementation_cmake: 6.1.2 (/opt/ros/humble/share/rmw_implementation_cmake/cmake)
[3.265s] -- Found rmw_fastrtps_cpp: 6.2.7 (/opt/ros/humble/share/rmw_fastrtps_cpp/cmake)
[4.894s] -- Found OpenSSL: /usr/lib/x86_64-linux-gnu/libcrypto.so (found version "3.0.2")  
[9.330s] -- Found FastRTPS: /opt/ros/humble/include  
[14.361s] -- Using RMW implementation 'rmw_fastrtps_cpp' as default
[14.366s] -- Looking for pthread.h
[14.645s] -- Looking for pthread.h - found
[14.645s] -- Performing Test CMAKE_HAVE_LIBC_PTHREAD
[14.733s] -- Performing Test CMAKE_HAVE_LIBC_PTHREAD - Success
[14.734s] -- Found Threads: TRUE  
[15.837s] -- Found Eigen3: TRUE (found version "3.4.0") 
[15.837s] -- Ensuring Eigen3 include directory is part of orocos-kdl CMake target
[19.238s] -- Found dwb_critics: 1.1.16 (/opt/ros/humble/share/dwb_critics/cmake)
[19.343s] -- Found teb_msgs: 0.0.1 (/root/robot_navigation/src/install/teb_msgs/share/teb_msgs/cmake)
[19.356s] -- Found tf2_eigen: 0.25.8 (/opt/ros/humble/share/tf2_eigen/cmake)
[19.359s] -- System: Linux-5.15.167.4-microsoft-standard-WSL2
[19.359s] -- /opt/ros/humble/share/tinyxml2_vendor/cmake/Modules;/opt/ros/humble/share/eigen3_cmake_module/cmake/Modules;/opt/ros/humble/share/fastrtps_cmake_module/cmake/Modules;/root/robot_navigation/src/teb_local_planner/cmake_modules
[19.667s] -- Found SuiteSparse
[19.668s] -- Searching for g2o ...
[19.670s] -- Found g2o headers in: /opt/ros/humble/include/g2o
[19.671s] -- Found libg2o: /opt/ros/humble/lib/x86_64-linux-gnu/libg2o_csparse_extension.so;/opt/ros/humble/lib/x86_64-linux-gnu/libg2o_core.so;/opt/ros/humble/lib/x86_64-linux-gnu/libg2o_stuff.so;/opt/ros/humble/lib/x86_64-linux-gnu/libg2o_types_slam2d.so;/opt/ros/humble/lib/x86_64-linux-gnu/libg2o_types_slam3d.so;/opt/ros/humble/lib/x86_64-linux-gnu/libg2o_solver_cholmod.so;/opt/ros/humble/lib/x86_64-linux-gnu/libg2o_solver_pcg.so;/opt/ros/humble/lib/x86_64-linux-gnu/libg2o_solver_csparse.so;/opt/ros/humble/lib/x86_64-linux-gnu/libg2o_incremental.so
[19.678s] -- Found Boost: /usr/lib/x86_64-linux-gnu/cmake/Boost-1.74.0/BoostConfig.cmake (found version "1.74.0")  
[20.443s] -- Found ament_cmake_gtest: 1.3.10 (/opt/ros/humble/share/ament_cmake_gtest/cmake)
[20.498s] -- Configuring done
[20.558s] -- Generating done
[20.559s] -- Build files have been written to: /root/robot_navigation/src/build/teb_local_planner
[20.568s] Invoked command in '/root/robot_navigation/src/build/teb_local_planner' returned '0': AMENT_PREFIX_PATH=/root/robot_navigation/src/install/teb_msgs:/root/robot_navigation/src/install/costmap_converter:/root/robot_navigation/src/install/costmap_converter_msgs:${AMENT_PREFIX_PATH} CMAKE_PREFIX_PATH=/root/robot_navigation/src/install/teb_msgs:/root/robot_navigation/src/install/costmap_converter:/root/robot_navigation/src/install/costmap_converter_msgs:/opt/ros/humble LD_LIBRARY_PATH=/root/robot_navigation/src/install/teb_msgs/lib:/root/robot_navigation/src/install/costmap_converter/lib:/root/robot_navigation/src/install/costmap_converter_msgs/lib:${LD_LIBRARY_PATH} PATH=/root/robot_navigation/src/install/costmap_converter/bin:${PATH} PYTHONPATH=/root/robot_navigation/src/install/teb_msgs/local/lib/python3.10/dist-packages:/root/robot_navigation/src/install/costmap_converter_msgs/local/lib/python3.10/dist-packages:${PYTHONPATH} /usr/bin/cmake /root/robot_navigation/src/teb_local_planner -DCMAKE_INSTALL_PREFIX=/root/robot_navigation/src/install/teb_local_planner
[20.570s] Invoking command in '/root/robot_navigation/src/build/teb_local_planner': AMENT_PREFIX_PATH=/root/robot_navigation/src/install/teb_msgs:/root/robot_navigation/src/install/costmap_converter:/root/robot_navigation/src/install/costmap_converter_msgs:${AMENT_PREFIX_PATH} CMAKE_PREFIX_PATH=/root/robot_navigation/src/install/teb_msgs:/root/robot_navigation/src/install/costmap_converter:/root/robot_navigation/src/install/costmap_converter_msgs:/opt/ros/humble LD_LIBRARY_PATH=/root/robot_navigation/src/install/teb_msgs/lib:/root/robot_navigation/src/install/costmap_converter/lib:/root/robot_navigation/src/install/costmap_converter_msgs/lib:${LD_LIBRARY_PATH} PATH=/root/robot_navigation/src/install/costmap_converter/bin:${PATH} PYTHONPATH=/root/robot_navigation/src/install/teb_msgs/local/lib/python3.10/dist-packages:/root/robot_navigation/src/install/costmap_converter_msgs/local/lib/python3.10/dist-packages:${PYTHONPATH} /usr/bin/cmake --build /root/robot_navigation/src/build/teb_local_planner -- -j32 -l32
[20.599s] [ 10%] [32mBuilding CXX object CMakeFiles/teb_local_planner.dir/src/timed_elastic_band.cpp.o[0m
[20.599s] [ 20%] [32mBuilding CXX object CMakeFiles/teb_local_planner.dir/src/optimal_planner.cpp.o[0m
[20.599s] [ 30%] [32mBuilding CXX object CMakeFiles/teb_local_planner.dir/src/obstacles.cpp.o[0m
[20.600s] [ 50%] [32mBuilding CXX object CMakeFiles/teb_local_planner.dir/src/visualization.cpp.o[0m
[20.600s] [ 50%] [32mBuilding CXX object CMakeFiles/teb_local_planner.dir/src/recovery_behaviors.cpp.o[0m
[20.602s] [ 60%] [32mBuilding CXX object CMakeFiles/teb_local_planner.dir/src/graph_search.cpp.o[0m
[20.603s] [ 70%] [32mBuilding CXX object CMakeFiles/teb_local_planner.dir/src/teb_config.cpp.o[0m
[20.604s] [ 90%] [32mBuilding CXX object CMakeFiles/teb_local_planner.dir/src/homotopy_class_planner.cpp.o[0m
[20.604s] [ 90%] [32mBuilding CXX object CMakeFiles/teb_local_planner.dir/src/teb_local_planner_ros.cpp.o[0m
[40.490s] In file included from [01m[K/opt/ros/humble/include/pluginlib/pluginlib/class_loader_imp.hpp:57[m[K,
[40.497s]                  from [01m[K/opt/ros/humble/include/pluginlib/pluginlib/class_loader.hpp:334[m[K,
[40.497s]                  from [01m[K/root/robot_navigation/src/teb_local_planner/include/teb_local_planner/teb_local_planner_ros.h:42[m[K,
[40.497s]                  from [01m[K/root/robot_navigation/src/teb_local_planner/src/teb_local_planner_ros.cpp:39[m[K:
[40.499s] [01m[K/root/robot_navigation/src/install/costmap_converter/include/costmap_converter/costmap_converter_interface.h:[m[K In member function ‘[01m[Kvoid costmap_converter::BaseCostmapToPolygons::startWorker(rclcpp::GenericRate<std::chrono::_V2::system_clock>::SharedPtr, nav2_costmap_2d::Costmap2D*, bool)[m[K’:
[40.499s] [01m[K/root/robot_navigation/src/install/costmap_converter/include/costmap_converter/costmap_converter_interface.h:197:41:[m[K [01;35m[Kwarning: [m[Ktoo many arguments for format [[01;35m[K]8;;https://gcc.gnu.org/onlinedocs/gcc/Warning-Options.html#index-Wformat-extra-args-Wformat-extra-args]8;;[m[K]
[40.499s]   197 |         RCLCPP_DEBUG(nh_->get_logger(), [01;35m[K"costmap_converter"[m[K, "Spinning up a thread for the CostmapToPolygons plugin");
[40.499s]       |                                         [01;35m[K^~~~~~~~~~~~~~~~~~~[m[K
[40.500s] [01m[K/root/robot_navigation/src/install/costmap_converter/include/costmap_converter/costmap_converter_interface.h:[m[K In member function ‘[01m[Kvoid costmap_converter::BaseCostmapToDynamicObstacles::loadStaticCostmapConverterPlugin(const string&, rclcpp::Node::SharedPtr)[m[K’:
[40.500s] [01m[K/root/robot_navigation/src/install/costmap_converter/include/costmap_converter/costmap_converter_interface.h:313:32:[m[K [01;35m[Kwarning: [m[Kformat ‘[01m[K%s[m[K’ expects argument of type ‘[01m[Kchar*[m[K’, but argument 5 has type ‘[01m[Kconst string[m[K’ {aka ‘[01m[Kconst std::__cxx11::basic_string<char>[m[K’} [[01;35m[K]8;;https://gcc.gnu.org/onlinedocs/gcc/Warning-Options.html#index-Wformat=-Wformat=]8;;[m[K]
[40.500s]   313 |       RCLCPP_INFO(getLogger(), [01;35m[K"CostmapToDynamicObstacles: underlying costmap conversion plugin for static obstacles %s loaded."[m[K, plugin_name);
[40.500s]       |                                [01;35m[K^~~~~~~~~~~~~~~~~~~~~~~~~~~~~~~~~~~~~~~~~~~~~~~~~~~~~~~~~~~~~~~~~~~~~~~~~~~~~~~~~~~~~~~~~~~~~~~~~[m[K
[40.500s] In file included from [01m[K/root/robot_navigation/src/teb_local_planner/include/teb_local_planner/teb_local_planner_ros.h:68[m[K,
[40.500s]                  from [01m[K/root/robot_navigation/src/teb_local_planner/src/teb_local_planner_ros.cpp:39[m[K:
[40.500s] [01m[K/root/robot_navigation/src/install/costmap_converter/include/costmap_converter/costmap_converter_interface.h:313:119:[m[K [01;36m[Knote: [m[Kformat string is defined here
[40.500s]   313 |       RCLCPP_INFO(getLogger(), "CostmapToDynamicObstacles: underlying costmap conversion plugin for static obstacles [01;36m[K%s[m[K loaded.", plugin_name);
[40.500s]       |                                                                                                                      [01;36m[K~^[m[K
[40.500s]       |                                                                                                                       [01;36m[K|[m[K
[40.500s]       |                                                                                                                       [01;36m[Kchar*[m[K
