[0.000000] (-) TimerEvent: {}
[0.000135] (costmap_converter) JobQueued: {'identifier': 'costmap_converter', 'dependencies': OrderedDict()}
[0.000968] (costmap_converter) JobStarted: {'identifier': 'costmap_converter'}
[0.030471] (costmap_converter) JobProgress: {'identifier': 'costmap_converter', 'progress': 'cmake'}
[0.030835] (costmap_converter) Command: {'cmd': ['/usr/bin/cmake', '/root/robot_navigation/src/costmap_converter/costmap_converter', '-DCMAKE_INSTALL_PREFIX=/root/robot_navigation/src/costmap_converter/costmap_converter/install/costmap_converter'], 'cwd': '/root/robot_navigation/src/costmap_converter/costmap_converter/build/costmap_converter', 'env': OrderedDict([('USER', 'root'), ('SSH_AGENT_PID', '65797'), ('GIT_ASKPASS', '/root/.vscode-server/bin/e8653663e8840adaf45af01eab5c627a5af81807/extensions/git/dist/askpass.sh'), ('SHLVL', '1'), ('LD_LIBRARY_PATH', '/usr/lib/x86_64-linux-gnu/gazebo-11/plugins:/opt/ros/humble/opt/rviz_ogre_vendor/lib:/opt/ros/humble/lib/x86_64-linux-gnu:/opt/ros/humble/opt/openvdb_vendor/lib:/opt/ros/humble/lib'), ('MOTD_SHOWN', 'update-motd'), ('HOME', '/root'), ('OLDPWD', '/root/robot_navigation/src/costmap_converter'), ('TERM_PROGRAM_VERSION', '1.95.2'), ('VSCODE_IPC_HOOK_CLI', '/run/user/0/vscode-ipc-aa55d9ed-fd81-4ded-96fd-8250d87c2d74.sock'), ('ROS_PYTHON_VERSION', '3'), ('VSCODE_GIT_ASKPASS_MAIN', '/root/.vscode-server/bin/e8653663e8840adaf45af01eab5c627a5af81807/extensions/git/dist/askpass-main.js'), ('VSCODE_GIT_ASKPASS_NODE', '/root/.vscode-server/bin/e8653663e8840adaf45af01eab5c627a5af81807/node'), ('DBUS_SESSION_BUS_ADDRESS', 'unix:path=/run/user/0/bus'), ('COLORTERM', 'truecolor'), ('WSL_DISTRO_NAME', 'Ubuntu-22.04'), ('_colcon_cd_root', '/opt/ros/humble/'), ('WAYLAND_DISPLAY', 'wayland-0'), ('ROS_DISTRO', 'humble'), ('LOGNAME', 'root'), ('NAME', 'DESKTOP-B2GTLAN'), ('WSL_INTEROP', '/run/WSL/487_interop'), ('PULSE_SERVER', 'unix:/mnt/wslg/PulseServer'), ('_', '/usr/local/bin/colcon'), ('ROS_VERSION', '2'), ('TERM', 'xterm-256color'), ('ROS_LOCALHOST_ONLY', '0'), ('PATH', '/opt/ros/humble/bin:/root/.vscode-server/bin/e8653663e8840adaf45af01eab5c627a5af81807/bin/remote-cli:/usr/local/sbin:/usr/local/bin:/usr/sbin:/usr/bin:/sbin:/bin:/usr/games:/usr/local/games:/usr/lib/wsl/lib:/mnt/c/Users/dell/AppData/Local/Programs/cursor/resources/app/bin:/mnt/c/Program Files/Common Files/Oracle/Java/javapath:/mnt/c/Windows/system32:/mnt/c/Windows:/mnt/c/Windows/System32/Wbem:/mnt/c/Windows/System32/WindowsPowerShell/v1.0/:/mnt/c/Windows/System32/OpenSSH/:/mnt/c/Program Files/dotnet/:/mnt/c/Program Files (x86)/NVIDIA Corporation/PhysX/Common:/mnt/c/Program Files/NVIDIA Corporation/NVIDIA NvDLISR:/mnt/c/py:/mnt/e/mingw64/bin:/mnt/e/OpenCV/build/x64/mingw/bin:/mnt/c/Users/dell/Desktop/:/mnt/c/Users/dell/AppData/Local/Microsoft/WindowsApps:/mnt/c/py:/mnt/c/Program Files/JetBrains/PyCharm Community Edition 2023.2.3/bin:/mnt/c/Users/dell/Desktop/Scripts/:/mnt/c/Program Files/Java/jdk-17/bin:/mnt/f/idea/IntelliJ IDEA 2024.2.3/bin:/mnt/c/Users/dell/AppData/Local/Programs/cursor/resources/app/bin:/mnt/c/Users/dell/Desktop/:/mnt/c/Users/dell/AppData/Local/Microsoft/WindowsApps:/mnt/e/vscode/Microsoft VS Code/bin:/mnt/c/py:/mnt/c/Program Files/JetBrains/PyCharm Community Edition 2023.2.3/bin:/mnt/c/Users/dell/Desktop/Scripts/:/mnt/c/Program Files/Java/jdk-17/bin:/mnt/f/idea/IntelliJ IDEA 2024.2.3/bin:/snap/bin'), ('XDG_RUNTIME_DIR', '/run/user/0/'), ('DISPLAY', ':0'), ('LANG', 'C.UTF-8'), ('VSCODE_GIT_IPC_HANDLE', '/run/user/0/vscode-git-23b6e1c2b0.sock'), ('TERM_PROGRAM', 'vscode'), ('SSH_AUTH_SOCK', '/tmp/ssh-XXXXXXhEk2X8/agent.65796'), ('AMENT_PREFIX_PATH', '/opt/ros/humble'), ('SHELL', '/bin/bash'), ('VSCODE_GIT_ASKPASS_EXTRA_ARGS', ''), ('PWD', '/root/robot_navigation/src/costmap_converter/costmap_converter/build/costmap_converter'), ('TURTLEBOT3_MODEL', 'burger'), ('XDG_DATA_DIRS', '/usr/local/share:/usr/share:/var/lib/snapd/desktop'), ('PYTHONPATH', '/opt/ros/humble/lib/python3.10/site-packages:/opt/ros/humble/local/lib/python3.10/dist-packages'), ('COLCON', '1'), ('WSL2_GUI_APPS_ENABLED', '1'), ('HOSTTYPE', 'x86_64'), ('WSLENV', 'VSCODE_WSL_EXT_LOCATION/up:VSCODE_SERVER_TAR/up'), ('CMAKE_PREFIX_PATH', '/opt/ros/humble')]), 'shell': False}
[0.105631] (-) TimerEvent: {}
[0.214467] (-) TimerEvent: {}
[0.323158] (-) TimerEvent: {}
[0.429123] (-) TimerEvent: {}
[0.537895] (-) TimerEvent: {}
[0.646723] (-) TimerEvent: {}
[0.668436] (costmap_converter) StdoutLine: {'line': b'-- The C compiler identification is GNU 11.4.0\n'}
[0.747648] (-) TimerEvent: {}
[0.850920] (-) TimerEvent: {}
[0.959582] (-) TimerEvent: {}
[1.063532] (-) TimerEvent: {}
[1.172266] (-) TimerEvent: {}
[1.278488] (-) TimerEvent: {}
[1.387142] (-) TimerEvent: {}
[1.495849] (-) TimerEvent: {}
[1.604498] (-) TimerEvent: {}
[1.713123] (-) TimerEvent: {}
[1.821607] (-) TimerEvent: {}
[1.922350] (-) TimerEvent: {}
[2.024772] (costmap_converter) StdoutLine: {'line': b'-- The CXX compiler identification is GNU 11.4.0\n'}
[2.025019] (-) TimerEvent: {}
[2.133597] (-) TimerEvent: {}
[2.239744] (-) TimerEvent: {}
[2.348373] (-) TimerEvent: {}
[2.448799] (-) TimerEvent: {}
[2.521635] (costmap_converter) StdoutLine: {'line': b'-- Detecting C compiler ABI info\n'}
[2.551185] (-) TimerEvent: {}
[2.651837] (-) TimerEvent: {}
[2.753386] (-) TimerEvent: {}
[2.811911] (costmap_converter) StdoutLine: {'line': b'-- Detecting C compiler ABI info - done\n'}
[2.816012] (costmap_converter) StdoutLine: {'line': b'-- Check for working C compiler: /usr/bin/cc - skipped\n'}
[2.816757] (costmap_converter) StdoutLine: {'line': b'-- Detecting C compile features\n'}
[2.817493] (costmap_converter) StdoutLine: {'line': b'-- Detecting C compile features - done\n'}
[2.820530] (costmap_converter) StdoutLine: {'line': b'-- Detecting CXX compiler ABI info\n'}
[2.854005] (-) TimerEvent: {}
[2.954529] (-) TimerEvent: {}
[3.038341] (costmap_converter) StdoutLine: {'line': b'-- Detecting CXX compiler ABI info - done\n'}
[3.042353] (costmap_converter) StdoutLine: {'line': b'-- Check for working CXX compiler: /usr/bin/c++ - skipped\n'}
[3.042688] (costmap_converter) StdoutLine: {'line': b'-- Detecting CXX compile features\n'}
[3.042911] (costmap_converter) StdoutLine: {'line': b'-- Detecting CXX compile features - done\n'}
[3.052911] (costmap_converter) StdoutLine: {'line': b'-- Found ament_cmake: 1.3.10 (/opt/ros/humble/share/ament_cmake/cmake)\n'}
[3.054827] (-) TimerEvent: {}
[3.163444] (-) TimerEvent: {}
[3.197528] (costmap_converter) StdoutLine: {'line': b'-- Found Python3: /usr/bin/python3 (found version "3.10.12") found components: Interpreter \n'}
[3.265472] (-) TimerEvent: {}
[3.270361] (costmap_converter) StdoutLine: {'line': b'-- Found class_loader: 2.2.0 (/opt/ros/humble/share/class_loader/cmake)\n'}
[3.373502] (-) TimerEvent: {}
[3.482170] (-) TimerEvent: {}
[3.582827] (-) TimerEvent: {}
[3.691134] (-) TimerEvent: {}
[3.793798] (-) TimerEvent: {}
[3.902198] (-) TimerEvent: {}
[4.009756] (-) TimerEvent: {}
[4.118382] (-) TimerEvent: {}
[4.220462] (-) TimerEvent: {}
[4.326624] (-) TimerEvent: {}
[4.427205] (-) TimerEvent: {}
[4.527516] (-) TimerEvent: {}
[4.631095] (-) TimerEvent: {}
[4.731575] (-) TimerEvent: {}
[4.831994] (-) TimerEvent: {}
[4.940661] (-) TimerEvent: {}
[5.049378] (-) TimerEvent: {}
[5.158044] (-) TimerEvent: {}
[5.266686] (-) TimerEvent: {}
[5.361057] (costmap_converter) StderrLine: {'line': b'\x1b[31mCMake Error at CMakeLists.txt:17 (find_package):\n'}
[5.361291] (costmap_converter) StderrLine: {'line': b'  By not providing "Findcostmap_converter_msgs.cmake" in CMAKE_MODULE_PATH\n'}
[5.361329] (costmap_converter) StderrLine: {'line': b'  this project has asked CMake to find a package configuration file provided\n'}
[5.361383] (costmap_converter) StderrLine: {'line': b'  by "costmap_converter_msgs", but CMake did not find one.\n'}
[5.361449] (costmap_converter) StderrLine: {'line': b'\n'}
[5.361505] (costmap_converter) StderrLine: {'line': b'  Could not find a package configuration file provided by\n'}
[5.361537] (costmap_converter) StderrLine: {'line': b'  "costmap_converter_msgs" with any of the following names:\n'}
[5.361594] (costmap_converter) StderrLine: {'line': b'\n'}
[5.361644] (costmap_converter) StderrLine: {'line': b'    costmap_converter_msgsConfig.cmake\n'}
[5.361673] (costmap_converter) StderrLine: {'line': b'    costmap_converter_msgs-config.cmake\n'}
[5.361707] (costmap_converter) StderrLine: {'line': b'\n'}
[5.361794] (costmap_converter) StderrLine: {'line': b'  Add the installation prefix of "costmap_converter_msgs" to\n'}
[5.361831] (costmap_converter) StderrLine: {'line': b'  CMAKE_PREFIX_PATH or set "costmap_converter_msgs_DIR" to a directory\n'}
[5.361858] (costmap_converter) StderrLine: {'line': b'  containing one of the above files.  If "costmap_converter_msgs" provides a\n'}
[5.361884] (costmap_converter) StderrLine: {'line': b'  separate development package or SDK, be sure it has been installed.\n'}
[5.361908] (costmap_converter) StderrLine: {'line': b'\n'}
[5.361931] (costmap_converter) StderrLine: {'line': b'\x1b[0m\n'}
[5.361955] (costmap_converter) StdoutLine: {'line': b'-- Configuring incomplete, errors occurred!\n'}
[5.361986] (costmap_converter) StdoutLine: {'line': b'See also "/root/robot_navigation/src/costmap_converter/costmap_converter/build/costmap_converter/CMakeFiles/CMakeOutput.log".\n'}
[5.365108] (costmap_converter) CommandEnded: {'returncode': 1}
[5.366872] (-) TimerEvent: {}
[5.398428] (costmap_converter) JobEnded: {'identifier': 'costmap_converter', 'rc': 1}
[5.409255] (-) EventReactorShutdown: {}
