[1.007s] DEBUG:colcon:Command line arguments: ['/usr/local/bin/colcon', 'build']
[1.007s] DEBUG:colcon:Parsed command line arguments: Namespace(log_base=None, log_level=None, verb_name='build', build_base='build', install_base='install', merge_install=False, symlink_install=False, test_result_base=None, continue_on_error=False, executor='parallel', parallel_workers=32, event_handlers=None, ignore_user_meta=False, metas=['./colcon.meta'], base_paths=['.'], packages_ignore=None, packages_ignore_regex=None, paths=None, packages_up_to=None, packages_up_to_regex=None, packages_above=None, packages_above_and_dependencies=None, packages_above_depth=None, packages_select_by_dep=None, packages_skip_by_dep=None, packages_skip_up_to=None, packages_select_build_failed=False, packages_skip_build_finished=False, packages_select_test_failures=False, packages_skip_test_passed=False, packages_select=None, packages_skip=None, packages_select_regex=None, packages_skip_regex=None, packages_start=None, packages_end=None, allow_overriding=[], cmake_args=None, cmake_target=None, cmake_target_skip_unavailable=False, cmake_clean_cache=False, cmake_clean_first=False, cmake_force_configure=False, ament_cmake_args=None, catkin_cmake_args=None, catkin_skip_building_tests=False, verb_parser=<colcon_defaults.argument_parser.defaults.DefaultArgumentsDecorator object at 0x7f05837ed390>, verb_extension=<colcon_core.verb.build.BuildVerb object at 0x7f0583c5e020>, main=<bound method BuildVerb.main of <colcon_core.verb.build.BuildVerb object at 0x7f0583c5e020>>)
[1.068s] Level 1:colcon.colcon_core.package_discovery:discover_packages(colcon_meta) check parameters
[1.068s] Level 1:colcon.colcon_core.package_discovery:discover_packages(recursive) check parameters
[1.068s] Level 1:colcon.colcon_core.package_discovery:discover_packages(ignore) check parameters
[1.068s] Level 1:colcon.colcon_core.package_discovery:discover_packages(path) check parameters
[1.068s] Level 1:colcon.colcon_core.package_discovery:discover_packages(colcon_meta) discover
[1.068s] Level 1:colcon.colcon_core.package_discovery:discover_packages(recursive) discover
[1.068s] INFO:colcon.colcon_core.package_discovery:Crawling recursively for packages in '/root/robot_navigation/src/costmap_converter/costmap_converter'
[1.068s] Level 1:colcon.colcon_core.package_identification:_identify(.) by extensions ['ignore', 'ignore_ament_install']
[1.068s] Level 1:colcon.colcon_core.package_identification:_identify(.) by extension 'ignore'
[1.068s] Level 1:colcon.colcon_core.package_identification:_identify(.) by extension 'ignore_ament_install'
[1.068s] Level 1:colcon.colcon_core.package_identification:_identify(.) by extensions ['colcon_pkg']
[1.068s] Level 1:colcon.colcon_core.package_identification:_identify(.) by extension 'colcon_pkg'
[1.068s] Level 1:colcon.colcon_core.package_identification:_identify(.) by extensions ['colcon_meta']
[1.068s] Level 1:colcon.colcon_core.package_identification:_identify(.) by extension 'colcon_meta'
[1.068s] Level 1:colcon.colcon_core.package_identification:_identify(.) by extensions ['ros']
[1.068s] Level 1:colcon.colcon_core.package_identification:_identify(.) by extension 'ros'
[1.079s] DEBUG:colcon.colcon_core.package_identification:Package '.' with type 'ros.ament_cmake' and name 'costmap_converter'
[1.079s] Level 1:colcon.colcon_core.package_discovery:discover_packages(recursive) using defaults
[1.079s] Level 1:colcon.colcon_core.package_discovery:discover_packages(ignore) discover
[1.079s] Level 1:colcon.colcon_core.package_discovery:discover_packages(ignore) using defaults
[1.079s] Level 1:colcon.colcon_core.package_discovery:discover_packages(path) discover
[1.079s] Level 1:colcon.colcon_core.package_discovery:discover_packages(path) using defaults
[1.137s] Level 1:colcon.colcon_core.package_discovery:discover_packages(prefix_path) check parameters
[1.137s] Level 1:colcon.colcon_core.package_discovery:discover_packages(prefix_path) discover
[1.158s] DEBUG:colcon.colcon_installed_package_information.package_discovery:Found 428 installed packages in /opt/ros/humble
[1.159s] Level 1:colcon.colcon_core.package_discovery:discover_packages(prefix_path) using defaults
[1.284s] Level 5:colcon.colcon_core.verb:set package 'costmap_converter' build argument 'cmake_args' from command line to 'None'
[1.284s] Level 5:colcon.colcon_core.verb:set package 'costmap_converter' build argument 'cmake_target' from command line to 'None'
[1.284s] Level 5:colcon.colcon_core.verb:set package 'costmap_converter' build argument 'cmake_target_skip_unavailable' from command line to 'False'
[1.284s] Level 5:colcon.colcon_core.verb:set package 'costmap_converter' build argument 'cmake_clean_cache' from command line to 'False'
[1.284s] Level 5:colcon.colcon_core.verb:set package 'costmap_converter' build argument 'cmake_clean_first' from command line to 'False'
[1.285s] Level 5:colcon.colcon_core.verb:set package 'costmap_converter' build argument 'cmake_force_configure' from command line to 'False'
[1.285s] Level 5:colcon.colcon_core.verb:set package 'costmap_converter' build argument 'ament_cmake_args' from command line to 'None'
[1.285s] Level 5:colcon.colcon_core.verb:set package 'costmap_converter' build argument 'catkin_cmake_args' from command line to 'None'
[1.285s] Level 5:colcon.colcon_core.verb:set package 'costmap_converter' build argument 'catkin_skip_building_tests' from command line to 'False'
[1.285s] DEBUG:colcon.colcon_core.verb:Building package 'costmap_converter' with the following arguments: {'ament_cmake_args': None, 'build_base': '/root/robot_navigation/src/costmap_converter/costmap_converter/build/costmap_converter', 'catkin_cmake_args': None, 'catkin_skip_building_tests': False, 'cmake_args': None, 'cmake_clean_cache': False, 'cmake_clean_first': False, 'cmake_force_configure': False, 'cmake_target': None, 'cmake_target_skip_unavailable': False, 'install_base': '/root/robot_navigation/src/costmap_converter/costmap_converter/install/costmap_converter', 'merge_install': False, 'path': '/root/robot_navigation/src/costmap_converter/costmap_converter', 'symlink_install': False, 'test_result_base': None}
[1.291s] INFO:colcon.colcon_core.executor:Executing jobs using 'parallel' executor
[1.298s] DEBUG:colcon.colcon_parallel_executor.executor.parallel:run_until_complete
[1.298s] INFO:colcon.colcon_ros.task.ament_cmake.build:Building ROS package in '/root/robot_navigation/src/costmap_converter/costmap_converter' with build type 'ament_cmake'
[1.298s] INFO:colcon.colcon_cmake.task.cmake.build:Building CMake package in '/root/robot_navigation/src/costmap_converter/costmap_converter'
[1.311s] INFO:colcon.colcon_core.plugin_system:Skipping extension 'colcon_core.shell.bat': Not used on non-Windows systems
[1.311s] INFO:colcon.colcon_core.shell:Skip shell extension 'powershell' for command environment: Not usable outside of PowerShell
[1.311s] DEBUG:colcon.colcon_core.shell:Skip shell extension 'dsv' for command environment
[1.329s] DEBUG:colcon.colcon_core.event_handler.log_command:Invoking command in '/root/robot_navigation/src/costmap_converter/costmap_converter/build/costmap_converter': CMAKE_PREFIX_PATH=/opt/ros/humble /usr/bin/cmake /root/robot_navigation/src/costmap_converter/costmap_converter -DCMAKE_INSTALL_PREFIX=/root/robot_navigation/src/costmap_converter/costmap_converter/install/costmap_converter
[6.663s] DEBUG:colcon.colcon_core.event_handler.log_command:Invoked command in '/root/robot_navigation/src/costmap_converter/costmap_converter/build/costmap_converter' returned '1': CMAKE_PREFIX_PATH=/opt/ros/humble /usr/bin/cmake /root/robot_navigation/src/costmap_converter/costmap_converter -DCMAKE_INSTALL_PREFIX=/root/robot_navigation/src/costmap_converter/costmap_converter/install/costmap_converter
[6.670s] Level 1:colcon.colcon_core.environment:create_environment_scripts_only(costmap_converter)
[6.685s] Level 1:colcon.colcon_core.environment:checking '/root/robot_navigation/src/costmap_converter/costmap_converter/install/costmap_converter' for CMake module files
[6.685s] Level 1:colcon.colcon_core.environment:checking '/root/robot_navigation/src/costmap_converter/costmap_converter/install/costmap_converter' for CMake config files
[6.685s] Level 1:colcon.colcon_core.environment:checking '/root/robot_navigation/src/costmap_converter/costmap_converter/install/costmap_converter/bin'
[6.686s] Level 1:colcon.colcon_core.environment:checking '/root/robot_navigation/src/costmap_converter/costmap_converter/install/costmap_converter/lib/pkgconfig/costmap_converter.pc'
[6.686s] Level 1:colcon.colcon_core.environment:checking '/root/robot_navigation/src/costmap_converter/costmap_converter/install/costmap_converter/lib/python3.10/site-packages'
[6.686s] Level 1:colcon.colcon_core.environment:checking '/root/robot_navigation/src/costmap_converter/costmap_converter/install/costmap_converter/bin'
[6.692s] INFO:colcon.colcon_core.shell:Creating package script '/root/robot_navigation/src/costmap_converter/costmap_converter/install/costmap_converter/share/costmap_converter/package.ps1'
[6.693s] INFO:colcon.colcon_core.shell:Creating package descriptor '/root/robot_navigation/src/costmap_converter/costmap_converter/install/costmap_converter/share/costmap_converter/package.dsv'
[6.694s] INFO:colcon.colcon_core.shell:Creating package script '/root/robot_navigation/src/costmap_converter/costmap_converter/install/costmap_converter/share/costmap_converter/package.sh'
[6.695s] INFO:colcon.colcon_core.shell:Creating package script '/root/robot_navigation/src/costmap_converter/costmap_converter/install/costmap_converter/share/costmap_converter/package.bash'
[6.695s] INFO:colcon.colcon_core.shell:Creating package script '/root/robot_navigation/src/costmap_converter/costmap_converter/install/costmap_converter/share/costmap_converter/package.zsh'
[6.696s] Level 1:colcon.colcon_core.environment:create_file_with_runtime_dependencies(/root/robot_navigation/src/costmap_converter/costmap_converter/install/costmap_converter/share/colcon-core/packages/costmap_converter)
[6.706s] DEBUG:colcon.colcon_parallel_executor.executor.parallel:closing loop
[6.707s] DEBUG:colcon.colcon_parallel_executor.executor.parallel:loop closed
[6.707s] DEBUG:colcon.colcon_parallel_executor.executor.parallel:run_until_complete finished with '1'
[6.707s] DEBUG:colcon.colcon_core.event_reactor:joining thread
[6.728s] INFO:colcon.colcon_core.plugin_system:Skipping extension 'colcon_notification.desktop_notification.terminal_notifier': Not used on non-Darwin systems
[6.728s] INFO:colcon.colcon_core.plugin_system:Skipping extension 'colcon_notification.desktop_notification.win32': Not used on non-Windows systems
[6.728s] INFO:colcon.colcon_notification.desktop_notification:Sending desktop notification using 'notify2'
[6.732s] DEBUG:colcon.colcon_core.event_reactor:joined thread
[6.739s] INFO:colcon.colcon_core.shell:Creating prefix script '/root/robot_navigation/src/costmap_converter/costmap_converter/install/local_setup.ps1'
[6.739s] INFO:colcon.colcon_core.shell:Creating prefix util module '/root/robot_navigation/src/costmap_converter/costmap_converter/install/_local_setup_util_ps1.py'
[6.740s] INFO:colcon.colcon_core.shell:Creating prefix chain script '/root/robot_navigation/src/costmap_converter/costmap_converter/install/setup.ps1'
[6.747s] INFO:colcon.colcon_core.shell:Creating prefix script '/root/robot_navigation/src/costmap_converter/costmap_converter/install/local_setup.sh'
[6.748s] INFO:colcon.colcon_core.shell:Creating prefix util module '/root/robot_navigation/src/costmap_converter/costmap_converter/install/_local_setup_util_sh.py'
[6.748s] INFO:colcon.colcon_core.shell:Creating prefix chain script '/root/robot_navigation/src/costmap_converter/costmap_converter/install/setup.sh'
[6.755s] INFO:colcon.colcon_core.shell:Creating prefix script '/root/robot_navigation/src/costmap_converter/costmap_converter/install/local_setup.bash'
[6.756s] INFO:colcon.colcon_core.shell:Creating prefix chain script '/root/robot_navigation/src/costmap_converter/costmap_converter/install/setup.bash'
[6.762s] INFO:colcon.colcon_core.shell:Creating prefix script '/root/robot_navigation/src/costmap_converter/costmap_converter/install/local_setup.zsh'
[6.762s] INFO:colcon.colcon_core.shell:Creating prefix chain script '/root/robot_navigation/src/costmap_converter/costmap_converter/install/setup.zsh'
