[1.029s] DEBUG:colcon:Command line arguments: ['/usr/local/bin/colcon', 'build']
[1.029s] DEBUG:colcon:Parsed command line arguments: Namespace(log_base=None, log_level=None, verb_name='build', build_base='build', install_base='install', merge_install=False, symlink_install=False, test_result_base=None, continue_on_error=False, executor='parallel', parallel_workers=32, event_handlers=None, ignore_user_meta=False, metas=['./colcon.meta'], base_paths=['.'], packages_ignore=None, packages_ignore_regex=None, paths=None, packages_up_to=None, packages_up_to_regex=None, packages_above=None, packages_above_and_dependencies=None, packages_above_depth=None, packages_select_by_dep=None, packages_skip_by_dep=None, packages_skip_up_to=None, packages_select_build_failed=False, packages_skip_build_finished=False, packages_select_test_failures=False, packages_skip_test_passed=False, packages_select=None, packages_skip=None, packages_select_regex=None, packages_skip_regex=None, packages_start=None, packages_end=None, allow_overriding=[], cmake_args=None, cmake_target=None, cmake_target_skip_unavailable=False, cmake_clean_cache=False, cmake_clean_first=False, cmake_force_configure=False, ament_cmake_args=None, catkin_cmake_args=None, catkin_skip_building_tests=False, verb_parser=<colcon_defaults.argument_parser.defaults.DefaultArgumentsDecorator object at 0x7f5c5206fa30>, verb_extension=<colcon_core.verb.build.BuildVerb object at 0x7f5c524e1c90>, main=<bound method BuildVerb.main of <colcon_core.verb.build.BuildVerb object at 0x7f5c524e1c90>>)
[1.093s] Level 1:colcon.colcon_core.package_discovery:discover_packages(colcon_meta) check parameters
[1.093s] Level 1:colcon.colcon_core.package_discovery:discover_packages(recursive) check parameters
[1.093s] Level 1:colcon.colcon_core.package_discovery:discover_packages(ignore) check parameters
[1.093s] Level 1:colcon.colcon_core.package_discovery:discover_packages(path) check parameters
[1.093s] Level 1:colcon.colcon_core.package_discovery:discover_packages(colcon_meta) discover
[1.093s] Level 1:colcon.colcon_core.package_discovery:discover_packages(recursive) discover
[1.093s] INFO:colcon.colcon_core.package_discovery:Crawling recursively for packages in '/root/nav_1'
[1.094s] Level 1:colcon.colcon_core.package_identification:_identify(.) by extensions ['ignore', 'ignore_ament_install']
[1.094s] Level 1:colcon.colcon_core.package_identification:_identify(.) by extension 'ignore'
[1.094s] Level 1:colcon.colcon_core.package_identification:_identify(.) by extension 'ignore_ament_install'
[1.094s] Level 1:colcon.colcon_core.package_identification:_identify(.) by extensions ['colcon_pkg']
[1.094s] Level 1:colcon.colcon_core.package_identification:_identify(.) by extension 'colcon_pkg'
[1.094s] Level 1:colcon.colcon_core.package_identification:_identify(.) by extensions ['colcon_meta']
[1.094s] Level 1:colcon.colcon_core.package_identification:_identify(.) by extension 'colcon_meta'
[1.094s] Level 1:colcon.colcon_core.package_identification:_identify(.) by extensions ['ros']
[1.094s] Level 1:colcon.colcon_core.package_identification:_identify(.) by extension 'ros'
[1.105s] Level 1:colcon.colcon_core.package_identification:_identify(.) by extensions ['cmake', 'python']
[1.105s] Level 1:colcon.colcon_core.package_identification:_identify(.) by extension 'cmake'
[1.106s] Level 1:colcon.colcon_core.package_identification:_identify(.) by extension 'python'
[1.106s] Level 1:colcon.colcon_core.package_identification:_identify(.) by extensions ['python_setup_py']
[1.106s] Level 1:colcon.colcon_core.package_identification:_identify(.) by extension 'python_setup_py'
[1.106s] Level 1:colcon.colcon_core.package_identification:_identify(build) by extensions ['ignore', 'ignore_ament_install']
[1.106s] Level 1:colcon.colcon_core.package_identification:_identify(build) by extension 'ignore'
[1.106s] Level 1:colcon.colcon_core.package_identification:_identify(build) ignored
[1.106s] Level 1:colcon.colcon_core.package_identification:_identify(install) by extensions ['ignore', 'ignore_ament_install']
[1.106s] Level 1:colcon.colcon_core.package_identification:_identify(install) by extension 'ignore'
[1.106s] Level 1:colcon.colcon_core.package_identification:_identify(install) ignored
[1.106s] Level 1:colcon.colcon_core.package_identification:_identify(log) by extensions ['ignore', 'ignore_ament_install']
[1.106s] Level 1:colcon.colcon_core.package_identification:_identify(log) by extension 'ignore'
[1.106s] Level 1:colcon.colcon_core.package_identification:_identify(log) ignored
[1.106s] Level 1:colcon.colcon_core.package_identification:_identify(src) by extensions ['ignore', 'ignore_ament_install']
[1.106s] Level 1:colcon.colcon_core.package_identification:_identify(src) by extension 'ignore'
[1.106s] Level 1:colcon.colcon_core.package_identification:_identify(src) by extension 'ignore_ament_install'
[1.106s] Level 1:colcon.colcon_core.package_identification:_identify(src) by extensions ['colcon_pkg']
[1.106s] Level 1:colcon.colcon_core.package_identification:_identify(src) by extension 'colcon_pkg'
[1.106s] Level 1:colcon.colcon_core.package_identification:_identify(src) by extensions ['colcon_meta']
[1.106s] Level 1:colcon.colcon_core.package_identification:_identify(src) by extension 'colcon_meta'
[1.106s] Level 1:colcon.colcon_core.package_identification:_identify(src) by extensions ['ros']
[1.106s] Level 1:colcon.colcon_core.package_identification:_identify(src) by extension 'ros'
[1.106s] Level 1:colcon.colcon_core.package_identification:_identify(src) by extensions ['cmake', 'python']
[1.106s] Level 1:colcon.colcon_core.package_identification:_identify(src) by extension 'cmake'
[1.106s] Level 1:colcon.colcon_core.package_identification:_identify(src) by extension 'python'
[1.106s] Level 1:colcon.colcon_core.package_identification:_identify(src) by extensions ['python_setup_py']
[1.106s] Level 1:colcon.colcon_core.package_identification:_identify(src) by extension 'python_setup_py'
[1.106s] Level 1:colcon.colcon_core.package_identification:_identify(src/costmap_converter) by extensions ['ignore', 'ignore_ament_install']
[1.106s] Level 1:colcon.colcon_core.package_identification:_identify(src/costmap_converter) by extension 'ignore'
[1.107s] Level 1:colcon.colcon_core.package_identification:_identify(src/costmap_converter) by extension 'ignore_ament_install'
[1.107s] Level 1:colcon.colcon_core.package_identification:_identify(src/costmap_converter) by extensions ['colcon_pkg']
[1.107s] Level 1:colcon.colcon_core.package_identification:_identify(src/costmap_converter) by extension 'colcon_pkg'
[1.107s] Level 1:colcon.colcon_core.package_identification:_identify(src/costmap_converter) by extensions ['colcon_meta']
[1.107s] Level 1:colcon.colcon_core.package_identification:_identify(src/costmap_converter) by extension 'colcon_meta'
[1.107s] Level 1:colcon.colcon_core.package_identification:_identify(src/costmap_converter) by extensions ['ros']
[1.107s] Level 1:colcon.colcon_core.package_identification:_identify(src/costmap_converter) by extension 'ros'
[1.109s] DEBUG:colcon.colcon_core.package_identification:Package 'src/costmap_converter' with type 'ros.ament_cmake' and name 'costmap_converter'
[1.109s] Level 1:colcon.colcon_core.package_identification:_identify(src/costmap_converter_msgs) by extensions ['ignore', 'ignore_ament_install']
[1.109s] Level 1:colcon.colcon_core.package_identification:_identify(src/costmap_converter_msgs) by extension 'ignore'
[1.109s] Level 1:colcon.colcon_core.package_identification:_identify(src/costmap_converter_msgs) by extension 'ignore_ament_install'
[1.109s] Level 1:colcon.colcon_core.package_identification:_identify(src/costmap_converter_msgs) by extensions ['colcon_pkg']
[1.109s] Level 1:colcon.colcon_core.package_identification:_identify(src/costmap_converter_msgs) by extension 'colcon_pkg'
[1.109s] Level 1:colcon.colcon_core.package_identification:_identify(src/costmap_converter_msgs) by extensions ['colcon_meta']
[1.109s] Level 1:colcon.colcon_core.package_identification:_identify(src/costmap_converter_msgs) by extension 'colcon_meta'
[1.109s] Level 1:colcon.colcon_core.package_identification:_identify(src/costmap_converter_msgs) by extensions ['ros']
[1.109s] Level 1:colcon.colcon_core.package_identification:_identify(src/costmap_converter_msgs) by extension 'ros'
[1.110s] DEBUG:colcon.colcon_core.package_identification:Package 'src/costmap_converter_msgs' with type 'ros.ament_cmake' and name 'costmap_converter_msgs'
[1.110s] Level 1:colcon.colcon_core.package_identification:_identify(src/robot_navigation) by extensions ['ignore', 'ignore_ament_install']
[1.110s] Level 1:colcon.colcon_core.package_identification:_identify(src/robot_navigation) by extension 'ignore'
[1.110s] Level 1:colcon.colcon_core.package_identification:_identify(src/robot_navigation) by extension 'ignore_ament_install'
[1.110s] Level 1:colcon.colcon_core.package_identification:_identify(src/robot_navigation) by extensions ['colcon_pkg']
[1.110s] Level 1:colcon.colcon_core.package_identification:_identify(src/robot_navigation) by extension 'colcon_pkg'
[1.110s] Level 1:colcon.colcon_core.package_identification:_identify(src/robot_navigation) by extensions ['colcon_meta']
[1.110s] Level 1:colcon.colcon_core.package_identification:_identify(src/robot_navigation) by extension 'colcon_meta'
[1.110s] Level 1:colcon.colcon_core.package_identification:_identify(src/robot_navigation) by extensions ['ros']
[1.110s] Level 1:colcon.colcon_core.package_identification:_identify(src/robot_navigation) by extension 'ros'
[1.110s] DEBUG:colcon.colcon_core.package_identification:Package 'src/robot_navigation' with type 'ros.ament_cmake' and name 'robot_navigation'
[1.111s] Level 1:colcon.colcon_core.package_identification:_identify(src/teb_local_planner) by extensions ['ignore', 'ignore_ament_install']
[1.111s] Level 1:colcon.colcon_core.package_identification:_identify(src/teb_local_planner) by extension 'ignore'
[1.111s] Level 1:colcon.colcon_core.package_identification:_identify(src/teb_local_planner) by extension 'ignore_ament_install'
[1.111s] Level 1:colcon.colcon_core.package_identification:_identify(src/teb_local_planner) by extensions ['colcon_pkg']
[1.111s] Level 1:colcon.colcon_core.package_identification:_identify(src/teb_local_planner) by extension 'colcon_pkg'
[1.111s] Level 1:colcon.colcon_core.package_identification:_identify(src/teb_local_planner) by extensions ['colcon_meta']
[1.111s] Level 1:colcon.colcon_core.package_identification:_identify(src/teb_local_planner) by extension 'colcon_meta'
[1.111s] Level 1:colcon.colcon_core.package_identification:_identify(src/teb_local_planner) by extensions ['ros']
[1.111s] Level 1:colcon.colcon_core.package_identification:_identify(src/teb_local_planner) by extension 'ros'
[1.113s] DEBUG:colcon.colcon_core.package_identification:Package 'src/teb_local_planner' with type 'ros.ament_cmake' and name 'teb_local_planner'
[1.113s] Level 1:colcon.colcon_core.package_identification:_identify(src/teb_msgs) by extensions ['ignore', 'ignore_ament_install']
[1.113s] Level 1:colcon.colcon_core.package_identification:_identify(src/teb_msgs) by extension 'ignore'
[1.113s] Level 1:colcon.colcon_core.package_identification:_identify(src/teb_msgs) by extension 'ignore_ament_install'
[1.113s] Level 1:colcon.colcon_core.package_identification:_identify(src/teb_msgs) by extensions ['colcon_pkg']
[1.113s] Level 1:colcon.colcon_core.package_identification:_identify(src/teb_msgs) by extension 'colcon_pkg'
[1.113s] Level 1:colcon.colcon_core.package_identification:_identify(src/teb_msgs) by extensions ['colcon_meta']
[1.113s] Level 1:colcon.colcon_core.package_identification:_identify(src/teb_msgs) by extension 'colcon_meta'
[1.113s] Level 1:colcon.colcon_core.package_identification:_identify(src/teb_msgs) by extensions ['ros']
[1.113s] Level 1:colcon.colcon_core.package_identification:_identify(src/teb_msgs) by extension 'ros'
[1.113s] DEBUG:colcon.colcon_core.package_identification:Package 'src/teb_msgs' with type 'ros.ament_cmake' and name 'teb_msgs'
[1.113s] Level 1:colcon.colcon_core.package_discovery:discover_packages(recursive) using defaults
[1.113s] Level 1:colcon.colcon_core.package_discovery:discover_packages(ignore) discover
[1.113s] Level 1:colcon.colcon_core.package_discovery:discover_packages(ignore) using defaults
[1.113s] Level 1:colcon.colcon_core.package_discovery:discover_packages(path) discover
[1.113s] Level 1:colcon.colcon_core.package_discovery:discover_packages(path) using defaults
[1.181s] Level 1:colcon.colcon_core.package_discovery:discover_packages(prefix_path) check parameters
[1.181s] Level 1:colcon.colcon_core.package_discovery:discover_packages(prefix_path) discover
[1.196s] DEBUG:colcon.colcon_installed_package_information.package_discovery:Found 428 installed packages in /opt/ros/humble
[1.197s] Level 1:colcon.colcon_core.package_discovery:discover_packages(prefix_path) using defaults
[1.239s] Level 5:colcon.colcon_core.verb:set package 'costmap_converter_msgs' build argument 'cmake_args' from command line to 'None'
[1.239s] Level 5:colcon.colcon_core.verb:set package 'costmap_converter_msgs' build argument 'cmake_target' from command line to 'None'
[1.239s] Level 5:colcon.colcon_core.verb:set package 'costmap_converter_msgs' build argument 'cmake_target_skip_unavailable' from command line to 'False'
[1.239s] Level 5:colcon.colcon_core.verb:set package 'costmap_converter_msgs' build argument 'cmake_clean_cache' from command line to 'False'
[1.239s] Level 5:colcon.colcon_core.verb:set package 'costmap_converter_msgs' build argument 'cmake_clean_first' from command line to 'False'
[1.239s] Level 5:colcon.colcon_core.verb:set package 'costmap_converter_msgs' build argument 'cmake_force_configure' from command line to 'False'
[1.239s] Level 5:colcon.colcon_core.verb:set package 'costmap_converter_msgs' build argument 'ament_cmake_args' from command line to 'None'
[1.239s] Level 5:colcon.colcon_core.verb:set package 'costmap_converter_msgs' build argument 'catkin_cmake_args' from command line to 'None'
[1.239s] Level 5:colcon.colcon_core.verb:set package 'costmap_converter_msgs' build argument 'catkin_skip_building_tests' from command line to 'False'
[1.239s] DEBUG:colcon.colcon_core.verb:Building package 'costmap_converter_msgs' with the following arguments: {'ament_cmake_args': None, 'build_base': '/root/nav_1/build/costmap_converter_msgs', 'catkin_cmake_args': None, 'catkin_skip_building_tests': False, 'cmake_args': None, 'cmake_clean_cache': False, 'cmake_clean_first': False, 'cmake_force_configure': False, 'cmake_target': None, 'cmake_target_skip_unavailable': False, 'install_base': '/root/nav_1/install/costmap_converter_msgs', 'merge_install': False, 'path': '/root/nav_1/src/costmap_converter_msgs', 'symlink_install': False, 'test_result_base': None}
[1.246s] Level 5:colcon.colcon_core.verb:set package 'costmap_converter' build argument 'cmake_args' from command line to 'None'
[1.246s] Level 5:colcon.colcon_core.verb:set package 'costmap_converter' build argument 'cmake_target' from command line to 'None'
[1.246s] Level 5:colcon.colcon_core.verb:set package 'costmap_converter' build argument 'cmake_target_skip_unavailable' from command line to 'False'
[1.246s] Level 5:colcon.colcon_core.verb:set package 'costmap_converter' build argument 'cmake_clean_cache' from command line to 'False'
[1.246s] Level 5:colcon.colcon_core.verb:set package 'costmap_converter' build argument 'cmake_clean_first' from command line to 'False'
[1.246s] Level 5:colcon.colcon_core.verb:set package 'costmap_converter' build argument 'cmake_force_configure' from command line to 'False'
[1.246s] Level 5:colcon.colcon_core.verb:set package 'costmap_converter' build argument 'ament_cmake_args' from command line to 'None'
[1.246s] Level 5:colcon.colcon_core.verb:set package 'costmap_converter' build argument 'catkin_cmake_args' from command line to 'None'
[1.246s] Level 5:colcon.colcon_core.verb:set package 'costmap_converter' build argument 'catkin_skip_building_tests' from command line to 'False'
[1.246s] DEBUG:colcon.colcon_core.verb:Building package 'costmap_converter' with the following arguments: {'ament_cmake_args': None, 'build_base': '/root/nav_1/build/costmap_converter', 'catkin_cmake_args': None, 'catkin_skip_building_tests': False, 'cmake_args': None, 'cmake_clean_cache': False, 'cmake_clean_first': False, 'cmake_force_configure': False, 'cmake_target': None, 'cmake_target_skip_unavailable': False, 'install_base': '/root/nav_1/install/costmap_converter', 'merge_install': False, 'path': '/root/nav_1/src/costmap_converter', 'symlink_install': False, 'test_result_base': None}
[1.253s] Level 5:colcon.colcon_core.verb:set package 'teb_msgs' build argument 'cmake_args' from command line to 'None'
[1.253s] Level 5:colcon.colcon_core.verb:set package 'teb_msgs' build argument 'cmake_target' from command line to 'None'
[1.253s] Level 5:colcon.colcon_core.verb:set package 'teb_msgs' build argument 'cmake_target_skip_unavailable' from command line to 'False'
[1.253s] Level 5:colcon.colcon_core.verb:set package 'teb_msgs' build argument 'cmake_clean_cache' from command line to 'False'
[1.253s] Level 5:colcon.colcon_core.verb:set package 'teb_msgs' build argument 'cmake_clean_first' from command line to 'False'
[1.253s] Level 5:colcon.colcon_core.verb:set package 'teb_msgs' build argument 'cmake_force_configure' from command line to 'False'
[1.253s] Level 5:colcon.colcon_core.verb:set package 'teb_msgs' build argument 'ament_cmake_args' from command line to 'None'
[1.253s] Level 5:colcon.colcon_core.verb:set package 'teb_msgs' build argument 'catkin_cmake_args' from command line to 'None'
[1.253s] Level 5:colcon.colcon_core.verb:set package 'teb_msgs' build argument 'catkin_skip_building_tests' from command line to 'False'
[1.253s] DEBUG:colcon.colcon_core.verb:Building package 'teb_msgs' with the following arguments: {'ament_cmake_args': None, 'build_base': '/root/nav_1/build/teb_msgs', 'catkin_cmake_args': None, 'catkin_skip_building_tests': False, 'cmake_args': None, 'cmake_clean_cache': False, 'cmake_clean_first': False, 'cmake_force_configure': False, 'cmake_target': None, 'cmake_target_skip_unavailable': False, 'install_base': '/root/nav_1/install/teb_msgs', 'merge_install': False, 'path': '/root/nav_1/src/teb_msgs', 'symlink_install': False, 'test_result_base': None}
[1.260s] Level 5:colcon.colcon_core.verb:set package 'teb_local_planner' build argument 'cmake_args' from command line to 'None'
[1.260s] Level 5:colcon.colcon_core.verb:set package 'teb_local_planner' build argument 'cmake_target' from command line to 'None'
[1.260s] Level 5:colcon.colcon_core.verb:set package 'teb_local_planner' build argument 'cmake_target_skip_unavailable' from command line to 'False'
[1.260s] Level 5:colcon.colcon_core.verb:set package 'teb_local_planner' build argument 'cmake_clean_cache' from command line to 'False'
[1.260s] Level 5:colcon.colcon_core.verb:set package 'teb_local_planner' build argument 'cmake_clean_first' from command line to 'False'
[1.260s] Level 5:colcon.colcon_core.verb:set package 'teb_local_planner' build argument 'cmake_force_configure' from command line to 'False'
[1.260s] Level 5:colcon.colcon_core.verb:set package 'teb_local_planner' build argument 'ament_cmake_args' from command line to 'None'
[1.260s] Level 5:colcon.colcon_core.verb:set package 'teb_local_planner' build argument 'catkin_cmake_args' from command line to 'None'
[1.260s] Level 5:colcon.colcon_core.verb:set package 'teb_local_planner' build argument 'catkin_skip_building_tests' from command line to 'False'
[1.260s] DEBUG:colcon.colcon_core.verb:Building package 'teb_local_planner' with the following arguments: {'ament_cmake_args': None, 'build_base': '/root/nav_1/build/teb_local_planner', 'catkin_cmake_args': None, 'catkin_skip_building_tests': False, 'cmake_args': None, 'cmake_clean_cache': False, 'cmake_clean_first': False, 'cmake_force_configure': False, 'cmake_target': None, 'cmake_target_skip_unavailable': False, 'install_base': '/root/nav_1/install/teb_local_planner', 'merge_install': False, 'path': '/root/nav_1/src/teb_local_planner', 'symlink_install': False, 'test_result_base': None}
[1.267s] Level 5:colcon.colcon_core.verb:set package 'robot_navigation' build argument 'cmake_args' from command line to 'None'
[1.267s] Level 5:colcon.colcon_core.verb:set package 'robot_navigation' build argument 'cmake_target' from command line to 'None'
[1.267s] Level 5:colcon.colcon_core.verb:set package 'robot_navigation' build argument 'cmake_target_skip_unavailable' from command line to 'False'
[1.267s] Level 5:colcon.colcon_core.verb:set package 'robot_navigation' build argument 'cmake_clean_cache' from command line to 'False'
[1.267s] Level 5:colcon.colcon_core.verb:set package 'robot_navigation' build argument 'cmake_clean_first' from command line to 'False'
[1.267s] Level 5:colcon.colcon_core.verb:set package 'robot_navigation' build argument 'cmake_force_configure' from command line to 'False'
[1.267s] Level 5:colcon.colcon_core.verb:set package 'robot_navigation' build argument 'ament_cmake_args' from command line to 'None'
[1.267s] Level 5:colcon.colcon_core.verb:set package 'robot_navigation' build argument 'catkin_cmake_args' from command line to 'None'
[1.267s] Level 5:colcon.colcon_core.verb:set package 'robot_navigation' build argument 'catkin_skip_building_tests' from command line to 'False'
[1.267s] DEBUG:colcon.colcon_core.verb:Building package 'robot_navigation' with the following arguments: {'ament_cmake_args': None, 'build_base': '/root/nav_1/build/robot_navigation', 'catkin_cmake_args': None, 'catkin_skip_building_tests': False, 'cmake_args': None, 'cmake_clean_cache': False, 'cmake_clean_first': False, 'cmake_force_configure': False, 'cmake_target': None, 'cmake_target_skip_unavailable': False, 'install_base': '/root/nav_1/install/robot_navigation', 'merge_install': False, 'path': '/root/nav_1/src/robot_navigation', 'symlink_install': False, 'test_result_base': None}
[1.274s] INFO:colcon.colcon_core.executor:Executing jobs using 'parallel' executor
[1.283s] DEBUG:colcon.colcon_parallel_executor.executor.parallel:run_until_complete
[1.283s] INFO:colcon.colcon_ros.task.ament_cmake.build:Building ROS package in '/root/nav_1/src/costmap_converter_msgs' with build type 'ament_cmake'
[1.283s] INFO:colcon.colcon_cmake.task.cmake.build:Building CMake package in '/root/nav_1/src/costmap_converter_msgs'
[1.296s] INFO:colcon.colcon_core.plugin_system:Skipping extension 'colcon_core.shell.bat': Not used on non-Windows systems
[1.296s] INFO:colcon.colcon_core.shell:Skip shell extension 'powershell' for command environment: Not usable outside of PowerShell
[1.296s] DEBUG:colcon.colcon_core.shell:Skip shell extension 'dsv' for command environment
[1.318s] DEBUG:colcon.colcon_core.event_handler.log_command:Invoking command in '/root/nav_1/build/costmap_converter_msgs': CMAKE_PREFIX_PATH=/opt/ros/humble /usr/bin/cmake --build /root/nav_1/build/costmap_converter_msgs -- -j32 -l32
[1.554s] DEBUG:colcon.colcon_core.event_handler.log_command:Invoked command in '/root/nav_1/build/costmap_converter_msgs' returned '0': CMAKE_PREFIX_PATH=/opt/ros/humble /usr/bin/cmake --build /root/nav_1/build/costmap_converter_msgs -- -j32 -l32
[1.600s] DEBUG:colcon.colcon_core.event_handler.log_command:Invoking command in '/root/nav_1/build/costmap_converter_msgs': CMAKE_PREFIX_PATH=/opt/ros/humble /usr/bin/cmake --install /root/nav_1/build/costmap_converter_msgs
[1.649s] Level 1:colcon.colcon_core.environment:create_environment_scripts_only(costmap_converter_msgs)
[1.649s] DEBUG:colcon.colcon_core.event_handler.log_command:Invoked command in '/root/nav_1/build/costmap_converter_msgs' returned '0': CMAKE_PREFIX_PATH=/opt/ros/humble /usr/bin/cmake --install /root/nav_1/build/costmap_converter_msgs
[1.662s] Level 1:colcon.colcon_core.environment:checking '/root/nav_1/install/costmap_converter_msgs' for CMake module files
[1.662s] Level 1:colcon.colcon_core.environment:checking '/root/nav_1/install/costmap_converter_msgs' for CMake config files
[1.662s] Level 1:colcon.colcon_core.shell:create_environment_hook('costmap_converter_msgs', 'cmake_prefix_path')
[1.668s] INFO:colcon.colcon_core.shell:Creating environment hook '/root/nav_1/install/costmap_converter_msgs/share/costmap_converter_msgs/hook/cmake_prefix_path.ps1'
[1.669s] INFO:colcon.colcon_core.shell:Creating environment descriptor '/root/nav_1/install/costmap_converter_msgs/share/costmap_converter_msgs/hook/cmake_prefix_path.dsv'
[1.670s] INFO:colcon.colcon_core.shell:Creating environment hook '/root/nav_1/install/costmap_converter_msgs/share/costmap_converter_msgs/hook/cmake_prefix_path.sh'
[1.671s] Level 1:colcon.colcon_core.environment:checking '/root/nav_1/install/costmap_converter_msgs/lib'
[1.671s] Level 1:colcon.colcon_core.shell:create_environment_hook('costmap_converter_msgs', 'ld_library_path_lib')
[1.677s] INFO:colcon.colcon_core.shell:Creating environment hook '/root/nav_1/install/costmap_converter_msgs/share/costmap_converter_msgs/hook/ld_library_path_lib.ps1'
[1.677s] INFO:colcon.colcon_core.shell:Creating environment descriptor '/root/nav_1/install/costmap_converter_msgs/share/costmap_converter_msgs/hook/ld_library_path_lib.dsv'
[1.677s] INFO:colcon.colcon_core.shell:Creating environment hook '/root/nav_1/install/costmap_converter_msgs/share/costmap_converter_msgs/hook/ld_library_path_lib.sh'
[1.677s] Level 1:colcon.colcon_core.environment:checking '/root/nav_1/install/costmap_converter_msgs/bin'
[1.677s] Level 1:colcon.colcon_core.environment:checking '/root/nav_1/install/costmap_converter_msgs/lib/pkgconfig/costmap_converter_msgs.pc'
[1.677s] Level 1:colcon.colcon_core.environment:checking '/root/nav_1/install/costmap_converter_msgs/lib/python3.10/site-packages'
[1.678s] Level 1:colcon.colcon_core.environment:checking '/root/nav_1/install/costmap_converter_msgs/bin'
[1.684s] INFO:colcon.colcon_core.shell:Creating package script '/root/nav_1/install/costmap_converter_msgs/share/costmap_converter_msgs/package.ps1'
[1.685s] INFO:colcon.colcon_core.shell:Creating package descriptor '/root/nav_1/install/costmap_converter_msgs/share/costmap_converter_msgs/package.dsv'
[1.685s] INFO:colcon.colcon_core.shell:Creating package script '/root/nav_1/install/costmap_converter_msgs/share/costmap_converter_msgs/package.sh'
[1.686s] INFO:colcon.colcon_core.shell:Creating package script '/root/nav_1/install/costmap_converter_msgs/share/costmap_converter_msgs/package.bash'
[1.688s] INFO:colcon.colcon_core.shell:Creating package script '/root/nav_1/install/costmap_converter_msgs/share/costmap_converter_msgs/package.zsh'
[1.689s] Level 1:colcon.colcon_core.environment:create_file_with_runtime_dependencies(/root/nav_1/install/costmap_converter_msgs/share/colcon-core/packages/costmap_converter_msgs)
[1.735s] Level 1:colcon.colcon_core.environment:create_environment_scripts_only(costmap_converter_msgs)
[1.741s] Level 1:colcon.colcon_core.environment:checking '/root/nav_1/install/costmap_converter_msgs' for CMake module files
[1.741s] Level 1:colcon.colcon_core.environment:checking '/root/nav_1/install/costmap_converter_msgs' for CMake config files
[1.741s] Level 1:colcon.colcon_core.shell:create_environment_hook('costmap_converter_msgs', 'cmake_prefix_path')
[1.748s] INFO:colcon.colcon_core.shell:Creating environment hook '/root/nav_1/install/costmap_converter_msgs/share/costmap_converter_msgs/hook/cmake_prefix_path.ps1'
[1.748s] INFO:colcon.colcon_core.shell:Creating environment descriptor '/root/nav_1/install/costmap_converter_msgs/share/costmap_converter_msgs/hook/cmake_prefix_path.dsv'
[1.748s] INFO:colcon.colcon_core.shell:Creating environment hook '/root/nav_1/install/costmap_converter_msgs/share/costmap_converter_msgs/hook/cmake_prefix_path.sh'
[1.748s] Level 1:colcon.colcon_core.environment:checking '/root/nav_1/install/costmap_converter_msgs/lib'
[1.748s] Level 1:colcon.colcon_core.shell:create_environment_hook('costmap_converter_msgs', 'ld_library_path_lib')
[1.754s] INFO:colcon.colcon_core.shell:Creating environment hook '/root/nav_1/install/costmap_converter_msgs/share/costmap_converter_msgs/hook/ld_library_path_lib.ps1'
[1.755s] INFO:colcon.colcon_core.shell:Creating environment descriptor '/root/nav_1/install/costmap_converter_msgs/share/costmap_converter_msgs/hook/ld_library_path_lib.dsv'
[1.755s] INFO:colcon.colcon_core.shell:Creating environment hook '/root/nav_1/install/costmap_converter_msgs/share/costmap_converter_msgs/hook/ld_library_path_lib.sh'
[1.755s] Level 1:colcon.colcon_core.environment:checking '/root/nav_1/install/costmap_converter_msgs/bin'
[1.755s] Level 1:colcon.colcon_core.environment:checking '/root/nav_1/install/costmap_converter_msgs/lib/pkgconfig/costmap_converter_msgs.pc'
[1.755s] Level 1:colcon.colcon_core.environment:checking '/root/nav_1/install/costmap_converter_msgs/lib/python3.10/site-packages'
[1.755s] Level 1:colcon.colcon_core.environment:checking '/root/nav_1/install/costmap_converter_msgs/bin'
[1.762s] INFO:colcon.colcon_core.shell:Creating package script '/root/nav_1/install/costmap_converter_msgs/share/costmap_converter_msgs/package.ps1'
[1.763s] INFO:colcon.colcon_core.shell:Creating package descriptor '/root/nav_1/install/costmap_converter_msgs/share/costmap_converter_msgs/package.dsv'
[1.763s] INFO:colcon.colcon_core.shell:Creating package script '/root/nav_1/install/costmap_converter_msgs/share/costmap_converter_msgs/package.sh'
[1.763s] INFO:colcon.colcon_core.shell:Creating package script '/root/nav_1/install/costmap_converter_msgs/share/costmap_converter_msgs/package.bash'
[1.763s] INFO:colcon.colcon_core.shell:Creating package script '/root/nav_1/install/costmap_converter_msgs/share/costmap_converter_msgs/package.zsh'
[1.764s] Level 1:colcon.colcon_core.environment:create_file_with_runtime_dependencies(/root/nav_1/install/costmap_converter_msgs/share/colcon-core/packages/costmap_converter_msgs)
[1.764s] INFO:colcon.colcon_ros.task.ament_cmake.build:Building ROS package in '/root/nav_1/src/costmap_converter' with build type 'ament_cmake'
[1.764s] INFO:colcon.colcon_cmake.task.cmake.build:Building CMake package in '/root/nav_1/src/costmap_converter'
[1.772s] INFO:colcon.colcon_core.shell:Skip shell extension 'powershell' for command environment: Not usable outside of PowerShell
[1.772s] DEBUG:colcon.colcon_core.shell:Skip shell extension 'dsv' for command environment
[1.795s] INFO:colcon.colcon_ros.task.ament_cmake.build:Building ROS package in '/root/nav_1/src/teb_msgs' with build type 'ament_cmake'
[1.796s] INFO:colcon.colcon_cmake.task.cmake.build:Building CMake package in '/root/nav_1/src/teb_msgs'
[1.804s] INFO:colcon.colcon_core.shell:Skip shell extension 'powershell' for command environment: Not usable outside of PowerShell
[1.804s] DEBUG:colcon.colcon_core.shell:Skip shell extension 'dsv' for command environment
[1.934s] DEBUG:colcon.colcon_core.event_handler.log_command:Invoking command in '/root/nav_1/build/costmap_converter': AMENT_PREFIX_PATH=/root/nav_1/install/costmap_converter_msgs:${AMENT_PREFIX_PATH} CMAKE_PREFIX_PATH=/root/nav_1/install/costmap_converter_msgs:/opt/ros/humble LD_LIBRARY_PATH=/root/nav_1/install/costmap_converter_msgs/lib:${LD_LIBRARY_PATH} PYTHONPATH=/root/nav_1/install/costmap_converter_msgs/local/lib/python3.10/dist-packages:${PYTHONPATH} /usr/bin/cmake --build /root/nav_1/build/costmap_converter -- -j32 -l32
[1.958s] DEBUG:colcon.colcon_core.event_handler.log_command:Invoking command in '/root/nav_1/build/teb_msgs': AMENT_PREFIX_PATH=/root/nav_1/install/costmap_converter_msgs:${AMENT_PREFIX_PATH} CMAKE_PREFIX_PATH=/root/nav_1/install/costmap_converter_msgs:/opt/ros/humble LD_LIBRARY_PATH=/root/nav_1/install/costmap_converter_msgs/lib:${LD_LIBRARY_PATH} PYTHONPATH=/root/nav_1/install/costmap_converter_msgs/local/lib/python3.10/dist-packages:${PYTHONPATH} /usr/bin/cmake --build /root/nav_1/build/teb_msgs -- -j32 -l32
[2.129s] DEBUG:colcon.colcon_core.event_handler.log_command:Invoked command in '/root/nav_1/build/costmap_converter' returned '0': AMENT_PREFIX_PATH=/root/nav_1/install/costmap_converter_msgs:${AMENT_PREFIX_PATH} CMAKE_PREFIX_PATH=/root/nav_1/install/costmap_converter_msgs:/opt/ros/humble LD_LIBRARY_PATH=/root/nav_1/install/costmap_converter_msgs/lib:${LD_LIBRARY_PATH} PYTHONPATH=/root/nav_1/install/costmap_converter_msgs/local/lib/python3.10/dist-packages:${PYTHONPATH} /usr/bin/cmake --build /root/nav_1/build/costmap_converter -- -j32 -l32
[2.158s] DEBUG:colcon.colcon_core.event_handler.log_command:Invoking command in '/root/nav_1/build/costmap_converter': AMENT_PREFIX_PATH=/root/nav_1/install/costmap_converter_msgs:${AMENT_PREFIX_PATH} CMAKE_PREFIX_PATH=/root/nav_1/install/costmap_converter_msgs:/opt/ros/humble LD_LIBRARY_PATH=/root/nav_1/install/costmap_converter_msgs/lib:${LD_LIBRARY_PATH} PYTHONPATH=/root/nav_1/install/costmap_converter_msgs/local/lib/python3.10/dist-packages:${PYTHONPATH} /usr/bin/cmake --install /root/nav_1/build/costmap_converter
[2.162s] DEBUG:colcon.colcon_core.event_handler.log_command:Invoked command in '/root/nav_1/build/teb_msgs' returned '0': AMENT_PREFIX_PATH=/root/nav_1/install/costmap_converter_msgs:${AMENT_PREFIX_PATH} CMAKE_PREFIX_PATH=/root/nav_1/install/costmap_converter_msgs:/opt/ros/humble LD_LIBRARY_PATH=/root/nav_1/install/costmap_converter_msgs/lib:${LD_LIBRARY_PATH} PYTHONPATH=/root/nav_1/install/costmap_converter_msgs/local/lib/python3.10/dist-packages:${PYTHONPATH} /usr/bin/cmake --build /root/nav_1/build/teb_msgs -- -j32 -l32
[2.167s] Level 1:colcon.colcon_core.environment:create_environment_scripts_only(costmap_converter)
[2.168s] DEBUG:colcon.colcon_core.event_handler.log_command:Invoked command in '/root/nav_1/build/costmap_converter' returned '0': AMENT_PREFIX_PATH=/root/nav_1/install/costmap_converter_msgs:${AMENT_PREFIX_PATH} CMAKE_PREFIX_PATH=/root/nav_1/install/costmap_converter_msgs:/opt/ros/humble LD_LIBRARY_PATH=/root/nav_1/install/costmap_converter_msgs/lib:${LD_LIBRARY_PATH} PYTHONPATH=/root/nav_1/install/costmap_converter_msgs/local/lib/python3.10/dist-packages:${PYTHONPATH} /usr/bin/cmake --install /root/nav_1/build/costmap_converter
[2.174s] Level 1:colcon.colcon_core.environment:checking '/root/nav_1/install/costmap_converter' for CMake module files
[2.175s] Level 1:colcon.colcon_core.environment:checking '/root/nav_1/install/costmap_converter' for CMake config files
[2.175s] Level 1:colcon.colcon_core.shell:create_environment_hook('costmap_converter', 'cmake_prefix_path')
[2.181s] INFO:colcon.colcon_core.shell:Creating environment hook '/root/nav_1/install/costmap_converter/share/costmap_converter/hook/cmake_prefix_path.ps1'
[2.182s] INFO:colcon.colcon_core.shell:Creating environment descriptor '/root/nav_1/install/costmap_converter/share/costmap_converter/hook/cmake_prefix_path.dsv'
[2.182s] INFO:colcon.colcon_core.shell:Creating environment hook '/root/nav_1/install/costmap_converter/share/costmap_converter/hook/cmake_prefix_path.sh'
[2.182s] Level 1:colcon.colcon_core.environment:checking '/root/nav_1/install/costmap_converter/lib'
[2.182s] Level 1:colcon.colcon_core.shell:create_environment_hook('costmap_converter', 'ld_library_path_lib')
[2.189s] INFO:colcon.colcon_core.shell:Creating environment hook '/root/nav_1/install/costmap_converter/share/costmap_converter/hook/ld_library_path_lib.ps1'
[2.189s] INFO:colcon.colcon_core.shell:Creating environment descriptor '/root/nav_1/install/costmap_converter/share/costmap_converter/hook/ld_library_path_lib.dsv'
[2.189s] INFO:colcon.colcon_core.shell:Creating environment hook '/root/nav_1/install/costmap_converter/share/costmap_converter/hook/ld_library_path_lib.sh'
[2.190s] Level 1:colcon.colcon_core.environment:checking '/root/nav_1/install/costmap_converter/bin'
[2.190s] Level 1:colcon.colcon_core.shell:create_environment_hook('costmap_converter', 'path')
[2.197s] INFO:colcon.colcon_core.shell:Creating environment hook '/root/nav_1/install/costmap_converter/share/costmap_converter/hook/path.ps1'
[2.197s] INFO:colcon.colcon_core.shell:Creating environment descriptor '/root/nav_1/install/costmap_converter/share/costmap_converter/hook/path.dsv'
[2.197s] INFO:colcon.colcon_core.shell:Creating environment hook '/root/nav_1/install/costmap_converter/share/costmap_converter/hook/path.sh'
[2.197s] Level 1:colcon.colcon_core.environment:checking '/root/nav_1/install/costmap_converter/lib/pkgconfig/costmap_converter.pc'
[2.198s] Level 1:colcon.colcon_core.environment:checking '/root/nav_1/install/costmap_converter/lib/python3.10/site-packages'
[2.198s] Level 1:colcon.colcon_core.environment:checking '/root/nav_1/install/costmap_converter/bin'
[2.198s] Level 1:colcon.colcon_core.shell:create_environment_hook('costmap_converter', 'pythonscriptspath')
[2.206s] INFO:colcon.colcon_core.shell:Creating environment hook '/root/nav_1/install/costmap_converter/share/costmap_converter/hook/pythonscriptspath.ps1'
[2.207s] INFO:colcon.colcon_core.shell:Creating environment descriptor '/root/nav_1/install/costmap_converter/share/costmap_converter/hook/pythonscriptspath.dsv'
[2.207s] INFO:colcon.colcon_core.shell:Creating environment hook '/root/nav_1/install/costmap_converter/share/costmap_converter/hook/pythonscriptspath.sh'
[2.214s] INFO:colcon.colcon_core.shell:Creating package script '/root/nav_1/install/costmap_converter/share/costmap_converter/package.ps1'
[2.214s] INFO:colcon.colcon_core.shell:Creating package descriptor '/root/nav_1/install/costmap_converter/share/costmap_converter/package.dsv'
[2.215s] INFO:colcon.colcon_core.shell:Creating package script '/root/nav_1/install/costmap_converter/share/costmap_converter/package.sh'
[2.215s] INFO:colcon.colcon_core.shell:Creating package script '/root/nav_1/install/costmap_converter/share/costmap_converter/package.bash'
[2.215s] INFO:colcon.colcon_core.shell:Creating package script '/root/nav_1/install/costmap_converter/share/costmap_converter/package.zsh'
[2.215s] Level 1:colcon.colcon_core.environment:create_file_with_runtime_dependencies(/root/nav_1/install/costmap_converter/share/colcon-core/packages/costmap_converter)
[2.218s] DEBUG:colcon.colcon_core.event_handler.log_command:Invoking command in '/root/nav_1/build/teb_msgs': AMENT_PREFIX_PATH=/root/nav_1/install/costmap_converter_msgs:${AMENT_PREFIX_PATH} CMAKE_PREFIX_PATH=/root/nav_1/install/costmap_converter_msgs:/opt/ros/humble LD_LIBRARY_PATH=/root/nav_1/install/costmap_converter_msgs/lib:${LD_LIBRARY_PATH} PYTHONPATH=/root/nav_1/install/costmap_converter_msgs/local/lib/python3.10/dist-packages:${PYTHONPATH} /usr/bin/cmake --install /root/nav_1/build/teb_msgs
[2.256s] Level 1:colcon.colcon_core.environment:create_environment_scripts_only(costmap_converter)
[2.270s] Level 1:colcon.colcon_core.environment:checking '/root/nav_1/install/costmap_converter' for CMake module files
[2.272s] Level 1:colcon.colcon_core.environment:checking '/root/nav_1/install/costmap_converter' for CMake config files
[2.272s] Level 1:colcon.colcon_core.shell:create_environment_hook('costmap_converter', 'cmake_prefix_path')
[2.278s] INFO:colcon.colcon_core.shell:Creating environment hook '/root/nav_1/install/costmap_converter/share/costmap_converter/hook/cmake_prefix_path.ps1'
[2.279s] INFO:colcon.colcon_core.shell:Creating environment descriptor '/root/nav_1/install/costmap_converter/share/costmap_converter/hook/cmake_prefix_path.dsv'
[2.279s] INFO:colcon.colcon_core.shell:Creating environment hook '/root/nav_1/install/costmap_converter/share/costmap_converter/hook/cmake_prefix_path.sh'
[2.279s] Level 1:colcon.colcon_core.environment:checking '/root/nav_1/install/costmap_converter/lib'
[2.279s] Level 1:colcon.colcon_core.shell:create_environment_hook('costmap_converter', 'ld_library_path_lib')
[2.287s] INFO:colcon.colcon_core.shell:Creating environment hook '/root/nav_1/install/costmap_converter/share/costmap_converter/hook/ld_library_path_lib.ps1'
[2.287s] INFO:colcon.colcon_core.shell:Creating environment descriptor '/root/nav_1/install/costmap_converter/share/costmap_converter/hook/ld_library_path_lib.dsv'
[2.288s] INFO:colcon.colcon_core.shell:Creating environment hook '/root/nav_1/install/costmap_converter/share/costmap_converter/hook/ld_library_path_lib.sh'
[2.288s] Level 1:colcon.colcon_core.environment:checking '/root/nav_1/install/costmap_converter/bin'
[2.288s] Level 1:colcon.colcon_core.shell:create_environment_hook('costmap_converter', 'path')
[2.297s] INFO:colcon.colcon_core.shell:Creating environment hook '/root/nav_1/install/costmap_converter/share/costmap_converter/hook/path.ps1'
[2.298s] INFO:colcon.colcon_core.shell:Creating environment descriptor '/root/nav_1/install/costmap_converter/share/costmap_converter/hook/path.dsv'
[2.298s] INFO:colcon.colcon_core.shell:Creating environment hook '/root/nav_1/install/costmap_converter/share/costmap_converter/hook/path.sh'
[2.298s] Level 1:colcon.colcon_core.environment:checking '/root/nav_1/install/costmap_converter/lib/pkgconfig/costmap_converter.pc'
[2.298s] Level 1:colcon.colcon_core.environment:checking '/root/nav_1/install/costmap_converter/lib/python3.10/site-packages'
[2.298s] Level 1:colcon.colcon_core.environment:checking '/root/nav_1/install/costmap_converter/bin'
[2.298s] Level 1:colcon.colcon_core.shell:create_environment_hook('costmap_converter', 'pythonscriptspath')
[2.306s] INFO:colcon.colcon_core.shell:Creating environment hook '/root/nav_1/install/costmap_converter/share/costmap_converter/hook/pythonscriptspath.ps1'
[2.306s] INFO:colcon.colcon_core.shell:Creating environment descriptor '/root/nav_1/install/costmap_converter/share/costmap_converter/hook/pythonscriptspath.dsv'
[2.307s] INFO:colcon.colcon_core.shell:Creating environment hook '/root/nav_1/install/costmap_converter/share/costmap_converter/hook/pythonscriptspath.sh'
[2.313s] INFO:colcon.colcon_core.shell:Creating package script '/root/nav_1/install/costmap_converter/share/costmap_converter/package.ps1'
[2.314s] INFO:colcon.colcon_core.shell:Creating package descriptor '/root/nav_1/install/costmap_converter/share/costmap_converter/package.dsv'
[2.314s] INFO:colcon.colcon_core.shell:Creating package script '/root/nav_1/install/costmap_converter/share/costmap_converter/package.sh'
[2.314s] INFO:colcon.colcon_core.shell:Creating package script '/root/nav_1/install/costmap_converter/share/costmap_converter/package.bash'
[2.314s] INFO:colcon.colcon_core.shell:Creating package script '/root/nav_1/install/costmap_converter/share/costmap_converter/package.zsh'
[2.314s] Level 1:colcon.colcon_core.environment:create_file_with_runtime_dependencies(/root/nav_1/install/costmap_converter/share/colcon-core/packages/costmap_converter)
[2.316s] Level 1:colcon.colcon_core.environment:create_environment_scripts_only(teb_msgs)
[2.316s] DEBUG:colcon.colcon_core.event_handler.log_command:Invoked command in '/root/nav_1/build/teb_msgs' returned '0': AMENT_PREFIX_PATH=/root/nav_1/install/costmap_converter_msgs:${AMENT_PREFIX_PATH} CMAKE_PREFIX_PATH=/root/nav_1/install/costmap_converter_msgs:/opt/ros/humble LD_LIBRARY_PATH=/root/nav_1/install/costmap_converter_msgs/lib:${LD_LIBRARY_PATH} PYTHONPATH=/root/nav_1/install/costmap_converter_msgs/local/lib/python3.10/dist-packages:${PYTHONPATH} /usr/bin/cmake --install /root/nav_1/build/teb_msgs
[2.323s] Level 1:colcon.colcon_core.environment:checking '/root/nav_1/install/teb_msgs' for CMake module files
[2.323s] Level 1:colcon.colcon_core.environment:checking '/root/nav_1/install/teb_msgs' for CMake config files
[2.323s] Level 1:colcon.colcon_core.shell:create_environment_hook('teb_msgs', 'cmake_prefix_path')
[2.330s] INFO:colcon.colcon_core.shell:Creating environment hook '/root/nav_1/install/teb_msgs/share/teb_msgs/hook/cmake_prefix_path.ps1'
[2.331s] INFO:colcon.colcon_core.shell:Creating environment descriptor '/root/nav_1/install/teb_msgs/share/teb_msgs/hook/cmake_prefix_path.dsv'
[2.331s] INFO:colcon.colcon_core.shell:Creating environment hook '/root/nav_1/install/teb_msgs/share/teb_msgs/hook/cmake_prefix_path.sh'
[2.331s] Level 1:colcon.colcon_core.environment:checking '/root/nav_1/install/teb_msgs/lib'
[2.331s] Level 1:colcon.colcon_core.shell:create_environment_hook('teb_msgs', 'ld_library_path_lib')
[2.338s] INFO:colcon.colcon_core.shell:Creating environment hook '/root/nav_1/install/teb_msgs/share/teb_msgs/hook/ld_library_path_lib.ps1'
[2.338s] INFO:colcon.colcon_core.shell:Creating environment descriptor '/root/nav_1/install/teb_msgs/share/teb_msgs/hook/ld_library_path_lib.dsv'
[2.338s] INFO:colcon.colcon_core.shell:Creating environment hook '/root/nav_1/install/teb_msgs/share/teb_msgs/hook/ld_library_path_lib.sh'
[2.338s] Level 1:colcon.colcon_core.environment:checking '/root/nav_1/install/teb_msgs/bin'
[2.338s] Level 1:colcon.colcon_core.environment:checking '/root/nav_1/install/teb_msgs/lib/pkgconfig/teb_msgs.pc'
[2.339s] Level 1:colcon.colcon_core.environment:checking '/root/nav_1/install/teb_msgs/lib/python3.10/site-packages'
[2.339s] Level 1:colcon.colcon_core.environment:checking '/root/nav_1/install/teb_msgs/bin'
[2.345s] INFO:colcon.colcon_core.shell:Creating package script '/root/nav_1/install/teb_msgs/share/teb_msgs/package.ps1'
[2.346s] INFO:colcon.colcon_core.shell:Creating package descriptor '/root/nav_1/install/teb_msgs/share/teb_msgs/package.dsv'
[2.346s] INFO:colcon.colcon_core.shell:Creating package script '/root/nav_1/install/teb_msgs/share/teb_msgs/package.sh'
[2.346s] INFO:colcon.colcon_core.shell:Creating package script '/root/nav_1/install/teb_msgs/share/teb_msgs/package.bash'
[2.346s] INFO:colcon.colcon_core.shell:Creating package script '/root/nav_1/install/teb_msgs/share/teb_msgs/package.zsh'
[2.347s] Level 1:colcon.colcon_core.environment:create_file_with_runtime_dependencies(/root/nav_1/install/teb_msgs/share/colcon-core/packages/teb_msgs)
[2.404s] Level 1:colcon.colcon_core.environment:create_environment_scripts_only(teb_msgs)
[2.410s] Level 1:colcon.colcon_core.environment:checking '/root/nav_1/install/teb_msgs' for CMake module files
[2.411s] Level 1:colcon.colcon_core.environment:checking '/root/nav_1/install/teb_msgs' for CMake config files
[2.411s] Level 1:colcon.colcon_core.shell:create_environment_hook('teb_msgs', 'cmake_prefix_path')
[2.417s] INFO:colcon.colcon_core.shell:Creating environment hook '/root/nav_1/install/teb_msgs/share/teb_msgs/hook/cmake_prefix_path.ps1'
[2.417s] INFO:colcon.colcon_core.shell:Creating environment descriptor '/root/nav_1/install/teb_msgs/share/teb_msgs/hook/cmake_prefix_path.dsv'
[2.417s] INFO:colcon.colcon_core.shell:Creating environment hook '/root/nav_1/install/teb_msgs/share/teb_msgs/hook/cmake_prefix_path.sh'
[2.418s] Level 1:colcon.colcon_core.environment:checking '/root/nav_1/install/teb_msgs/lib'
[2.418s] Level 1:colcon.colcon_core.shell:create_environment_hook('teb_msgs', 'ld_library_path_lib')
[2.424s] INFO:colcon.colcon_core.shell:Creating environment hook '/root/nav_1/install/teb_msgs/share/teb_msgs/hook/ld_library_path_lib.ps1'
[2.425s] INFO:colcon.colcon_core.shell:Creating environment descriptor '/root/nav_1/install/teb_msgs/share/teb_msgs/hook/ld_library_path_lib.dsv'
[2.425s] INFO:colcon.colcon_core.shell:Creating environment hook '/root/nav_1/install/teb_msgs/share/teb_msgs/hook/ld_library_path_lib.sh'
[2.425s] Level 1:colcon.colcon_core.environment:checking '/root/nav_1/install/teb_msgs/bin'
[2.425s] Level 1:colcon.colcon_core.environment:checking '/root/nav_1/install/teb_msgs/lib/pkgconfig/teb_msgs.pc'
[2.425s] Level 1:colcon.colcon_core.environment:checking '/root/nav_1/install/teb_msgs/lib/python3.10/site-packages'
[2.425s] Level 1:colcon.colcon_core.environment:checking '/root/nav_1/install/teb_msgs/bin'
[2.432s] INFO:colcon.colcon_core.shell:Creating package script '/root/nav_1/install/teb_msgs/share/teb_msgs/package.ps1'
[2.432s] INFO:colcon.colcon_core.shell:Creating package descriptor '/root/nav_1/install/teb_msgs/share/teb_msgs/package.dsv'
[2.432s] INFO:colcon.colcon_core.shell:Creating package script '/root/nav_1/install/teb_msgs/share/teb_msgs/package.sh'
[2.432s] INFO:colcon.colcon_core.shell:Creating package script '/root/nav_1/install/teb_msgs/share/teb_msgs/package.bash'
[2.433s] INFO:colcon.colcon_core.shell:Creating package script '/root/nav_1/install/teb_msgs/share/teb_msgs/package.zsh'
[2.433s] Level 1:colcon.colcon_core.environment:create_file_with_runtime_dependencies(/root/nav_1/install/teb_msgs/share/colcon-core/packages/teb_msgs)
[2.433s] INFO:colcon.colcon_ros.task.ament_cmake.build:Building ROS package in '/root/nav_1/src/teb_local_planner' with build type 'ament_cmake'
[2.433s] INFO:colcon.colcon_cmake.task.cmake.build:Building CMake package in '/root/nav_1/src/teb_local_planner'
[2.440s] INFO:colcon.colcon_core.shell:Skip shell extension 'powershell' for command environment: Not usable outside of PowerShell
[2.440s] DEBUG:colcon.colcon_core.shell:Skip shell extension 'dsv' for command environment
[3.707s] DEBUG:colcon.colcon_core.event_handler.log_command:Invoking command in '/root/nav_1/build/teb_local_planner': AMENT_PREFIX_PATH=/root/nav_1/install/teb_msgs:/root/nav_1/install/costmap_converter:/root/nav_1/install/costmap_converter_msgs:${AMENT_PREFIX_PATH} CMAKE_PREFIX_PATH=/root/nav_1/install/teb_msgs:/root/nav_1/install/costmap_converter:/root/nav_1/install/costmap_converter_msgs:/opt/ros/humble LD_LIBRARY_PATH=/root/nav_1/install/teb_msgs/lib:/root/nav_1/install/costmap_converter/lib:/root/nav_1/install/costmap_converter_msgs/lib:${LD_LIBRARY_PATH} PATH=/root/nav_1/install/costmap_converter/bin:${PATH} PYTHONPATH=/root/nav_1/install/teb_msgs/local/lib/python3.10/dist-packages:/root/nav_1/install/costmap_converter_msgs/local/lib/python3.10/dist-packages:${PYTHONPATH} /usr/bin/cmake --build /root/nav_1/build/teb_local_planner -- -j32 -l32
[69.719s] DEBUG:colcon.colcon_core.event_handler.log_command:Invoked command in '/root/nav_1/build/teb_local_planner' returned '0': AMENT_PREFIX_PATH=/root/nav_1/install/teb_msgs:/root/nav_1/install/costmap_converter:/root/nav_1/install/costmap_converter_msgs:${AMENT_PREFIX_PATH} CMAKE_PREFIX_PATH=/root/nav_1/install/teb_msgs:/root/nav_1/install/costmap_converter:/root/nav_1/install/costmap_converter_msgs:/opt/ros/humble LD_LIBRARY_PATH=/root/nav_1/install/teb_msgs/lib:/root/nav_1/install/costmap_converter/lib:/root/nav_1/install/costmap_converter_msgs/lib:${LD_LIBRARY_PATH} PATH=/root/nav_1/install/costmap_converter/bin:${PATH} PYTHONPATH=/root/nav_1/install/teb_msgs/local/lib/python3.10/dist-packages:/root/nav_1/install/costmap_converter_msgs/local/lib/python3.10/dist-packages:${PYTHONPATH} /usr/bin/cmake --build /root/nav_1/build/teb_local_planner -- -j32 -l32
[69.798s] DEBUG:colcon.colcon_core.event_handler.log_command:Invoking command in '/root/nav_1/build/teb_local_planner': AMENT_PREFIX_PATH=/root/nav_1/install/teb_msgs:/root/nav_1/install/costmap_converter:/root/nav_1/install/costmap_converter_msgs:${AMENT_PREFIX_PATH} CMAKE_PREFIX_PATH=/root/nav_1/install/teb_msgs:/root/nav_1/install/costmap_converter:/root/nav_1/install/costmap_converter_msgs:/opt/ros/humble LD_LIBRARY_PATH=/root/nav_1/install/teb_msgs/lib:/root/nav_1/install/costmap_converter/lib:/root/nav_1/install/costmap_converter_msgs/lib:${LD_LIBRARY_PATH} PATH=/root/nav_1/install/costmap_converter/bin:${PATH} PYTHONPATH=/root/nav_1/install/teb_msgs/local/lib/python3.10/dist-packages:/root/nav_1/install/costmap_converter_msgs/local/lib/python3.10/dist-packages:${PYTHONPATH} /usr/bin/cmake --install /root/nav_1/build/teb_local_planner
[69.834s] Level 1:colcon.colcon_core.environment:create_environment_scripts_only(teb_local_planner)
[69.835s] DEBUG:colcon.colcon_core.event_handler.log_command:Invoked command in '/root/nav_1/build/teb_local_planner' returned '0': AMENT_PREFIX_PATH=/root/nav_1/install/teb_msgs:/root/nav_1/install/costmap_converter:/root/nav_1/install/costmap_converter_msgs:${AMENT_PREFIX_PATH} CMAKE_PREFIX_PATH=/root/nav_1/install/teb_msgs:/root/nav_1/install/costmap_converter:/root/nav_1/install/costmap_converter_msgs:/opt/ros/humble LD_LIBRARY_PATH=/root/nav_1/install/teb_msgs/lib:/root/nav_1/install/costmap_converter/lib:/root/nav_1/install/costmap_converter_msgs/lib:${LD_LIBRARY_PATH} PATH=/root/nav_1/install/costmap_converter/bin:${PATH} PYTHONPATH=/root/nav_1/install/teb_msgs/local/lib/python3.10/dist-packages:/root/nav_1/install/costmap_converter_msgs/local/lib/python3.10/dist-packages:${PYTHONPATH} /usr/bin/cmake --install /root/nav_1/build/teb_local_planner
[70.125s] Level 1:colcon.colcon_core.environment:checking '/root/nav_1/install/teb_local_planner' for CMake module files
[70.128s] Level 1:colcon.colcon_core.environment:checking '/root/nav_1/install/teb_local_planner' for CMake config files
[70.130s] Level 1:colcon.colcon_core.shell:create_environment_hook('teb_local_planner', 'cmake_prefix_path')
[70.148s] INFO:colcon.colcon_core.shell:Creating environment hook '/root/nav_1/install/teb_local_planner/share/teb_local_planner/hook/cmake_prefix_path.ps1'
[70.161s] INFO:colcon.colcon_core.shell:Creating environment descriptor '/root/nav_1/install/teb_local_planner/share/teb_local_planner/hook/cmake_prefix_path.dsv'
[70.164s] INFO:colcon.colcon_core.shell:Creating environment hook '/root/nav_1/install/teb_local_planner/share/teb_local_planner/hook/cmake_prefix_path.sh'
[70.169s] Level 1:colcon.colcon_core.environment:checking '/root/nav_1/install/teb_local_planner/lib'
[70.170s] Level 1:colcon.colcon_core.shell:create_environment_hook('teb_local_planner', 'ld_library_path_lib')
[70.180s] INFO:colcon.colcon_core.shell:Creating environment hook '/root/nav_1/install/teb_local_planner/share/teb_local_planner/hook/ld_library_path_lib.ps1'
[70.180s] INFO:colcon.colcon_core.shell:Creating environment descriptor '/root/nav_1/install/teb_local_planner/share/teb_local_planner/hook/ld_library_path_lib.dsv'
[70.180s] INFO:colcon.colcon_core.shell:Creating environment hook '/root/nav_1/install/teb_local_planner/share/teb_local_planner/hook/ld_library_path_lib.sh'
[70.180s] Level 1:colcon.colcon_core.environment:checking '/root/nav_1/install/teb_local_planner/bin'
[70.181s] Level 1:colcon.colcon_core.environment:checking '/root/nav_1/install/teb_local_planner/lib/pkgconfig/teb_local_planner.pc'
[70.200s] Level 1:colcon.colcon_core.environment:checking '/root/nav_1/install/teb_local_planner/lib/python3.10/site-packages'
[70.200s] Level 1:colcon.colcon_core.environment:checking '/root/nav_1/install/teb_local_planner/bin'
[70.208s] INFO:colcon.colcon_core.shell:Creating package script '/root/nav_1/install/teb_local_planner/share/teb_local_planner/package.ps1'
[70.210s] INFO:colcon.colcon_core.shell:Creating package descriptor '/root/nav_1/install/teb_local_planner/share/teb_local_planner/package.dsv'
[70.211s] INFO:colcon.colcon_core.shell:Creating package script '/root/nav_1/install/teb_local_planner/share/teb_local_planner/package.sh'
[70.212s] INFO:colcon.colcon_core.shell:Creating package script '/root/nav_1/install/teb_local_planner/share/teb_local_planner/package.bash'
[70.215s] INFO:colcon.colcon_core.shell:Creating package script '/root/nav_1/install/teb_local_planner/share/teb_local_planner/package.zsh'
[70.216s] Level 1:colcon.colcon_core.environment:create_file_with_runtime_dependencies(/root/nav_1/install/teb_local_planner/share/colcon-core/packages/teb_local_planner)
[70.253s] Level 1:colcon.colcon_core.environment:create_environment_scripts_only(teb_local_planner)
[70.261s] Level 1:colcon.colcon_core.environment:checking '/root/nav_1/install/teb_local_planner' for CMake module files
[70.261s] Level 1:colcon.colcon_core.environment:checking '/root/nav_1/install/teb_local_planner' for CMake config files
[70.261s] Level 1:colcon.colcon_core.shell:create_environment_hook('teb_local_planner', 'cmake_prefix_path')
[70.267s] INFO:colcon.colcon_core.shell:Creating environment hook '/root/nav_1/install/teb_local_planner/share/teb_local_planner/hook/cmake_prefix_path.ps1'
[70.268s] INFO:colcon.colcon_core.shell:Creating environment descriptor '/root/nav_1/install/teb_local_planner/share/teb_local_planner/hook/cmake_prefix_path.dsv'
[70.268s] INFO:colcon.colcon_core.shell:Creating environment hook '/root/nav_1/install/teb_local_planner/share/teb_local_planner/hook/cmake_prefix_path.sh'
[70.269s] Level 1:colcon.colcon_core.environment:checking '/root/nav_1/install/teb_local_planner/lib'
[70.270s] Level 1:colcon.colcon_core.shell:create_environment_hook('teb_local_planner', 'ld_library_path_lib')
[70.276s] INFO:colcon.colcon_core.shell:Creating environment hook '/root/nav_1/install/teb_local_planner/share/teb_local_planner/hook/ld_library_path_lib.ps1'
[70.276s] INFO:colcon.colcon_core.shell:Creating environment descriptor '/root/nav_1/install/teb_local_planner/share/teb_local_planner/hook/ld_library_path_lib.dsv'
[70.276s] INFO:colcon.colcon_core.shell:Creating environment hook '/root/nav_1/install/teb_local_planner/share/teb_local_planner/hook/ld_library_path_lib.sh'
[70.277s] Level 1:colcon.colcon_core.environment:checking '/root/nav_1/install/teb_local_planner/bin'
[70.277s] Level 1:colcon.colcon_core.environment:checking '/root/nav_1/install/teb_local_planner/lib/pkgconfig/teb_local_planner.pc'
[70.277s] Level 1:colcon.colcon_core.environment:checking '/root/nav_1/install/teb_local_planner/lib/python3.10/site-packages'
[70.277s] Level 1:colcon.colcon_core.environment:checking '/root/nav_1/install/teb_local_planner/bin'
[70.284s] INFO:colcon.colcon_core.shell:Creating package script '/root/nav_1/install/teb_local_planner/share/teb_local_planner/package.ps1'
[70.284s] INFO:colcon.colcon_core.shell:Creating package descriptor '/root/nav_1/install/teb_local_planner/share/teb_local_planner/package.dsv'
[70.284s] INFO:colcon.colcon_core.shell:Creating package script '/root/nav_1/install/teb_local_planner/share/teb_local_planner/package.sh'
[70.285s] INFO:colcon.colcon_core.shell:Creating package script '/root/nav_1/install/teb_local_planner/share/teb_local_planner/package.bash'
[70.285s] INFO:colcon.colcon_core.shell:Creating package script '/root/nav_1/install/teb_local_planner/share/teb_local_planner/package.zsh'
[70.286s] Level 1:colcon.colcon_core.environment:create_file_with_runtime_dependencies(/root/nav_1/install/teb_local_planner/share/colcon-core/packages/teb_local_planner)
[70.289s] INFO:colcon.colcon_ros.task.ament_cmake.build:Building ROS package in '/root/nav_1/src/robot_navigation' with build type 'ament_cmake'
[70.291s] INFO:colcon.colcon_cmake.task.cmake.build:Building CMake package in '/root/nav_1/src/robot_navigation'
[70.304s] INFO:colcon.colcon_core.shell:Skip shell extension 'powershell' for command environment: Not usable outside of PowerShell
[70.304s] DEBUG:colcon.colcon_core.shell:Skip shell extension 'dsv' for command environment
[71.510s] DEBUG:colcon.colcon_core.event_handler.log_command:Invoking command in '/root/nav_1/build/robot_navigation': AMENT_PREFIX_PATH=/root/nav_1/install/teb_local_planner:/root/nav_1/install/teb_msgs:/root/nav_1/install/costmap_converter:/root/nav_1/install/costmap_converter_msgs:${AMENT_PREFIX_PATH} CMAKE_PREFIX_PATH=/root/nav_1/install/teb_local_planner:/root/nav_1/install/teb_msgs:/root/nav_1/install/costmap_converter:/root/nav_1/install/costmap_converter_msgs:/opt/ros/humble LD_LIBRARY_PATH=/root/nav_1/install/teb_local_planner/lib:/root/nav_1/install/teb_msgs/lib:/root/nav_1/install/costmap_converter/lib:/root/nav_1/install/costmap_converter_msgs/lib:${LD_LIBRARY_PATH} PATH=/root/nav_1/install/costmap_converter/bin:${PATH} PYTHONPATH=/root/nav_1/install/teb_msgs/local/lib/python3.10/dist-packages:/root/nav_1/install/costmap_converter_msgs/local/lib/python3.10/dist-packages:${PYTHONPATH} /usr/bin/cmake /root/nav_1/src/robot_navigation -DCMAKE_INSTALL_PREFIX=/root/nav_1/install/robot_navigation
[117.928s] DEBUG:colcon.colcon_core.event_handler.log_command:Invoked command in '/root/nav_1/build/robot_navigation' returned '0': AMENT_PREFIX_PATH=/root/nav_1/install/teb_local_planner:/root/nav_1/install/teb_msgs:/root/nav_1/install/costmap_converter:/root/nav_1/install/costmap_converter_msgs:${AMENT_PREFIX_PATH} CMAKE_PREFIX_PATH=/root/nav_1/install/teb_local_planner:/root/nav_1/install/teb_msgs:/root/nav_1/install/costmap_converter:/root/nav_1/install/costmap_converter_msgs:/opt/ros/humble LD_LIBRARY_PATH=/root/nav_1/install/teb_local_planner/lib:/root/nav_1/install/teb_msgs/lib:/root/nav_1/install/costmap_converter/lib:/root/nav_1/install/costmap_converter_msgs/lib:${LD_LIBRARY_PATH} PATH=/root/nav_1/install/costmap_converter/bin:${PATH} PYTHONPATH=/root/nav_1/install/teb_msgs/local/lib/python3.10/dist-packages:/root/nav_1/install/costmap_converter_msgs/local/lib/python3.10/dist-packages:${PYTHONPATH} /usr/bin/cmake /root/nav_1/src/robot_navigation -DCMAKE_INSTALL_PREFIX=/root/nav_1/install/robot_navigation
[117.931s] DEBUG:colcon.colcon_core.event_handler.log_command:Invoking command in '/root/nav_1/build/robot_navigation': AMENT_PREFIX_PATH=/root/nav_1/install/teb_local_planner:/root/nav_1/install/teb_msgs:/root/nav_1/install/costmap_converter:/root/nav_1/install/costmap_converter_msgs:${AMENT_PREFIX_PATH} CMAKE_PREFIX_PATH=/root/nav_1/install/teb_local_planner:/root/nav_1/install/teb_msgs:/root/nav_1/install/costmap_converter:/root/nav_1/install/costmap_converter_msgs:/opt/ros/humble LD_LIBRARY_PATH=/root/nav_1/install/teb_local_planner/lib:/root/nav_1/install/teb_msgs/lib:/root/nav_1/install/costmap_converter/lib:/root/nav_1/install/costmap_converter_msgs/lib:${LD_LIBRARY_PATH} PATH=/root/nav_1/install/costmap_converter/bin:${PATH} PYTHONPATH=/root/nav_1/install/teb_msgs/local/lib/python3.10/dist-packages:/root/nav_1/install/costmap_converter_msgs/local/lib/python3.10/dist-packages:${PYTHONPATH} /usr/bin/cmake --build /root/nav_1/build/robot_navigation -- -j32 -l32
[175.225s] DEBUG:colcon.colcon_core.event_handler.log_command:Invoked command in '/root/nav_1/build/robot_navigation' returned '2': AMENT_PREFIX_PATH=/root/nav_1/install/teb_local_planner:/root/nav_1/install/teb_msgs:/root/nav_1/install/costmap_converter:/root/nav_1/install/costmap_converter_msgs:${AMENT_PREFIX_PATH} CMAKE_PREFIX_PATH=/root/nav_1/install/teb_local_planner:/root/nav_1/install/teb_msgs:/root/nav_1/install/costmap_converter:/root/nav_1/install/costmap_converter_msgs:/opt/ros/humble LD_LIBRARY_PATH=/root/nav_1/install/teb_local_planner/lib:/root/nav_1/install/teb_msgs/lib:/root/nav_1/install/costmap_converter/lib:/root/nav_1/install/costmap_converter_msgs/lib:${LD_LIBRARY_PATH} PATH=/root/nav_1/install/costmap_converter/bin:${PATH} PYTHONPATH=/root/nav_1/install/teb_msgs/local/lib/python3.10/dist-packages:/root/nav_1/install/costmap_converter_msgs/local/lib/python3.10/dist-packages:${PYTHONPATH} /usr/bin/cmake --build /root/nav_1/build/robot_navigation -- -j32 -l32
[175.248s] Level 1:colcon.colcon_core.environment:create_environment_scripts_only(robot_navigation)
[175.254s] Level 1:colcon.colcon_core.environment:checking '/root/nav_1/install/robot_navigation' for CMake module files
[175.255s] Level 1:colcon.colcon_core.environment:checking '/root/nav_1/install/robot_navigation' for CMake config files
[175.255s] Level 1:colcon.colcon_core.environment:checking '/root/nav_1/install/robot_navigation/bin'
[175.256s] Level 1:colcon.colcon_core.environment:checking '/root/nav_1/install/robot_navigation/lib/pkgconfig/robot_navigation.pc'
[175.257s] Level 1:colcon.colcon_core.environment:checking '/root/nav_1/install/robot_navigation/lib/python3.10/site-packages'
[175.257s] Level 1:colcon.colcon_core.environment:checking '/root/nav_1/install/robot_navigation/bin'
[175.263s] INFO:colcon.colcon_core.shell:Creating package script '/root/nav_1/install/robot_navigation/share/robot_navigation/package.ps1'
[175.264s] INFO:colcon.colcon_core.shell:Creating package descriptor '/root/nav_1/install/robot_navigation/share/robot_navigation/package.dsv'
[175.266s] INFO:colcon.colcon_core.shell:Creating package script '/root/nav_1/install/robot_navigation/share/robot_navigation/package.sh'
[175.266s] INFO:colcon.colcon_core.shell:Creating package script '/root/nav_1/install/robot_navigation/share/robot_navigation/package.bash'
[175.267s] INFO:colcon.colcon_core.shell:Creating package script '/root/nav_1/install/robot_navigation/share/robot_navigation/package.zsh'
[175.267s] Level 1:colcon.colcon_core.environment:create_file_with_runtime_dependencies(/root/nav_1/install/robot_navigation/share/colcon-core/packages/robot_navigation)
[175.281s] DEBUG:colcon.colcon_parallel_executor.executor.parallel:closing loop
[175.283s] DEBUG:colcon.colcon_parallel_executor.executor.parallel:loop closed
[175.285s] DEBUG:colcon.colcon_parallel_executor.executor.parallel:run_until_complete finished with '2'
[175.285s] DEBUG:colcon.colcon_core.event_reactor:joining thread
[175.562s] INFO:colcon.colcon_core.plugin_system:Skipping extension 'colcon_notification.desktop_notification.terminal_notifier': Not used on non-Darwin systems
[175.562s] INFO:colcon.colcon_core.plugin_system:Skipping extension 'colcon_notification.desktop_notification.win32': Not used on non-Windows systems
[175.562s] INFO:colcon.colcon_notification.desktop_notification:Sending desktop notification using 'notify2'
[176.000s] DEBUG:colcon.colcon_core.event_reactor:joined thread
[176.013s] INFO:colcon.colcon_core.shell:Creating prefix script '/root/nav_1/install/local_setup.ps1'
[176.019s] INFO:colcon.colcon_core.shell:Creating prefix util module '/root/nav_1/install/_local_setup_util_ps1.py'
[176.026s] INFO:colcon.colcon_core.shell:Creating prefix chain script '/root/nav_1/install/setup.ps1'
[176.144s] INFO:colcon.colcon_core.shell:Creating prefix script '/root/nav_1/install/local_setup.sh'
[176.169s] INFO:colcon.colcon_core.shell:Creating prefix util module '/root/nav_1/install/_local_setup_util_sh.py'
[176.170s] INFO:colcon.colcon_core.shell:Creating prefix chain script '/root/nav_1/install/setup.sh'
[176.184s] INFO:colcon.colcon_core.shell:Creating prefix script '/root/nav_1/install/local_setup.bash'
[176.195s] INFO:colcon.colcon_core.shell:Creating prefix chain script '/root/nav_1/install/setup.bash'
[176.212s] INFO:colcon.colcon_core.shell:Creating prefix script '/root/nav_1/install/local_setup.zsh'
[176.216s] INFO:colcon.colcon_core.shell:Creating prefix chain script '/root/nav_1/install/setup.zsh'
