[0.618s] DEBUG:colcon:Command line arguments: ['/usr/local/bin/colcon', 'build', '--packages-up-to', 'teb_local_planner', 'costmap_converter']
[0.618s] DEBUG:colcon:Parsed command line arguments: Namespace(log_base=None, log_level=None, verb_name='build', build_base='build', install_base='install', merge_install=False, symlink_install=False, test_result_base=None, continue_on_error=False, executor='parallel', parallel_workers=32, event_handlers=None, ignore_user_meta=False, metas=['./colcon.meta'], base_paths=['.'], packages_ignore=None, packages_ignore_regex=None, paths=None, packages_up_to=['teb_local_planner', 'costmap_converter'], packages_up_to_regex=None, packages_above=None, packages_above_and_dependencies=None, packages_above_depth=None, packages_select_by_dep=None, packages_skip_by_dep=None, packages_skip_up_to=None, packages_select_build_failed=False, packages_skip_build_finished=False, packages_select_test_failures=False, packages_skip_test_passed=False, packages_select=None, packages_skip=None, packages_select_regex=None, packages_skip_regex=None, packages_start=None, packages_end=None, allow_overriding=[], cmake_args=None, cmake_target=None, cmake_target_skip_unavailable=False, cmake_clean_cache=False, cmake_clean_first=False, cmake_force_configure=False, ament_cmake_args=None, catkin_cmake_args=None, catkin_skip_building_tests=False, verb_parser=<colcon_defaults.argument_parser.defaults.DefaultArgumentsDecorator object at 0x7f9ca23c7d60>, verb_extension=<colcon_core.verb.build.BuildVerb object at 0x7f9ca2866080>, main=<bound method BuildVerb.main of <colcon_core.verb.build.BuildVerb object at 0x7f9ca2866080>>)
[0.640s] Level 1:colcon.colcon_core.package_discovery:discover_packages(colcon_meta) check parameters
[0.641s] Level 1:colcon.colcon_core.package_discovery:discover_packages(recursive) check parameters
[0.641s] Level 1:colcon.colcon_core.package_discovery:discover_packages(ignore) check parameters
[0.641s] Level 1:colcon.colcon_core.package_discovery:discover_packages(path) check parameters
[0.641s] Level 1:colcon.colcon_core.package_discovery:discover_packages(colcon_meta) discover
[0.641s] Level 1:colcon.colcon_core.package_discovery:discover_packages(recursive) discover
[0.641s] INFO:colcon.colcon_core.package_discovery:Crawling recursively for packages in '/root/robot_navigation/src'
[0.641s] Level 1:colcon.colcon_core.package_identification:_identify(.) by extensions ['ignore', 'ignore_ament_install']
[0.641s] Level 1:colcon.colcon_core.package_identification:_identify(.) by extension 'ignore'
[0.641s] Level 1:colcon.colcon_core.package_identification:_identify(.) by extension 'ignore_ament_install'
[0.641s] Level 1:colcon.colcon_core.package_identification:_identify(.) by extensions ['colcon_pkg']
[0.641s] Level 1:colcon.colcon_core.package_identification:_identify(.) by extension 'colcon_pkg'
[0.641s] Level 1:colcon.colcon_core.package_identification:_identify(.) by extensions ['colcon_meta']
[0.641s] Level 1:colcon.colcon_core.package_identification:_identify(.) by extension 'colcon_meta'
[0.641s] Level 1:colcon.colcon_core.package_identification:_identify(.) by extensions ['ros']
[0.641s] Level 1:colcon.colcon_core.package_identification:_identify(.) by extension 'ros'
[0.647s] Level 1:colcon.colcon_core.package_identification:_identify(.) by extensions ['cmake', 'python']
[0.647s] Level 1:colcon.colcon_core.package_identification:_identify(.) by extension 'cmake'
[0.647s] Level 1:colcon.colcon_core.package_identification:_identify(.) by extension 'python'
[0.647s] Level 1:colcon.colcon_core.package_identification:_identify(.) by extensions ['python_setup_py']
[0.647s] Level 1:colcon.colcon_core.package_identification:_identify(.) by extension 'python_setup_py'
[0.647s] Level 1:colcon.colcon_core.package_identification:_identify(build) by extensions ['ignore', 'ignore_ament_install']
[0.647s] Level 1:colcon.colcon_core.package_identification:_identify(build) by extension 'ignore'
[0.647s] Level 1:colcon.colcon_core.package_identification:_identify(build) ignored
[0.647s] Level 1:colcon.colcon_core.package_identification:_identify(costmap_converter) by extensions ['ignore', 'ignore_ament_install']
[0.647s] Level 1:colcon.colcon_core.package_identification:_identify(costmap_converter) by extension 'ignore'
[0.647s] Level 1:colcon.colcon_core.package_identification:_identify(costmap_converter) by extension 'ignore_ament_install'
[0.647s] Level 1:colcon.colcon_core.package_identification:_identify(costmap_converter) by extensions ['colcon_pkg']
[0.647s] Level 1:colcon.colcon_core.package_identification:_identify(costmap_converter) by extension 'colcon_pkg'
[0.647s] Level 1:colcon.colcon_core.package_identification:_identify(costmap_converter) by extensions ['colcon_meta']
[0.647s] Level 1:colcon.colcon_core.package_identification:_identify(costmap_converter) by extension 'colcon_meta'
[0.647s] Level 1:colcon.colcon_core.package_identification:_identify(costmap_converter) by extensions ['ros']
[0.647s] Level 1:colcon.colcon_core.package_identification:_identify(costmap_converter) by extension 'ros'
[0.649s] DEBUG:colcon.colcon_core.package_identification:Package 'costmap_converter' with type 'ros.ament_cmake' and name 'costmap_converter'
[0.650s] Level 1:colcon.colcon_core.package_identification:_identify(install) by extensions ['ignore', 'ignore_ament_install']
[0.650s] Level 1:colcon.colcon_core.package_identification:_identify(install) by extension 'ignore'
[0.650s] Level 1:colcon.colcon_core.package_identification:_identify(install) ignored
[0.650s] Level 1:colcon.colcon_core.package_identification:_identify(log) by extensions ['ignore', 'ignore_ament_install']
[0.650s] Level 1:colcon.colcon_core.package_identification:_identify(log) by extension 'ignore'
[0.650s] Level 1:colcon.colcon_core.package_identification:_identify(log) ignored
[0.650s] Level 1:colcon.colcon_core.package_identification:_identify(teb_local_planner) by extensions ['ignore', 'ignore_ament_install']
[0.650s] Level 1:colcon.colcon_core.package_identification:_identify(teb_local_planner) by extension 'ignore'
[0.650s] Level 1:colcon.colcon_core.package_identification:_identify(teb_local_planner) by extension 'ignore_ament_install'
[0.650s] Level 1:colcon.colcon_core.package_identification:_identify(teb_local_planner) by extensions ['colcon_pkg']
[0.650s] Level 1:colcon.colcon_core.package_identification:_identify(teb_local_planner) by extension 'colcon_pkg'
[0.650s] Level 1:colcon.colcon_core.package_identification:_identify(teb_local_planner) by extensions ['colcon_meta']
[0.650s] Level 1:colcon.colcon_core.package_identification:_identify(teb_local_planner) by extension 'colcon_meta'
[0.650s] Level 1:colcon.colcon_core.package_identification:_identify(teb_local_planner) by extensions ['ros']
[0.650s] Level 1:colcon.colcon_core.package_identification:_identify(teb_local_planner) by extension 'ros'
[0.651s] DEBUG:colcon.colcon_core.package_identification:Package 'teb_local_planner' with type 'ros.ament_cmake' and name 'teb_local_planner'
[0.651s] Level 1:colcon.colcon_core.package_discovery:discover_packages(recursive) using defaults
[0.651s] Level 1:colcon.colcon_core.package_discovery:discover_packages(ignore) discover
[0.651s] Level 1:colcon.colcon_core.package_discovery:discover_packages(ignore) using defaults
[0.651s] Level 1:colcon.colcon_core.package_discovery:discover_packages(path) discover
[0.651s] Level 1:colcon.colcon_core.package_discovery:discover_packages(path) using defaults
[0.717s] Level 1:colcon.colcon_core.package_discovery:discover_packages(prefix_path) check parameters
[0.717s] Level 1:colcon.colcon_core.package_discovery:discover_packages(prefix_path) discover
[0.736s] DEBUG:colcon.colcon_installed_package_information.package_discovery:Found 428 installed packages in /opt/ros/humble
[0.737s] Level 1:colcon.colcon_core.package_discovery:discover_packages(prefix_path) using defaults
[0.889s] Level 5:colcon.colcon_core.verb:set package 'costmap_converter' build argument 'cmake_args' from command line to 'None'
[0.889s] Level 5:colcon.colcon_core.verb:set package 'costmap_converter' build argument 'cmake_target' from command line to 'None'
[0.889s] Level 5:colcon.colcon_core.verb:set package 'costmap_converter' build argument 'cmake_target_skip_unavailable' from command line to 'False'
[0.889s] Level 5:colcon.colcon_core.verb:set package 'costmap_converter' build argument 'cmake_clean_cache' from command line to 'False'
[0.889s] Level 5:colcon.colcon_core.verb:set package 'costmap_converter' build argument 'cmake_clean_first' from command line to 'False'
[0.889s] Level 5:colcon.colcon_core.verb:set package 'costmap_converter' build argument 'cmake_force_configure' from command line to 'False'
[0.889s] Level 5:colcon.colcon_core.verb:set package 'costmap_converter' build argument 'ament_cmake_args' from command line to 'None'
[0.889s] Level 5:colcon.colcon_core.verb:set package 'costmap_converter' build argument 'catkin_cmake_args' from command line to 'None'
[0.889s] Level 5:colcon.colcon_core.verb:set package 'costmap_converter' build argument 'catkin_skip_building_tests' from command line to 'False'
[0.889s] DEBUG:colcon.colcon_core.verb:Building package 'costmap_converter' with the following arguments: {'ament_cmake_args': None, 'build_base': '/root/robot_navigation/src/build/costmap_converter', 'catkin_cmake_args': None, 'catkin_skip_building_tests': False, 'cmake_args': None, 'cmake_clean_cache': False, 'cmake_clean_first': False, 'cmake_force_configure': False, 'cmake_target': None, 'cmake_target_skip_unavailable': False, 'install_base': '/root/robot_navigation/src/install/costmap_converter', 'merge_install': False, 'path': '/root/robot_navigation/src/costmap_converter', 'symlink_install': False, 'test_result_base': None}
[0.895s] Level 5:colcon.colcon_core.verb:set package 'teb_local_planner' build argument 'cmake_args' from command line to 'None'
[0.895s] Level 5:colcon.colcon_core.verb:set package 'teb_local_planner' build argument 'cmake_target' from command line to 'None'
[0.895s] Level 5:colcon.colcon_core.verb:set package 'teb_local_planner' build argument 'cmake_target_skip_unavailable' from command line to 'False'
[0.895s] Level 5:colcon.colcon_core.verb:set package 'teb_local_planner' build argument 'cmake_clean_cache' from command line to 'False'
[0.895s] Level 5:colcon.colcon_core.verb:set package 'teb_local_planner' build argument 'cmake_clean_first' from command line to 'False'
[0.895s] Level 5:colcon.colcon_core.verb:set package 'teb_local_planner' build argument 'cmake_force_configure' from command line to 'False'
[0.895s] Level 5:colcon.colcon_core.verb:set package 'teb_local_planner' build argument 'ament_cmake_args' from command line to 'None'
[0.895s] Level 5:colcon.colcon_core.verb:set package 'teb_local_planner' build argument 'catkin_cmake_args' from command line to 'None'
[0.895s] Level 5:colcon.colcon_core.verb:set package 'teb_local_planner' build argument 'catkin_skip_building_tests' from command line to 'False'
[0.895s] DEBUG:colcon.colcon_core.verb:Building package 'teb_local_planner' with the following arguments: {'ament_cmake_args': None, 'build_base': '/root/robot_navigation/src/build/teb_local_planner', 'catkin_cmake_args': None, 'catkin_skip_building_tests': False, 'cmake_args': None, 'cmake_clean_cache': False, 'cmake_clean_first': False, 'cmake_force_configure': False, 'cmake_target': None, 'cmake_target_skip_unavailable': False, 'install_base': '/root/robot_navigation/src/install/teb_local_planner', 'merge_install': False, 'path': '/root/robot_navigation/src/teb_local_planner', 'symlink_install': False, 'test_result_base': None}
[0.901s] INFO:colcon.colcon_core.executor:Executing jobs using 'parallel' executor
[0.908s] DEBUG:colcon.colcon_parallel_executor.executor.parallel:run_until_complete
[0.908s] INFO:colcon.colcon_ros.task.ament_cmake.build:Building ROS package in '/root/robot_navigation/src/costmap_converter' with build type 'ament_cmake'
[0.908s] INFO:colcon.colcon_cmake.task.cmake.build:Building CMake package in '/root/robot_navigation/src/costmap_converter'
[0.921s] INFO:colcon.colcon_core.plugin_system:Skipping extension 'colcon_core.shell.bat': Not used on non-Windows systems
[0.921s] INFO:colcon.colcon_core.shell:Skip shell extension 'powershell' for command environment: Not usable outside of PowerShell
[0.921s] DEBUG:colcon.colcon_core.shell:Skip shell extension 'dsv' for command environment
[0.942s] DEBUG:colcon.colcon_core.event_handler.log_command:Invoking command in '/root/robot_navigation/src/build/costmap_converter': CMAKE_PREFIX_PATH=/opt/ros/humble /usr/bin/cmake /root/robot_navigation/src/costmap_converter -DCMAKE_INSTALL_PREFIX=/root/robot_navigation/src/install/costmap_converter
[6.553s] DEBUG:colcon.colcon_core.event_handler.log_command:Invoked command in '/root/robot_navigation/src/build/costmap_converter' returned '1': CMAKE_PREFIX_PATH=/opt/ros/humble /usr/bin/cmake /root/robot_navigation/src/costmap_converter -DCMAKE_INSTALL_PREFIX=/root/robot_navigation/src/install/costmap_converter
[6.559s] Level 1:colcon.colcon_core.environment:create_environment_scripts_only(costmap_converter)
[6.576s] Level 1:colcon.colcon_core.environment:checking '/root/robot_navigation/src/install/costmap_converter' for CMake module files
[6.576s] Level 1:colcon.colcon_core.environment:checking '/root/robot_navigation/src/install/costmap_converter' for CMake config files
[6.577s] Level 1:colcon.colcon_core.environment:checking '/root/robot_navigation/src/install/costmap_converter/bin'
[6.577s] Level 1:colcon.colcon_core.environment:checking '/root/robot_navigation/src/install/costmap_converter/lib/pkgconfig/costmap_converter.pc'
[6.577s] Level 1:colcon.colcon_core.environment:checking '/root/robot_navigation/src/install/costmap_converter/lib/python3.10/site-packages'
[6.577s] Level 1:colcon.colcon_core.environment:checking '/root/robot_navigation/src/install/costmap_converter/bin'
[6.583s] INFO:colcon.colcon_core.shell:Creating package script '/root/robot_navigation/src/install/costmap_converter/share/costmap_converter/package.ps1'
[6.585s] INFO:colcon.colcon_core.shell:Creating package descriptor '/root/robot_navigation/src/install/costmap_converter/share/costmap_converter/package.dsv'
[6.586s] INFO:colcon.colcon_core.shell:Creating package script '/root/robot_navigation/src/install/costmap_converter/share/costmap_converter/package.sh'
[6.586s] INFO:colcon.colcon_core.shell:Creating package script '/root/robot_navigation/src/install/costmap_converter/share/costmap_converter/package.bash'
[6.587s] INFO:colcon.colcon_core.shell:Creating package script '/root/robot_navigation/src/install/costmap_converter/share/costmap_converter/package.zsh'
[6.587s] Level 1:colcon.colcon_core.environment:create_file_with_runtime_dependencies(/root/robot_navigation/src/install/costmap_converter/share/colcon-core/packages/costmap_converter)
[6.598s] DEBUG:colcon.colcon_parallel_executor.executor.parallel:closing loop
[6.598s] DEBUG:colcon.colcon_parallel_executor.executor.parallel:loop closed
[6.598s] DEBUG:colcon.colcon_parallel_executor.executor.parallel:run_until_complete finished with '1'
[6.598s] DEBUG:colcon.colcon_core.event_reactor:joining thread
[6.620s] INFO:colcon.colcon_core.plugin_system:Skipping extension 'colcon_notification.desktop_notification.terminal_notifier': Not used on non-Darwin systems
[6.620s] INFO:colcon.colcon_core.plugin_system:Skipping extension 'colcon_notification.desktop_notification.win32': Not used on non-Windows systems
[6.620s] INFO:colcon.colcon_notification.desktop_notification:Sending desktop notification using 'notify2'
[6.630s] DEBUG:colcon.colcon_core.event_reactor:joined thread
[6.636s] INFO:colcon.colcon_core.shell:Creating prefix script '/root/robot_navigation/src/install/local_setup.ps1'
[6.637s] INFO:colcon.colcon_core.shell:Creating prefix util module '/root/robot_navigation/src/install/_local_setup_util_ps1.py'
[6.638s] INFO:colcon.colcon_core.shell:Creating prefix chain script '/root/robot_navigation/src/install/setup.ps1'
[6.645s] INFO:colcon.colcon_core.shell:Creating prefix script '/root/robot_navigation/src/install/local_setup.sh'
[6.645s] INFO:colcon.colcon_core.shell:Creating prefix util module '/root/robot_navigation/src/install/_local_setup_util_sh.py'
[6.646s] INFO:colcon.colcon_core.shell:Creating prefix chain script '/root/robot_navigation/src/install/setup.sh'
[6.653s] INFO:colcon.colcon_core.shell:Creating prefix script '/root/robot_navigation/src/install/local_setup.bash'
[6.653s] INFO:colcon.colcon_core.shell:Creating prefix chain script '/root/robot_navigation/src/install/setup.bash'
[6.661s] INFO:colcon.colcon_core.shell:Creating prefix script '/root/robot_navigation/src/install/local_setup.zsh'
[6.661s] INFO:colcon.colcon_core.shell:Creating prefix chain script '/root/robot_navigation/src/install/setup.zsh'
