[0.162s] Invoking command in '/root/nav_1/build/teb_msgs': AMENT_PREFIX_PATH=/root/nav_1/install/costmap_converter_msgs:${AMENT_PREFIX_PATH} CMAKE_PREFIX_PATH=/root/nav_1/install/costmap_converter_msgs:/opt/ros/humble LD_LIBRARY_PATH=/root/nav_1/install/costmap_converter_msgs/lib:${LD_LIBRARY_PATH} PYTHONPATH=/root/nav_1/install/costmap_converter_msgs/local/lib/python3.10/dist-packages:${PYTHONPATH} /usr/bin/cmake --build /root/nav_1/build/teb_msgs -- -j32 -l32
[0.187s] [35m[1mConsolidate compiler generated dependencies of target teb_msgs__rosidl_generator_c[0m
[0.191s] [  2%] Built target teb_msgs__cpp
[0.202s] [ 12%] Built target teb_msgs__rosidl_generator_c
[0.206s] [ 12%] Built target ament_cmake_python_copy_teb_msgs
[0.206s] [35m[1mConsolidate compiler generated dependencies of target teb_msgs__rosidl_typesupport_introspection_cpp[0m
[0.207s] [35m[1mConsolidate compiler generated dependencies of target teb_msgs__rosidl_typesupport_cpp[0m
[0.207s] [35m[1mConsolidate compiler generated dependencies of target teb_msgs__rosidl_typesupport_fastrtps_cpp[0m
[0.213s] [35m[1mConsolidate compiler generated dependencies of target teb_msgs__rosidl_typesupport_c[0m
[0.213s] [35m[1mConsolidate compiler generated dependencies of target teb_msgs__rosidl_typesupport_introspection_c[0m
[0.214s] [35m[1mConsolidate compiler generated dependencies of target teb_msgs__rosidl_typesupport_fastrtps_c[0m
[0.217s] [ 23%] Built target teb_msgs__rosidl_typesupport_cpp
[0.218s] [ 34%] Built target teb_msgs__rosidl_typesupport_fastrtps_cpp
[0.218s] [ 44%] Built target teb_msgs__rosidl_typesupport_introspection_cpp
[0.221s] [ 55%] Built target teb_msgs__rosidl_typesupport_c
[0.221s] [ 65%] Built target teb_msgs__rosidl_typesupport_introspection_c
[0.223s] [ 76%] Built target teb_msgs__rosidl_typesupport_fastrtps_c
[0.234s] [ 76%] Built target teb_msgs
[0.245s] [ 78%] Built target teb_msgs__py
[0.253s] [35m[1mConsolidate compiler generated dependencies of target teb_msgs__rosidl_generator_py[0m
[0.264s] [ 87%] Built target teb_msgs__rosidl_generator_py
[0.271s] [35m[1mConsolidate compiler generated dependencies of target teb_msgs__rosidl_typesupport_fastrtps_c__pyext[0m
[0.271s] [35m[1mConsolidate compiler generated dependencies of target teb_msgs__rosidl_typesupport_introspection_c__pyext[0m
[0.271s] [35m[1mConsolidate compiler generated dependencies of target teb_msgs__rosidl_typesupport_c__pyext[0m
[0.278s] [ 95%] Built target teb_msgs__rosidl_typesupport_c__pyext
[0.278s] [ 95%] Built target teb_msgs__rosidl_typesupport_fastrtps_c__pyext
[0.279s] [100%] Built target teb_msgs__rosidl_typesupport_introspection_c__pyext
[0.342s] running egg_info
[0.343s] writing teb_msgs.egg-info/PKG-INFO
[0.343s] writing dependency_links to teb_msgs.egg-info/dependency_links.txt
[0.343s] writing top-level names to teb_msgs.egg-info/top_level.txt
[0.344s] reading manifest file 'teb_msgs.egg-info/SOURCES.txt'
[0.345s] writing manifest file 'teb_msgs.egg-info/SOURCES.txt'
[0.360s] [100%] Built target ament_cmake_python_build_teb_msgs_egg
[0.366s] Invoked command in '/root/nav_1/build/teb_msgs' returned '0': AMENT_PREFIX_PATH=/root/nav_1/install/costmap_converter_msgs:${AMENT_PREFIX_PATH} CMAKE_PREFIX_PATH=/root/nav_1/install/costmap_converter_msgs:/opt/ros/humble LD_LIBRARY_PATH=/root/nav_1/install/costmap_converter_msgs/lib:${LD_LIBRARY_PATH} PYTHONPATH=/root/nav_1/install/costmap_converter_msgs/local/lib/python3.10/dist-packages:${PYTHONPATH} /usr/bin/cmake --build /root/nav_1/build/teb_msgs -- -j32 -l32
[0.422s] Invoking command in '/root/nav_1/build/teb_msgs': AMENT_PREFIX_PATH=/root/nav_1/install/costmap_converter_msgs:${AMENT_PREFIX_PATH} CMAKE_PREFIX_PATH=/root/nav_1/install/costmap_converter_msgs:/opt/ros/humble LD_LIBRARY_PATH=/root/nav_1/install/costmap_converter_msgs/lib:${LD_LIBRARY_PATH} PYTHONPATH=/root/nav_1/install/costmap_converter_msgs/local/lib/python3.10/dist-packages:${PYTHONPATH} /usr/bin/cmake --install /root/nav_1/build/teb_msgs
[0.426s] -- Install configuration: ""
[0.427s] -- Up-to-date: /root/nav_1/install/teb_msgs/share/ament_index/resource_index/rosidl_interfaces/teb_msgs
[0.427s] -- Up-to-date: /root/nav_1/install/teb_msgs/include/teb_msgs/teb_msgs
[0.427s] -- Up-to-date: /root/nav_1/install/teb_msgs/include/teb_msgs/teb_msgs/msg
[0.427s] -- Up-to-date: /root/nav_1/install/teb_msgs/include/teb_msgs/teb_msgs/msg/feedback_msg.h
[0.428s] -- Up-to-date: /root/nav_1/install/teb_msgs/include/teb_msgs/teb_msgs/msg/detail
[0.428s] -- Up-to-date: /root/nav_1/install/teb_msgs/include/teb_msgs/teb_msgs/msg/detail/trajectory_point_msg__struct.h
[0.428s] -- Up-to-date: /root/nav_1/install/teb_msgs/include/teb_msgs/teb_msgs/msg/detail/feedback_msg__struct.h
[0.428s] -- Up-to-date: /root/nav_1/install/teb_msgs/include/teb_msgs/teb_msgs/msg/detail/feedback_msg__functions.c
[0.428s] -- Up-to-date: /root/nav_1/install/teb_msgs/include/teb_msgs/teb_msgs/msg/detail/trajectory_point_msg__type_support.h
[0.428s] -- Up-to-date: /root/nav_1/install/teb_msgs/include/teb_msgs/teb_msgs/msg/detail/trajectory_msg__functions.c
[0.428s] -- Up-to-date: /root/nav_1/install/teb_msgs/include/teb_msgs/teb_msgs/msg/detail/feedback_msg__type_support.h
[0.428s] -- Up-to-date: /root/nav_1/install/teb_msgs/include/teb_msgs/teb_msgs/msg/detail/trajectory_point_msg__functions.c
[0.428s] -- Up-to-date: /root/nav_1/install/teb_msgs/include/teb_msgs/teb_msgs/msg/detail/trajectory_msg__struct.h
[0.428s] -- Up-to-date: /root/nav_1/install/teb_msgs/include/teb_msgs/teb_msgs/msg/detail/trajectory_msg__functions.h
[0.428s] -- Up-to-date: /root/nav_1/install/teb_msgs/include/teb_msgs/teb_msgs/msg/detail/trajectory_point_msg__functions.h
[0.428s] -- Up-to-date: /root/nav_1/install/teb_msgs/include/teb_msgs/teb_msgs/msg/detail/feedback_msg__functions.h
[0.428s] -- Up-to-date: /root/nav_1/install/teb_msgs/include/teb_msgs/teb_msgs/msg/detail/trajectory_msg__type_support.h
[0.428s] -- Up-to-date: /root/nav_1/install/teb_msgs/include/teb_msgs/teb_msgs/msg/rosidl_generator_c__visibility_control.h
[0.429s] -- Up-to-date: /root/nav_1/install/teb_msgs/include/teb_msgs/teb_msgs/msg/trajectory_point_msg.h
[0.429s] -- Up-to-date: /root/nav_1/install/teb_msgs/include/teb_msgs/teb_msgs/msg/trajectory_msg.h
[0.429s] -- Up-to-date: /root/nav_1/install/teb_msgs/share/teb_msgs/environment/library_path.sh
[0.429s] -- Up-to-date: /root/nav_1/install/teb_msgs/share/teb_msgs/environment/library_path.dsv
[0.429s] -- Up-to-date: /root/nav_1/install/teb_msgs/lib/libteb_msgs__rosidl_generator_c.so
[0.429s] -- Up-to-date: /root/nav_1/install/teb_msgs/include/teb_msgs/teb_msgs
[0.429s] -- Up-to-date: /root/nav_1/install/teb_msgs/include/teb_msgs/teb_msgs/msg
[0.430s] -- Up-to-date: /root/nav_1/install/teb_msgs/include/teb_msgs/teb_msgs/msg/detail
[0.430s] -- Up-to-date: /root/nav_1/install/teb_msgs/include/teb_msgs/teb_msgs/msg/detail/trajectory_point_msg__rosidl_typesupport_fastrtps_c.h
[0.430s] -- Up-to-date: /root/nav_1/install/teb_msgs/include/teb_msgs/teb_msgs/msg/detail/feedback_msg__rosidl_typesupport_fastrtps_c.h
[0.430s] -- Up-to-date: /root/nav_1/install/teb_msgs/include/teb_msgs/teb_msgs/msg/detail/trajectory_msg__rosidl_typesupport_fastrtps_c.h
[0.431s] -- Up-to-date: /root/nav_1/install/teb_msgs/include/teb_msgs/teb_msgs/msg/rosidl_typesupport_fastrtps_c__visibility_control.h
[0.431s] -- Up-to-date: /root/nav_1/install/teb_msgs/lib/libteb_msgs__rosidl_typesupport_fastrtps_c.so
[0.431s] -- Up-to-date: /root/nav_1/install/teb_msgs/include/teb_msgs/teb_msgs
[0.431s] -- Up-to-date: /root/nav_1/install/teb_msgs/include/teb_msgs/teb_msgs/msg
[0.431s] -- Up-to-date: /root/nav_1/install/teb_msgs/include/teb_msgs/teb_msgs/msg/trajectory_point_msg.hpp
[0.431s] -- Up-to-date: /root/nav_1/install/teb_msgs/include/teb_msgs/teb_msgs/msg/detail
[0.431s] -- Up-to-date: /root/nav_1/install/teb_msgs/include/teb_msgs/teb_msgs/msg/detail/trajectory_point_msg__struct.hpp
[0.432s] -- Up-to-date: /root/nav_1/install/teb_msgs/include/teb_msgs/teb_msgs/msg/detail/trajectory_msg__struct.hpp
[0.432s] -- Up-to-date: /root/nav_1/install/teb_msgs/include/teb_msgs/teb_msgs/msg/detail/feedback_msg__traits.hpp
[0.432s] -- Up-to-date: /root/nav_1/install/teb_msgs/include/teb_msgs/teb_msgs/msg/detail/feedback_msg__builder.hpp
[0.432s] -- Up-to-date: /root/nav_1/install/teb_msgs/include/teb_msgs/teb_msgs/msg/detail/trajectory_msg__builder.hpp
[0.432s] -- Up-to-date: /root/nav_1/install/teb_msgs/include/teb_msgs/teb_msgs/msg/detail/trajectory_msg__traits.hpp
[0.432s] -- Up-to-date: /root/nav_1/install/teb_msgs/include/teb_msgs/teb_msgs/msg/detail/trajectory_point_msg__builder.hpp
[0.432s] -- Up-to-date: /root/nav_1/install/teb_msgs/include/teb_msgs/teb_msgs/msg/detail/trajectory_point_msg__traits.hpp
[0.432s] -- Up-to-date: /root/nav_1/install/teb_msgs/include/teb_msgs/teb_msgs/msg/detail/feedback_msg__struct.hpp
[0.433s] -- Up-to-date: /root/nav_1/install/teb_msgs/include/teb_msgs/teb_msgs/msg/feedback_msg.hpp
[0.433s] -- Up-to-date: /root/nav_1/install/teb_msgs/include/teb_msgs/teb_msgs/msg/trajectory_msg.hpp
[0.433s] -- Up-to-date: /root/nav_1/install/teb_msgs/include/teb_msgs/teb_msgs
[0.433s] -- Up-to-date: /root/nav_1/install/teb_msgs/include/teb_msgs/teb_msgs/msg
[0.433s] -- Up-to-date: /root/nav_1/install/teb_msgs/include/teb_msgs/teb_msgs/msg/detail
[0.433s] -- Up-to-date: /root/nav_1/install/teb_msgs/include/teb_msgs/teb_msgs/msg/detail/dds_fastrtps
[0.433s] -- Up-to-date: /root/nav_1/install/teb_msgs/include/teb_msgs/teb_msgs/msg/detail/trajectory_point_msg__rosidl_typesupport_fastrtps_cpp.hpp
[0.433s] -- Up-to-date: /root/nav_1/install/teb_msgs/include/teb_msgs/teb_msgs/msg/detail/trajectory_msg__rosidl_typesupport_fastrtps_cpp.hpp
[0.433s] -- Up-to-date: /root/nav_1/install/teb_msgs/include/teb_msgs/teb_msgs/msg/detail/feedback_msg__rosidl_typesupport_fastrtps_cpp.hpp
[0.434s] -- Up-to-date: /root/nav_1/install/teb_msgs/include/teb_msgs/teb_msgs/msg/rosidl_typesupport_fastrtps_cpp__visibility_control.h
[0.434s] -- Up-to-date: /root/nav_1/install/teb_msgs/lib/libteb_msgs__rosidl_typesupport_fastrtps_cpp.so
[0.434s] -- Up-to-date: /root/nav_1/install/teb_msgs/include/teb_msgs/teb_msgs
[0.434s] -- Up-to-date: /root/nav_1/install/teb_msgs/include/teb_msgs/teb_msgs/msg
[0.434s] -- Up-to-date: /root/nav_1/install/teb_msgs/include/teb_msgs/teb_msgs/msg/detail
[0.434s] -- Up-to-date: /root/nav_1/install/teb_msgs/include/teb_msgs/teb_msgs/msg/detail/trajectory_point_msg__type_support.c
[0.434s] -- Up-to-date: /root/nav_1/install/teb_msgs/include/teb_msgs/teb_msgs/msg/detail/feedback_msg__type_support.c
[0.434s] -- Up-to-date: /root/nav_1/install/teb_msgs/include/teb_msgs/teb_msgs/msg/detail/feedback_msg__rosidl_typesupport_introspection_c.h
[0.434s] -- Up-to-date: /root/nav_1/install/teb_msgs/include/teb_msgs/teb_msgs/msg/detail/trajectory_msg__rosidl_typesupport_introspection_c.h
[0.434s] -- Up-to-date: /root/nav_1/install/teb_msgs/include/teb_msgs/teb_msgs/msg/detail/trajectory_point_msg__rosidl_typesupport_introspection_c.h
[0.434s] -- Up-to-date: /root/nav_1/install/teb_msgs/include/teb_msgs/teb_msgs/msg/detail/trajectory_msg__type_support.c
[0.435s] -- Up-to-date: /root/nav_1/install/teb_msgs/include/teb_msgs/teb_msgs/msg/rosidl_typesupport_introspection_c__visibility_control.h
[0.435s] -- Up-to-date: /root/nav_1/install/teb_msgs/lib/libteb_msgs__rosidl_typesupport_introspection_c.so
[0.435s] -- Up-to-date: /root/nav_1/install/teb_msgs/lib/libteb_msgs__rosidl_typesupport_c.so
[0.435s] -- Up-to-date: /root/nav_1/install/teb_msgs/include/teb_msgs/teb_msgs
[0.435s] -- Up-to-date: /root/nav_1/install/teb_msgs/include/teb_msgs/teb_msgs/msg
[0.435s] -- Up-to-date: /root/nav_1/install/teb_msgs/include/teb_msgs/teb_msgs/msg/detail
[0.435s] -- Up-to-date: /root/nav_1/install/teb_msgs/include/teb_msgs/teb_msgs/msg/detail/trajectory_msg__type_support.cpp
[0.435s] -- Up-to-date: /root/nav_1/install/teb_msgs/include/teb_msgs/teb_msgs/msg/detail/feedback_msg__rosidl_typesupport_introspection_cpp.hpp
[0.435s] -- Up-to-date: /root/nav_1/install/teb_msgs/include/teb_msgs/teb_msgs/msg/detail/trajectory_msg__rosidl_typesupport_introspection_cpp.hpp
[0.435s] -- Up-to-date: /root/nav_1/install/teb_msgs/include/teb_msgs/teb_msgs/msg/detail/trajectory_point_msg__rosidl_typesupport_introspection_cpp.hpp
[0.435s] -- Up-to-date: /root/nav_1/install/teb_msgs/include/teb_msgs/teb_msgs/msg/detail/trajectory_point_msg__type_support.cpp
[0.435s] -- Up-to-date: /root/nav_1/install/teb_msgs/include/teb_msgs/teb_msgs/msg/detail/feedback_msg__type_support.cpp
[0.435s] -- Up-to-date: /root/nav_1/install/teb_msgs/lib/libteb_msgs__rosidl_typesupport_introspection_cpp.so
[0.435s] -- Up-to-date: /root/nav_1/install/teb_msgs/lib/libteb_msgs__rosidl_typesupport_cpp.so
[0.435s] -- Up-to-date: /root/nav_1/install/teb_msgs/share/teb_msgs/environment/pythonpath.sh
[0.435s] -- Up-to-date: /root/nav_1/install/teb_msgs/share/teb_msgs/environment/pythonpath.dsv
[0.435s] -- Up-to-date: /root/nav_1/install/teb_msgs/local/lib/python3.10/dist-packages/teb_msgs-0.0.1-py3.10.egg-info
[0.435s] -- Installing: /root/nav_1/install/teb_msgs/local/lib/python3.10/dist-packages/teb_msgs-0.0.1-py3.10.egg-info/PKG-INFO
[0.436s] -- Installing: /root/nav_1/install/teb_msgs/local/lib/python3.10/dist-packages/teb_msgs-0.0.1-py3.10.egg-info/dependency_links.txt
[0.436s] -- Installing: /root/nav_1/install/teb_msgs/local/lib/python3.10/dist-packages/teb_msgs-0.0.1-py3.10.egg-info/top_level.txt
[0.436s] -- Installing: /root/nav_1/install/teb_msgs/local/lib/python3.10/dist-packages/teb_msgs-0.0.1-py3.10.egg-info/SOURCES.txt
[0.436s] -- Up-to-date: /root/nav_1/install/teb_msgs/local/lib/python3.10/dist-packages/teb_msgs
[0.436s] -- Up-to-date: /root/nav_1/install/teb_msgs/local/lib/python3.10/dist-packages/teb_msgs/__init__.py
[0.436s] -- Up-to-date: /root/nav_1/install/teb_msgs/local/lib/python3.10/dist-packages/teb_msgs/teb_msgs_s__rosidl_typesupport_c.cpython-310-x86_64-linux-gnu.so
[0.437s] -- Up-to-date: /root/nav_1/install/teb_msgs/local/lib/python3.10/dist-packages/teb_msgs/_teb_msgs_s.ep.rosidl_typesupport_c.c
[0.437s] -- Up-to-date: /root/nav_1/install/teb_msgs/local/lib/python3.10/dist-packages/teb_msgs/teb_msgs_s__rosidl_typesupport_fastrtps_c.cpython-310-x86_64-linux-gnu.so
[0.437s] -- Up-to-date: /root/nav_1/install/teb_msgs/local/lib/python3.10/dist-packages/teb_msgs/teb_msgs_s__rosidl_typesupport_introspection_c.cpython-310-x86_64-linux-gnu.so
[0.437s] -- Up-to-date: /root/nav_1/install/teb_msgs/local/lib/python3.10/dist-packages/teb_msgs/libteb_msgs__rosidl_generator_py.so
[0.437s] -- Up-to-date: /root/nav_1/install/teb_msgs/local/lib/python3.10/dist-packages/teb_msgs/_teb_msgs_s.ep.rosidl_typesupport_fastrtps_c.c
[0.437s] -- Up-to-date: /root/nav_1/install/teb_msgs/local/lib/python3.10/dist-packages/teb_msgs/msg
[0.437s] -- Up-to-date: /root/nav_1/install/teb_msgs/local/lib/python3.10/dist-packages/teb_msgs/msg/_feedback_msg.py
[0.437s] -- Up-to-date: /root/nav_1/install/teb_msgs/local/lib/python3.10/dist-packages/teb_msgs/msg/__init__.py
[0.437s] -- Up-to-date: /root/nav_1/install/teb_msgs/local/lib/python3.10/dist-packages/teb_msgs/msg/_trajectory_msg.py
[0.437s] -- Up-to-date: /root/nav_1/install/teb_msgs/local/lib/python3.10/dist-packages/teb_msgs/msg/_feedback_msg_s.c
[0.437s] -- Up-to-date: /root/nav_1/install/teb_msgs/local/lib/python3.10/dist-packages/teb_msgs/msg/_trajectory_point_msg_s.c
[0.437s] -- Up-to-date: /root/nav_1/install/teb_msgs/local/lib/python3.10/dist-packages/teb_msgs/msg/_trajectory_msg_s.c
[0.437s] -- Up-to-date: /root/nav_1/install/teb_msgs/local/lib/python3.10/dist-packages/teb_msgs/msg/_trajectory_point_msg.py
[0.437s] -- Up-to-date: /root/nav_1/install/teb_msgs/local/lib/python3.10/dist-packages/teb_msgs/_teb_msgs_s.ep.rosidl_typesupport_introspection_c.c
[0.457s] Listing '/root/nav_1/install/teb_msgs/local/lib/python3.10/dist-packages/teb_msgs'...
[0.458s] Listing '/root/nav_1/install/teb_msgs/local/lib/python3.10/dist-packages/teb_msgs/msg'...
[0.465s] -- Up-to-date: /root/nav_1/install/teb_msgs/local/lib/python3.10/dist-packages/teb_msgs/teb_msgs_s__rosidl_typesupport_fastrtps_c.cpython-310-x86_64-linux-gnu.so
[0.467s] -- Up-to-date: /root/nav_1/install/teb_msgs/local/lib/python3.10/dist-packages/teb_msgs/teb_msgs_s__rosidl_typesupport_introspection_c.cpython-310-x86_64-linux-gnu.so
[0.467s] -- Up-to-date: /root/nav_1/install/teb_msgs/local/lib/python3.10/dist-packages/teb_msgs/teb_msgs_s__rosidl_typesupport_c.cpython-310-x86_64-linux-gnu.so
[0.467s] -- Up-to-date: /root/nav_1/install/teb_msgs/lib/libteb_msgs__rosidl_generator_py.so
[0.468s] -- Up-to-date: /root/nav_1/install/teb_msgs/share/teb_msgs/msg/FeedbackMsg.idl
[0.468s] -- Up-to-date: /root/nav_1/install/teb_msgs/share/teb_msgs/msg/TrajectoryMsg.idl
[0.468s] -- Up-to-date: /root/nav_1/install/teb_msgs/share/teb_msgs/msg/TrajectoryPointMsg.idl
[0.469s] -- Up-to-date: /root/nav_1/install/teb_msgs/share/teb_msgs/msg/FeedbackMsg.msg
[0.469s] -- Up-to-date: /root/nav_1/install/teb_msgs/share/teb_msgs/msg/TrajectoryMsg.msg
[0.469s] -- Up-to-date: /root/nav_1/install/teb_msgs/share/teb_msgs/msg/TrajectoryPointMsg.msg
[0.469s] -- Up-to-date: /root/nav_1/install/teb_msgs/share/ament_index/resource_index/package_run_dependencies/teb_msgs
[0.469s] -- Up-to-date: /root/nav_1/install/teb_msgs/share/ament_index/resource_index/parent_prefix_path/teb_msgs
[0.469s] -- Up-to-date: /root/nav_1/install/teb_msgs/share/teb_msgs/environment/ament_prefix_path.sh
[0.469s] -- Up-to-date: /root/nav_1/install/teb_msgs/share/teb_msgs/environment/ament_prefix_path.dsv
[0.469s] -- Up-to-date: /root/nav_1/install/teb_msgs/share/teb_msgs/environment/path.sh
[0.469s] -- Up-to-date: /root/nav_1/install/teb_msgs/share/teb_msgs/environment/path.dsv
[0.469s] -- Up-to-date: /root/nav_1/install/teb_msgs/share/teb_msgs/local_setup.bash
[0.469s] -- Up-to-date: /root/nav_1/install/teb_msgs/share/teb_msgs/local_setup.sh
[0.470s] -- Up-to-date: /root/nav_1/install/teb_msgs/share/teb_msgs/local_setup.zsh
[0.470s] -- Up-to-date: /root/nav_1/install/teb_msgs/share/teb_msgs/local_setup.dsv
[0.470s] -- Installing: /root/nav_1/install/teb_msgs/share/teb_msgs/package.dsv
[0.470s] -- Up-to-date: /root/nav_1/install/teb_msgs/share/ament_index/resource_index/packages/teb_msgs
[0.470s] -- Up-to-date: /root/nav_1/install/teb_msgs/share/teb_msgs/cmake/export_teb_msgs__rosidl_generator_cExport.cmake
[0.470s] -- Up-to-date: /root/nav_1/install/teb_msgs/share/teb_msgs/cmake/export_teb_msgs__rosidl_generator_cExport-noconfig.cmake
[0.471s] -- Up-to-date: /root/nav_1/install/teb_msgs/share/teb_msgs/cmake/export_teb_msgs__rosidl_typesupport_fastrtps_cExport.cmake
[0.471s] -- Up-to-date: /root/nav_1/install/teb_msgs/share/teb_msgs/cmake/export_teb_msgs__rosidl_typesupport_fastrtps_cExport-noconfig.cmake
[0.471s] -- Up-to-date: /root/nav_1/install/teb_msgs/share/teb_msgs/cmake/export_teb_msgs__rosidl_generator_cppExport.cmake
[0.471s] -- Up-to-date: /root/nav_1/install/teb_msgs/share/teb_msgs/cmake/export_teb_msgs__rosidl_typesupport_fastrtps_cppExport.cmake
[0.471s] -- Up-to-date: /root/nav_1/install/teb_msgs/share/teb_msgs/cmake/export_teb_msgs__rosidl_typesupport_fastrtps_cppExport-noconfig.cmake
[0.471s] -- Up-to-date: /root/nav_1/install/teb_msgs/share/teb_msgs/cmake/teb_msgs__rosidl_typesupport_introspection_cExport.cmake
[0.472s] -- Up-to-date: /root/nav_1/install/teb_msgs/share/teb_msgs/cmake/teb_msgs__rosidl_typesupport_introspection_cExport-noconfig.cmake
[0.472s] -- Up-to-date: /root/nav_1/install/teb_msgs/share/teb_msgs/cmake/teb_msgs__rosidl_typesupport_cExport.cmake
[0.472s] -- Up-to-date: /root/nav_1/install/teb_msgs/share/teb_msgs/cmake/teb_msgs__rosidl_typesupport_cExport-noconfig.cmake
[0.472s] -- Up-to-date: /root/nav_1/install/teb_msgs/share/teb_msgs/cmake/teb_msgs__rosidl_typesupport_introspection_cppExport.cmake
[0.474s] -- Up-to-date: /root/nav_1/install/teb_msgs/share/teb_msgs/cmake/teb_msgs__rosidl_typesupport_introspection_cppExport-noconfig.cmake
[0.474s] -- Up-to-date: /root/nav_1/install/teb_msgs/share/teb_msgs/cmake/teb_msgs__rosidl_typesupport_cppExport.cmake
[0.474s] -- Up-to-date: /root/nav_1/install/teb_msgs/share/teb_msgs/cmake/teb_msgs__rosidl_typesupport_cppExport-noconfig.cmake
[0.474s] -- Up-to-date: /root/nav_1/install/teb_msgs/share/teb_msgs/cmake/export_teb_msgs__rosidl_generator_pyExport.cmake
[0.475s] -- Up-to-date: /root/nav_1/install/teb_msgs/share/teb_msgs/cmake/export_teb_msgs__rosidl_generator_pyExport-noconfig.cmake
[0.475s] -- Up-to-date: /root/nav_1/install/teb_msgs/share/teb_msgs/cmake/rosidl_cmake-extras.cmake
[0.475s] -- Up-to-date: /root/nav_1/install/teb_msgs/share/teb_msgs/cmake/ament_cmake_export_dependencies-extras.cmake
[0.475s] -- Up-to-date: /root/nav_1/install/teb_msgs/share/teb_msgs/cmake/ament_cmake_export_include_directories-extras.cmake
[0.475s] -- Up-to-date: /root/nav_1/install/teb_msgs/share/teb_msgs/cmake/ament_cmake_export_libraries-extras.cmake
[0.475s] -- Up-to-date: /root/nav_1/install/teb_msgs/share/teb_msgs/cmake/ament_cmake_export_targets-extras.cmake
[0.475s] -- Up-to-date: /root/nav_1/install/teb_msgs/share/teb_msgs/cmake/rosidl_cmake_export_typesupport_targets-extras.cmake
[0.475s] -- Up-to-date: /root/nav_1/install/teb_msgs/share/teb_msgs/cmake/rosidl_cmake_export_typesupport_libraries-extras.cmake
[0.475s] -- Up-to-date: /root/nav_1/install/teb_msgs/share/teb_msgs/cmake/teb_msgsConfig.cmake
[0.475s] -- Up-to-date: /root/nav_1/install/teb_msgs/share/teb_msgs/cmake/teb_msgsConfig-version.cmake
[0.475s] -- Up-to-date: /root/nav_1/install/teb_msgs/share/teb_msgs/package.xml
[0.520s] Invoked command in '/root/nav_1/build/teb_msgs' returned '0': AMENT_PREFIX_PATH=/root/nav_1/install/costmap_converter_msgs:${AMENT_PREFIX_PATH} CMAKE_PREFIX_PATH=/root/nav_1/install/costmap_converter_msgs:/opt/ros/humble LD_LIBRARY_PATH=/root/nav_1/install/costmap_converter_msgs/lib:${LD_LIBRARY_PATH} PYTHONPATH=/root/nav_1/install/costmap_converter_msgs/local/lib/python3.10/dist-packages:${PYTHONPATH} /usr/bin/cmake --install /root/nav_1/build/teb_msgs
