[0.000000] (-) TimerEvent: {}
[0.000521] (-) JobUnselected: {'identifier': 'costmap_converter'}
[0.000565] (-) JobUnselected: {'identifier': 'costmap_converter_msgs'}
[0.000590] (-) JobUnselected: {'identifier': 'teb_local_planner'}
[0.000615] (-) JobUnselected: {'identifier': 'teb_msgs'}
[0.000644] (robot_navigation) JobQueued: {'identifier': 'robot_navigation', 'dependencies': OrderedDict([('costmap_converter_msgs', '/root/nav_1/install/costmap_converter_msgs'), ('costmap_converter', '/root/nav_1/install/costmap_converter'), ('teb_msgs', '/root/nav_1/install/teb_msgs'), ('teb_local_planner', '/root/nav_1/install/teb_local_planner')])}
[0.000677] (robot_navigation) JobStarted: {'identifier': 'robot_navigation'}
[0.107513] (-) TimerEvent: {}
[0.209354] (-) TimerEvent: {}
[0.317451] (-) TimerEvent: {}
[0.417990] (-) TimerEvent: {}
[0.520199] (-) TimerEvent: {}
[0.626711] (-) TimerEvent: {}
[0.728641] (-) TimerEvent: {}
[0.741301] (robot_navigation) JobProgress: {'identifier': 'robot_navigation', 'progress': 'cmake'}
[0.742193] (robot_navigation) JobProgress: {'identifier': 'robot_navigation', 'progress': 'build'}
[0.742846] (robot_navigation) Command: {'cmd': ['/usr/bin/cmake', '--build', '/root/nav_1/build/robot_navigation', '--', '-j32', '-l32'], 'cwd': '/root/nav_1/build/robot_navigation', 'env': OrderedDict([('USER', 'root'), ('GIT_ASKPASS', '/root/.vscode-server/bin/e8653663e8840adaf45af01eab5c627a5af81807/extensions/git/dist/askpass.sh'), ('SHLVL', '1'), ('LD_LIBRARY_PATH', '/root/nav_1/install/teb_local_planner/lib:/root/nav_1/install/teb_msgs/lib:/root/nav_1/install/costmap_converter/lib:/root/nav_1/install/costmap_converter_msgs/lib:/usr/lib/x86_64-linux-gnu/gazebo-11/plugins:/opt/ros/humble/opt/rviz_ogre_vendor/lib:/opt/ros/humble/lib/x86_64-linux-gnu:/opt/ros/humble/opt/openvdb_vendor/lib:/opt/ros/humble/lib'), ('HOME', '/root'), ('OLDPWD', '/root/nav_1/install'), ('TERM_PROGRAM_VERSION', '1.95.2'), ('VSCODE_IPC_HOOK_CLI', '/run/user/0/vscode-ipc-996fc6a1-6beb-4a43-952a-86ec2dcaf0cf.sock'), ('ROS_PYTHON_VERSION', '3'), ('VSCODE_GIT_ASKPASS_MAIN', '/root/.vscode-server/bin/e8653663e8840adaf45af01eab5c627a5af81807/extensions/git/dist/askpass-main.js'), ('VSCODE_GIT_ASKPASS_NODE', '/root/.vscode-server/bin/e8653663e8840adaf45af01eab5c627a5af81807/node'), ('DBUS_SESSION_BUS_ADDRESS', 'unix:path=/run/user/0/bus'), ('COLORTERM', 'truecolor'), ('WSL_DISTRO_NAME', 'Ubuntu-22.04'), ('_colcon_cd_root', '/opt/ros/humble/'), ('WAYLAND_DISPLAY', 'wayland-0'), ('COLCON_PREFIX_PATH', '/root/nav_1/install'), ('ROS_DISTRO', 'humble'), ('LOGNAME', 'root'), ('NAME', 'DESKTOP-B2GTLAN'), ('WSL_INTEROP', '/run/WSL/105555_interop'), ('PULSE_SERVER', 'unix:/mnt/wslg/PulseServer'), ('_', '/usr/local/bin/colcon'), ('ROS_VERSION', '2'), ('TERM', 'xterm-256color'), ('ROS_LOCALHOST_ONLY', '0'), ('PATH', '/root/nav_1/install/costmap_converter/bin:/opt/ros/humble/bin:/root/.vscode-server/bin/e8653663e8840adaf45af01eab5c627a5af81807/bin/remote-cli:/usr/local/sbin:/usr/local/bin:/usr/sbin:/usr/bin:/sbin:/bin:/usr/games:/usr/local/games:/usr/lib/wsl/lib:/mnt/c/Users/dell/AppData/Local/Programs/cursor/resources/app/bin:/mnt/c/Program Files/Common Files/Oracle/Java/javapath:/mnt/c/Windows/system32:/mnt/c/Windows:/mnt/c/Windows/System32/Wbem:/mnt/c/Windows/System32/WindowsPowerShell/v1.0/:/mnt/c/Windows/System32/OpenSSH/:/mnt/c/Program Files/dotnet/:/mnt/c/Program Files (x86)/NVIDIA Corporation/PhysX/Common:/mnt/c/Program Files/NVIDIA Corporation/NVIDIA NvDLISR:/mnt/c/py:/mnt/e/mingw64/bin:/mnt/e/OpenCV/build/x64/mingw/bin:/mnt/c/Users/dell/Desktop/:/mnt/c/Users/dell/AppData/Local/Microsoft/WindowsApps:/mnt/c/py:/mnt/c/Program Files/JetBrains/PyCharm Community Edition 2023.2.3/bin:/mnt/c/Users/dell/Desktop/Scripts/:/mnt/c/Program Files/Java/jdk-17/bin:/mnt/f/idea/IntelliJ IDEA 2024.2.3/bin:/mnt/c/Users/dell/AppData/Local/Programs/cursor/resources/app/bin:/mnt/c/Users/dell/Desktop/:/mnt/c/Users/dell/AppData/Local/Microsoft/WindowsApps:/mnt/e/vscode/Microsoft VS Code/bin:/mnt/c/py:/mnt/c/Program Files/JetBrains/PyCharm Community Edition 2023.2.3/bin:/mnt/c/Users/dell/Desktop/Scripts/:/mnt/c/Program Files/Java/jdk-17/bin:/mnt/f/idea/IntelliJ IDEA 2024.2.3/bin:/snap/bin'), ('XDG_RUNTIME_DIR', '/run/user/0/'), ('DISPLAY', ':0'), ('LANG', 'C.UTF-8'), ('VSCODE_GIT_IPC_HANDLE', '/run/user/0/vscode-git-23b6e1c2b0.sock'), ('TERM_PROGRAM', 'vscode'), ('AMENT_PREFIX_PATH', '/root/nav_1/install/teb_local_planner:/root/nav_1/install/teb_msgs:/root/nav_1/install/costmap_converter:/root/nav_1/install/costmap_converter_msgs:/opt/ros/humble'), ('SHELL', '/bin/bash'), ('VSCODE_GIT_ASKPASS_EXTRA_ARGS', ''), ('PWD', '/root/nav_1/build/robot_navigation'), ('XDG_DATA_DIRS', '/usr/local/share:/usr/share:/var/lib/snapd/desktop'), ('PYTHONPATH', '/root/nav_1/install/teb_msgs/local/lib/python3.10/dist-packages:/root/nav_1/install/costmap_converter_msgs/local/lib/python3.10/dist-packages:/opt/ros/humble/lib/python3.10/site-packages:/opt/ros/humble/local/lib/python3.10/dist-packages'), ('COLCON', '1'), ('WSL2_GUI_APPS_ENABLED', '1'), ('HOSTTYPE', 'x86_64'), ('CMAKE_PREFIX_PATH', '/root/nav_1/install/teb_local_planner:/root/nav_1/install/teb_msgs:/root/nav_1/install/costmap_converter:/root/nav_1/install/costmap_converter_msgs:/opt/ros/humble'), ('WSLENV', 'VSCODE_WSL_EXT_LOCATION/up')]), 'shell': False}
[0.778080] (robot_navigation) StdoutLine: {'line': b'[ 50%] \x1b[32m\x1b[1mLinking CXX executable icp_localization\x1b[0m\n'}
[0.829070] (-) TimerEvent: {}
[0.930577] (-) TimerEvent: {}
[1.039285] (-) TimerEvent: {}
[1.140836] (-) TimerEvent: {}
[1.249542] (-) TimerEvent: {}
[1.358229] (-) TimerEvent: {}
[1.458864] (-) TimerEvent: {}
[1.566189] (-) TimerEvent: {}
[1.669643] (-) TimerEvent: {}
[1.778310] (-) TimerEvent: {}
[1.886980] (-) TimerEvent: {}
[1.995704] (-) TimerEvent: {}
[2.104819] (-) TimerEvent: {}
[2.210783] (-) TimerEvent: {}
[2.319436] (-) TimerEvent: {}
[2.428153] (-) TimerEvent: {}
[2.536856] (-) TimerEvent: {}
[2.645547] (-) TimerEvent: {}
[2.754197] (-) TimerEvent: {}
[2.862860] (-) TimerEvent: {}
[2.971546] (-) TimerEvent: {}
[3.080199] (-) TimerEvent: {}
[3.188902] (-) TimerEvent: {}
[3.296284] (-) TimerEvent: {}
[3.404971] (-) TimerEvent: {}
[3.513720] (-) TimerEvent: {}
[3.615093] (-) TimerEvent: {}
[3.723757] (-) TimerEvent: {}
[3.832445] (-) TimerEvent: {}
[3.941091] (-) TimerEvent: {}
[4.049798] (-) TimerEvent: {}
[4.156971] (-) TimerEvent: {}
[4.265626] (-) TimerEvent: {}
[4.373572] (-) TimerEvent: {}
[4.482234] (-) TimerEvent: {}
[4.590944] (-) TimerEvent: {}
[4.691794] (-) TimerEvent: {}
[4.792771] (-) TimerEvent: {}
[4.893792] (-) TimerEvent: {}
[5.002482] (-) TimerEvent: {}
[5.111134] (-) TimerEvent: {}
[5.219819] (-) TimerEvent: {}
[5.328636] (-) TimerEvent: {}
[5.437045] (-) TimerEvent: {}
[5.545744] (-) TimerEvent: {}
[5.654470] (-) TimerEvent: {}
[5.757954] (-) TimerEvent: {}
[5.866760] (-) TimerEvent: {}
[5.975512] (-) TimerEvent: {}
[6.084251] (-) TimerEvent: {}
[6.185033] (-) TimerEvent: {}
[6.290489] (-) TimerEvent: {}
[6.391484] (-) TimerEvent: {}
[6.499253] (-) TimerEvent: {}
[6.607923] (-) TimerEvent: {}
[6.716746] (-) TimerEvent: {}
[6.823987] (-) TimerEvent: {}
[6.932681] (-) TimerEvent: {}
[7.041406] (-) TimerEvent: {}
[7.150050] (-) TimerEvent: {}
[7.252120] (-) TimerEvent: {}
[7.360984] (-) TimerEvent: {}
[7.469760] (-) TimerEvent: {}
[7.577323] (-) TimerEvent: {}
[7.686212] (-) TimerEvent: {}
[7.795122] (-) TimerEvent: {}
[7.904120] (-) TimerEvent: {}
[8.012902] (-) TimerEvent: {}
[8.121563] (-) TimerEvent: {}
[8.230357] (-) TimerEvent: {}
[8.339036] (-) TimerEvent: {}
[8.447677] (-) TimerEvent: {}
[8.556361] (-) TimerEvent: {}
[8.664320] (-) TimerEvent: {}
[8.772987] (-) TimerEvent: {}
[8.878043] (-) TimerEvent: {}
[8.986758] (-) TimerEvent: {}
[9.095415] (-) TimerEvent: {}
[9.204109] (-) TimerEvent: {}
[9.312825] (-) TimerEvent: {}
[9.420618] (-) TimerEvent: {}
[9.529413] (-) TimerEvent: {}
[9.638204] (-) TimerEvent: {}
[9.746481] (-) TimerEvent: {}
[9.847270] (-) TimerEvent: {}
[9.955917] (-) TimerEvent: {}
[10.064593] (-) TimerEvent: {}
[10.173286] (-) TimerEvent: {}
[10.281995] (-) TimerEvent: {}
[10.385313] (-) TimerEvent: {}
[10.494387] (-) TimerEvent: {}
[10.603352] (-) TimerEvent: {}
[10.712186] (-) TimerEvent: {}
[10.819954] (-) TimerEvent: {}
[10.925596] (-) TimerEvent: {}
[11.026000] (-) TimerEvent: {}
[11.127264] (-) TimerEvent: {}
[11.236096] (-) TimerEvent: {}
[11.344920] (-) TimerEvent: {}
[11.451973] (-) TimerEvent: {}
[11.560809] (-) TimerEvent: {}
[11.669598] (-) TimerEvent: {}
[11.778324] (-) TimerEvent: {}
[11.881583] (-) TimerEvent: {}
[11.990240] (-) TimerEvent: {}
[12.098874] (-) TimerEvent: {}
[12.207533] (-) TimerEvent: {}
[12.316265] (-) TimerEvent: {}
[12.425076] (-) TimerEvent: {}
[12.533868] (-) TimerEvent: {}
[12.642601] (-) TimerEvent: {}
[12.751265] (-) TimerEvent: {}
[12.859981] (-) TimerEvent: {}
[12.967643] (-) TimerEvent: {}
[13.076312] (-) TimerEvent: {}
[13.185030] (-) TimerEvent: {}
[13.293700] (-) TimerEvent: {}
[13.402415] (-) TimerEvent: {}
[13.511095] (-) TimerEvent: {}
[13.619767] (-) TimerEvent: {}
[13.728563] (-) TimerEvent: {}
[13.837300] (-) TimerEvent: {}
[13.946185] (-) TimerEvent: {}
[14.047490] (-) TimerEvent: {}
[14.156145] (-) TimerEvent: {}
[14.264901] (-) TimerEvent: {}
[14.373726] (-) TimerEvent: {}
[14.482621] (-) TimerEvent: {}
[14.588531] (-) TimerEvent: {}
[14.689242] (-) TimerEvent: {}
[14.790819] (-) TimerEvent: {}
[14.899580] (-) TimerEvent: {}
[15.008422] (-) TimerEvent: {}
[15.115862] (-) TimerEvent: {}
[15.224700] (-) TimerEvent: {}
[15.330132] (-) TimerEvent: {}
[15.438794] (-) TimerEvent: {}
[15.542070] (-) TimerEvent: {}
[15.650738] (-) TimerEvent: {}
[15.751657] (-) TimerEvent: {}
[15.857634] (-) TimerEvent: {}
[15.966446] (-) TimerEvent: {}
[16.075250] (-) TimerEvent: {}
[16.183286] (-) TimerEvent: {}
[16.292006] (-) TimerEvent: {}
[16.400696] (-) TimerEvent: {}
[16.509378] (-) TimerEvent: {}
[16.618048] (-) TimerEvent: {}
[16.726727] (-) TimerEvent: {}
[16.835377] (-) TimerEvent: {}
[16.944118] (-) TimerEvent: {}
[17.052942] (-) TimerEvent: {}
[17.161655] (-) TimerEvent: {}
[17.270168] (-) TimerEvent: {}
[17.378993] (-) TimerEvent: {}
[17.487693] (-) TimerEvent: {}
[17.596355] (-) TimerEvent: {}
[17.705070] (-) TimerEvent: {}
[17.813765] (-) TimerEvent: {}
[17.922472] (-) TimerEvent: {}
[18.031262] (-) TimerEvent: {}
[18.133852] (-) TimerEvent: {}
[18.242746] (-) TimerEvent: {}
[18.351413] (-) TimerEvent: {}
[18.460170] (-) TimerEvent: {}
[18.568932] (-) TimerEvent: {}
[18.673565] (-) TimerEvent: {}
[18.782211] (-) TimerEvent: {}
[18.890882] (-) TimerEvent: {}
[18.999627] (-) TimerEvent: {}
[19.108349] (-) TimerEvent: {}
[19.215748] (-) TimerEvent: {}
[19.324395] (-) TimerEvent: {}
[19.432267] (-) TimerEvent: {}
[19.541003] (-) TimerEvent: {}
[19.642014] (-) TimerEvent: {}
[19.743050] (-) TimerEvent: {}
[19.845659] (-) TimerEvent: {}
[19.954650] (-) TimerEvent: {}
[20.063473] (-) TimerEvent: {}
[20.172139] (-) TimerEvent: {}
[20.280816] (-) TimerEvent: {}
[20.389538] (-) TimerEvent: {}
[20.497839] (-) TimerEvent: {}
[20.606634] (-) TimerEvent: {}
[20.707164] (-) TimerEvent: {}
[20.810344] (-) TimerEvent: {}
[20.919028] (-) TimerEvent: {}
[21.027691] (-) TimerEvent: {}
[21.136336] (-) TimerEvent: {}
[21.240829] (-) TimerEvent: {}
[21.349686] (-) TimerEvent: {}
[21.455428] (-) TimerEvent: {}
[21.563475] (-) TimerEvent: {}
[21.672182] (-) TimerEvent: {}
[21.778913] (-) TimerEvent: {}
[21.887625] (-) TimerEvent: {}
[21.996287] (-) TimerEvent: {}
[22.104908] (-) TimerEvent: {}
[22.212424] (-) TimerEvent: {}
[22.321140] (-) TimerEvent: {}
[22.429891] (-) TimerEvent: {}
[22.538564] (-) TimerEvent: {}
[22.646924] (-) TimerEvent: {}
[22.749961] (-) TimerEvent: {}
[22.858668] (-) TimerEvent: {}
[22.967306] (-) TimerEvent: {}
[23.075946] (-) TimerEvent: {}
[23.184628] (-) TimerEvent: {}
[23.289841] (-) TimerEvent: {}
[23.398498] (-) TimerEvent: {}
[23.507228] (-) TimerEvent: {}
[23.616120] (-) TimerEvent: {}
[23.724257] (-) TimerEvent: {}
[23.832216] (-) TimerEvent: {}
[23.940914] (-) TimerEvent: {}
[24.049631] (-) TimerEvent: {}
[24.158281] (-) TimerEvent: {}
[24.259195] (-) TimerEvent: {}
[24.367965] (-) TimerEvent: {}
[24.476784] (-) TimerEvent: {}
[24.585654] (-) TimerEvent: {}
[24.694567] (-) TimerEvent: {}
[24.798087] (-) TimerEvent: {}
[24.901741] (-) TimerEvent: {}
[25.010504] (-) TimerEvent: {}
[25.119251] (-) TimerEvent: {}
[25.228011] (-) TimerEvent: {}
[25.333486] (-) TimerEvent: {}
[25.441988] (-) TimerEvent: {}
[25.550816] (-) TimerEvent: {}
[25.659639] (-) TimerEvent: {}
[25.768338] (-) TimerEvent: {}
[25.876659] (-) TimerEvent: {}
[25.985332] (-) TimerEvent: {}
[26.094121] (-) TimerEvent: {}
[26.202949] (-) TimerEvent: {}
[26.304425] (-) TimerEvent: {}
[26.413137] (-) TimerEvent: {}
[26.521822] (-) TimerEvent: {}
[26.630543] (-) TimerEvent: {}
[26.739302] (-) TimerEvent: {}
[26.842589] (-) TimerEvent: {}
[26.951254] (-) TimerEvent: {}
[27.060019] (-) TimerEvent: {}
[27.168840] (-) TimerEvent: {}
[27.277558] (-) TimerEvent: {}
[27.383915] (-) TimerEvent: {}
[27.492695] (-) TimerEvent: {}
[27.601401] (-) TimerEvent: {}
[27.710180] (-) TimerEvent: {}
[27.818916] (-) TimerEvent: {}
[27.927159] (-) TimerEvent: {}
[28.035807] (-) TimerEvent: {}
[28.144530] (-) TimerEvent: {}
[28.253247] (-) TimerEvent: {}
[28.355381] (-) TimerEvent: {}
[28.464079] (-) TimerEvent: {}
[28.572764] (-) TimerEvent: {}
[28.681538] (-) TimerEvent: {}
[28.790373] (-) TimerEvent: {}
[28.894583] (-) TimerEvent: {}
[29.003448] (-) TimerEvent: {}
[29.112407] (-) TimerEvent: {}
[29.221115] (-) TimerEvent: {}
[29.329834] (-) TimerEvent: {}
[29.437440] (-) TimerEvent: {}
[29.546171] (-) TimerEvent: {}
[29.654841] (-) TimerEvent: {}
[29.763641] (-) TimerEvent: {}
[29.864346] (-) TimerEvent: {}
[29.972131] (-) TimerEvent: {}
[30.075757] (-) TimerEvent: {}
[30.184414] (-) TimerEvent: {}
[30.293059] (-) TimerEvent: {}
[30.395410] (-) TimerEvent: {}
[30.504279] (-) TimerEvent: {}
[30.613009] (-) TimerEvent: {}
[30.721736] (-) TimerEvent: {}
[30.830477] (-) TimerEvent: {}
[30.935463] (-) TimerEvent: {}
[31.043449] (-) TimerEvent: {}
[31.152175] (-) TimerEvent: {}
[31.260906] (-) TimerEvent: {}
[31.369638] (-) TimerEvent: {}
[31.477081] (-) TimerEvent: {}
[31.585732] (-) TimerEvent: {}
[31.694399] (-) TimerEvent: {}
[31.803175] (-) TimerEvent: {}
[31.903689] (-) TimerEvent: {}
[32.012322] (-) TimerEvent: {}
[32.120880] (-) TimerEvent: {}
[32.229640] (-) TimerEvent: {}
[32.338336] (-) TimerEvent: {}
[32.441271] (-) TimerEvent: {}
[32.550062] (-) TimerEvent: {}
[32.658703] (-) TimerEvent: {}
[32.767410] (-) TimerEvent: {}
[32.876277] (-) TimerEvent: {}
[32.981668] (-) TimerEvent: {}
[33.090345] (-) TimerEvent: {}
[33.197821] (-) TimerEvent: {}
[33.306576] (-) TimerEvent: {}
[33.415309] (-) TimerEvent: {}
[33.523400] (-) TimerEvent: {}
[33.632316] (-) TimerEvent: {}
[33.741013] (-) TimerEvent: {}
[33.849677] (-) TimerEvent: {}
[33.950781] (-) TimerEvent: {}
[34.059502] (-) TimerEvent: {}
[34.168199] (-) TimerEvent: {}
[34.276375] (-) TimerEvent: {}
[34.385164] (-) TimerEvent: {}
[34.488714] (-) TimerEvent: {}
[34.597589] (-) TimerEvent: {}
[34.706272] (-) TimerEvent: {}
[34.815083] (-) TimerEvent: {}
[34.923804] (-) TimerEvent: {}
[35.029849] (-) TimerEvent: {}
[35.138539] (-) TimerEvent: {}
[35.247091] (-) TimerEvent: {}
[35.355196] (-) TimerEvent: {}
[35.463898] (-) TimerEvent: {}
[35.571820] (-) TimerEvent: {}
[35.680477] (-) TimerEvent: {}
[35.789272] (-) TimerEvent: {}
[35.896916] (-) TimerEvent: {}
[35.997758] (-) TimerEvent: {}
[36.106414] (-) TimerEvent: {}
[36.215113] (-) TimerEvent: {}
[36.323796] (-) TimerEvent: {}
[36.432427] (-) TimerEvent: {}
[36.535523] (-) TimerEvent: {}
[36.644229] (-) TimerEvent: {}
[36.753177] (-) TimerEvent: {}
[36.861880] (-) TimerEvent: {}
[36.970586] (-) TimerEvent: {}
[37.076203] (-) TimerEvent: {}
[37.184859] (-) TimerEvent: {}
[37.293595] (-) TimerEvent: {}
[37.402390] (-) TimerEvent: {}
[37.510979] (-) TimerEvent: {}
[37.619519] (-) TimerEvent: {}
[37.728344] (-) TimerEvent: {}
[37.837050] (-) TimerEvent: {}
[37.945854] (-) TimerEvent: {}
[38.047545] (-) TimerEvent: {}
[38.156262] (-) TimerEvent: {}
[38.265079] (-) TimerEvent: {}
[38.373915] (-) TimerEvent: {}
[38.482601] (-) TimerEvent: {}
[38.586642] (-) TimerEvent: {}
[38.695333] (-) TimerEvent: {}
[38.804121] (-) TimerEvent: {}
[38.912848] (-) TimerEvent: {}
[39.021732] (-) TimerEvent: {}
[39.128492] (-) TimerEvent: {}
[39.237331] (-) TimerEvent: {}
[39.346167] (-) TimerEvent: {}
[39.454847] (-) TimerEvent: {}
[39.562395] (-) TimerEvent: {}
[39.670132] (-) TimerEvent: {}
[39.772870] (-) TimerEvent: {}
[39.881666] (-) TimerEvent: {}
[39.989452] (-) TimerEvent: {}
[40.092469] (-) TimerEvent: {}
[40.201219] (-) TimerEvent: {}
[40.309985] (-) TimerEvent: {}
[40.418813] (-) TimerEvent: {}
[40.527735] (-) TimerEvent: {}
[40.636577] (-) TimerEvent: {}
[40.737167] (-) TimerEvent: {}
[40.842722] (-) TimerEvent: {}
[40.951383] (-) TimerEvent: {}
[41.060242] (-) TimerEvent: {}
[41.168957] (-) TimerEvent: {}
[41.277675] (-) TimerEvent: {}
[41.386383] (-) TimerEvent: {}
[41.495081] (-) TimerEvent: {}
[41.603925] (-) TimerEvent: {}
[41.712707] (-) TimerEvent: {}
[41.820419] (-) TimerEvent: {}
[41.929150] (-) TimerEvent: {}
[42.037916] (-) TimerEvent: {}
[42.146709] (-) TimerEvent: {}
[42.255363] (-) TimerEvent: {}
[42.364063] (-) TimerEvent: {}
[42.472802] (-) TimerEvent: {}
[42.581605] (-) TimerEvent: {}
[42.690330] (-) TimerEvent: {}
[42.799037] (-) TimerEvent: {}
[42.906459] (-) TimerEvent: {}
[43.015319] (-) TimerEvent: {}
[43.124208] (-) TimerEvent: {}
[43.233031] (-) TimerEvent: {}
[43.341815] (-) TimerEvent: {}
[43.450601] (-) TimerEvent: {}
[43.559351] (-) TimerEvent: {}
[43.668057] (-) TimerEvent: {}
[43.776792] (-) TimerEvent: {}
[43.885458] (-) TimerEvent: {}
[43.993508] (-) TimerEvent: {}
[44.102308] (-) TimerEvent: {}
[44.211054] (-) TimerEvent: {}
[44.319252] (-) TimerEvent: {}
[44.426320] (-) TimerEvent: {}
[44.533054] (-) TimerEvent: {}
[44.634436] (-) TimerEvent: {}
[44.735148] (-) TimerEvent: {}
[44.838165] (-) TimerEvent: {}
[44.944720] (-) TimerEvent: {}
[45.051160] (-) TimerEvent: {}
[45.157282] (-) TimerEvent: {}
[45.263448] (-) TimerEvent: {}
[45.370180] (-) TimerEvent: {}
[45.476917] (-) TimerEvent: {}
[45.583508] (-) TimerEvent: {}
[45.690385] (-) TimerEvent: {}
[45.791187] (-) TimerEvent: {}
[45.897790] (-) TimerEvent: {}
[46.004245] (-) TimerEvent: {}
[46.110931] (-) TimerEvent: {}
[46.215475] (-) TimerEvent: {}
[46.322002] (-) TimerEvent: {}
[46.428729] (-) TimerEvent: {}
[46.534909] (-) TimerEvent: {}
[46.641508] (-) TimerEvent: {}
[46.748260] (-) TimerEvent: {}
[46.855113] (-) TimerEvent: {}
[46.961997] (-) TimerEvent: {}
[47.068214] (-) TimerEvent: {}
[47.174725] (-) TimerEvent: {}
[47.281492] (-) TimerEvent: {}
[47.388011] (-) TimerEvent: {}
[47.494673] (-) TimerEvent: {}
[47.601352] (-) TimerEvent: {}
[47.708007] (-) TimerEvent: {}
[47.814519] (-) TimerEvent: {}
[47.921111] (-) TimerEvent: {}
[48.027795] (-) TimerEvent: {}
[48.131565] (-) TimerEvent: {}
[48.236740] (-) TimerEvent: {}
[48.342289] (-) TimerEvent: {}
[48.448641] (-) TimerEvent: {}
[48.555178] (-) TimerEvent: {}
[48.661755] (-) TimerEvent: {}
[48.768544] (-) TimerEvent: {}
[48.875571] (-) TimerEvent: {}
[48.982173] (-) TimerEvent: {}
[49.088889] (-) TimerEvent: {}
[49.195610] (-) TimerEvent: {}
[49.302202] (-) TimerEvent: {}
[49.408853] (-) TimerEvent: {}
[49.515842] (-) TimerEvent: {}
[49.622671] (-) TimerEvent: {}
[49.729662] (-) TimerEvent: {}
[49.836784] (-) TimerEvent: {}
[49.943855] (-) TimerEvent: {}
[50.050104] (-) TimerEvent: {}
[50.156713] (-) TimerEvent: {}
[50.259831] (-) TimerEvent: {}
[50.366150] (-) TimerEvent: {}
[50.472738] (-) TimerEvent: {}
[50.579266] (-) TimerEvent: {}
[50.685781] (-) TimerEvent: {}
[50.786323] (-) TimerEvent: {}
[50.892691] (-) TimerEvent: {}
[50.999200] (-) TimerEvent: {}
[51.105845] (-) TimerEvent: {}
[51.209440] (-) TimerEvent: {}
[51.317712] (-) TimerEvent: {}
[51.424489] (-) TimerEvent: {}
[51.531296] (-) TimerEvent: {}
[51.637903] (-) TimerEvent: {}
[51.744613] (-) TimerEvent: {}
[51.851239] (-) TimerEvent: {}
[51.957800] (-) TimerEvent: {}
[52.064298] (-) TimerEvent: {}
[52.171042] (-) TimerEvent: {}
[52.277746] (-) TimerEvent: {}
[52.384594] (-) TimerEvent: {}
[52.491113] (-) TimerEvent: {}
[52.595331] (-) TimerEvent: {}
[52.701779] (-) TimerEvent: {}
[52.807898] (-) TimerEvent: {}
[52.914566] (-) TimerEvent: {}
[53.021294] (-) TimerEvent: {}
[53.127688] (-) TimerEvent: {}
[53.232935] (-) TimerEvent: {}
[53.339259] (-) TimerEvent: {}
[53.445285] (-) TimerEvent: {}
[53.551962] (-) TimerEvent: {}
[53.658158] (-) TimerEvent: {}
[53.764173] (-) TimerEvent: {}
[53.870415] (-) TimerEvent: {}
[53.976520] (-) TimerEvent: {}
[54.082660] (-) TimerEvent: {}
[54.188801] (-) TimerEvent: {}
[54.295319] (-) TimerEvent: {}
[54.402216] (-) TimerEvent: {}
[54.508919] (-) TimerEvent: {}
[54.615425] (-) TimerEvent: {}
[54.715940] (-) TimerEvent: {}
[54.817483] (-) TimerEvent: {}
[54.923906] (-) TimerEvent: {}
[55.030362] (-) TimerEvent: {}
[55.136758] (-) TimerEvent: {}
[55.242115] (-) TimerEvent: {}
[55.342732] (-) TimerEvent: {}
[55.448665] (-) TimerEvent: {}
[55.555141] (-) TimerEvent: {}
[55.659705] (-) TimerEvent: {}
[55.760583] (-) TimerEvent: {}
[55.867347] (-) TimerEvent: {}
[55.975994] (-) TimerEvent: {}
[56.076633] (-) TimerEvent: {}
[56.184885] (-) TimerEvent: {}
[56.293651] (-) TimerEvent: {}
[56.402338] (-) TimerEvent: {}
[56.510908] (-) TimerEvent: {}
[56.619674] (-) TimerEvent: {}
[56.728510] (-) TimerEvent: {}
[56.837371] (-) TimerEvent: {}
[56.946131] (-) TimerEvent: {}
[57.054994] (-) TimerEvent: {}
[57.163656] (-) TimerEvent: {}
[57.272306] (-) TimerEvent: {}
[57.381101] (-) TimerEvent: {}
[57.489950] (-) TimerEvent: {}
[57.598272] (-) TimerEvent: {}
[57.706989] (-) TimerEvent: {}
[57.815691] (-) TimerEvent: {}
[57.924349] (-) TimerEvent: {}
[58.032991] (-) TimerEvent: {}
[58.141698] (-) TimerEvent: {}
[58.250383] (-) TimerEvent: {}
[58.359065] (-) TimerEvent: {}
[58.466191] (-) TimerEvent: {}
[58.572793] (-) TimerEvent: {}
[58.679558] (-) TimerEvent: {}
[58.786083] (-) TimerEvent: {}
[58.892951] (-) TimerEvent: {}
[58.999605] (-) TimerEvent: {}
[59.106247] (-) TimerEvent: {}
[59.213215] (-) TimerEvent: {}
[59.320119] (-) TimerEvent: {}
[59.426706] (-) TimerEvent: {}
[59.533314] (-) TimerEvent: {}
[59.639943] (-) TimerEvent: {}
[59.746750] (-) TimerEvent: {}
[59.853528] (-) TimerEvent: {}
[59.960481] (-) TimerEvent: {}
[60.067218] (-) TimerEvent: {}
[60.173392] (-) TimerEvent: {}
[60.279432] (-) TimerEvent: {}
[60.385933] (-) TimerEvent: {}
[60.492480] (-) TimerEvent: {}
[60.598523] (-) TimerEvent: {}
[60.699196] (-) TimerEvent: {}
[60.799875] (-) TimerEvent: {}
[60.904021] (-) TimerEvent: {}
[61.007132] (-) TimerEvent: {}
[61.113577] (-) TimerEvent: {}
[61.216573] (-) TimerEvent: {}
[61.324687] (-) TimerEvent: {}
[61.431366] (-) TimerEvent: {}
[61.537918] (-) TimerEvent: {}
[61.546311] (robot_navigation) StderrLine: {'line': b"/usr/bin/ld: /usr/lib/gcc/x86_64-linux-gnu/11/../../../x86_64-linux-gnu/Scrt1.o: in function `_start':\n"}
[61.546484] (robot_navigation) StderrLine: {'line': b"(.text+0x1b): undefined reference to `main'\n"}
[61.549376] (robot_navigation) StderrLine: {'line': b'collect2: error: ld returned 1 exit status\n'}
[61.550598] (robot_navigation) StderrLine: {'line': b'gmake[2]: *** [CMakeFiles/icp_localization.dir/build.make:713: icp_localization] Error 1\n'}
[61.550762] (robot_navigation) StderrLine: {'line': b'gmake[1]: *** [CMakeFiles/Makefile2:137: CMakeFiles/icp_localization.dir/all] Error 2\n'}
[61.550959] (robot_navigation) StderrLine: {'line': b'gmake: *** [Makefile:146: all] Error 2\n'}
[61.552451] (robot_navigation) CommandEnded: {'returncode': 2}
[61.590135] (robot_navigation) JobEnded: {'identifier': 'robot_navigation', 'rc': 2}
[61.600958] (-) EventReactorShutdown: {}
